# JRE version: Java(TM) SE Runtime Environment (8.0_25-b18) (build 1.8.0_25-b18)
# Java VM: Java HotSpot(TM) 64-Bit Server VM (25.25-b02 mixed mode windows-amd64 compressed oops)
Heap:
 PSYoungGen      total 124416K, used 47627K [0x00000000f5580000, 0x00000000ff900000, 0x0000000100000000)
  eden space 122368K, 38% used [0x00000000f5580000,0x00000000f8402fe0,0x00000000fcd00000)
  from space 2048K, 0% used [0x00000000fcd00000,0x00000000fcd00000,0x00000000fcf00000)
  to   space 22528K, 0% used [0x00000000fe300000,0x00000000fe300000,0x00000000ff900000)
 ParOldGen       total 98816K, used 37641K [0x00000000e0000000, 0x00000000e6080000, 0x00000000f5580000)
  object space 98816K, 38% used [0x00000000e0000000,0x00000000e24c2638,0x00000000e6080000)
 Metaspace       used 76161K, capacity 81600K, committed 81752K, reserved 1120256K
  class space    used 9202K, capacity 10968K, committed 11096K, reserved 1048576K
GC Heap History (10 events):
Event: 390.001 GC heap before
{Heap before GC invocations=22 (full 7):
 PSYoungGen      total 145920K, used 1408K [0x00000000f5580000, 0x00000000ffb00000, 0x0000000100000000)
  eden space 122368K, 0% used [0x00000000f5580000,0x00000000f5580000,0x00000000fcd00000)
  from space 23552K, 5% used [0x00000000fcd00000,0x00000000fce60000,0x00000000fe400000)
  to   space 23552K, 0% used [0x00000000fe400000,0x00000000fe400000,0x00000000ffb00000)
 ParOldGen       total 98816K, used 44502K [0x00000000e0000000, 0x00000000e6080000, 0x00000000f5580000)
  object space 98816K, 45% used [0x00000000e0000000,0x00000000e2b75900,0x00000000e6080000)
 Metaspace       used 74368K, capacity 79820K, committed 79960K, reserved 1118208K
  class space    used 9059K, capacity 10777K, committed 10840K, reserved 1048576K
Event: 390.161 GC heap after
Heap after GC invocations=22 (full 7):
 PSYoungGen      total 145920K, used 0K [0x00000000f5580000, 0x00000000ffb00000, 0x0000000100000000)
  eden space 122368K, 0% used [0x00000000f5580000,0x00000000f5580000,0x00000000fcd00000)
  from space 23552K, 0% used [0x00000000fcd00000,0x00000000fcd00000,0x00000000fe400000)
  to   space 23552K, 0% used [0x00000000fe400000,0x00000000fe400000,0x00000000ffb00000)
 ParOldGen       total 98816K, used 44361K [0x00000000e0000000, 0x00000000e6080000, 0x00000000f5580000)
  object space 98816K, 44% used [0x00000000e0000000,0x00000000e2b52430,0x00000000e6080000)
 Metaspace       used 74368K, capacity 79820K, committed 79960K, reserved 1118208K
  class space    used 9059K, capacity 10777K, committed 10840K, reserved 1048576K
}
Event: 450.011 GC heap before
{Heap before GC invocations=23 (full 7):
 PSYoungGen      total 145920K, used 92802K [0x00000000f5580000, 0x00000000ffb00000, 0x0000000100000000)
  eden space 122368K, 75% used [0x00000000f5580000,0x00000000fb020be0,0x00000000fcd00000)
  from space 23552K, 0% used [0x00000000fcd00000,0x00000000fcd00000,0x00000000fe400000)
  to   space 23552K, 0% used [0x00000000fe400000,0x00000000fe400000,0x00000000ffb00000)
 ParOldGen       total 98816K, used 44361K [0x00000000e0000000, 0x00000000e6080000, 0x00000000f5580000)
  object space 98816K, 44% used [0x00000000e0000000,0x00000000e2b52430,0x00000000e6080000)
 Metaspace       used 74805K, capacity 80338K, committed 80472K, reserved 1118208K
  class space    used 9060K, capacity 10778K, committed 10840K, reserved 1048576K
Event: 450.013 GC heap after
Heap after GC invocations=23 (full 7):
 PSYoungGen      total 144896K, used 1792K [0x00000000f5580000, 0x00000000ffa00000, 0x0000000100000000)
  eden space 122368K, 0% used [0x00000000f5580000,0x00000000f5580000,0x00000000fcd00000)
  from space 22528K, 7% used [0x00000000fe400000,0x00000000fe5c0010,0x00000000ffa00000)
  to   space 23040K, 0% used [0x00000000fcd00000,0x00000000fcd00000,0x00000000fe380000)
 ParOldGen       total 98816K, used 44369K [0x00000000e0000000, 0x00000000e6080000, 0x00000000f5580000)
  object space 98816K, 44% used [0x00000000e0000000,0x00000000e2b54430,0x00000000e6080000)
 Metaspace       used 74805K, capacity 80338K, committed 80472K, reserved 1118208K
  class space    used 9060K, capacity 10778K, committed 10840K, reserved 1048576K
}
Event: 450.013 GC heap before
{Heap before GC invocations=24 (full 8):
 PSYoungGen      total 144896K, used 1792K [0x00000000f5580000, 0x00000000ffa00000, 0x0000000100000000)
  eden space 122368K, 0% used [0x00000000f5580000,0x00000000f5580000,0x00000000fcd00000)
  from space 22528K, 7% used [0x00000000fe400000,0x00000000fe5c0010,0x00000000ffa00000)
  to   space 23040K, 0% used [0x00000000fcd00000,0x00000000fcd00000,0x00000000fe380000)
 ParOldGen       total 98816K, used 44369K [0x00000000e0000000, 0x00000000e6080000, 0x00000000f5580000)
  object space 98816K, 44% used [0x00000000e0000000,0x00000000e2b54430,0x00000000e6080000)
 Metaspace       used 74805K, capacity 80338K, committed 80472K, reserved 1118208K
  class space    used 9060K, capacity 10778K, committed 10840K, reserved 1048576K
Event: 450.155 GC heap after
Heap after GC invocations=24 (full 8):
 PSYoungGen      total 144896K, used 0K [0x00000000f5580000, 0x00000000ffa00000, 0x0000000100000000)
  eden space 122368K, 0% used [0x00000000f5580000,0x00000000f5580000,0x00000000fcd00000)
  from space 22528K, 0% used [0x00000000fe400000,0x00000000fe400000,0x00000000ffa00000)
  to   space 23040K, 0% used [0x00000000fcd00000,0x00000000fcd00000,0x00000000fe380000)
 ParOldGen       total 98816K, used 44615K [0x00000000e0000000, 0x00000000e6080000, 0x00000000f5580000)
  object space 98816K, 45% used [0x00000000e0000000,0x00000000e2b91ce0,0x00000000e6080000)
 Metaspace       used 74805K, capacity 80338K, committed 80472K, reserved 1118208K
  class space    used 9060K, capacity 10778K, committed 10840K, reserved 1048576K
}
Event: 510.024 GC heap before
{Heap before GC invocations=25 (full 8):
 PSYoungGen      total 144896K, used 24907K [0x00000000f5580000, 0x00000000ffa00000, 0x0000000100000000)
  eden space 122368K, 20% used [0x00000000f5580000,0x00000000f6dd2c60,0x00000000fcd00000)
  from space 22528K, 0% used [0x00000000fe400000,0x00000000fe400000,0x00000000ffa00000)
  to   space 23040K, 0% used [0x00000000fcd00000,0x00000000fcd00000,0x00000000fe380000)
 ParOldGen       total 98816K, used 44615K [0x00000000e0000000, 0x00000000e6080000, 0x00000000f5580000)
  object space 98816K, 45% used [0x00000000e0000000,0x00000000e2b91ce0,0x00000000e6080000)
 Metaspace       used 75028K, capacity 80626K, committed 80728K, reserved 1120256K
  class space    used 9073K, capacity 10810K, committed 10840K, reserved 1048576K
Event: 510.026 GC heap after
Heap after GC invocations=25 (full 8):
 PSYoungGen      total 124416K, used 1664K [0x00000000f5580000, 0x00000000ff900000, 0x0000000100000000)
  eden space 122368K, 0% used [0x00000000f5580000,0x00000000f5580000,0x00000000fcd00000)
  from space 2048K, 81% used [0x00000000fcd00000,0x00000000fcea00f8,0x00000000fcf00000)
  to   space 22528K, 0% used [0x00000000fe300000,0x00000000fe300000,0x00000000ff900000)
 ParOldGen       total 98816K, used 44623K [0x00000000e0000000, 0x00000000e6080000, 0x00000000f5580000)
  object space 98816K, 45% used [0x00000000e0000000,0x00000000e2b93ce0,0x00000000e6080000)
 Metaspace       used 75028K, capacity 80626K, committed 80728K, reserved 1120256K
  class space    used 9073K, capacity 10810K, committed 10840K, reserved 1048576K
}
Event: 510.026 GC heap before
{Heap before GC invocations=26 (full 9):
 PSYoungGen      total 124416K, used 1664K [0x00000000f5580000, 0x00000000ff900000, 0x0000000100000000)
  eden space 122368K, 0% used [0x00000000f5580000,0x00000000f5580000,0x00000000fcd00000)
  from space 2048K, 81% used [0x00000000fcd00000,0x00000000fcea00f8,0x00000000fcf00000)
  to   space 22528K, 0% used [0x00000000fe300000,0x00000000fe300000,0x00000000ff900000)
 ParOldGen       total 98816K, used 44623K [0x00000000e0000000, 0x00000000e6080000, 0x00000000f5580000)
  object space 98816K, 45% used [0x00000000e0000000,0x00000000e2b93ce0,0x00000000e6080000)
 Metaspace       used 75028K, capacity 80626K, committed 80728K, reserved 1120256K
  class space    used 9073K, capacity 10810K, committed 10840K, reserved 1048576K
Event: 510.229 GC heap after
Heap after GC invocations=26 (full 9):
 PSYoungGen      total 124416K, used 0K [0x00000000f5580000, 0x00000000ff900000, 0x0000000100000000)
  eden space 122368K, 0% used [0x00000000f5580000,0x00000000f5580000,0x00000000fcd00000)
  from space 2048K, 0% used [0x00000000fcd00000,0x00000000fcd00000,0x00000000fcf00000)
  to   space 22528K, 0% used [0x00000000fe300000,0x00000000fe300000,0x00000000ff900000)
 ParOldGen       total 98816K, used 37641K [0x00000000e0000000, 0x00000000e6080000, 0x00000000f5580000)
  object space 98816K, 38% used [0x00000000e0000000,0x00000000e24c2638,0x00000000e6080000)
 Metaspace       used 75013K, capacity 80602K, committed 80728K, reserved 1120256K
  class space    used 9071K, capacity 10806K, committed 10840K, reserved 1048576K
}

