# JRE version: Java(TM) SE Runtime Environment (8.0_25-b18) (build 1.8.0_25-b18)
# Java VM: Java HotSpot(TM) 64-Bit Server VM (25.25-b02 mixed mode windows-amd64 compressed oops)
Heap:
 PSYoungGen      total 113152K, used 57603K [0x00000000f5580000, 0x0000000100000000, 0x0000000100000000)
  eden space 82432K, 32% used [0x00000000f5580000,0x00000000f6fe43a8,0x00000000fa600000)
  from space 30720K, 99% used [0x00000000fa700000,0x00000000fc4dcad0,0x00000000fc500000)
  to   space 47104K, 0% used [0x00000000fd200000,0x00000000fd200000,0x0000000100000000)
 ParOldGen       total 304128K, used 216363K [0x00000000e0000000, 0x00000000f2900000, 0x00000000f5580000)
  object space 304128K, 71% used [0x00000000e0000000,0x00000000ed34ac88,0x00000000f2900000)
 Metaspace       used 92309K, capacity 98482K, committed 98648K, reserved 1134592K
  class space    used 10713K, capacity 12789K, committed 12888K, reserved 1048576K
GC Heap History (10 events):
Event: 15718.298 GC heap before
{Heap before GC invocations=263 (full 14):
 PSYoungGen      total 129024K, used 103814K [0x00000000f5580000, 0x0000000100000000, 0x0000000100000000)
  eden space 88576K, 95% used [0x00000000f5580000,0x00000000fa81b948,0x00000000fac00000)
  from space 40448K, 47% used [0x00000000fd200000,0x00000000fe4c6090,0x00000000ff980000)
  to   space 38912K, 0% used [0x00000000fac00000,0x00000000fac00000,0x00000000fd200000)
 ParOldGen       total 304128K, used 200161K [0x00000000e0000000, 0x00000000f2900000, 0x00000000f5580000)
  object space 304128K, 65% used [0x00000000e0000000,0x00000000ec3787f0,0x00000000f2900000)
 Metaspace       used 90812K, capacity 97020K, committed 97240K, reserved 1134592K
  class space    used 10514K, capacity 12498K, committed 12504K, reserved 1048576K
Event: 15718.305 GC heap after
Heap after GC invocations=263 (full 14):
 PSYoungGen      total 127488K, used 10949K [0x00000000f5580000, 0x00000000ffc80000, 0x0000000100000000)
  eden space 88576K, 0% used [0x00000000f5580000,0x00000000f5580000,0x00000000fac00000)
  from space 38912K, 28% used [0x00000000fac00000,0x00000000fb6b16d0,0x00000000fd200000)
  to   space 37888K, 0% used [0x00000000fd780000,0x00000000fd780000,0x00000000ffc80000)
 ParOldGen       total 304128K, used 209865K [0x00000000e0000000, 0x00000000f2900000, 0x00000000f5580000)
  object space 304128K, 69% used [0x00000000e0000000,0x00000000eccf2650,0x00000000f2900000)
 Metaspace       used 90812K, capacity 97020K, committed 97240K, reserved 1134592K
  class space    used 10514K, capacity 12498K, committed 12504K, reserved 1048576K
}
Event: 15719.379 GC heap before
{Heap before GC invocations=264 (full 14):
 PSYoungGen      total 127488K, used 97822K [0x00000000f5580000, 0x00000000ffc80000, 0x0000000100000000)
  eden space 88576K, 98% used [0x00000000f5580000,0x00000000faa56298,0x00000000fac00000)
  from space 38912K, 28% used [0x00000000fac00000,0x00000000fb6b16d0,0x00000000fd200000)
  to   space 37888K, 0% used [0x00000000fd780000,0x00000000fd780000,0x00000000ffc80000)
 ParOldGen       total 304128K, used 209865K [0x00000000e0000000, 0x00000000f2900000, 0x00000000f5580000)
  object space 304128K, 69% used [0x00000000e0000000,0x00000000eccf2650,0x00000000f2900000)
 Metaspace       used 90813K, capacity 97020K, committed 97240K, reserved 1134592K
  class space    used 10514K, capacity 12498K, committed 12504K, reserved 1048576K
Event: 15719.383 GC heap after
Heap after GC invocations=264 (full 14):
 PSYoungGen      total 132608K, used 4320K [0x00000000f5580000, 0x00000000fff00000, 0x0000000100000000)
  eden space 94720K, 0% used [0x00000000f5580000,0x00000000f5580000,0x00000000fb200000)
  from space 37888K, 11% used [0x00000000fd780000,0x00000000fdbb8020,0x00000000ffc80000)
  to   space 38400K, 0% used [0x00000000fb200000,0x00000000fb200000,0x00000000fd780000)
 ParOldGen       total 304128K, used 216347K [0x00000000e0000000, 0x00000000f2900000, 0x00000000f5580000)
  object space 304128K, 71% used [0x00000000e0000000,0x00000000ed346c88,0x00000000f2900000)
 Metaspace       used 90813K, capacity 97020K, committed 97240K, reserved 1134592K
  class space    used 10514K, capacity 12498K, committed 12504K, reserved 1048576K
}
Event: 15832.816 GC heap before
{Heap before GC invocations=265 (full 14):
 PSYoungGen      total 132608K, used 98968K [0x00000000f5580000, 0x00000000fff00000, 0x0000000100000000)
  eden space 94720K, 99% used [0x00000000f5580000,0x00000000fb1ee2b8,0x00000000fb200000)
  from space 37888K, 11% used [0x00000000fd780000,0x00000000fdbb8020,0x00000000ffc80000)
  to   space 38400K, 0% used [0x00000000fb200000,0x00000000fb200000,0x00000000fd780000)
 ParOldGen       total 304128K, used 216347K [0x00000000e0000000, 0x00000000f2900000, 0x00000000f5580000)
  object space 304128K, 71% used [0x00000000e0000000,0x00000000ed346c88,0x00000000f2900000)
 Metaspace       used 90817K, capacity 97020K, committed 97240K, reserved 1134592K
  class space    used 10514K, capacity 12498K, committed 12504K, reserved 1048576K
Event: 15832.821 GC heap after
Heap after GC invocations=265 (full 14):
 PSYoungGen      total 133120K, used 27691K [0x00000000f5580000, 0x0000000100000000, 0x0000000100000000)
  eden space 94720K, 0% used [0x00000000f5580000,0x00000000f5580000,0x00000000fb200000)
  from space 38400K, 72% used [0x00000000fb200000,0x00000000fcd0afe0,0x00000000fd780000)
  to   space 40448K, 0% used [0x00000000fd880000,0x00000000fd880000,0x0000000100000000)
 ParOldGen       total 304128K, used 216347K [0x00000000e0000000, 0x00000000f2900000, 0x00000000f5580000)
  object space 304128K, 71% used [0x00000000e0000000,0x00000000ed346c88,0x00000000f2900000)
 Metaspace       used 90817K, capacity 97020K, committed 97240K, reserved 1134592K
  class space    used 10514K, capacity 12498K, committed 12504K, reserved 1048576K
}
Event: 16209.500 GC heap before
{Heap before GC invocations=266 (full 14):
 PSYoungGen      total 133120K, used 122411K [0x00000000f5580000, 0x0000000100000000, 0x0000000100000000)
  eden space 94720K, 100% used [0x00000000f5580000,0x00000000fb200000,0x00000000fb200000)
  from space 38400K, 72% used [0x00000000fb200000,0x00000000fcd0afe0,0x00000000fd780000)
  to   space 40448K, 0% used [0x00000000fd880000,0x00000000fd880000,0x0000000100000000)
 ParOldGen       total 304128K, used 216347K [0x00000000e0000000, 0x00000000f2900000, 0x00000000f5580000)
  object space 304128K, 71% used [0x00000000e0000000,0x00000000ed346c88,0x00000000f2900000)
 Metaspace       used 91174K, capacity 97308K, committed 97624K, reserved 1134592K
  class space    used 10559K, capacity 12530K, committed 12632K, reserved 1048576K
Event: 16209.509 GC heap after
Heap after GC invocations=266 (full 14):
 PSYoungGen      total 123904K, used 38367K [0x00000000f5580000, 0x0000000100000000, 0x0000000100000000)
  eden space 83456K, 0% used [0x00000000f5580000,0x00000000f5580000,0x00000000fa700000)
  from space 40448K, 94% used [0x00000000fd880000,0x00000000ffdf7d28,0x0000000100000000)
  to   space 45568K, 0% used [0x00000000fa700000,0x00000000fa700000,0x00000000fd380000)
 ParOldGen       total 304128K, used 216355K [0x00000000e0000000, 0x00000000f2900000, 0x00000000f5580000)
  object space 304128K, 71% used [0x00000000e0000000,0x00000000ed348c88,0x00000000f2900000)
 Metaspace       used 91174K, capacity 97308K, committed 97624K, reserved 1134592K
  class space    used 10559K, capacity 12530K, committed 12632K, reserved 1048576K
}
Event: 16231.876 GC heap before
{Heap before GC invocations=267 (full 14):
 PSYoungGen      total 123904K, used 121823K [0x00000000f5580000, 0x0000000100000000, 0x0000000100000000)
  eden space 83456K, 100% used [0x00000000f5580000,0x00000000fa700000,0x00000000fa700000)
  from space 40448K, 94% used [0x00000000fd880000,0x00000000ffdf7d28,0x0000000100000000)
  to   space 45568K, 0% used [0x00000000fa700000,0x00000000fa700000,0x00000000fd380000)
 ParOldGen       total 304128K, used 216355K [0x00000000e0000000, 0x00000000f2900000, 0x00000000f5580000)
  object space 304128K, 71% used [0x00000000e0000000,0x00000000ed348c88,0x00000000f2900000)
 Metaspace       used 91871K, capacity 98146K, committed 98264K, reserved 1134592K
  class space    used 10668K, capacity 12723K, committed 12760K, reserved 1048576K
Event: 16231.883 GC heap after
Heap after GC invocations=267 (full 14):
 PSYoungGen      total 113152K, used 30578K [0x00000000f5580000, 0x0000000100000000, 0x0000000100000000)
  eden space 82432K, 0% used [0x00000000f5580000,0x00000000f5580000,0x00000000fa600000)
  from space 30720K, 99% used [0x00000000fa700000,0x00000000fc4dcad0,0x00000000fc500000)
  to   space 47104K, 0% used [0x00000000fd200000,0x00000000fd200000,0x0000000100000000)
 ParOldGen       total 304128K, used 216363K [0x00000000e0000000, 0x00000000f2900000, 0x00000000f5580000)
  object space 304128K, 71% used [0x00000000e0000000,0x00000000ed34ac88,0x00000000f2900000)
 Metaspace       used 91871K, capacity 98146K, committed 98264K, reserved 1134592K
  class space    used 10668K, capacity 12723K, committed 12760K, reserved 1048576K
}

