# JRE version: Java(TM) SE Runtime Environment (8.0_25-b18) (build 1.8.0_25-b18)
# Java VM: Java HotSpot(TM) 64-Bit Server VM (25.25-b02 mixed mode windows-amd64 compressed oops)
Heap:
 PSYoungGen      total 88064K, used 34559K [0x00000000f5580000, 0x00000000fb900000, 0x0000000100000000)
  eden space 76288K, 45% used [0x00000000f5580000,0x00000000f773fef8,0x00000000fa000000)
  from space 11776K, 0% used [0x00000000fad80000,0x00000000fad80000,0x00000000fb900000)
  to   space 12800K, 0% used [0x00000000fa000000,0x00000000fa000000,0x00000000fac80000)
 ParOldGen       total 99840K, used 36017K [0x00000000e0000000, 0x00000000e6180000, 0x00000000f5580000)
  object space 99840K, 36% used [0x00000000e0000000,0x00000000e232c4a8,0x00000000e6180000)
 Metaspace       used 76133K, capacity 81936K, committed 82008K, reserved 1120256K
  class space    used 9354K, capacity 11064K, committed 11096K, reserved 1048576K
GC Heap History (10 events):
Event: 1147.445 GC heap before
{Heap before GC invocations=51 (full 21):
 PSYoungGen      total 90112K, used 128K [0x00000000f5580000, 0x00000000fbd00000, 0x0000000100000000)
  eden space 76288K, 0% used [0x00000000f5580000,0x00000000f5580000,0x00000000fa000000)
  from space 13824K, 0% used [0x00000000faf80000,0x00000000fafa0000,0x00000000fbd00000)
  to   space 14848K, 0% used [0x00000000fa000000,0x00000000fa000000,0x00000000fae80000)
 ParOldGen       total 99840K, used 34820K [0x00000000e0000000, 0x00000000e6180000, 0x00000000f5580000)
  object space 99840K, 34% used [0x00000000e0000000,0x00000000e2201158,0x00000000e6180000)
 Metaspace       used 74772K, capacity 80678K, committed 80856K, reserved 1120256K
  class space    used 9218K, capacity 10928K, committed 10968K, reserved 1048576K
Event: 1147.523 GC heap after
Heap after GC invocations=51 (full 21):
 PSYoungGen      total 90112K, used 0K [0x00000000f5580000, 0x00000000fbd00000, 0x0000000100000000)
  eden space 76288K, 0% used [0x00000000f5580000,0x00000000f5580000,0x00000000fa000000)
  from space 13824K, 0% used [0x00000000faf80000,0x00000000faf80000,0x00000000fbd00000)
  to   space 14848K, 0% used [0x00000000fa000000,0x00000000fa000000,0x00000000fae80000)
 ParOldGen       total 99840K, used 34820K [0x00000000e0000000, 0x00000000e6180000, 0x00000000f5580000)
  object space 99840K, 34% used [0x00000000e0000000,0x00000000e2201158,0x00000000e6180000)
 Metaspace       used 74772K, capacity 80678K, committed 80856K, reserved 1120256K
  class space    used 9218K, capacity 10928K, committed 10968K, reserved 1048576K
}
Event: 1207.455 GC heap before
{Heap before GC invocations=52 (full 21):
 PSYoungGen      total 90112K, used 7606K [0x00000000f5580000, 0x00000000fbd00000, 0x0000000100000000)
  eden space 76288K, 9% used [0x00000000f5580000,0x00000000f5ced840,0x00000000fa000000)
  from space 13824K, 0% used [0x00000000faf80000,0x00000000faf80000,0x00000000fbd00000)
  to   space 14848K, 0% used [0x00000000fa000000,0x00000000fa000000,0x00000000fae80000)
 ParOldGen       total 99840K, used 34820K [0x00000000e0000000, 0x00000000e6180000, 0x00000000f5580000)
  object space 99840K, 34% used [0x00000000e0000000,0x00000000e2201158,0x00000000e6180000)
 Metaspace       used 74797K, capacity 80678K, committed 80856K, reserved 1120256K
  class space    used 9218K, capacity 10928K, committed 10968K, reserved 1048576K
Event: 1207.458 GC heap after
Heap after GC invocations=52 (full 21):
 PSYoungGen      total 76800K, used 416K [0x00000000f5580000, 0x00000000fbb00000, 0x0000000100000000)
  eden space 76288K, 0% used [0x00000000f5580000,0x00000000f5580000,0x00000000fa000000)
  from space 512K, 81% used [0x00000000fa000000,0x00000000fa068000,0x00000000fa080000)
  to   space 13824K, 0% used [0x00000000fad80000,0x00000000fad80000,0x00000000fbb00000)
 ParOldGen       total 99840K, used 34820K [0x00000000e0000000, 0x00000000e6180000, 0x00000000f5580000)
  object space 99840K, 34% used [0x00000000e0000000,0x00000000e2201158,0x00000000e6180000)
 Metaspace       used 74797K, capacity 80678K, committed 80856K, reserved 1120256K
  class space    used 9218K, capacity 10928K, committed 10968K, reserved 1048576K
}
Event: 1207.458 GC heap before
{Heap before GC invocations=53 (full 22):
 PSYoungGen      total 76800K, used 416K [0x00000000f5580000, 0x00000000fbb00000, 0x0000000100000000)
  eden space 76288K, 0% used [0x00000000f5580000,0x00000000f5580000,0x00000000fa000000)
  from space 512K, 81% used [0x00000000fa000000,0x00000000fa068000,0x00000000fa080000)
  to   space 13824K, 0% used [0x00000000fad80000,0x00000000fad80000,0x00000000fbb00000)
 ParOldGen       total 99840K, used 34820K [0x00000000e0000000, 0x00000000e6180000, 0x00000000f5580000)
  object space 99840K, 34% used [0x00000000e0000000,0x00000000e2201158,0x00000000e6180000)
 Metaspace       used 74797K, capacity 80678K, committed 80856K, reserved 1120256K
  class space    used 9218K, capacity 10928K, committed 10968K, reserved 1048576K
Event: 1207.547 GC heap after
Heap after GC invocations=53 (full 22):
 PSYoungGen      total 76800K, used 0K [0x00000000f5580000, 0x00000000fbb00000, 0x0000000100000000)
  eden space 76288K, 0% used [0x00000000f5580000,0x00000000f5580000,0x00000000fa000000)
  from space 512K, 0% used [0x00000000fa000000,0x00000000fa000000,0x00000000fa080000)
  to   space 13824K, 0% used [0x00000000fad80000,0x00000000fad80000,0x00000000fbb00000)
 ParOldGen       total 99840K, used 34940K [0x00000000e0000000, 0x00000000e6180000, 0x00000000f5580000)
  object space 99840K, 34% used [0x00000000e0000000,0x00000000e221f070,0x00000000e6180000)
 Metaspace       used 74797K, capacity 80678K, committed 80856K, reserved 1120256K
  class space    used 9218K, capacity 10928K, committed 10968K, reserved 1048576K
}
Event: 1267.467 GC heap before
{Heap before GC invocations=54 (full 22):
 PSYoungGen      total 76800K, used 14790K [0x00000000f5580000, 0x00000000fbb00000, 0x0000000100000000)
  eden space 76288K, 19% used [0x00000000f5580000,0x00000000f63f1b98,0x00000000fa000000)
  from space 512K, 0% used [0x00000000fa000000,0x00000000fa000000,0x00000000fa080000)
  to   space 13824K, 0% used [0x00000000fad80000,0x00000000fad80000,0x00000000fbb00000)
 ParOldGen       total 99840K, used 34940K [0x00000000e0000000, 0x00000000e6180000, 0x00000000f5580000)
  object space 99840K, 34% used [0x00000000e0000000,0x00000000e221f070,0x00000000e6180000)
 Metaspace       used 75046K, capacity 80818K, committed 81112K, reserved 1120256K
  class space    used 9230K, capacity 10930K, committed 10968K, reserved 1048576K
Event: 1267.470 GC heap after
Heap after GC invocations=54 (full 22):
 PSYoungGen      total 88064K, used 1906K [0x00000000f5580000, 0x00000000fb900000, 0x0000000100000000)
  eden space 76288K, 0% used [0x00000000f5580000,0x00000000f5580000,0x00000000fa000000)
  from space 11776K, 16% used [0x00000000fad80000,0x00000000faf5c810,0x00000000fb900000)
  to   space 12800K, 0% used [0x00000000fa000000,0x00000000fa000000,0x00000000fac80000)
 ParOldGen       total 99840K, used 34948K [0x00000000e0000000, 0x00000000e6180000, 0x00000000f5580000)
  object space 99840K, 35% used [0x00000000e0000000,0x00000000e2221070,0x00000000e6180000)
 Metaspace       used 75046K, capacity 80818K, committed 81112K, reserved 1120256K
  class space    used 9230K, capacity 10930K, committed 10968K, reserved 1048576K
}
Event: 1267.470 GC heap before
{Heap before GC invocations=55 (full 23):
 PSYoungGen      total 88064K, used 1906K [0x00000000f5580000, 0x00000000fb900000, 0x0000000100000000)
  eden space 76288K, 0% used [0x00000000f5580000,0x00000000f5580000,0x00000000fa000000)
  from space 11776K, 16% used [0x00000000fad80000,0x00000000faf5c810,0x00000000fb900000)
  to   space 12800K, 0% used [0x00000000fa000000,0x00000000fa000000,0x00000000fac80000)
 ParOldGen       total 99840K, used 34948K [0x00000000e0000000, 0x00000000e6180000, 0x00000000f5580000)
  object space 99840K, 35% used [0x00000000e0000000,0x00000000e2221070,0x00000000e6180000)
 Metaspace       used 75046K, capacity 80818K, committed 81112K, reserved 1120256K
  class space    used 9230K, capacity 10930K, committed 10968K, reserved 1048576K
Event: 1267.640 GC heap after
Heap after GC invocations=55 (full 23):
 PSYoungGen      total 88064K, used 0K [0x00000000f5580000, 0x00000000fb900000, 0x0000000100000000)
  eden space 76288K, 0% used [0x00000000f5580000,0x00000000f5580000,0x00000000fa000000)
  from space 11776K, 0% used [0x00000000fad80000,0x00000000fad80000,0x00000000fb900000)
  to   space 12800K, 0% used [0x00000000fa000000,0x00000000fa000000,0x00000000fac80000)
 ParOldGen       total 99840K, used 36017K [0x00000000e0000000, 0x00000000e6180000, 0x00000000f5580000)
  object space 99840K, 36% used [0x00000000e0000000,0x00000000e232c4a8,0x00000000e6180000)
 Metaspace       used 75046K, capacity 80818K, committed 81112K, reserved 1120256K
  class space    used 9230K, capacity 10930K, committed 10968K, reserved 1048576K
}

