# JRE version: Java(TM) SE Runtime Environment (8.0_25-b18) (build 1.8.0_25-b18)
# Java VM: Java HotSpot(TM) 64-Bit Server VM (25.25-b02 mixed mode windows-amd64 compressed oops)
Heap:
 PSYoungGen      total 110592K, used 30459K [0x00000000f5580000, 0x00000000fdb00000, 0x0000000100000000)
  eden space 84480K, 36% used [0x00000000f5580000,0x00000000f733ed68,0x00000000fa800000)
  from space 26112K, 0% used [0x00000000fc180000,0x00000000fc180000,0x00000000fdb00000)
  to   space 26112K, 0% used [0x00000000fa800000,0x00000000fa800000,0x00000000fc180000)
 ParOldGen       total 101888K, used 43442K [0x00000000e0000000, 0x00000000e6380000, 0x00000000f5580000)
  object space 101888K, 42% used [0x00000000e0000000,0x00000000e2a6c8e8,0x00000000e6380000)
 Metaspace       used 72973K, capacity 78332K, committed 78612K, reserved 1118208K
  class space    used 8927K, capacity 10659K, committed 10772K, reserved 1048576K
GC Heap History (10 events):
Event: 182.272 GC heap before
{Heap before GC invocations=22 (full 6):
 PSYoungGen      total 109568K, used 160K [0x00000000f5580000, 0x00000000fdb00000, 0x0000000100000000)
  eden space 83968K, 0% used [0x00000000f5580000,0x00000000f5580000,0x00000000fa780000)
  from space 25600K, 0% used [0x00000000fc100000,0x00000000fc128000,0x00000000fda00000)
  to   space 26112K, 0% used [0x00000000fa780000,0x00000000fa780000,0x00000000fc100000)
 ParOldGen       total 101888K, used 43574K [0x00000000e0000000, 0x00000000e6380000, 0x00000000f5580000)
  object space 101888K, 42% used [0x00000000e0000000,0x00000000e2a8da38,0x00000000e6380000)
 Metaspace       used 71446K, capacity 76836K, committed 77076K, reserved 1116160K
  class space    used 8763K, capacity 10462K, committed 10516K, reserved 1048576K
Event: 182.413 GC heap after
Heap after GC invocations=22 (full 6):
 PSYoungGen      total 109568K, used 0K [0x00000000f5580000, 0x00000000fdb00000, 0x0000000100000000)
  eden space 83968K, 0% used [0x00000000f5580000,0x00000000f5580000,0x00000000fa780000)
  from space 25600K, 0% used [0x00000000fc100000,0x00000000fc100000,0x00000000fda00000)
  to   space 26112K, 0% used [0x00000000fa780000,0x00000000fa780000,0x00000000fc100000)
 ParOldGen       total 101888K, used 43442K [0x00000000e0000000, 0x00000000e6380000, 0x00000000f5580000)
  object space 101888K, 42% used [0x00000000e0000000,0x00000000e2a6ca80,0x00000000e6380000)
 Metaspace       used 71446K, capacity 76836K, committed 77076K, reserved 1116160K
  class space    used 8763K, capacity 10462K, committed 10516K, reserved 1048576K
}
Event: 242.282 GC heap before
{Heap before GC invocations=23 (full 6):
 PSYoungGen      total 109568K, used 4350K [0x00000000f5580000, 0x00000000fdb00000, 0x0000000100000000)
  eden space 83968K, 5% used [0x00000000f5580000,0x00000000f59bfa98,0x00000000fa780000)
  from space 25600K, 0% used [0x00000000fc100000,0x00000000fc100000,0x00000000fda00000)
  to   space 26112K, 0% used [0x00000000fa780000,0x00000000fa780000,0x00000000fc100000)
 ParOldGen       total 101888K, used 43442K [0x00000000e0000000, 0x00000000e6380000, 0x00000000f5580000)
  object space 101888K, 42% used [0x00000000e0000000,0x00000000e2a6ca80,0x00000000e6380000)
 Metaspace       used 71454K, capacity 76836K, committed 77076K, reserved 1116160K
  class space    used 8763K, capacity 10462K, committed 10516K, reserved 1048576K
Event: 242.284 GC heap after
Heap after GC invocations=23 (full 6):
 PSYoungGen      total 110080K, used 160K [0x00000000f5580000, 0x00000000fdb00000, 0x0000000100000000)
  eden space 83968K, 0% used [0x00000000f5580000,0x00000000f5580000,0x00000000fa780000)
  from space 26112K, 0% used [0x00000000fa780000,0x00000000fa7a8000,0x00000000fc100000)
  to   space 26112K, 0% used [0x00000000fc180000,0x00000000fc180000,0x00000000fdb00000)
 ParOldGen       total 101888K, used 43450K [0x00000000e0000000, 0x00000000e6380000, 0x00000000f5580000)
  object space 101888K, 42% used [0x00000000e0000000,0x00000000e2a6ea80,0x00000000e6380000)
 Metaspace       used 71454K, capacity 76836K, committed 77076K, reserved 1116160K
  class space    used 8763K, capacity 10462K, committed 10516K, reserved 1048576K
}
Event: 242.284 GC heap before
{Heap before GC invocations=24 (full 7):
 PSYoungGen      total 110080K, used 160K [0x00000000f5580000, 0x00000000fdb00000, 0x0000000100000000)
  eden space 83968K, 0% used [0x00000000f5580000,0x00000000f5580000,0x00000000fa780000)
  from space 26112K, 0% used [0x00000000fa780000,0x00000000fa7a8000,0x00000000fc100000)
  to   space 26112K, 0% used [0x00000000fc180000,0x00000000fc180000,0x00000000fdb00000)
 ParOldGen       total 101888K, used 43450K [0x00000000e0000000, 0x00000000e6380000, 0x00000000f5580000)
  object space 101888K, 42% used [0x00000000e0000000,0x00000000e2a6ea80,0x00000000e6380000)
 Metaspace       used 71454K, capacity 76836K, committed 77076K, reserved 1116160K
  class space    used 8763K, capacity 10462K, committed 10516K, reserved 1048576K
Event: 242.432 GC heap after
Heap after GC invocations=24 (full 7):
 PSYoungGen      total 110080K, used 0K [0x00000000f5580000, 0x00000000fdb00000, 0x0000000100000000)
  eden space 83968K, 0% used [0x00000000f5580000,0x00000000f5580000,0x00000000fa780000)
  from space 26112K, 0% used [0x00000000fa780000,0x00000000fa780000,0x00000000fc100000)
  to   space 26112K, 0% used [0x00000000fc180000,0x00000000fc180000,0x00000000fdb00000)
 ParOldGen       total 101888K, used 43433K [0x00000000e0000000, 0x00000000e6380000, 0x00000000f5580000)
  object space 101888K, 42% used [0x00000000e0000000,0x00000000e2a6a7b0,0x00000000e6380000)
 Metaspace       used 71454K, capacity 76836K, committed 77076K, reserved 1116160K
  class space    used 8763K, capacity 10462K, committed 10516K, reserved 1048576K
}
Event: 302.298 GC heap before
{Heap before GC invocations=25 (full 7):
 PSYoungGen      total 110080K, used 4746K [0x00000000f5580000, 0x00000000fdb00000, 0x0000000100000000)
  eden space 83968K, 5% used [0x00000000f5580000,0x00000000f5a22938,0x00000000fa780000)
  from space 26112K, 0% used [0x00000000fa780000,0x00000000fa780000,0x00000000fc100000)
  to   space 26112K, 0% used [0x00000000fc180000,0x00000000fc180000,0x00000000fdb00000)
 ParOldGen       total 101888K, used 43433K [0x00000000e0000000, 0x00000000e6380000, 0x00000000f5580000)
  object space 101888K, 42% used [0x00000000e0000000,0x00000000e2a6a7b0,0x00000000e6380000)
 Metaspace       used 71491K, capacity 76836K, committed 77076K, reserved 1116160K
  class space    used 8765K, capacity 10462K, committed 10516K, reserved 1048576K
Event: 302.301 GC heap after
Heap after GC invocations=25 (full 7):
 PSYoungGen      total 110592K, used 192K [0x00000000f5580000, 0x00000000fdb00000, 0x0000000100000000)
  eden space 84480K, 0% used [0x00000000f5580000,0x00000000f5580000,0x00000000fa800000)
  from space 26112K, 0% used [0x00000000fc180000,0x00000000fc1b0000,0x00000000fdb00000)
  to   space 26112K, 0% used [0x00000000fa800000,0x00000000fa800000,0x00000000fc180000)
 ParOldGen       total 101888K, used 43441K [0x00000000e0000000, 0x00000000e6380000, 0x00000000f5580000)
  object space 101888K, 42% used [0x00000000e0000000,0x00000000e2a6c7b0,0x00000000e6380000)
 Metaspace       used 71491K, capacity 76836K, committed 77076K, reserved 1116160K
  class space    used 8765K, capacity 10462K, committed 10516K, reserved 1048576K
}
Event: 302.301 GC heap before
{Heap before GC invocations=26 (full 8):
 PSYoungGen      total 110592K, used 192K [0x00000000f5580000, 0x00000000fdb00000, 0x0000000100000000)
  eden space 84480K, 0% used [0x00000000f5580000,0x00000000f5580000,0x00000000fa800000)
  from space 26112K, 0% used [0x00000000fc180000,0x00000000fc1b0000,0x00000000fdb00000)
  to   space 26112K, 0% used [0x00000000fa800000,0x00000000fa800000,0x00000000fc180000)
 ParOldGen       total 101888K, used 43441K [0x00000000e0000000, 0x00000000e6380000, 0x00000000f5580000)
  object space 101888K, 42% used [0x00000000e0000000,0x00000000e2a6c7b0,0x00000000e6380000)
 Metaspace       used 71491K, capacity 76836K, committed 77076K, reserved 1116160K
  class space    used 8765K, capacity 10462K, committed 10516K, reserved 1048576K
Event: 302.427 GC heap after
Heap after GC invocations=26 (full 8):
 PSYoungGen      total 110592K, used 0K [0x00000000f5580000, 0x00000000fdb00000, 0x0000000100000000)
  eden space 84480K, 0% used [0x00000000f5580000,0x00000000f5580000,0x00000000fa800000)
  from space 26112K, 0% used [0x00000000fc180000,0x00000000fc180000,0x00000000fdb00000)
  to   space 26112K, 0% used [0x00000000fa800000,0x00000000fa800000,0x00000000fc180000)
 ParOldGen       total 101888K, used 43442K [0x00000000e0000000, 0x00000000e6380000, 0x00000000f5580000)
  object space 101888K, 42% used [0x00000000e0000000,0x00000000e2a6c8e8,0x00000000e6380000)
 Metaspace       used 71491K, capacity 76836K, committed 77076K, reserved 1116160K
  class space    used 8765K, capacity 10462K, committed 10516K, reserved 1048576K
}

