# JRE version: Java(TM) SE Runtime Environment (8.0_25-b18) (build 1.8.0_25-b18)
# Java VM: Java HotSpot(TM) 64-Bit Server VM (25.25-b02 mixed mode windows-amd64 compressed oops)
Heap:
 PSYoungGen      total 112640K, used 65831K [0x00000000f5580000, 0x00000000fd600000, 0x0000000100000000)
  eden space 93696K, 69% used [0x00000000f5580000,0x00000000f9559e60,0x00000000fb100000)
  from space 18944K, 2% used [0x00000000fc380000,0x00000000fc3f0000,0x00000000fd600000)
  to   space 18944K, 0% used [0x00000000fb100000,0x00000000fb100000,0x00000000fc380000)
 ParOldGen       total 94208K, used 43250K [0x00000000e0000000, 0x00000000e5c00000, 0x00000000f5580000)
  object space 94208K, 45% used [0x00000000e0000000,0x00000000e2a3c930,0x00000000e5c00000)
 Metaspace       used 77075K, capacity 82732K, committed 82944K, reserved 1122304K
  class space    used 9167K, capacity 10909K, committed 11008K, reserved 1048576K
GC Heap History (10 events):
Event: 293.847 GC heap before
{Heap before GC invocations=28 (full 7):
 PSYoungGen      total 93184K, used 2014K [0x00000000f5580000, 0x00000000fd880000, 0x0000000100000000)
  eden space 91136K, 0% used [0x00000000f5580000,0x00000000f5580000,0x00000000fae80000)
  from space 2048K, 98% used [0x00000000fae80000,0x00000000fb0779f0,0x00000000fb080000)
  to   space 21504K, 0% used [0x00000000fc380000,0x00000000fc380000,0x00000000fd880000)
 ParOldGen       total 94208K, used 42356K [0x00000000e0000000, 0x00000000e5c00000, 0x00000000f5580000)
  object space 94208K, 44% used [0x00000000e0000000,0x00000000e295d090,0x00000000e5c00000)
 Metaspace       used 74992K, capacity 80518K, committed 80640K, reserved 1120256K
  class space    used 8993K, capacity 10683K, committed 10752K, reserved 1048576K
Event: 294.039 GC heap after
Heap after GC invocations=28 (full 7):
 PSYoungGen      total 93184K, used 0K [0x00000000f5580000, 0x00000000fd880000, 0x0000000100000000)
  eden space 91136K, 0% used [0x00000000f5580000,0x00000000f5580000,0x00000000fae80000)
  from space 2048K, 0% used [0x00000000fae80000,0x00000000fae80000,0x00000000fb080000)
  to   space 21504K, 0% used [0x00000000fc380000,0x00000000fc380000,0x00000000fd880000)
 ParOldGen       total 94208K, used 42865K [0x00000000e0000000, 0x00000000e5c00000, 0x00000000f5580000)
  object space 94208K, 45% used [0x00000000e0000000,0x00000000e29dc4c0,0x00000000e5c00000)
 Metaspace       used 74992K, capacity 80518K, committed 80640K, reserved 1120256K
  class space    used 8993K, capacity 10683K, committed 10752K, reserved 1048576K
}
Event: 329.605 GC heap before
{Heap before GC invocations=29 (full 7):
 PSYoungGen      total 93184K, used 91136K [0x00000000f5580000, 0x00000000fd880000, 0x0000000100000000)
  eden space 91136K, 100% used [0x00000000f5580000,0x00000000fae80000,0x00000000fae80000)
  from space 2048K, 0% used [0x00000000fae80000,0x00000000fae80000,0x00000000fb080000)
  to   space 21504K, 0% used [0x00000000fc380000,0x00000000fc380000,0x00000000fd880000)
 ParOldGen       total 94208K, used 42865K [0x00000000e0000000, 0x00000000e5c00000, 0x00000000f5580000)
  object space 94208K, 45% used [0x00000000e0000000,0x00000000e29dc4c0,0x00000000e5c00000)
 Metaspace       used 75544K, capacity 81030K, committed 81152K, reserved 1120256K
  class space    used 9034K, capacity 10747K, committed 10752K, reserved 1048576K
Event: 329.608 GC heap after
Heap after GC invocations=29 (full 7):
 PSYoungGen      total 113152K, used 2176K [0x00000000f5580000, 0x00000000fd800000, 0x0000000100000000)
  eden space 92160K, 0% used [0x00000000f5580000,0x00000000f5580000,0x00000000faf80000)
  from space 20992K, 10% used [0x00000000fc380000,0x00000000fc5a0078,0x00000000fd800000)
  to   space 20480K, 0% used [0x00000000faf80000,0x00000000faf80000,0x00000000fc380000)
 ParOldGen       total 94208K, used 42937K [0x00000000e0000000, 0x00000000e5c00000, 0x00000000f5580000)
  object space 94208K, 45% used [0x00000000e0000000,0x00000000e29ee4d0,0x00000000e5c00000)
 Metaspace       used 75544K, capacity 81030K, committed 81152K, reserved 1120256K
  class space    used 9034K, capacity 10747K, committed 10752K, reserved 1048576K
}
Event: 354.574 GC heap before
{Heap before GC invocations=30 (full 7):
 PSYoungGen      total 113152K, used 91151K [0x00000000f5580000, 0x00000000fd800000, 0x0000000100000000)
  eden space 92160K, 96% used [0x00000000f5580000,0x00000000fac63c98,0x00000000faf80000)
  from space 20992K, 10% used [0x00000000fc380000,0x00000000fc5a0078,0x00000000fd800000)
  to   space 20480K, 0% used [0x00000000faf80000,0x00000000faf80000,0x00000000fc380000)
 ParOldGen       total 94208K, used 42937K [0x00000000e0000000, 0x00000000e5c00000, 0x00000000f5580000)
  object space 94208K, 45% used [0x00000000e0000000,0x00000000e29ee4d0,0x00000000e5c00000)
 Metaspace       used 75785K, capacity 81254K, committed 81536K, reserved 1120256K
  class space    used 9040K, capacity 10779K, committed 10880K, reserved 1048576K
Event: 354.577 GC heap after
Heap after GC invocations=30 (full 7):
 PSYoungGen      total 112640K, used 2208K [0x00000000f5580000, 0x00000000fd700000, 0x0000000100000000)
  eden space 92160K, 0% used [0x00000000f5580000,0x00000000f5580000,0x00000000faf80000)
  from space 20480K, 10% used [0x00000000faf80000,0x00000000fb1a8058,0x00000000fc380000)
  to   space 19968K, 0% used [0x00000000fc380000,0x00000000fc380000,0x00000000fd700000)
 ParOldGen       total 94208K, used 42945K [0x00000000e0000000, 0x00000000e5c00000, 0x00000000f5580000)
  object space 94208K, 45% used [0x00000000e0000000,0x00000000e29f04d0,0x00000000e5c00000)
 Metaspace       used 75785K, capacity 81254K, committed 81536K, reserved 1120256K
  class space    used 9040K, capacity 10779K, committed 10880K, reserved 1048576K
}
Event: 354.577 GC heap before
{Heap before GC invocations=31 (full 8):
 PSYoungGen      total 112640K, used 2208K [0x00000000f5580000, 0x00000000fd700000, 0x0000000100000000)
  eden space 92160K, 0% used [0x00000000f5580000,0x00000000f5580000,0x00000000faf80000)
  from space 20480K, 10% used [0x00000000faf80000,0x00000000fb1a8058,0x00000000fc380000)
  to   space 19968K, 0% used [0x00000000fc380000,0x00000000fc380000,0x00000000fd700000)
 ParOldGen       total 94208K, used 42945K [0x00000000e0000000, 0x00000000e5c00000, 0x00000000f5580000)
  object space 94208K, 45% used [0x00000000e0000000,0x00000000e29f04d0,0x00000000e5c00000)
 Metaspace       used 75785K, capacity 81254K, committed 81536K, reserved 1120256K
  class space    used 9040K, capacity 10779K, committed 10880K, reserved 1048576K
Event: 354.784 GC heap after
Heap after GC invocations=31 (full 8):
 PSYoungGen      total 112640K, used 0K [0x00000000f5580000, 0x00000000fd700000, 0x0000000100000000)
  eden space 92160K, 0% used [0x00000000f5580000,0x00000000f5580000,0x00000000faf80000)
  from space 20480K, 0% used [0x00000000faf80000,0x00000000faf80000,0x00000000fc380000)
  to   space 19968K, 0% used [0x00000000fc380000,0x00000000fc380000,0x00000000fd700000)
 ParOldGen       total 94208K, used 43242K [0x00000000e0000000, 0x00000000e5c00000, 0x00000000f5580000)
  object space 94208K, 45% used [0x00000000e0000000,0x00000000e2a3a930,0x00000000e5c00000)
 Metaspace       used 75785K, capacity 81254K, committed 81536K, reserved 1120256K
  class space    used 9040K, capacity 10779K, committed 10880K, reserved 1048576K
}
Event: 394.495 GC heap before
{Heap before GC invocations=32 (full 8):
 PSYoungGen      total 112640K, used 92160K [0x00000000f5580000, 0x00000000fd700000, 0x0000000100000000)
  eden space 92160K, 100% used [0x00000000f5580000,0x00000000faf80000,0x00000000faf80000)
  from space 20480K, 0% used [0x00000000faf80000,0x00000000faf80000,0x00000000fc380000)
  to   space 19968K, 0% used [0x00000000fc380000,0x00000000fc380000,0x00000000fd700000)
 ParOldGen       total 94208K, used 43242K [0x00000000e0000000, 0x00000000e5c00000, 0x00000000f5580000)
  object space 94208K, 45% used [0x00000000e0000000,0x00000000e2a3a930,0x00000000e5c00000)
 Metaspace       used 75955K, capacity 81382K, committed 81536K, reserved 1120256K
  class space    used 9042K, capacity 10779K, committed 10880K, reserved 1048576K
Event: 394.498 GC heap after
Heap after GC invocations=32 (full 8):
 PSYoungGen      total 112640K, used 448K [0x00000000f5580000, 0x00000000fd600000, 0x0000000100000000)
  eden space 93696K, 0% used [0x00000000f5580000,0x00000000f5580000,0x00000000fb100000)
  from space 18944K, 2% used [0x00000000fc380000,0x00000000fc3f0000,0x00000000fd600000)
  to   space 18944K, 0% used [0x00000000fb100000,0x00000000fb100000,0x00000000fc380000)
 ParOldGen       total 94208K, used 43250K [0x00000000e0000000, 0x00000000e5c00000, 0x00000000f5580000)
  object space 94208K, 45% used [0x00000000e0000000,0x00000000e2a3c930,0x00000000e5c00000)
 Metaspace       used 75955K, capacity 81382K, committed 81536K, reserved 1120256K
  class space    used 9042K, capacity 10779K, committed 10880K, reserved 1048576K
}

