# JRE version: Java(TM) SE Runtime Environment (8.0_25-b18) (build 1.8.0_25-b18)
# Java VM: Java HotSpot(TM) 64-Bit Server VM (25.25-b02 mixed mode windows-amd64 compressed oops)
Heap:
 PSYoungGen      total 35328K, used 6033K [0x00000000f5580000, 0x00000000f7f80000, 0x0000000100000000)
  eden space 27648K, 6% used [0x00000000f5580000,0x00000000f5742a28,0x00000000f7080000)
  from space 7680K, 55% used [0x00000000f7800000,0x00000000f7c21cb8,0x00000000f7f80000)
  to   space 7680K, 0% used [0x00000000f7080000,0x00000000f7080000,0x00000000f7800000)
 ParOldGen       total 99840K, used 47867K [0x00000000e0000000, 0x00000000e6180000, 0x00000000f5580000)
  object space 99840K, 47% used [0x00000000e0000000,0x00000000e2ebede8,0x00000000e6180000)
 Metaspace       used 84318K, capacity 89860K, committed 90072K, reserved 1128448K
  class space    used 9823K, capacity 11691K, committed 11736K, reserved 1048576K
GC Heap History (10 events):
Event: 5592.878 GC heap before
{Heap before GC invocations=191 (full 41):
 PSYoungGen      total 34304K, used 32831K [0x00000000f5580000, 0x00000000f7e00000, 0x0000000100000000)
  eden space 28160K, 100% used [0x00000000f5580000,0x00000000f7100000,0x00000000f7100000)
  from space 6144K, 76% used [0x00000000f7100000,0x00000000f758ff10,0x00000000f7700000)
  to   space 6656K, 0% used [0x00000000f7780000,0x00000000f7780000,0x00000000f7e00000)
 ParOldGen       total 99840K, used 47715K [0x00000000e0000000, 0x00000000e6180000, 0x00000000f5580000)
  object space 99840K, 47% used [0x00000000e0000000,0x00000000e2e98de8,0x00000000e6180000)
 Metaspace       used 83768K, capacity 89406K, committed 89560K, reserved 1126400K
  class space    used 9769K, capacity 11626K, committed 11736K, reserved 1048576K
Event: 5592.881 GC heap after
Heap after GC invocations=191 (full 41):
 PSYoungGen      total 34304K, used 4419K [0x00000000f5580000, 0x00000000f7f00000, 0x0000000100000000)
  eden space 27648K, 0% used [0x00000000f5580000,0x00000000f5580000,0x00000000f7080000)
  from space 6656K, 66% used [0x00000000f7780000,0x00000000f7bd0c20,0x00000000f7e00000)
  to   space 7168K, 0% used [0x00000000f7080000,0x00000000f7080000,0x00000000f7780000)
 ParOldGen       total 99840K, used 47739K [0x00000000e0000000, 0x00000000e6180000, 0x00000000f5580000)
  object space 99840K, 47% used [0x00000000e0000000,0x00000000e2e9ede8,0x00000000e6180000)
 Metaspace       used 83768K, capacity 89406K, committed 89560K, reserved 1126400K
  class space    used 9769K, capacity 11626K, committed 11736K, reserved 1048576K
}
Event: 6112.575 GC heap before
{Heap before GC invocations=192 (full 41):
 PSYoungGen      total 34304K, used 32067K [0x00000000f5580000, 0x00000000f7f00000, 0x0000000100000000)
  eden space 27648K, 100% used [0x00000000f5580000,0x00000000f7080000,0x00000000f7080000)
  from space 6656K, 66% used [0x00000000f7780000,0x00000000f7bd0c20,0x00000000f7e00000)
  to   space 7168K, 0% used [0x00000000f7080000,0x00000000f7080000,0x00000000f7780000)
 ParOldGen       total 99840K, used 47739K [0x00000000e0000000, 0x00000000e6180000, 0x00000000f5580000)
  object space 99840K, 47% used [0x00000000e0000000,0x00000000e2e9ede8,0x00000000e6180000)
 Metaspace       used 83788K, capacity 89406K, committed 89560K, reserved 1126400K
  class space    used 9770K, capacity 11626K, committed 11736K, reserved 1048576K
Event: 6112.579 GC heap after
Heap after GC invocations=192 (full 41):
 PSYoungGen      total 34816K, used 4611K [0x00000000f5580000, 0x00000000f7f80000, 0x0000000100000000)
  eden space 27648K, 0% used [0x00000000f5580000,0x00000000f5580000,0x00000000f7080000)
  from space 7168K, 64% used [0x00000000f7080000,0x00000000f7500c78,0x00000000f7780000)
  to   space 7680K, 0% used [0x00000000f7800000,0x00000000f7800000,0x00000000f7f80000)
 ParOldGen       total 99840K, used 47779K [0x00000000e0000000, 0x00000000e6180000, 0x00000000f5580000)
  object space 99840K, 47% used [0x00000000e0000000,0x00000000e2ea8de8,0x00000000e6180000)
 Metaspace       used 83788K, capacity 89406K, committed 89560K, reserved 1126400K
  class space    used 9770K, capacity 11626K, committed 11736K, reserved 1048576K
}
Event: 6667.023 GC heap before
{Heap before GC invocations=193 (full 41):
 PSYoungGen      total 34816K, used 32259K [0x00000000f5580000, 0x00000000f7f80000, 0x0000000100000000)
  eden space 27648K, 100% used [0x00000000f5580000,0x00000000f7080000,0x00000000f7080000)
  from space 7168K, 64% used [0x00000000f7080000,0x00000000f7500c78,0x00000000f7780000)
  to   space 7680K, 0% used [0x00000000f7800000,0x00000000f7800000,0x00000000f7f80000)
 ParOldGen       total 99840K, used 47779K [0x00000000e0000000, 0x00000000e6180000, 0x00000000f5580000)
  object space 99840K, 47% used [0x00000000e0000000,0x00000000e2ea8de8,0x00000000e6180000)
 Metaspace       used 83793K, capacity 89406K, committed 89560K, reserved 1126400K
  class space    used 9770K, capacity 11626K, committed 11736K, reserved 1048576K
Event: 6667.028 GC heap after
Heap after GC invocations=193 (full 41):
 PSYoungGen      total 35328K, used 4707K [0x00000000f5580000, 0x00000000f7f80000, 0x0000000100000000)
  eden space 27648K, 0% used [0x00000000f5580000,0x00000000f5580000,0x00000000f7080000)
  from space 7680K, 61% used [0x00000000f7800000,0x00000000f7c98c78,0x00000000f7f80000)
  to   space 7680K, 0% used [0x00000000f7080000,0x00000000f7080000,0x00000000f7800000)
 ParOldGen       total 99840K, used 47811K [0x00000000e0000000, 0x00000000e6180000, 0x00000000f5580000)
  object space 99840K, 47% used [0x00000000e0000000,0x00000000e2eb0de8,0x00000000e6180000)
 Metaspace       used 83793K, capacity 89406K, committed 89560K, reserved 1126400K
  class space    used 9770K, capacity 11626K, committed 11736K, reserved 1048576K
}
Event: 7228.194 GC heap before
{Heap before GC invocations=194 (full 41):
 PSYoungGen      total 35328K, used 32355K [0x00000000f5580000, 0x00000000f7f80000, 0x0000000100000000)
  eden space 27648K, 100% used [0x00000000f5580000,0x00000000f7080000,0x00000000f7080000)
  from space 7680K, 61% used [0x00000000f7800000,0x00000000f7c98c78,0x00000000f7f80000)
  to   space 7680K, 0% used [0x00000000f7080000,0x00000000f7080000,0x00000000f7800000)
 ParOldGen       total 99840K, used 47811K [0x00000000e0000000, 0x00000000e6180000, 0x00000000f5580000)
  object space 99840K, 47% used [0x00000000e0000000,0x00000000e2eb0de8,0x00000000e6180000)
 Metaspace       used 83797K, capacity 89406K, committed 89560K, reserved 1126400K
  class space    used 9770K, capacity 11626K, committed 11736K, reserved 1048576K
Event: 7228.198 GC heap after
Heap after GC invocations=194 (full 41):
 PSYoungGen      total 35328K, used 4675K [0x00000000f5580000, 0x00000000f7f80000, 0x0000000100000000)
  eden space 27648K, 0% used [0x00000000f5580000,0x00000000f5580000,0x00000000f7080000)
  from space 7680K, 60% used [0x00000000f7080000,0x00000000f7510c78,0x00000000f7800000)
  to   space 7680K, 0% used [0x00000000f7800000,0x00000000f7800000,0x00000000f7f80000)
 ParOldGen       total 99840K, used 47835K [0x00000000e0000000, 0x00000000e6180000, 0x00000000f5580000)
  object space 99840K, 47% used [0x00000000e0000000,0x00000000e2eb6de8,0x00000000e6180000)
 Metaspace       used 83797K, capacity 89406K, committed 89560K, reserved 1126400K
  class space    used 9770K, capacity 11626K, committed 11736K, reserved 1048576K
}
Event: 7405.388 GC heap before
{Heap before GC invocations=195 (full 41):
 PSYoungGen      total 35328K, used 32323K [0x00000000f5580000, 0x00000000f7f80000, 0x0000000100000000)
  eden space 27648K, 100% used [0x00000000f5580000,0x00000000f7080000,0x00000000f7080000)
  from space 7680K, 60% used [0x00000000f7080000,0x00000000f7510c78,0x00000000f7800000)
  to   space 7680K, 0% used [0x00000000f7800000,0x00000000f7800000,0x00000000f7f80000)
 ParOldGen       total 99840K, used 47835K [0x00000000e0000000, 0x00000000e6180000, 0x00000000f5580000)
  object space 99840K, 47% used [0x00000000e0000000,0x00000000e2eb6de8,0x00000000e6180000)
 Metaspace       used 84239K, capacity 89796K, committed 90072K, reserved 1128448K
  class space    used 9816K, capacity 11691K, committed 11736K, reserved 1048576K
Event: 7405.393 GC heap after
Heap after GC invocations=195 (full 41):
 PSYoungGen      total 35328K, used 4231K [0x00000000f5580000, 0x00000000f7f80000, 0x0000000100000000)
  eden space 27648K, 0% used [0x00000000f5580000,0x00000000f5580000,0x00000000f7080000)
  from space 7680K, 55% used [0x00000000f7800000,0x00000000f7c21cb8,0x00000000f7f80000)
  to   space 7680K, 0% used [0x00000000f7080000,0x00000000f7080000,0x00000000f7800000)
 ParOldGen       total 99840K, used 47867K [0x00000000e0000000, 0x00000000e6180000, 0x00000000f5580000)
  object space 99840K, 47% used [0x00000000e0000000,0x00000000e2ebede8,0x00000000e6180000)
 Metaspace       used 84239K, capacity 89796K, committed 90072K, reserved 1128448K
  class space    used 9816K, capacity 11691K, committed 11736K, reserved 1048576K
}

