# JRE version: Java(TM) SE Runtime Environment (8.0_25-b18) (build 1.8.0_25-b18)
# Java VM: Java HotSpot(TM) 64-Bit Server VM (25.25-b02 mixed mode windows-amd64 compressed oops)
Heap:
 PSYoungGen      total 52736K, used 16070K [0x00000007bc400000, 0x00000007c0000000, 0x00000007c0000000)
  eden space 46080K, 21% used [0x00000007bc400000,0x00000007bcd7bed8,0x00000007bf100000)
  from space 6656K, 95% used [0x00000007bf100000,0x00000007bf735c28,0x00000007bf780000)
  to   space 8704K, 0% used [0x00000007bf780000,0x00000007bf780000,0x00000007c0000000)
 ParOldGen       total 173056K, used 72799K [0x0000000700000000, 0x000000070a900000, 0x00000007bc400000)
  object space 173056K, 42% used [0x0000000700000000,0x0000000704717cd0,0x000000070a900000)
 Metaspace       used 60058K, capacity 60473K, committed 61056K, reserved 1101824K
  class space    used 8717K, capacity 8813K, committed 8832K, reserved 1048576K
GC Heap History (10 events):
Event: 327.946 GC heap before
{Heap before GC invocations=113 (full 7):
 PSYoungGen      total 51712K, used 45149K [0x00000007bc400000, 0x00000007c0000000, 0x00000007c0000000)
  eden space 42496K, 100% used [0x00000007bc400000,0x00000007bed80000,0x00000007bed80000)
  from space 9216K, 28% used [0x00000007bed80000,0x00000007bf017498,0x00000007bf680000)
  to   space 8704K, 0% used [0x00000007bf780000,0x00000007bf780000,0x00000007c0000000)
 ParOldGen       total 173056K, used 75107K [0x0000000700000000, 0x000000070a900000, 0x00000007bc400000)
  object space 173056K, 43% used [0x0000000700000000,0x0000000704958e98,0x000000070a900000)
 Metaspace       used 60001K, capacity 60409K, committed 61056K, reserved 1101824K
  class space    used 8717K, capacity 8813K, committed 8832K, reserved 1048576K
Event: 327.950 GC heap after
Heap after GC invocations=113 (full 7):
 PSYoungGen      total 53248K, used 3041K [0x00000007bc400000, 0x00000007c0000000, 0x00000007c0000000)
  eden space 44544K, 0% used [0x00000007bc400000,0x00000007bc400000,0x00000007bef80000)
  from space 8704K, 34% used [0x00000007bf780000,0x00000007bfa78558,0x00000007c0000000)
  to   space 8192K, 0% used [0x00000007bef80000,0x00000007bef80000,0x00000007bf780000)
 ParOldGen       total 173056K, used 75107K [0x0000000700000000, 0x000000070a900000, 0x00000007bc400000)
  object space 173056K, 43% used [0x0000000700000000,0x0000000704958e98,0x000000070a900000)
 Metaspace       used 60001K, capacity 60409K, committed 61056K, reserved 1101824K
  class space    used 8717K, capacity 8813K, committed 8832K, reserved 1048576K
}
Event: 328.050 GC heap before
{Heap before GC invocations=114 (full 7):
 PSYoungGen      total 53248K, used 17657K [0x00000007bc400000, 0x00000007c0000000, 0x00000007c0000000)
  eden space 44544K, 32% used [0x00000007bc400000,0x00000007bd246020,0x00000007bef80000)
  from space 8704K, 34% used [0x00000007bf780000,0x00000007bfa78558,0x00000007c0000000)
  to   space 8192K, 0% used [0x00000007bef80000,0x00000007bef80000,0x00000007bf780000)
 ParOldGen       total 173056K, used 75107K [0x0000000700000000, 0x000000070a900000, 0x00000007bc400000)
  object space 173056K, 43% used [0x0000000700000000,0x0000000704958e98,0x000000070a900000)
 Metaspace       used 60014K, capacity 60409K, committed 61056K, reserved 1101824K
  class space    used 8717K, capacity 8813K, committed 8832K, reserved 1048576K
Event: 328.054 GC heap after
Heap after GC invocations=114 (full 7):
 PSYoungGen      total 52736K, used 2593K [0x00000007bc400000, 0x00000007c0000000, 0x00000007c0000000)
  eden space 44544K, 0% used [0x00000007bc400000,0x00000007bc400000,0x00000007bef80000)
  from space 8192K, 31% used [0x00000007bef80000,0x00000007bf208558,0x00000007bf780000)
  to   space 7680K, 0% used [0x00000007bf880000,0x00000007bf880000,0x00000007c0000000)
 ParOldGen       total 173056K, used 75115K [0x0000000700000000, 0x000000070a900000, 0x00000007bc400000)
  object space 173056K, 43% used [0x0000000700000000,0x000000070495ae98,0x000000070a900000)
 Metaspace       used 60014K, capacity 60409K, committed 61056K, reserved 1101824K
  class space    used 8717K, capacity 8813K, committed 8832K, reserved 1048576K
}
Event: 328.054 GC heap before
{Heap before GC invocations=115 (full 8):
 PSYoungGen      total 52736K, used 2593K [0x00000007bc400000, 0x00000007c0000000, 0x00000007c0000000)
  eden space 44544K, 0% used [0x00000007bc400000,0x00000007bc400000,0x00000007bef80000)
  from space 8192K, 31% used [0x00000007bef80000,0x00000007bf208558,0x00000007bf780000)
  to   space 7680K, 0% used [0x00000007bf880000,0x00000007bf880000,0x00000007c0000000)
 ParOldGen       total 173056K, used 75115K [0x0000000700000000, 0x000000070a900000, 0x00000007bc400000)
  object space 173056K, 43% used [0x0000000700000000,0x000000070495ae98,0x000000070a900000)
 Metaspace       used 60014K, capacity 60409K, committed 61056K, reserved 1101824K
  class space    used 8717K, capacity 8813K, committed 8832K, reserved 1048576K
Event: 328.353 GC heap after
Heap after GC invocations=115 (full 8):
 PSYoungGen      total 52736K, used 0K [0x00000007bc400000, 0x00000007c0000000, 0x00000007c0000000)
  eden space 44544K, 0% used [0x00000007bc400000,0x00000007bc400000,0x00000007bef80000)
  from space 8192K, 0% used [0x00000007bef80000,0x00000007bef80000,0x00000007bf780000)
  to   space 7680K, 0% used [0x00000007bf880000,0x00000007bf880000,0x00000007c0000000)
 ParOldGen       total 173056K, used 72799K [0x0000000700000000, 0x000000070a900000, 0x00000007bc400000)
  object space 173056K, 42% used [0x0000000700000000,0x0000000704717cd0,0x000000070a900000)
 Metaspace       used 60014K, capacity 60409K, committed 61056K, reserved 1101824K
  class space    used 8717K, capacity 8813K, committed 8832K, reserved 1048576K
}
Event: 328.724 GC heap before
{Heap before GC invocations=116 (full 8):
 PSYoungGen      total 52736K, used 44544K [0x00000007bc400000, 0x00000007c0000000, 0x00000007c0000000)
  eden space 44544K, 100% used [0x00000007bc400000,0x00000007bef80000,0x00000007bef80000)
  from space 8192K, 0% used [0x00000007bef80000,0x00000007bef80000,0x00000007bf780000)
  to   space 7680K, 0% used [0x00000007bf880000,0x00000007bf880000,0x00000007c0000000)
 ParOldGen       total 173056K, used 72799K [0x0000000700000000, 0x000000070a900000, 0x00000007bc400000)
  object space 173056K, 42% used [0x0000000700000000,0x0000000704717cd0,0x000000070a900000)
 Metaspace       used 60041K, capacity 60473K, committed 61056K, reserved 1101824K
  class space    used 8717K, capacity 8813K, committed 8832K, reserved 1048576K
Event: 328.729 GC heap after
Heap after GC invocations=116 (full 8):
 PSYoungGen      total 53760K, used 3799K [0x00000007bc400000, 0x00000007c0000000, 0x00000007c0000000)
  eden space 46080K, 0% used [0x00000007bc400000,0x00000007bc400000,0x00000007bf100000)
  from space 7680K, 49% used [0x00000007bf880000,0x00000007bfc35c28,0x00000007c0000000)
  to   space 7680K, 0% used [0x00000007bf100000,0x00000007bf100000,0x00000007bf880000)
 ParOldGen       total 173056K, used 72799K [0x0000000700000000, 0x000000070a900000, 0x00000007bc400000)
  object space 173056K, 42% used [0x0000000700000000,0x0000000704717cd0,0x000000070a900000)
 Metaspace       used 60041K, capacity 60473K, committed 61056K, reserved 1101824K
  class space    used 8717K, capacity 8813K, committed 8832K, reserved 1048576K
}
Event: 328.912 GC heap before
{Heap before GC invocations=117 (full 8):
 PSYoungGen      total 53760K, used 49879K [0x00000007bc400000, 0x00000007c0000000, 0x00000007c0000000)
  eden space 46080K, 100% used [0x00000007bc400000,0x00000007bf100000,0x00000007bf100000)
  from space 7680K, 49% used [0x00000007bf880000,0x00000007bfc35c28,0x00000007c0000000)
  to   space 7680K, 0% used [0x00000007bf100000,0x00000007bf100000,0x00000007bf880000)
 ParOldGen       total 173056K, used 72799K [0x0000000700000000, 0x000000070a900000, 0x00000007bc400000)
  object space 173056K, 42% used [0x0000000700000000,0x0000000704717cd0,0x000000070a900000)
 Metaspace       used 60046K, capacity 60473K, committed 61056K, reserved 1101824K
  class space    used 8717K, capacity 8813K, committed 8832K, reserved 1048576K
Event: 328.917 GC heap after
Heap after GC invocations=117 (full 8):
 PSYoungGen      total 52736K, used 6359K [0x00000007bc400000, 0x00000007c0000000, 0x00000007c0000000)
  eden space 46080K, 0% used [0x00000007bc400000,0x00000007bc400000,0x00000007bf100000)
  from space 6656K, 95% used [0x00000007bf100000,0x00000007bf735c28,0x00000007bf780000)
  to   space 8704K, 0% used [0x00000007bf780000,0x00000007bf780000,0x00000007c0000000)
 ParOldGen       total 173056K, used 72799K [0x0000000700000000, 0x000000070a900000, 0x00000007bc400000)
  object space 173056K, 42% used [0x0000000700000000,0x0000000704717cd0,0x000000070a900000)
 Metaspace       used 60046K, capacity 60473K, committed 61056K, reserved 1101824K
  class space    used 8717K, capacity 8813K, committed 8832K, reserved 1048576K
}

