# JRE version: Java(TM) SE Runtime Environment (8.0_25-b18) (build 1.8.0_25-b18)
# Java VM: Java HotSpot(TM) 64-Bit Server VM (25.25-b02 mixed mode windows-amd64 compressed oops)
Heap:
 PSYoungGen      total 98304K, used 26479K [0x00000000f5580000, 0x00000000fc380000, 0x0000000100000000)
  eden space 83456K, 31% used [0x00000000f5580000,0x00000000f6f5bc40,0x00000000fa700000)
  from space 14848K, 0% used [0x00000000fa700000,0x00000000fa700000,0x00000000fb580000)
  to   space 14336K, 0% used [0x00000000fb580000,0x00000000fb580000,0x00000000fc380000)
 ParOldGen       total 349696K, used 254064K [0x00000000e0000000, 0x00000000f5580000, 0x00000000f5580000)
  object space 349696K, 72% used [0x00000000e0000000,0x00000000ef81c0e0,0x00000000f5580000)
 Metaspace       used 74267K, capacity 79760K, committed 79960K, reserved 1118208K
  class space    used 9058K, capacity 10763K, committed 10840K, reserved 1048576K
GC Heap History (10 events):
Event: 449.325 GC heap before
{Heap before GC invocations=83 (full 46):
 PSYoungGen      total 83456K, used 65536K [0x00000000f5580000, 0x00000000fc600000, 0x0000000100000000)
  eden space 82944K, 79% used [0x00000000f5580000,0x00000000f9580010,0x00000000fa680000)
  from space 512K, 0% used [0x00000000fa680000,0x00000000fa680000,0x00000000fa700000)
  to   space 15872K, 0% used [0x00000000fb680000,0x00000000fb680000,0x00000000fc600000)
 ParOldGen       total 349696K, used 286761K [0x00000000e0000000, 0x00000000f5580000, 0x00000000f5580000)
  object space 349696K, 82% used [0x00000000e0000000,0x00000000f180a718,0x00000000f5580000)
 Metaspace       used 73271K, capacity 78912K, committed 79064K, reserved 1118208K
  class space    used 8942K, capacity 10633K, committed 10712K, reserved 1048576K
Event: 449.425 GC heap after
Heap after GC invocations=83 (full 46):
 PSYoungGen      total 83456K, used 0K [0x00000000f5580000, 0x00000000fc600000, 0x0000000100000000)
  eden space 82944K, 0% used [0x00000000f5580000,0x00000000f5580000,0x00000000fa680000)
  from space 512K, 0% used [0x00000000fa680000,0x00000000fa680000,0x00000000fa700000)
  to   space 15872K, 0% used [0x00000000fb680000,0x00000000fb680000,0x00000000fc600000)
 ParOldGen       total 349696K, used 319529K [0x00000000e0000000, 0x00000000f5580000, 0x00000000f5580000)
  object space 349696K, 91% used [0x00000000e0000000,0x00000000f380a718,0x00000000f5580000)
 Metaspace       used 73271K, capacity 78912K, committed 79064K, reserved 1118208K
  class space    used 8942K, capacity 10633K, committed 10712K, reserved 1048576K
}
Event: 449.425 GC heap before
{Heap before GC invocations=84 (full 46):
 PSYoungGen      total 83456K, used 0K [0x00000000f5580000, 0x00000000fc600000, 0x0000000100000000)
  eden space 82944K, 0% used [0x00000000f5580000,0x00000000f5580000,0x00000000fa680000)
  from space 512K, 0% used [0x00000000fa680000,0x00000000fa680000,0x00000000fa700000)
  to   space 15872K, 0% used [0x00000000fb680000,0x00000000fb680000,0x00000000fc600000)
 ParOldGen       total 349696K, used 319529K [0x00000000e0000000, 0x00000000f5580000, 0x00000000f5580000)
  object space 349696K, 91% used [0x00000000e0000000,0x00000000f380a718,0x00000000f5580000)
 Metaspace       used 73271K, capacity 78912K, committed 79064K, reserved 1118208K
  class space    used 8942K, capacity 10633K, committed 10712K, reserved 1048576K
Event: 449.427 GC heap after
Heap after GC invocations=84 (full 46):
 PSYoungGen      total 97280K, used 0K [0x00000000f5580000, 0x00000000fc400000, 0x0000000100000000)
  eden space 83456K, 0% used [0x00000000f5580000,0x00000000f5580000,0x00000000fa700000)
  from space 13824K, 0% used [0x00000000fb680000,0x00000000fb680000,0x00000000fc400000)
  to   space 14848K, 0% used [0x00000000fa700000,0x00000000fa700000,0x00000000fb580000)
 ParOldGen       total 349696K, used 319529K [0x00000000e0000000, 0x00000000f5580000, 0x00000000f5580000)
  object space 349696K, 91% used [0x00000000e0000000,0x00000000f380a718,0x00000000f5580000)
 Metaspace       used 73271K, capacity 78912K, committed 79064K, reserved 1118208K
  class space    used 8942K, capacity 10633K, committed 10712K, reserved 1048576K
}
Event: 449.427 GC heap before
{Heap before GC invocations=85 (full 47):
 PSYoungGen      total 97280K, used 0K [0x00000000f5580000, 0x00000000fc400000, 0x0000000100000000)
  eden space 83456K, 0% used [0x00000000f5580000,0x00000000f5580000,0x00000000fa700000)
  from space 13824K, 0% used [0x00000000fb680000,0x00000000fb680000,0x00000000fc400000)
  to   space 14848K, 0% used [0x00000000fa700000,0x00000000fa700000,0x00000000fb580000)
 ParOldGen       total 349696K, used 319529K [0x00000000e0000000, 0x00000000f5580000, 0x00000000f5580000)
  object space 349696K, 91% used [0x00000000e0000000,0x00000000f380a718,0x00000000f5580000)
 Metaspace       used 73271K, capacity 78912K, committed 79064K, reserved 1118208K
  class space    used 8942K, capacity 10633K, committed 10712K, reserved 1048576K
Event: 449.519 GC heap after
Heap after GC invocations=85 (full 47):
 PSYoungGen      total 97280K, used 0K [0x00000000f5580000, 0x00000000fc400000, 0x0000000100000000)
  eden space 83456K, 0% used [0x00000000f5580000,0x00000000f5580000,0x00000000fa700000)
  from space 13824K, 0% used [0x00000000fb680000,0x00000000fb680000,0x00000000fc400000)
  to   space 14848K, 0% used [0x00000000fa700000,0x00000000fa700000,0x00000000fb580000)
 ParOldGen       total 349696K, used 319518K [0x00000000e0000000, 0x00000000f5580000, 0x00000000f5580000)
  object space 349696K, 91% used [0x00000000e0000000,0x00000000f3807bd8,0x00000000f5580000)
 Metaspace       used 73271K, capacity 78912K, committed 79064K, reserved 1118208K
  class space    used 8942K, capacity 10633K, committed 10712K, reserved 1048576K
}
Event: 456.317 GC heap before
{Heap before GC invocations=86 (full 47):
 PSYoungGen      total 97280K, used 5628K [0x00000000f5580000, 0x00000000fc400000, 0x0000000100000000)
  eden space 83456K, 6% used [0x00000000f5580000,0x00000000f5aff0d8,0x00000000fa700000)
  from space 13824K, 0% used [0x00000000fb680000,0x00000000fb680000,0x00000000fc400000)
  to   space 14848K, 0% used [0x00000000fa700000,0x00000000fa700000,0x00000000fb580000)
 ParOldGen       total 349696K, used 319518K [0x00000000e0000000, 0x00000000f5580000, 0x00000000f5580000)
  object space 349696K, 91% used [0x00000000e0000000,0x00000000f3807bd8,0x00000000f5580000)
 Metaspace       used 73292K, capacity 78912K, committed 79064K, reserved 1118208K
  class space    used 8942K, capacity 10633K, committed 10712K, reserved 1048576K
Event: 456.319 GC heap after
Heap after GC invocations=86 (full 47):
 PSYoungGen      total 98304K, used 320K [0x00000000f5580000, 0x00000000fc380000, 0x0000000100000000)
  eden space 83456K, 0% used [0x00000000f5580000,0x00000000f5580000,0x00000000fa700000)
  from space 14848K, 2% used [0x00000000fa700000,0x00000000fa750000,0x00000000fb580000)
  to   space 14336K, 0% used [0x00000000fb580000,0x00000000fb580000,0x00000000fc380000)
 ParOldGen       total 349696K, used 319518K [0x00000000e0000000, 0x00000000f5580000, 0x00000000f5580000)
  object space 349696K, 91% used [0x00000000e0000000,0x00000000f3807bd8,0x00000000f5580000)
 Metaspace       used 73292K, capacity 78912K, committed 79064K, reserved 1118208K
  class space    used 8942K, capacity 10633K, committed 10712K, reserved 1048576K
}
Event: 456.319 GC heap before
{Heap before GC invocations=87 (full 48):
 PSYoungGen      total 98304K, used 320K [0x00000000f5580000, 0x00000000fc380000, 0x0000000100000000)
  eden space 83456K, 0% used [0x00000000f5580000,0x00000000f5580000,0x00000000fa700000)
  from space 14848K, 2% used [0x00000000fa700000,0x00000000fa750000,0x00000000fb580000)
  to   space 14336K, 0% used [0x00000000fb580000,0x00000000fb580000,0x00000000fc380000)
 ParOldGen       total 349696K, used 319518K [0x00000000e0000000, 0x00000000f5580000, 0x00000000f5580000)
  object space 349696K, 91% used [0x00000000e0000000,0x00000000f3807bd8,0x00000000f5580000)
 Metaspace       used 73292K, capacity 78912K, committed 79064K, reserved 1118208K
  class space    used 8942K, capacity 10633K, committed 10712K, reserved 1048576K
Event: 456.400 GC heap after
Heap after GC invocations=87 (full 48):
 PSYoungGen      total 98304K, used 0K [0x00000000f5580000, 0x00000000fc380000, 0x0000000100000000)
  eden space 83456K, 0% used [0x00000000f5580000,0x00000000f5580000,0x00000000fa700000)
  from space 14848K, 0% used [0x00000000fa700000,0x00000000fa700000,0x00000000fb580000)
  to   space 14336K, 0% used [0x00000000fb580000,0x00000000fb580000,0x00000000fc380000)
 ParOldGen       total 349696K, used 254064K [0x00000000e0000000, 0x00000000f5580000, 0x00000000f5580000)
  object space 349696K, 72% used [0x00000000e0000000,0x00000000ef81c0e0,0x00000000f5580000)
 Metaspace       used 73292K, capacity 78912K, committed 79064K, reserved 1118208K
  class space    used 8942K, capacity 10633K, committed 10712K, reserved 1048576K
}

