# JRE version: Java(TM) SE Runtime Environment (8.0_25-b18) (build 1.8.0_25-b18)
# Java VM: Java HotSpot(TM) 64-Bit Server VM (25.25-b02 mixed mode windows-amd64 compressed oops)
Heap:
 PSYoungGen      total 142848K, used 45270K [0x00000000f5580000, 0x0000000100000000, 0x0000000100000000)
  eden space 123904K, 36% used [0x00000000f5580000,0x00000000f81b5b80,0x00000000fce80000)
  from space 18944K, 0% used [0x00000000fce80000,0x00000000fce80000,0x00000000fe100000)
  to   space 17408K, 0% used [0x00000000fef00000,0x00000000fef00000,0x0000000100000000)
 ParOldGen       total 99328K, used 47500K [0x00000000e0000000, 0x00000000e6100000, 0x00000000f5580000)
  object space 99328K, 47% used [0x00000000e0000000,0x00000000e2e63008,0x00000000e6100000)
 Metaspace       used 85354K, capacity 90794K, committed 91008K, reserved 1128448K
  class space    used 10211K, capacity 12044K, committed 12160K, reserved 1048576K
GC Heap History (10 events):
Event: 785.876 GC heap before
{Heap before GC invocations=53 (full 14):
 PSYoungGen      total 143360K, used 102531K [0x00000000f5580000, 0x00000000ff700000, 0x0000000100000000)
  eden space 123392K, 83% used [0x00000000f5580000,0x00000000fb9a0c60,0x00000000fce00000)
  from space 19968K, 0% used [0x00000000fe380000,0x00000000fe380000,0x00000000ff700000)
  to   space 20992K, 0% used [0x00000000fce00000,0x00000000fce00000,0x00000000fe280000)
 ParOldGen       total 99328K, used 48267K [0x00000000e0000000, 0x00000000e6100000, 0x00000000f5580000)
  object space 99328K, 48% used [0x00000000e0000000,0x00000000e2f22e58,0x00000000e6100000)
 Metaspace       used 84174K, capacity 89620K, committed 89856K, reserved 1126400K
  class space    used 10128K, capacity 11913K, committed 12032K, reserved 1048576K
Event: 785.880 GC heap after
Heap after GC invocations=53 (full 14):
 PSYoungGen      total 127488K, used 3819K [0x00000000f5580000, 0x00000000ff400000, 0x0000000100000000)
  eden space 123392K, 0% used [0x00000000f5580000,0x00000000f5580000,0x00000000fce00000)
  from space 4096K, 93% used [0x00000000fce00000,0x00000000fd1bad40,0x00000000fd200000)
  to   space 19456K, 0% used [0x00000000fe100000,0x00000000fe100000,0x00000000ff400000)
 ParOldGen       total 99328K, used 48275K [0x00000000e0000000, 0x00000000e6100000, 0x00000000f5580000)
  object space 99328K, 48% used [0x00000000e0000000,0x00000000e2f24e58,0x00000000e6100000)
 Metaspace       used 84174K, capacity 89620K, committed 89856K, reserved 1126400K
  class space    used 10128K, capacity 11913K, committed 12032K, reserved 1048576K
}
Event: 785.880 GC heap before
{Heap before GC invocations=54 (full 15):
 PSYoungGen      total 127488K, used 3819K [0x00000000f5580000, 0x00000000ff400000, 0x0000000100000000)
  eden space 123392K, 0% used [0x00000000f5580000,0x00000000f5580000,0x00000000fce00000)
  from space 4096K, 93% used [0x00000000fce00000,0x00000000fd1bad40,0x00000000fd200000)
  to   space 19456K, 0% used [0x00000000fe100000,0x00000000fe100000,0x00000000ff400000)
 ParOldGen       total 99328K, used 48275K [0x00000000e0000000, 0x00000000e6100000, 0x00000000f5580000)
  object space 99328K, 48% used [0x00000000e0000000,0x00000000e2f24e58,0x00000000e6100000)
 Metaspace       used 84174K, capacity 89620K, committed 89856K, reserved 1126400K
  class space    used 10128K, capacity 11913K, committed 12032K, reserved 1048576K
Event: 786.136 GC heap after
Heap after GC invocations=54 (full 15):
 PSYoungGen      total 127488K, used 0K [0x00000000f5580000, 0x00000000ff400000, 0x0000000100000000)
  eden space 123392K, 0% used [0x00000000f5580000,0x00000000f5580000,0x00000000fce00000)
  from space 4096K, 0% used [0x00000000fce00000,0x00000000fce00000,0x00000000fd200000)
  to   space 19456K, 0% used [0x00000000fe100000,0x00000000fe100000,0x00000000ff400000)
 ParOldGen       total 99328K, used 49901K [0x00000000e0000000, 0x00000000e6100000, 0x00000000f5580000)
  object space 99328K, 50% used [0x00000000e0000000,0x00000000e30bb6c8,0x00000000e6100000)
 Metaspace       used 84174K, capacity 89620K, committed 89856K, reserved 1126400K
  class space    used 10128K, capacity 11913K, committed 12032K, reserved 1048576K
}
Event: 821.370 GC heap before
{Heap before GC invocations=55 (full 15):
 PSYoungGen      total 127488K, used 123392K [0x00000000f5580000, 0x00000000ff400000, 0x0000000100000000)
  eden space 123392K, 100% used [0x00000000f5580000,0x00000000fce00000,0x00000000fce00000)
  from space 4096K, 0% used [0x00000000fce00000,0x00000000fce00000,0x00000000fd200000)
  to   space 19456K, 0% used [0x00000000fe100000,0x00000000fe100000,0x00000000ff400000)
 ParOldGen       total 99328K, used 49901K [0x00000000e0000000, 0x00000000e6100000, 0x00000000f5580000)
  object space 99328K, 50% used [0x00000000e0000000,0x00000000e30bb6c8,0x00000000e6100000)
 Metaspace       used 84456K, capacity 89882K, committed 90112K, reserved 1128448K
  class space    used 10136K, capacity 11914K, committed 12032K, reserved 1048576K
Event: 821.373 GC heap after
Heap after GC invocations=55 (full 15):
 PSYoungGen      total 143360K, used 1170K [0x00000000f5580000, 0x0000000100000000, 0x0000000100000000)
  eden space 123904K, 0% used [0x00000000f5580000,0x00000000f5580000,0x00000000fce80000)
  from space 19456K, 6% used [0x00000000fe100000,0x00000000fe224940,0x00000000ff400000)
  to   space 18944K, 0% used [0x00000000fce80000,0x00000000fce80000,0x00000000fe100000)
 ParOldGen       total 99328K, used 49909K [0x00000000e0000000, 0x00000000e6100000, 0x00000000f5580000)
  object space 99328K, 50% used [0x00000000e0000000,0x00000000e30bd6c8,0x00000000e6100000)
 Metaspace       used 84456K, capacity 89882K, committed 90112K, reserved 1128448K
  class space    used 10136K, capacity 11914K, committed 12032K, reserved 1048576K
}
Event: 877.163 GC heap before
{Heap before GC invocations=56 (full 15):
 PSYoungGen      total 143360K, used 108129K [0x00000000f5580000, 0x0000000100000000, 0x0000000100000000)
  eden space 123904K, 86% used [0x00000000f5580000,0x00000000fbdf3b00,0x00000000fce80000)
  from space 19456K, 6% used [0x00000000fe100000,0x00000000fe224940,0x00000000ff400000)
  to   space 18944K, 0% used [0x00000000fce80000,0x00000000fce80000,0x00000000fe100000)
 ParOldGen       total 99328K, used 49909K [0x00000000e0000000, 0x00000000e6100000, 0x00000000f5580000)
  object space 99328K, 50% used [0x00000000e0000000,0x00000000e30bd6c8,0x00000000e6100000)
 Metaspace       used 84663K, capacity 90074K, committed 90368K, reserved 1128448K
  class space    used 10147K, capacity 11914K, committed 12032K, reserved 1048576K
Event: 877.166 GC heap after
Heap after GC invocations=56 (full 15):
 PSYoungGen      total 142848K, used 2516K [0x00000000f5580000, 0x0000000100000000, 0x0000000100000000)
  eden space 123904K, 0% used [0x00000000f5580000,0x00000000f5580000,0x00000000fce80000)
  from space 18944K, 13% used [0x00000000fce80000,0x00000000fd0f5130,0x00000000fe100000)
  to   space 17408K, 0% used [0x00000000fef00000,0x00000000fef00000,0x0000000100000000)
 ParOldGen       total 99328K, used 50234K [0x00000000e0000000, 0x00000000e6100000, 0x00000000f5580000)
  object space 99328K, 50% used [0x00000000e0000000,0x00000000e310eb18,0x00000000e6100000)
 Metaspace       used 84663K, capacity 90074K, committed 90368K, reserved 1128448K
  class space    used 10147K, capacity 11914K, committed 12032K, reserved 1048576K
}
Event: 877.166 GC heap before
{Heap before GC invocations=57 (full 16):
 PSYoungGen      total 142848K, used 2516K [0x00000000f5580000, 0x0000000100000000, 0x0000000100000000)
  eden space 123904K, 0% used [0x00000000f5580000,0x00000000f5580000,0x00000000fce80000)
  from space 18944K, 13% used [0x00000000fce80000,0x00000000fd0f5130,0x00000000fe100000)
  to   space 17408K, 0% used [0x00000000fef00000,0x00000000fef00000,0x0000000100000000)
 ParOldGen       total 99328K, used 50234K [0x00000000e0000000, 0x00000000e6100000, 0x00000000f5580000)
  object space 99328K, 50% used [0x00000000e0000000,0x00000000e310eb18,0x00000000e6100000)
 Metaspace       used 84663K, capacity 90074K, committed 90368K, reserved 1128448K
  class space    used 10147K, capacity 11914K, committed 12032K, reserved 1048576K
Event: 877.345 GC heap after
Heap after GC invocations=57 (full 16):
 PSYoungGen      total 142848K, used 0K [0x00000000f5580000, 0x0000000100000000, 0x0000000100000000)
  eden space 123904K, 0% used [0x00000000f5580000,0x00000000f5580000,0x00000000fce80000)
  from space 18944K, 0% used [0x00000000fce80000,0x00000000fce80000,0x00000000fe100000)
  to   space 17408K, 0% used [0x00000000fef00000,0x00000000fef00000,0x0000000100000000)
 ParOldGen       total 99328K, used 47500K [0x00000000e0000000, 0x00000000e6100000, 0x00000000f5580000)
  object space 99328K, 47% used [0x00000000e0000000,0x00000000e2e63008,0x00000000e6100000)
 Metaspace       used 84663K, capacity 90074K, committed 90368K, reserved 1128448K
  class space    used 10147K, capacity 11914K, committed 12032K, reserved 1048576K
}

