# JRE version: Java(TM) SE Runtime Environment (8.0_25-b18) (build 1.8.0_25-b18)
# Java VM: Java HotSpot(TM) 64-Bit Server VM (25.25-b02 mixed mode windows-amd64 compressed oops)
Heap:
 PSYoungGen      total 98304K, used 51043K [0x00000000f5580000, 0x00000000fd100000, 0x0000000100000000)
  eden space 74752K, 46% used [0x00000000f5580000,0x00000000f7775c00,0x00000000f9e80000)
  from space 23552K, 69% used [0x00000000f9e80000,0x00000000fae63278,0x00000000fb580000)
  to   space 23552K, 0% used [0x00000000fba00000,0x00000000fba00000,0x00000000fd100000)
 ParOldGen       total 104448K, used 30081K [0x00000000e0000000, 0x00000000e6600000, 0x00000000f5580000)
  object space 104448K, 28% used [0x00000000e0000000,0x00000000e1d60790,0x00000000e6600000)
 Metaspace       used 74389K, capacity 79786K, committed 80000K, reserved 1118208K
  class space    used 9115K, capacity 10800K, committed 10880K, reserved 1048576K
GC Heap History (10 events):
Event: 8.310 GC heap before
{Heap before GC invocations=14 (full 3):
 PSYoungGen      total 78848K, used 71121K [0x00000000f5580000, 0x00000000fb700000, 0x0000000100000000)
  eden space 61952K, 100% used [0x00000000f5580000,0x00000000f9200000,0x00000000f9200000)
  from space 16896K, 54% used [0x00000000fa680000,0x00000000faf74778,0x00000000fb700000)
  to   space 18944K, 0% used [0x00000000f9200000,0x00000000f9200000,0x00000000fa480000)
 ParOldGen       total 104448K, used 30041K [0x00000000e0000000, 0x00000000e6600000, 0x00000000f5580000)
  object space 104448K, 28% used [0x00000000e0000000,0x00000000e1d56790,0x00000000e6600000)
 Metaspace       used 65959K, capacity 71274K, committed 71552K, reserved 1112064K
  class space    used 8267K, capacity 9826K, committed 9856K, reserved 1048576K
Event: 8.328 GC heap after
Heap after GC invocations=14 (full 3):
 PSYoungGen      total 80896K, used 18921K [0x00000000f5580000, 0x00000000fc480000, 0x0000000100000000)
  eden space 61952K, 0% used [0x00000000f5580000,0x00000000f5580000,0x00000000f9200000)
  from space 18944K, 99% used [0x00000000f9200000,0x00000000fa47a508,0x00000000fa480000)
  to   space 21504K, 0% used [0x00000000faf80000,0x00000000faf80000,0x00000000fc480000)
 ParOldGen       total 104448K, used 30049K [0x00000000e0000000, 0x00000000e6600000, 0x00000000f5580000)
  object space 104448K, 28% used [0x00000000e0000000,0x00000000e1d58790,0x00000000e6600000)
 Metaspace       used 65959K, capacity 71274K, committed 71552K, reserved 1112064K
  class space    used 8267K, capacity 9826K, committed 9856K, reserved 1048576K
}
Event: 22.236 GC heap before
{Heap before GC invocations=15 (full 3):
 PSYoungGen      total 80896K, used 80873K [0x00000000f5580000, 0x00000000fc480000, 0x0000000100000000)
  eden space 61952K, 100% used [0x00000000f5580000,0x00000000f9200000,0x00000000f9200000)
  from space 18944K, 99% used [0x00000000f9200000,0x00000000fa47a508,0x00000000fa480000)
  to   space 21504K, 0% used [0x00000000faf80000,0x00000000faf80000,0x00000000fc480000)
 ParOldGen       total 104448K, used 30049K [0x00000000e0000000, 0x00000000e6600000, 0x00000000f5580000)
  object space 104448K, 28% used [0x00000000e0000000,0x00000000e1d58790,0x00000000e6600000)
 Metaspace       used 70005K, capacity 75536K, committed 75776K, reserved 1114112K
  class space    used 8758K, capacity 10474K, committed 10496K, reserved 1048576K
Event: 22.249 GC heap after
Heap after GC invocations=15 (full 3):
 PSYoungGen      total 90624K, used 17843K [0x00000000f5580000, 0x00000000fc600000, 0x0000000100000000)
  eden space 69120K, 0% used [0x00000000f5580000,0x00000000f5580000,0x00000000f9900000)
  from space 21504K, 82% used [0x00000000faf80000,0x00000000fc0eccf8,0x00000000fc480000)
  to   space 23040K, 0% used [0x00000000f9900000,0x00000000f9900000,0x00000000faf80000)
 ParOldGen       total 104448K, used 30057K [0x00000000e0000000, 0x00000000e6600000, 0x00000000f5580000)
  object space 104448K, 28% used [0x00000000e0000000,0x00000000e1d5a790,0x00000000e6600000)
 Metaspace       used 70005K, capacity 75536K, committed 75776K, reserved 1114112K
  class space    used 8758K, capacity 10474K, committed 10496K, reserved 1048576K
}
Event: 24.777 GC heap before
{Heap before GC invocations=16 (full 3):
 PSYoungGen      total 90624K, used 86963K [0x00000000f5580000, 0x00000000fc600000, 0x0000000100000000)
  eden space 69120K, 100% used [0x00000000f5580000,0x00000000f9900000,0x00000000f9900000)
  from space 21504K, 82% used [0x00000000faf80000,0x00000000fc0eccf8,0x00000000fc480000)
  to   space 23040K, 0% used [0x00000000f9900000,0x00000000f9900000,0x00000000faf80000)
 ParOldGen       total 104448K, used 30057K [0x00000000e0000000, 0x00000000e6600000, 0x00000000f5580000)
  object space 104448K, 28% used [0x00000000e0000000,0x00000000e1d5a790,0x00000000e6600000)
 Metaspace       used 71301K, capacity 77028K, committed 77184K, reserved 1116160K
  class space    used 8869K, capacity 10542K, committed 10624K, reserved 1048576K
Event: 24.786 GC heap after
Heap after GC invocations=16 (full 3):
 PSYoungGen      total 92160K, used 15529K [0x00000000f5580000, 0x00000000fcc80000, 0x0000000100000000)
  eden space 69120K, 0% used [0x00000000f5580000,0x00000000f5580000,0x00000000f9900000)
  from space 23040K, 67% used [0x00000000f9900000,0x00000000fa82a7e0,0x00000000faf80000)
  to   space 23040K, 0% used [0x00000000fb600000,0x00000000fb600000,0x00000000fcc80000)
 ParOldGen       total 104448K, used 30065K [0x00000000e0000000, 0x00000000e6600000, 0x00000000f5580000)
  object space 104448K, 28% used [0x00000000e0000000,0x00000000e1d5c790,0x00000000e6600000)
 Metaspace       used 71301K, capacity 77028K, committed 77184K, reserved 1116160K
  class space    used 8869K, capacity 10542K, committed 10624K, reserved 1048576K
}
Event: 32.884 GC heap before
{Heap before GC invocations=17 (full 3):
 PSYoungGen      total 92160K, used 84649K [0x00000000f5580000, 0x00000000fcc80000, 0x0000000100000000)
  eden space 69120K, 100% used [0x00000000f5580000,0x00000000f9900000,0x00000000f9900000)
  from space 23040K, 67% used [0x00000000f9900000,0x00000000fa82a7e0,0x00000000faf80000)
  to   space 23040K, 0% used [0x00000000fb600000,0x00000000fb600000,0x00000000fcc80000)
 ParOldGen       total 104448K, used 30065K [0x00000000e0000000, 0x00000000e6600000, 0x00000000f5580000)
  object space 104448K, 28% used [0x00000000e0000000,0x00000000e1d5c790,0x00000000e6600000)
 Metaspace       used 71879K, capacity 77512K, committed 77696K, reserved 1116160K
  class space    used 8892K, capacity 10574K, committed 10624K, reserved 1048576K
Event: 32.895 GC heap after
Heap after GC invocations=17 (full 3):
 PSYoungGen      total 97792K, used 15048K [0x00000000f5580000, 0x00000000fcc80000, 0x0000000100000000)
  eden space 74752K, 0% used [0x00000000f5580000,0x00000000f5580000,0x00000000f9e80000)
  from space 23040K, 65% used [0x00000000fb600000,0x00000000fc4b2218,0x00000000fcc80000)
  to   space 23552K, 0% used [0x00000000f9e80000,0x00000000f9e80000,0x00000000fb580000)
 ParOldGen       total 104448K, used 30073K [0x00000000e0000000, 0x00000000e6600000, 0x00000000f5580000)
  object space 104448K, 28% used [0x00000000e0000000,0x00000000e1d5e790,0x00000000e6600000)
 Metaspace       used 71879K, capacity 77512K, committed 77696K, reserved 1116160K
  class space    used 8892K, capacity 10574K, committed 10624K, reserved 1048576K
}
Event: 60.044 GC heap before
{Heap before GC invocations=18 (full 3):
 PSYoungGen      total 97792K, used 89800K [0x00000000f5580000, 0x00000000fcc80000, 0x0000000100000000)
  eden space 74752K, 100% used [0x00000000f5580000,0x00000000f9e80000,0x00000000f9e80000)
  from space 23040K, 65% used [0x00000000fb600000,0x00000000fc4b2218,0x00000000fcc80000)
  to   space 23552K, 0% used [0x00000000f9e80000,0x00000000f9e80000,0x00000000fb580000)
 ParOldGen       total 104448K, used 30073K [0x00000000e0000000, 0x00000000e6600000, 0x00000000f5580000)
  object space 104448K, 28% used [0x00000000e0000000,0x00000000e1d5e790,0x00000000e6600000)
 Metaspace       used 73023K, capacity 78696K, committed 78848K, reserved 1118208K
  class space    used 8968K, capacity 10670K, committed 10752K, reserved 1048576K
Event: 60.057 GC heap after
Heap after GC invocations=18 (full 3):
 PSYoungGen      total 98304K, used 16268K [0x00000000f5580000, 0x00000000fd100000, 0x0000000100000000)
  eden space 74752K, 0% used [0x00000000f5580000,0x00000000f5580000,0x00000000f9e80000)
  from space 23552K, 69% used [0x00000000f9e80000,0x00000000fae63278,0x00000000fb580000)
  to   space 23552K, 0% used [0x00000000fba00000,0x00000000fba00000,0x00000000fd100000)
 ParOldGen       total 104448K, used 30081K [0x00000000e0000000, 0x00000000e6600000, 0x00000000f5580000)
  object space 104448K, 28% used [0x00000000e0000000,0x00000000e1d60790,0x00000000e6600000)
 Metaspace       used 73023K, capacity 78696K, committed 78848K, reserved 1118208K
  class space    used 8968K, capacity 10670K, committed 10752K, reserved 1048576K
}

