# JRE version: Java(TM) SE Runtime Environment (8.0_25-b18) (build 1.8.0_25-b18)
# Java VM: Java HotSpot(TM) 64-Bit Server VM (25.25-b02 mixed mode windows-amd64 compressed oops)
Heap:
 PSYoungGen      total 100352K, used 30594K [0x00000000f5580000, 0x00000000fd280000, 0x0000000100000000)
  eden space 74240K, 41% used [0x00000000f5580000,0x00000000f7360a30,0x00000000f9e00000)
  from space 26112K, 0% used [0x00000000fb800000,0x00000000fb800000,0x00000000fd180000)
  to   space 26624K, 0% used [0x00000000f9e00000,0x00000000f9e00000,0x00000000fb800000)
 ParOldGen       total 124416K, used 45340K [0x00000000e0000000, 0x00000000e7980000, 0x00000000f5580000)
  object space 124416K, 36% used [0x00000000e0000000,0x00000000e2c47238,0x00000000e7980000)
 Metaspace       used 73262K, capacity 78888K, committed 79064K, reserved 1118208K
  class space    used 9066K, capacity 10849K, committed 10968K, reserved 1048576K
GC Heap History (10 events):
Event: 153.649 GC heap before
{Heap before GC invocations=17 (full 5):
 PSYoungGen      total 99328K, used 2974K [0x00000000f5580000, 0x00000000fd080000, 0x0000000100000000)
  eden space 74240K, 0% used [0x00000000f5580000,0x00000000f5580000,0x00000000f9e00000)
  from space 25088K, 11% used [0x00000000fb700000,0x00000000fb9e78d8,0x00000000fcf80000)
  to   space 25600K, 0% used [0x00000000f9e00000,0x00000000f9e00000,0x00000000fb700000)
 ParOldGen       total 124416K, used 43232K [0x00000000e0000000, 0x00000000e7980000, 0x00000000f5580000)
  object space 124416K, 34% used [0x00000000e0000000,0x00000000e2a381f0,0x00000000e7980000)
 Metaspace       used 71623K, capacity 77314K, committed 77528K, reserved 1116160K
  class space    used 8905K, capacity 10688K, committed 10712K, reserved 1048576K
Event: 153.853 GC heap after
Heap after GC invocations=17 (full 5):
 PSYoungGen      total 99328K, used 0K [0x00000000f5580000, 0x00000000fd080000, 0x0000000100000000)
  eden space 74240K, 0% used [0x00000000f5580000,0x00000000f5580000,0x00000000f9e00000)
  from space 25088K, 0% used [0x00000000fb700000,0x00000000fb700000,0x00000000fcf80000)
  to   space 25600K, 0% used [0x00000000f9e00000,0x00000000f9e00000,0x00000000fb700000)
 ParOldGen       total 124416K, used 45738K [0x00000000e0000000, 0x00000000e7980000, 0x00000000f5580000)
  object space 124416K, 36% used [0x00000000e0000000,0x00000000e2caab60,0x00000000e7980000)
 Metaspace       used 71623K, capacity 77314K, committed 77528K, reserved 1116160K
  class space    used 8905K, capacity 10688K, committed 10712K, reserved 1048576K
}
Event: 213.655 GC heap before
{Heap before GC invocations=18 (full 5):
 PSYoungGen      total 99328K, used 8438K [0x00000000f5580000, 0x00000000fd080000, 0x0000000100000000)
  eden space 74240K, 11% used [0x00000000f5580000,0x00000000f5dbd8b0,0x00000000f9e00000)
  from space 25088K, 0% used [0x00000000fb700000,0x00000000fb700000,0x00000000fcf80000)
  to   space 25600K, 0% used [0x00000000f9e00000,0x00000000f9e00000,0x00000000fb700000)
 ParOldGen       total 124416K, used 45738K [0x00000000e0000000, 0x00000000e7980000, 0x00000000f5580000)
  object space 124416K, 36% used [0x00000000e0000000,0x00000000e2caab60,0x00000000e7980000)
 Metaspace       used 71805K, capacity 77512K, committed 77784K, reserved 1116160K
  class space    used 8921K, capacity 10689K, committed 10712K, reserved 1048576K
Event: 213.658 GC heap after
Heap after GC invocations=18 (full 5):
 PSYoungGen      total 99840K, used 512K [0x00000000f5580000, 0x00000000fd180000, 0x0000000100000000)
  eden space 74240K, 0% used [0x00000000f5580000,0x00000000f5580000,0x00000000f9e00000)
  from space 25600K, 2% used [0x00000000f9e00000,0x00000000f9e80000,0x00000000fb700000)
  to   space 26112K, 0% used [0x00000000fb800000,0x00000000fb800000,0x00000000fd180000)
 ParOldGen       total 124416K, used 45746K [0x00000000e0000000, 0x00000000e7980000, 0x00000000f5580000)
  object space 124416K, 36% used [0x00000000e0000000,0x00000000e2cacb60,0x00000000e7980000)
 Metaspace       used 71805K, capacity 77512K, committed 77784K, reserved 1116160K
  class space    used 8921K, capacity 10689K, committed 10712K, reserved 1048576K
}
Event: 213.658 GC heap before
{Heap before GC invocations=19 (full 6):
 PSYoungGen      total 99840K, used 512K [0x00000000f5580000, 0x00000000fd180000, 0x0000000100000000)
  eden space 74240K, 0% used [0x00000000f5580000,0x00000000f5580000,0x00000000f9e00000)
  from space 25600K, 2% used [0x00000000f9e00000,0x00000000f9e80000,0x00000000fb700000)
  to   space 26112K, 0% used [0x00000000fb800000,0x00000000fb800000,0x00000000fd180000)
 ParOldGen       total 124416K, used 45746K [0x00000000e0000000, 0x00000000e7980000, 0x00000000f5580000)
  object space 124416K, 36% used [0x00000000e0000000,0x00000000e2cacb60,0x00000000e7980000)
 Metaspace       used 71805K, capacity 77512K, committed 77784K, reserved 1116160K
  class space    used 8921K, capacity 10689K, committed 10712K, reserved 1048576K
Event: 213.836 GC heap after
Heap after GC invocations=19 (full 6):
 PSYoungGen      total 99840K, used 0K [0x00000000f5580000, 0x00000000fd180000, 0x0000000100000000)
  eden space 74240K, 0% used [0x00000000f5580000,0x00000000f5580000,0x00000000f9e00000)
  from space 25600K, 0% used [0x00000000f9e00000,0x00000000f9e00000,0x00000000fb700000)
  to   space 26112K, 0% used [0x00000000fb800000,0x00000000fb800000,0x00000000fd180000)
 ParOldGen       total 124416K, used 45472K [0x00000000e0000000, 0x00000000e7980000, 0x00000000f5580000)
  object space 124416K, 36% used [0x00000000e0000000,0x00000000e2c68088,0x00000000e7980000)
 Metaspace       used 71805K, capacity 77512K, committed 77784K, reserved 1116160K
  class space    used 8921K, capacity 10689K, committed 10712K, reserved 1048576K
}
Event: 273.668 GC heap before
{Heap before GC invocations=20 (full 6):
 PSYoungGen      total 99840K, used 2844K [0x00000000f5580000, 0x00000000fd180000, 0x0000000100000000)
  eden space 74240K, 3% used [0x00000000f5580000,0x00000000f58473a0,0x00000000f9e00000)
  from space 25600K, 0% used [0x00000000f9e00000,0x00000000f9e00000,0x00000000fb700000)
  to   space 26112K, 0% used [0x00000000fb800000,0x00000000fb800000,0x00000000fd180000)
 ParOldGen       total 124416K, used 45472K [0x00000000e0000000, 0x00000000e7980000, 0x00000000f5580000)
  object space 124416K, 36% used [0x00000000e0000000,0x00000000e2c68088,0x00000000e7980000)
 Metaspace       used 71807K, capacity 77512K, committed 77784K, reserved 1116160K
  class space    used 8921K, capacity 10689K, committed 10712K, reserved 1048576K
Event: 273.670 GC heap after
Heap after GC invocations=20 (full 6):
 PSYoungGen      total 100352K, used 128K [0x00000000f5580000, 0x00000000fd280000, 0x0000000100000000)
  eden space 74240K, 0% used [0x00000000f5580000,0x00000000f5580000,0x00000000f9e00000)
  from space 26112K, 0% used [0x00000000fb800000,0x00000000fb820000,0x00000000fd180000)
  to   space 26624K, 0% used [0x00000000f9e00000,0x00000000f9e00000,0x00000000fb800000)
 ParOldGen       total 124416K, used 45480K [0x00000000e0000000, 0x00000000e7980000, 0x00000000f5580000)
  object space 124416K, 36% used [0x00000000e0000000,0x00000000e2c6a088,0x00000000e7980000)
 Metaspace       used 71807K, capacity 77512K, committed 77784K, reserved 1116160K
  class space    used 8921K, capacity 10689K, committed 10712K, reserved 1048576K
}
Event: 273.670 GC heap before
{Heap before GC invocations=21 (full 7):
 PSYoungGen      total 100352K, used 128K [0x00000000f5580000, 0x00000000fd280000, 0x0000000100000000)
  eden space 74240K, 0% used [0x00000000f5580000,0x00000000f5580000,0x00000000f9e00000)
  from space 26112K, 0% used [0x00000000fb800000,0x00000000fb820000,0x00000000fd180000)
  to   space 26624K, 0% used [0x00000000f9e00000,0x00000000f9e00000,0x00000000fb800000)
 ParOldGen       total 124416K, used 45480K [0x00000000e0000000, 0x00000000e7980000, 0x00000000f5580000)
  object space 124416K, 36% used [0x00000000e0000000,0x00000000e2c6a088,0x00000000e7980000)
 Metaspace       used 71807K, capacity 77512K, committed 77784K, reserved 1116160K
  class space    used 8921K, capacity 10689K, committed 10712K, reserved 1048576K
Event: 273.811 GC heap after
Heap after GC invocations=21 (full 7):
 PSYoungGen      total 100352K, used 0K [0x00000000f5580000, 0x00000000fd280000, 0x0000000100000000)
  eden space 74240K, 0% used [0x00000000f5580000,0x00000000f5580000,0x00000000f9e00000)
  from space 26112K, 0% used [0x00000000fb800000,0x00000000fb800000,0x00000000fd180000)
  to   space 26624K, 0% used [0x00000000f9e00000,0x00000000f9e00000,0x00000000fb800000)
 ParOldGen       total 124416K, used 45340K [0x00000000e0000000, 0x00000000e7980000, 0x00000000f5580000)
  object space 124416K, 36% used [0x00000000e0000000,0x00000000e2c47238,0x00000000e7980000)
 Metaspace       used 71807K, capacity 77512K, committed 77784K, reserved 1116160K
  class space    used 8921K, capacity 10689K, committed 10712K, reserved 1048576K
}

