# JRE version: Java(TM) SE Runtime Environment (8.0_25-b18) (build 1.8.0_25-b18)
# Java VM: Java HotSpot(TM) 64-Bit Server VM (25.25-b02 mixed mode windows-amd64 compressed oops)
Heap:
 PSYoungGen      total 95232K, used 82061K [0x00000000f5580000, 0x00000000fcd00000, 0x0000000100000000)
  eden space 74240K, 84% used [0x00000000f5580000,0x00000000f929ea80,0x00000000f9e00000)
  from space 20992K, 92% used [0x00000000fb500000,0x00000000fc8049d0,0x00000000fc980000)
  to   space 23552K, 0% used [0x00000000f9e00000,0x00000000f9e00000,0x00000000fb500000)
 ParOldGen       total 100864K, used 29668K [0x00000000e0000000, 0x00000000e6280000, 0x00000000f5580000)
  object space 100864K, 29% used [0x00000000e0000000,0x00000000e1cf90d8,0x00000000e6280000)
 Metaspace       used 72674K, capacity 78374K, committed 78680K, reserved 1118208K
  class space    used 9004K, capacity 10739K, committed 10840K, reserved 1048576K
GC Heap History (10 events):
Event: 4.818 GC heap before
{Heap before GC invocations=11 (full 2):
 PSYoungGen      total 73216K, used 29462K [0x00000000f5580000, 0x00000000fb580000, 0x0000000100000000)
  eden space 56832K, 23% used [0x00000000f5580000,0x00000000f6246d68,0x00000000f8d00000)
  from space 16384K, 99% used [0x00000000fa000000,0x00000000faffedc0,0x00000000fb000000)
  to   space 19456K, 0% used [0x00000000f8d00000,0x00000000f8d00000,0x00000000fa000000)
 ParOldGen       total 75776K, used 24095K [0x00000000e0000000, 0x00000000e4a00000, 0x00000000f5580000)
  object space 75776K, 31% used [0x00000000e0000000,0x00000000e1787c00,0x00000000e4a00000)
 Metaspace       used 54668K, capacity 58902K, committed 59028K, reserved 1099776K
  class space    used 6743K, capacity 8051K, committed 8152K, reserved 1048576K
Event: 4.827 GC heap after
Heap after GC invocations=11 (full 2):
 PSYoungGen      total 76288K, used 12481K [0x00000000f5580000, 0x00000000fbf00000, 0x0000000100000000)
  eden space 56832K, 0% used [0x00000000f5580000,0x00000000f5580000,0x00000000f8d00000)
  from space 19456K, 64% used [0x00000000f8d00000,0x00000000f99304a0,0x00000000fa000000)
  to   space 19968K, 0% used [0x00000000fab80000,0x00000000fab80000,0x00000000fbf00000)
 ParOldGen       total 75776K, used 24103K [0x00000000e0000000, 0x00000000e4a00000, 0x00000000f5580000)
  object space 75776K, 31% used [0x00000000e0000000,0x00000000e1789c00,0x00000000e4a00000)
 Metaspace       used 54668K, capacity 58902K, committed 59028K, reserved 1099776K
  class space    used 6743K, capacity 8051K, committed 8152K, reserved 1048576K
}
Event: 4.827 GC heap before
{Heap before GC invocations=12 (full 3):
 PSYoungGen      total 76288K, used 12481K [0x00000000f5580000, 0x00000000fbf00000, 0x0000000100000000)
  eden space 56832K, 0% used [0x00000000f5580000,0x00000000f5580000,0x00000000f8d00000)
  from space 19456K, 64% used [0x00000000f8d00000,0x00000000f99304a0,0x00000000fa000000)
  to   space 19968K, 0% used [0x00000000fab80000,0x00000000fab80000,0x00000000fbf00000)
 ParOldGen       total 75776K, used 24103K [0x00000000e0000000, 0x00000000e4a00000, 0x00000000f5580000)
  object space 75776K, 31% used [0x00000000e0000000,0x00000000e1789c00,0x00000000e4a00000)
 Metaspace       used 54668K, capacity 58902K, committed 59028K, reserved 1099776K
  class space    used 6743K, capacity 8051K, committed 8152K, reserved 1048576K
Event: 4.979 GC heap after
Heap after GC invocations=12 (full 3):
 PSYoungGen      total 76288K, used 0K [0x00000000f5580000, 0x00000000fbf00000, 0x0000000100000000)
  eden space 56832K, 0% used [0x00000000f5580000,0x00000000f5580000,0x00000000f8d00000)
  from space 19456K, 0% used [0x00000000f8d00000,0x00000000f8d00000,0x00000000fa000000)
  to   space 19968K, 0% used [0x00000000fab80000,0x00000000fab80000,0x00000000fbf00000)
 ParOldGen       total 100864K, used 29644K [0x00000000e0000000, 0x00000000e6280000, 0x00000000f5580000)
  object space 100864K, 29% used [0x00000000e0000000,0x00000000e1cf30d8,0x00000000e6280000)
 Metaspace       used 54668K, capacity 58902K, committed 59028K, reserved 1099776K
  class space    used 6743K, capacity 8051K, committed 8152K, reserved 1048576K
}
Event: 5.299 GC heap before
{Heap before GC invocations=13 (full 3):
 PSYoungGen      total 76288K, used 56832K [0x00000000f5580000, 0x00000000fbf00000, 0x0000000100000000)
  eden space 56832K, 100% used [0x00000000f5580000,0x00000000f8d00000,0x00000000f8d00000)
  from space 19456K, 0% used [0x00000000f8d00000,0x00000000f8d00000,0x00000000fa000000)
  to   space 19968K, 0% used [0x00000000fab80000,0x00000000fab80000,0x00000000fbf00000)
 ParOldGen       total 100864K, used 29644K [0x00000000e0000000, 0x00000000e6280000, 0x00000000f5580000)
  object space 100864K, 29% used [0x00000000e0000000,0x00000000e1cf30d8,0x00000000e6280000)
 Metaspace       used 57883K, capacity 62142K, committed 62296K, reserved 1103872K
  class space    used 7214K, capacity 8535K, committed 8536K, reserved 1048576K
Event: 5.309 GC heap after
Heap after GC invocations=13 (full 3):
 PSYoungGen      total 83968K, used 9072K [0x00000000f5580000, 0x00000000fbc00000, 0x0000000100000000)
  eden space 67072K, 0% used [0x00000000f5580000,0x00000000f5580000,0x00000000f9700000)
  from space 16896K, 53% used [0x00000000fab80000,0x00000000fb45c108,0x00000000fbc00000)
  to   space 18944K, 0% used [0x00000000f9700000,0x00000000f9700000,0x00000000fa980000)
 ParOldGen       total 100864K, used 29652K [0x00000000e0000000, 0x00000000e6280000, 0x00000000f5580000)
  object space 100864K, 29% used [0x00000000e0000000,0x00000000e1cf50d8,0x00000000e6280000)
 Metaspace       used 57883K, capacity 62142K, committed 62296K, reserved 1103872K
  class space    used 7214K, capacity 8535K, committed 8536K, reserved 1048576K
}
Event: 12.159 GC heap before
{Heap before GC invocations=14 (full 3):
 PSYoungGen      total 83968K, used 76144K [0x00000000f5580000, 0x00000000fbc00000, 0x0000000100000000)
  eden space 67072K, 100% used [0x00000000f5580000,0x00000000f9700000,0x00000000f9700000)
  from space 16896K, 53% used [0x00000000fab80000,0x00000000fb45c108,0x00000000fbc00000)
  to   space 18944K, 0% used [0x00000000f9700000,0x00000000f9700000,0x00000000fa980000)
 ParOldGen       total 100864K, used 29652K [0x00000000e0000000, 0x00000000e6280000, 0x00000000f5580000)
  object space 100864K, 29% used [0x00000000e0000000,0x00000000e1cf50d8,0x00000000e6280000)
 Metaspace       used 64863K, capacity 69568K, committed 69720K, reserved 1110016K
  class space    used 8102K, capacity 9541K, committed 9560K, reserved 1048576K
Event: 12.173 GC heap after
Heap after GC invocations=14 (full 3):
 PSYoungGen      total 86016K, used 18102K [0x00000000f5580000, 0x00000000fc980000, 0x0000000100000000)
  eden space 67072K, 0% used [0x00000000f5580000,0x00000000f5580000,0x00000000f9700000)
  from space 18944K, 95% used [0x00000000f9700000,0x00000000fa8ada68,0x00000000fa980000)
  to   space 20992K, 0% used [0x00000000fb500000,0x00000000fb500000,0x00000000fc980000)
 ParOldGen       total 100864K, used 29660K [0x00000000e0000000, 0x00000000e6280000, 0x00000000f5580000)
  object space 100864K, 29% used [0x00000000e0000000,0x00000000e1cf70d8,0x00000000e6280000)
 Metaspace       used 64863K, capacity 69568K, committed 69720K, reserved 1110016K
  class space    used 8102K, capacity 9541K, committed 9560K, reserved 1048576K
}
Event: 29.699 GC heap before
{Heap before GC invocations=15 (full 3):
 PSYoungGen      total 86016K, used 85174K [0x00000000f5580000, 0x00000000fc980000, 0x0000000100000000)
  eden space 67072K, 100% used [0x00000000f5580000,0x00000000f9700000,0x00000000f9700000)
  from space 18944K, 95% used [0x00000000f9700000,0x00000000fa8ada68,0x00000000fa980000)
  to   space 20992K, 0% used [0x00000000fb500000,0x00000000fb500000,0x00000000fc980000)
 ParOldGen       total 100864K, used 29660K [0x00000000e0000000, 0x00000000e6280000, 0x00000000f5580000)
  object space 100864K, 29% used [0x00000000e0000000,0x00000000e1cf70d8,0x00000000e6280000)
 Metaspace       used 70316K, capacity 75920K, committed 76120K, reserved 1114112K
  class space    used 8778K, capacity 10475K, committed 10584K, reserved 1048576K
Event: 29.713 GC heap after
Heap after GC invocations=15 (full 3):
 PSYoungGen      total 95232K, used 19474K [0x00000000f5580000, 0x00000000fcd00000, 0x0000000100000000)
  eden space 74240K, 0% used [0x00000000f5580000,0x00000000f5580000,0x00000000f9e00000)
  from space 20992K, 92% used [0x00000000fb500000,0x00000000fc8049d0,0x00000000fc980000)
  to   space 23552K, 0% used [0x00000000f9e00000,0x00000000f9e00000,0x00000000fb500000)
 ParOldGen       total 100864K, used 29668K [0x00000000e0000000, 0x00000000e6280000, 0x00000000f5580000)
  object space 100864K, 29% used [0x00000000e0000000,0x00000000e1cf90d8,0x00000000e6280000)
 Metaspace       used 70316K, capacity 75920K, committed 76120K, reserved 1114112K
  class space    used 8778K, capacity 10475K, committed 10584K, reserved 1048576K
}

