# JRE version: Java(TM) SE Runtime Environment (8.0_25-b18) (build 1.8.0_25-b18)
# Java VM: Java HotSpot(TM) 64-Bit Server VM (25.25-b02 mixed mode windows-amd64 compressed oops)
Heap:
 PSYoungGen      total 133120K, used 25648K [0x00000000f5580000, 0x00000000ff280000, 0x0000000100000000)
  eden space 105472K, 24% used [0x00000000f5580000,0x00000000f6e8c348,0x00000000fbc80000)
  from space 27648K, 0% used [0x00000000fbc80000,0x00000000fbc80000,0x00000000fd780000)
  to   space 27648K, 0% used [0x00000000fd780000,0x00000000fd780000,0x00000000ff280000)
 ParOldGen       total 102400K, used 46160K [0x00000000e0000000, 0x00000000e6400000, 0x00000000f5580000)
  object space 102400K, 45% used [0x00000000e0000000,0x00000000e2d14250,0x00000000e6400000)
 Metaspace       used 73567K, capacity 79152K, committed 79320K, reserved 1118208K
  class space    used 9072K, capacity 10849K, committed 10968K, reserved 1048576K
GC Heap History (10 events):
Event: 229.520 GC heap before
{Heap before GC invocations=19 (full 6):
 PSYoungGen      total 131584K, used 128K [0x00000000f5580000, 0x00000000ff280000, 0x0000000100000000)
  eden space 104960K, 0% used [0x00000000f5580000,0x00000000f5580000,0x00000000fbc00000)
  from space 26624K, 0% used [0x00000000fbc00000,0x00000000fbc20000,0x00000000fd600000)
  to   space 27648K, 0% used [0x00000000fd780000,0x00000000fd780000,0x00000000ff280000)
 ParOldGen       total 102400K, used 46091K [0x00000000e0000000, 0x00000000e6400000, 0x00000000f5580000)
  object space 102400K, 45% used [0x00000000e0000000,0x00000000e2d02f90,0x00000000e6400000)
 Metaspace       used 72091K, capacity 77712K, committed 77784K, reserved 1116160K
  class space    used 8927K, capacity 10689K, committed 10712K, reserved 1048576K
Event: 229.692 GC heap after
Heap after GC invocations=19 (full 6):
 PSYoungGen      total 131584K, used 0K [0x00000000f5580000, 0x00000000ff280000, 0x0000000100000000)
  eden space 104960K, 0% used [0x00000000f5580000,0x00000000f5580000,0x00000000fbc00000)
  from space 26624K, 0% used [0x00000000fbc00000,0x00000000fbc00000,0x00000000fd600000)
  to   space 27648K, 0% used [0x00000000fd780000,0x00000000fd780000,0x00000000ff280000)
 ParOldGen       total 102400K, used 45455K [0x00000000e0000000, 0x00000000e6400000, 0x00000000f5580000)
  object space 102400K, 44% used [0x00000000e0000000,0x00000000e2c63d88,0x00000000e6400000)
 Metaspace       used 72091K, capacity 77712K, committed 77784K, reserved 1116160K
  class space    used 8927K, capacity 10689K, committed 10712K, reserved 1048576K
}
Event: 289.529 GC heap before
{Heap before GC invocations=20 (full 6):
 PSYoungGen      total 131584K, used 3913K [0x00000000f5580000, 0x00000000ff280000, 0x0000000100000000)
  eden space 104960K, 3% used [0x00000000f5580000,0x00000000f59525b8,0x00000000fbc00000)
  from space 26624K, 0% used [0x00000000fbc00000,0x00000000fbc00000,0x00000000fd600000)
  to   space 27648K, 0% used [0x00000000fd780000,0x00000000fd780000,0x00000000ff280000)
 ParOldGen       total 102400K, used 45455K [0x00000000e0000000, 0x00000000e6400000, 0x00000000f5580000)
  object space 102400K, 44% used [0x00000000e0000000,0x00000000e2c63d88,0x00000000e6400000)
 Metaspace       used 72093K, capacity 77712K, committed 77784K, reserved 1116160K
  class space    used 8927K, capacity 10689K, committed 10712K, reserved 1048576K
Event: 289.531 GC heap after
Heap after GC invocations=20 (full 6):
 PSYoungGen      total 133120K, used 128K [0x00000000f5580000, 0x00000000ff280000, 0x0000000100000000)
  eden space 105472K, 0% used [0x00000000f5580000,0x00000000f5580000,0x00000000fbc80000)
  from space 27648K, 0% used [0x00000000fd780000,0x00000000fd7a0000,0x00000000ff280000)
  to   space 27648K, 0% used [0x00000000fbc80000,0x00000000fbc80000,0x00000000fd780000)
 ParOldGen       total 102400K, used 45463K [0x00000000e0000000, 0x00000000e6400000, 0x00000000f5580000)
  object space 102400K, 44% used [0x00000000e0000000,0x00000000e2c65d88,0x00000000e6400000)
 Metaspace       used 72093K, capacity 77712K, committed 77784K, reserved 1116160K
  class space    used 8927K, capacity 10689K, committed 10712K, reserved 1048576K
}
Event: 289.531 GC heap before
{Heap before GC invocations=21 (full 7):
 PSYoungGen      total 133120K, used 128K [0x00000000f5580000, 0x00000000ff280000, 0x0000000100000000)
  eden space 105472K, 0% used [0x00000000f5580000,0x00000000f5580000,0x00000000fbc80000)
  from space 27648K, 0% used [0x00000000fd780000,0x00000000fd7a0000,0x00000000ff280000)
  to   space 27648K, 0% used [0x00000000fbc80000,0x00000000fbc80000,0x00000000fd780000)
 ParOldGen       total 102400K, used 45463K [0x00000000e0000000, 0x00000000e6400000, 0x00000000f5580000)
  object space 102400K, 44% used [0x00000000e0000000,0x00000000e2c65d88,0x00000000e6400000)
 Metaspace       used 72093K, capacity 77712K, committed 77784K, reserved 1116160K
  class space    used 8927K, capacity 10689K, committed 10712K, reserved 1048576K
Event: 289.659 GC heap after
Heap after GC invocations=21 (full 7):
 PSYoungGen      total 133120K, used 0K [0x00000000f5580000, 0x00000000ff280000, 0x0000000100000000)
  eden space 105472K, 0% used [0x00000000f5580000,0x00000000f5580000,0x00000000fbc80000)
  from space 27648K, 0% used [0x00000000fd780000,0x00000000fd780000,0x00000000ff280000)
  to   space 27648K, 0% used [0x00000000fbc80000,0x00000000fbc80000,0x00000000fd780000)
 ParOldGen       total 102400K, used 45452K [0x00000000e0000000, 0x00000000e6400000, 0x00000000f5580000)
  object space 102400K, 44% used [0x00000000e0000000,0x00000000e2c63078,0x00000000e6400000)
 Metaspace       used 72093K, capacity 77712K, committed 77784K, reserved 1116160K
  class space    used 8927K, capacity 10689K, committed 10712K, reserved 1048576K
}
Event: 349.541 GC heap before
{Heap before GC invocations=22 (full 7):
 PSYoungGen      total 133120K, used 8722K [0x00000000f5580000, 0x00000000ff280000, 0x0000000100000000)
  eden space 105472K, 8% used [0x00000000f5580000,0x00000000f5e04b50,0x00000000fbc80000)
  from space 27648K, 0% used [0x00000000fd780000,0x00000000fd780000,0x00000000ff280000)
  to   space 27648K, 0% used [0x00000000fbc80000,0x00000000fbc80000,0x00000000fd780000)
 ParOldGen       total 102400K, used 45452K [0x00000000e0000000, 0x00000000e6400000, 0x00000000f5580000)
  object space 102400K, 44% used [0x00000000e0000000,0x00000000e2c63078,0x00000000e6400000)
 Metaspace       used 72576K, capacity 78128K, committed 78424K, reserved 1116160K
  class space    used 8964K, capacity 10721K, committed 10840K, reserved 1048576K
Event: 349.544 GC heap after
Heap after GC invocations=22 (full 7):
 PSYoungGen      total 133120K, used 976K [0x00000000f5580000, 0x00000000ff280000, 0x0000000100000000)
  eden space 105472K, 0% used [0x00000000f5580000,0x00000000f5580000,0x00000000fbc80000)
  from space 27648K, 3% used [0x00000000fbc80000,0x00000000fbd74020,0x00000000fd780000)
  to   space 27648K, 0% used [0x00000000fd780000,0x00000000fd780000,0x00000000ff280000)
 ParOldGen       total 102400K, used 45460K [0x00000000e0000000, 0x00000000e6400000, 0x00000000f5580000)
  object space 102400K, 44% used [0x00000000e0000000,0x00000000e2c65078,0x00000000e6400000)
 Metaspace       used 72576K, capacity 78128K, committed 78424K, reserved 1116160K
  class space    used 8964K, capacity 10721K, committed 10840K, reserved 1048576K
}
Event: 349.544 GC heap before
{Heap before GC invocations=23 (full 8):
 PSYoungGen      total 133120K, used 976K [0x00000000f5580000, 0x00000000ff280000, 0x0000000100000000)
  eden space 105472K, 0% used [0x00000000f5580000,0x00000000f5580000,0x00000000fbc80000)
  from space 27648K, 3% used [0x00000000fbc80000,0x00000000fbd74020,0x00000000fd780000)
  to   space 27648K, 0% used [0x00000000fd780000,0x00000000fd780000,0x00000000ff280000)
 ParOldGen       total 102400K, used 45460K [0x00000000e0000000, 0x00000000e6400000, 0x00000000f5580000)
  object space 102400K, 44% used [0x00000000e0000000,0x00000000e2c65078,0x00000000e6400000)
 Metaspace       used 72576K, capacity 78128K, committed 78424K, reserved 1116160K
  class space    used 8964K, capacity 10721K, committed 10840K, reserved 1048576K
Event: 349.732 GC heap after
Heap after GC invocations=23 (full 8):
 PSYoungGen      total 133120K, used 0K [0x00000000f5580000, 0x00000000ff280000, 0x0000000100000000)
  eden space 105472K, 0% used [0x00000000f5580000,0x00000000f5580000,0x00000000fbc80000)
  from space 27648K, 0% used [0x00000000fbc80000,0x00000000fbc80000,0x00000000fd780000)
  to   space 27648K, 0% used [0x00000000fd780000,0x00000000fd780000,0x00000000ff280000)
 ParOldGen       total 102400K, used 46160K [0x00000000e0000000, 0x00000000e6400000, 0x00000000f5580000)
  object space 102400K, 45% used [0x00000000e0000000,0x00000000e2d14250,0x00000000e6400000)
 Metaspace       used 72576K, capacity 78128K, committed 78424K, reserved 1116160K
  class space    used 8964K, capacity 10721K, committed 10840K, reserved 1048576K
}

