# JRE version: Java(TM) SE Runtime Environment (8.0_25-b18) (build 1.8.0_25-b18)
# Java VM: Java HotSpot(TM) 64-Bit Server VM (25.25-b02 mixed mode windows-amd64 compressed oops)
Heap:
 PSYoungGen      total 102912K, used 26845K [0x00000000f5580000, 0x00000000fce00000, 0x0000000100000000)
  eden space 84480K, 31% used [0x00000000f5580000,0x00000000f6fb74d8,0x00000000fa800000)
  from space 18432K, 0% used [0x00000000fbc00000,0x00000000fbc00000,0x00000000fce00000)
  to   space 19456K, 0% used [0x00000000fa800000,0x00000000fa800000,0x00000000fbb00000)
 ParOldGen       total 94208K, used 38800K [0x00000000e0000000, 0x00000000e5c00000, 0x00000000f5580000)
  object space 94208K, 41% used [0x00000000e0000000,0x00000000e25e42b0,0x00000000e5c00000)
 Metaspace       used 73794K, capacity 79388K, committed 79704K, reserved 1118208K
  class space    used 9068K, capacity 10809K, committed 10840K, reserved 1048576K
GC Heap History (10 events):
Event: 735.212 GC heap before
{Heap before GC invocations=39 (full 15):
 PSYoungGen      total 105472K, used 160K [0x00000000f5580000, 0x00000000fd200000, 0x0000000100000000)
  eden space 84480K, 0% used [0x00000000f5580000,0x00000000f5580000,0x00000000fa800000)
  from space 20992K, 0% used [0x00000000fbd80000,0x00000000fbda8000,0x00000000fd200000)
  to   space 21504K, 0% used [0x00000000fa800000,0x00000000fa800000,0x00000000fbd00000)
 ParOldGen       total 94208K, used 38807K [0x00000000e0000000, 0x00000000e5c00000, 0x00000000f5580000)
  object space 94208K, 41% used [0x00000000e0000000,0x00000000e25e5d18,0x00000000e5c00000)
 Metaspace       used 72828K, capacity 78436K, committed 78680K, reserved 1118208K
  class space    used 8957K, capacity 10709K, committed 10840K, reserved 1048576K
Event: 735.331 GC heap after
Heap after GC invocations=39 (full 15):
 PSYoungGen      total 105472K, used 0K [0x00000000f5580000, 0x00000000fd200000, 0x0000000100000000)
  eden space 84480K, 0% used [0x00000000f5580000,0x00000000f5580000,0x00000000fa800000)
  from space 20992K, 0% used [0x00000000fbd80000,0x00000000fbd80000,0x00000000fd200000)
  to   space 21504K, 0% used [0x00000000fa800000,0x00000000fa800000,0x00000000fbd00000)
 ParOldGen       total 94208K, used 38804K [0x00000000e0000000, 0x00000000e5c00000, 0x00000000f5580000)
  object space 94208K, 41% used [0x00000000e0000000,0x00000000e25e53c0,0x00000000e5c00000)
 Metaspace       used 72828K, capacity 78436K, committed 78680K, reserved 1118208K
  class space    used 8957K, capacity 10709K, committed 10840K, reserved 1048576K
}
Event: 795.221 GC heap before
{Heap before GC invocations=40 (full 15):
 PSYoungGen      total 105472K, used 3311K [0x00000000f5580000, 0x00000000fd200000, 0x0000000100000000)
  eden space 84480K, 3% used [0x00000000f5580000,0x00000000f58bbf90,0x00000000fa800000)
  from space 20992K, 0% used [0x00000000fbd80000,0x00000000fbd80000,0x00000000fd200000)
  to   space 21504K, 0% used [0x00000000fa800000,0x00000000fa800000,0x00000000fbd00000)
 ParOldGen       total 94208K, used 38804K [0x00000000e0000000, 0x00000000e5c00000, 0x00000000f5580000)
  object space 94208K, 41% used [0x00000000e0000000,0x00000000e25e53c0,0x00000000e5c00000)
 Metaspace       used 72836K, capacity 78436K, committed 78680K, reserved 1118208K
  class space    used 8957K, capacity 10709K, committed 10840K, reserved 1048576K
Event: 795.224 GC heap after
Heap after GC invocations=40 (full 15):
 PSYoungGen      total 84992K, used 128K [0x00000000f5580000, 0x00000000fd000000, 0x0000000100000000)
  eden space 84480K, 0% used [0x00000000f5580000,0x00000000f5580000,0x00000000fa800000)
  from space 512K, 25% used [0x00000000fa800000,0x00000000fa820000,0x00000000fa880000)
  to   space 20480K, 0% used [0x00000000fbc00000,0x00000000fbc00000,0x00000000fd000000)
 ParOldGen       total 94208K, used 38812K [0x00000000e0000000, 0x00000000e5c00000, 0x00000000f5580000)
  object space 94208K, 41% used [0x00000000e0000000,0x00000000e25e73c0,0x00000000e5c00000)
 Metaspace       used 72836K, capacity 78436K, committed 78680K, reserved 1118208K
  class space    used 8957K, capacity 10709K, committed 10840K, reserved 1048576K
}
Event: 795.224 GC heap before
{Heap before GC invocations=41 (full 16):
 PSYoungGen      total 84992K, used 128K [0x00000000f5580000, 0x00000000fd000000, 0x0000000100000000)
  eden space 84480K, 0% used [0x00000000f5580000,0x00000000f5580000,0x00000000fa800000)
  from space 512K, 25% used [0x00000000fa800000,0x00000000fa820000,0x00000000fa880000)
  to   space 20480K, 0% used [0x00000000fbc00000,0x00000000fbc00000,0x00000000fd000000)
 ParOldGen       total 94208K, used 38812K [0x00000000e0000000, 0x00000000e5c00000, 0x00000000f5580000)
  object space 94208K, 41% used [0x00000000e0000000,0x00000000e25e73c0,0x00000000e5c00000)
 Metaspace       used 72836K, capacity 78436K, committed 78680K, reserved 1118208K
  class space    used 8957K, capacity 10709K, committed 10840K, reserved 1048576K
Event: 795.317 GC heap after
Heap after GC invocations=41 (full 16):
 PSYoungGen      total 84992K, used 0K [0x00000000f5580000, 0x00000000fd000000, 0x0000000100000000)
  eden space 84480K, 0% used [0x00000000f5580000,0x00000000f5580000,0x00000000fa800000)
  from space 512K, 0% used [0x00000000fa800000,0x00000000fa800000,0x00000000fa880000)
  to   space 20480K, 0% used [0x00000000fbc00000,0x00000000fbc00000,0x00000000fd000000)
 ParOldGen       total 94208K, used 38800K [0x00000000e0000000, 0x00000000e5c00000, 0x00000000f5580000)
  object space 94208K, 41% used [0x00000000e0000000,0x00000000e25e4038,0x00000000e5c00000)
 Metaspace       used 72836K, capacity 78436K, committed 78680K, reserved 1118208K
  class space    used 8957K, capacity 10709K, committed 10840K, reserved 1048576K
}
Event: 855.234 GC heap before
{Heap before GC invocations=42 (full 16):
 PSYoungGen      total 84992K, used 3206K [0x00000000f5580000, 0x00000000fd000000, 0x0000000100000000)
  eden space 84480K, 3% used [0x00000000f5580000,0x00000000f58a1ba0,0x00000000fa800000)
  from space 512K, 0% used [0x00000000fa800000,0x00000000fa800000,0x00000000fa880000)
  to   space 20480K, 0% used [0x00000000fbc00000,0x00000000fbc00000,0x00000000fd000000)
 ParOldGen       total 94208K, used 38800K [0x00000000e0000000, 0x00000000e5c00000, 0x00000000f5580000)
  object space 94208K, 41% used [0x00000000e0000000,0x00000000e25e4038,0x00000000e5c00000)
 Metaspace       used 72845K, capacity 78436K, committed 78680K, reserved 1118208K
  class space    used 8957K, capacity 10709K, committed 10840K, reserved 1048576K
Event: 855.236 GC heap after
Heap after GC invocations=42 (full 16):
 PSYoungGen      total 102912K, used 192K [0x00000000f5580000, 0x00000000fce00000, 0x0000000100000000)
  eden space 84480K, 0% used [0x00000000f5580000,0x00000000f5580000,0x00000000fa800000)
  from space 18432K, 1% used [0x00000000fbc00000,0x00000000fbc30000,0x00000000fce00000)
  to   space 19456K, 0% used [0x00000000fa800000,0x00000000fa800000,0x00000000fbb00000)
 ParOldGen       total 94208K, used 38808K [0x00000000e0000000, 0x00000000e5c00000, 0x00000000f5580000)
  object space 94208K, 41% used [0x00000000e0000000,0x00000000e25e6038,0x00000000e5c00000)
 Metaspace       used 72845K, capacity 78436K, committed 78680K, reserved 1118208K
  class space    used 8957K, capacity 10709K, committed 10840K, reserved 1048576K
}
Event: 855.236 GC heap before
{Heap before GC invocations=43 (full 17):
 PSYoungGen      total 102912K, used 192K [0x00000000f5580000, 0x00000000fce00000, 0x0000000100000000)
  eden space 84480K, 0% used [0x00000000f5580000,0x00000000f5580000,0x00000000fa800000)
  from space 18432K, 1% used [0x00000000fbc00000,0x00000000fbc30000,0x00000000fce00000)
  to   space 19456K, 0% used [0x00000000fa800000,0x00000000fa800000,0x00000000fbb00000)
 ParOldGen       total 94208K, used 38808K [0x00000000e0000000, 0x00000000e5c00000, 0x00000000f5580000)
  object space 94208K, 41% used [0x00000000e0000000,0x00000000e25e6038,0x00000000e5c00000)
 Metaspace       used 72845K, capacity 78436K, committed 78680K, reserved 1118208K
  class space    used 8957K, capacity 10709K, committed 10840K, reserved 1048576K
Event: 855.324 GC heap after
Heap after GC invocations=43 (full 17):
 PSYoungGen      total 102912K, used 0K [0x00000000f5580000, 0x00000000fce00000, 0x0000000100000000)
  eden space 84480K, 0% used [0x00000000f5580000,0x00000000f5580000,0x00000000fa800000)
  from space 18432K, 0% used [0x00000000fbc00000,0x00000000fbc00000,0x00000000fce00000)
  to   space 19456K, 0% used [0x00000000fa800000,0x00000000fa800000,0x00000000fbb00000)
 ParOldGen       total 94208K, used 38800K [0x00000000e0000000, 0x00000000e5c00000, 0x00000000f5580000)
  object space 94208K, 41% used [0x00000000e0000000,0x00000000e25e42b0,0x00000000e5c00000)
 Metaspace       used 72845K, capacity 78436K, committed 78680K, reserved 1118208K
  class space    used 8957K, capacity 10709K, committed 10840K, reserved 1048576K
}

