# JRE version: Java(TM) SE Runtime Environment (8.0_25-b18) (build 1.8.0_25-b18)
# Java VM: Java HotSpot(TM) 64-Bit Server VM (25.25-b02 mixed mode windows-amd64 compressed oops)
Heap:
 PSYoungGen      total 109056K, used 81736K [0x00000000f5580000, 0x00000000fe000000, 0x0000000100000000)
  eden space 83968K, 90% used [0x00000000f5580000,0x00000000f9fc7218,0x00000000fa780000)
  from space 25088K, 22% used [0x00000000fa780000,0x00000000fad0aee0,0x00000000fc000000)
  to   space 25088K, 0% used [0x00000000fc780000,0x00000000fc780000,0x00000000fe000000)
 ParOldGen       total 98816K, used 43303K [0x00000000e0000000, 0x00000000e6080000, 0x00000000f5580000)
  object space 98816K, 43% used [0x00000000e0000000,0x00000000e2a49ee8,0x00000000e6080000)
 Metaspace       used 75141K, capacity 80876K, committed 81112K, reserved 1120256K
  class space    used 9302K, capacity 11125K, committed 11224K, reserved 1048576K
GC Heap History (10 events):
Event: 28.610 GC heap before
{Heap before GC invocations=15 (full 3):
 PSYoungGen      total 85504K, used 85498K [0x00000000f5580000, 0x00000000fce80000, 0x0000000100000000)
  eden space 66560K, 100% used [0x00000000f5580000,0x00000000f9680000,0x00000000f9680000)
  from space 18944K, 99% used [0x00000000f9680000,0x00000000fa8fe928,0x00000000fa900000)
  to   space 23040K, 0% used [0x00000000fb800000,0x00000000fb800000,0x00000000fce80000)
 ParOldGen       total 98816K, used 33571K [0x00000000e0000000, 0x00000000e6080000, 0x00000000f5580000)
  object space 98816K, 33% used [0x00000000e0000000,0x00000000e20c8c78,0x00000000e6080000)
 Metaspace       used 70538K, capacity 76094K, committed 76376K, reserved 1116160K
  class space    used 8822K, capacity 10516K, committed 10584K, reserved 1048576K
Event: 28.621 GC heap after
Heap after GC invocations=15 (full 3):
 PSYoungGen      total 98816K, used 17800K [0x00000000f5580000, 0x00000000fce80000, 0x0000000100000000)
  eden space 75776K, 0% used [0x00000000f5580000,0x00000000f5580000,0x00000000f9f80000)
  from space 23040K, 77% used [0x00000000fb800000,0x00000000fc9621e0,0x00000000fce80000)
  to   space 24064K, 0% used [0x00000000f9f80000,0x00000000f9f80000,0x00000000fb700000)
 ParOldGen       total 98816K, used 33579K [0x00000000e0000000, 0x00000000e6080000, 0x00000000f5580000)
  object space 98816K, 33% used [0x00000000e0000000,0x00000000e20cac78,0x00000000e6080000)
 Metaspace       used 70538K, capacity 76094K, committed 76376K, reserved 1116160K
  class space    used 8822K, capacity 10516K, committed 10584K, reserved 1048576K
}
Event: 52.771 GC heap before
{Heap before GC invocations=16 (full 3):
 PSYoungGen      total 98816K, used 93576K [0x00000000f5580000, 0x00000000fce80000, 0x0000000100000000)
  eden space 75776K, 100% used [0x00000000f5580000,0x00000000f9f80000,0x00000000f9f80000)
  from space 23040K, 77% used [0x00000000fb800000,0x00000000fc9621e0,0x00000000fce80000)
  to   space 24064K, 0% used [0x00000000f9f80000,0x00000000f9f80000,0x00000000fb700000)
 ParOldGen       total 98816K, used 33579K [0x00000000e0000000, 0x00000000e6080000, 0x00000000f5580000)
  object space 98816K, 33% used [0x00000000e0000000,0x00000000e20cac78,0x00000000e6080000)
 Metaspace       used 71331K, capacity 76968K, committed 77144K, reserved 1116160K
  class space    used 8854K, capacity 10549K, committed 10584K, reserved 1048576K
Event: 52.780 GC heap after
Heap after GC invocations=16 (full 3):
 PSYoungGen      total 99840K, used 16406K [0x00000000f5580000, 0x00000000fd800000, 0x0000000100000000)
  eden space 75776K, 0% used [0x00000000f5580000,0x00000000f5580000,0x00000000f9f80000)
  from space 24064K, 68% used [0x00000000f9f80000,0x00000000faf85a40,0x00000000fb700000)
  to   space 24576K, 0% used [0x00000000fc000000,0x00000000fc000000,0x00000000fd800000)
 ParOldGen       total 98816K, used 33587K [0x00000000e0000000, 0x00000000e6080000, 0x00000000f5580000)
  object space 98816K, 33% used [0x00000000e0000000,0x00000000e20ccc78,0x00000000e6080000)
 Metaspace       used 71331K, capacity 76968K, committed 77144K, reserved 1116160K
  class space    used 8854K, capacity 10549K, committed 10584K, reserved 1048576K
}
Event: 75.767 GC heap before
{Heap before GC invocations=17 (full 3):
 PSYoungGen      total 99840K, used 31770K [0x00000000f5580000, 0x00000000fd800000, 0x0000000100000000)
  eden space 75776K, 20% used [0x00000000f5580000,0x00000000f6481068,0x00000000f9f80000)
  from space 24064K, 68% used [0x00000000f9f80000,0x00000000faf85a40,0x00000000fb700000)
  to   space 24576K, 0% used [0x00000000fc000000,0x00000000fc000000,0x00000000fd800000)
 ParOldGen       total 98816K, used 33587K [0x00000000e0000000, 0x00000000e6080000, 0x00000000f5580000)
  object space 98816K, 33% used [0x00000000e0000000,0x00000000e20ccc78,0x00000000e6080000)
 Metaspace       used 71538K, capacity 77160K, committed 77400K, reserved 1116160K
  class space    used 8856K, capacity 10549K, committed 10584K, reserved 1048576K
Event: 75.778 GC heap after
Heap after GC invocations=17 (full 3):
 PSYoungGen      total 108544K, used 17028K [0x00000000f5580000, 0x00000000fd900000, 0x0000000100000000)
  eden space 83968K, 0% used [0x00000000f5580000,0x00000000f5580000,0x00000000fa780000)
  from space 24576K, 69% used [0x00000000fc000000,0x00000000fd0a13d0,0x00000000fd800000)
  to   space 25088K, 0% used [0x00000000fa780000,0x00000000fa780000,0x00000000fc000000)
 ParOldGen       total 98816K, used 33595K [0x00000000e0000000, 0x00000000e6080000, 0x00000000f5580000)
  object space 98816K, 33% used [0x00000000e0000000,0x00000000e20cec78,0x00000000e6080000)
 Metaspace       used 71538K, capacity 77160K, committed 77400K, reserved 1116160K
  class space    used 8856K, capacity 10549K, committed 10584K, reserved 1048576K
}
Event: 75.778 GC heap before
{Heap before GC invocations=18 (full 4):
 PSYoungGen      total 108544K, used 17028K [0x00000000f5580000, 0x00000000fd900000, 0x0000000100000000)
  eden space 83968K, 0% used [0x00000000f5580000,0x00000000f5580000,0x00000000fa780000)
  from space 24576K, 69% used [0x00000000fc000000,0x00000000fd0a13d0,0x00000000fd800000)
  to   space 25088K, 0% used [0x00000000fa780000,0x00000000fa780000,0x00000000fc000000)
 ParOldGen       total 98816K, used 33595K [0x00000000e0000000, 0x00000000e6080000, 0x00000000f5580000)
  object space 98816K, 33% used [0x00000000e0000000,0x00000000e20cec78,0x00000000e6080000)
 Metaspace       used 71538K, capacity 77160K, committed 77400K, reserved 1116160K
  class space    used 8856K, capacity 10549K, committed 10584K, reserved 1048576K
Event: 76.051 GC heap after
Heap after GC invocations=18 (full 4):
 PSYoungGen      total 108544K, used 0K [0x00000000f5580000, 0x00000000fd900000, 0x0000000100000000)
  eden space 83968K, 0% used [0x00000000f5580000,0x00000000f5580000,0x00000000fa780000)
  from space 24576K, 0% used [0x00000000fc000000,0x00000000fc000000,0x00000000fd800000)
  to   space 25088K, 0% used [0x00000000fa780000,0x00000000fa780000,0x00000000fc000000)
 ParOldGen       total 98816K, used 43295K [0x00000000e0000000, 0x00000000e6080000, 0x00000000f5580000)
  object space 98816K, 43% used [0x00000000e0000000,0x00000000e2a47ee8,0x00000000e6080000)
 Metaspace       used 71538K, capacity 77160K, committed 77400K, reserved 1116160K
  class space    used 8856K, capacity 10549K, committed 10584K, reserved 1048576K
}
Event: 127.850 GC heap before
{Heap before GC invocations=19 (full 4):
 PSYoungGen      total 108544K, used 82113K [0x00000000f5580000, 0x00000000fd900000, 0x0000000100000000)
  eden space 83968K, 97% used [0x00000000f5580000,0x00000000fa5b0450,0x00000000fa780000)
  from space 24576K, 0% used [0x00000000fc000000,0x00000000fc000000,0x00000000fd800000)
  to   space 25088K, 0% used [0x00000000fa780000,0x00000000fa780000,0x00000000fc000000)
 ParOldGen       total 98816K, used 43295K [0x00000000e0000000, 0x00000000e6080000, 0x00000000f5580000)
  object space 98816K, 43% used [0x00000000e0000000,0x00000000e2a47ee8,0x00000000e6080000)
 Metaspace       used 73854K, capacity 79642K, committed 79960K, reserved 1118208K
  class space    used 9189K, capacity 10994K, committed 11096K, reserved 1048576K
Event: 127.855 GC heap after
Heap after GC invocations=19 (full 4):
 PSYoungGen      total 109056K, used 5675K [0x00000000f5580000, 0x00000000fe000000, 0x0000000100000000)
  eden space 83968K, 0% used [0x00000000f5580000,0x00000000f5580000,0x00000000fa780000)
  from space 25088K, 22% used [0x00000000fa780000,0x00000000fad0aee0,0x00000000fc000000)
  to   space 25088K, 0% used [0x00000000fc780000,0x00000000fc780000,0x00000000fe000000)
 ParOldGen       total 98816K, used 43303K [0x00000000e0000000, 0x00000000e6080000, 0x00000000f5580000)
  object space 98816K, 43% used [0x00000000e0000000,0x00000000e2a49ee8,0x00000000e6080000)
 Metaspace       used 73854K, capacity 79642K, committed 79960K, reserved 1118208K
  class space    used 9189K, capacity 10994K, committed 11096K, reserved 1048576K
}

