# JRE version: Java(TM) SE Runtime Environment (8.0_25-b18) (build 1.8.0_25-b18)
# Java VM: Java HotSpot(TM) 64-Bit Server VM (25.25-b02 mixed mode windows-amd64 compressed oops)
Heap:
 PSYoungGen      total 88576K, used 26996K [0x00000000f5580000, 0x00000000fc100000, 0x0000000100000000)
  eden space 67072K, 40% used [0x00000000f5580000,0x00000000f6fdd048,0x00000000f9700000)
  from space 21504K, 0% used [0x00000000fac00000,0x00000000fac00000,0x00000000fc100000)
  to   space 21504K, 0% used [0x00000000f9700000,0x00000000f9700000,0x00000000fac00000)
 ParOldGen       total 95744K, used 48264K [0x00000000e0000000, 0x00000000e5d80000, 0x00000000f5580000)
  object space 95744K, 50% used [0x00000000e0000000,0x00000000e2f222a8,0x00000000e5d80000)
 Metaspace       used 75626K, capacity 80964K, committed 81152K, reserved 1120256K
  class space    used 9412K, capacity 11190K, committed 11264K, reserved 1048576K
GC Heap History (10 events):
Event: 57.897 GC heap before
{Heap before GC invocations=21 (full 3):
 PSYoungGen      total 70656K, used 69836K [0x00000000f5580000, 0x00000000fba80000, 0x0000000100000000)
  eden space 54784K, 100% used [0x00000000f5580000,0x00000000f8b00000,0x00000000f8b00000)
  from space 15872K, 94% used [0x00000000f8b00000,0x00000000f99b31a0,0x00000000f9a80000)
  to   space 17408K, 0% used [0x00000000fa980000,0x00000000fa980000,0x00000000fba80000)
 ParOldGen       total 95744K, used 28827K [0x00000000e0000000, 0x00000000e5d80000, 0x00000000f5580000)
  object space 95744K, 30% used [0x00000000e0000000,0x00000000e1c26cb0,0x00000000e5d80000)
 Metaspace       used 72721K, capacity 78104K, committed 78208K, reserved 1116160K
  class space    used 9097K, capacity 10850K, committed 10880K, reserved 1048576K
Event: 57.909 GC heap after
Heap after GC invocations=21 (full 3):
 PSYoungGen      total 83968K, used 17305K [0x00000000f5580000, 0x00000000fbd00000, 0x0000000100000000)
  eden space 66560K, 0% used [0x00000000f5580000,0x00000000f5580000,0x00000000f9680000)
  from space 17408K, 99% used [0x00000000fa980000,0x00000000fba665a0,0x00000000fba80000)
  to   space 19456K, 0% used [0x00000000f9680000,0x00000000f9680000,0x00000000fa980000)
 ParOldGen       total 95744K, used 28835K [0x00000000e0000000, 0x00000000e5d80000, 0x00000000f5580000)
  object space 95744K, 30% used [0x00000000e0000000,0x00000000e1c28cb0,0x00000000e5d80000)
 Metaspace       used 72721K, capacity 78104K, committed 78208K, reserved 1116160K
  class space    used 9097K, capacity 10850K, committed 10880K, reserved 1048576K
}
Event: 75.981 GC heap before
{Heap before GC invocations=22 (full 3):
 PSYoungGen      total 83968K, used 35043K [0x00000000f5580000, 0x00000000fbd00000, 0x0000000100000000)
  eden space 66560K, 26% used [0x00000000f5580000,0x00000000f66d2778,0x00000000f9680000)
  from space 17408K, 99% used [0x00000000fa980000,0x00000000fba665a0,0x00000000fba80000)
  to   space 19456K, 0% used [0x00000000f9680000,0x00000000f9680000,0x00000000fa980000)
 ParOldGen       total 95744K, used 28835K [0x00000000e0000000, 0x00000000e5d80000, 0x00000000f5580000)
  object space 95744K, 30% used [0x00000000e0000000,0x00000000e1c28cb0,0x00000000e5d80000)
 Metaspace       used 72934K, capacity 78302K, committed 78464K, reserved 1116160K
  class space    used 9101K, capacity 10851K, committed 10880K, reserved 1048576K
Event: 75.991 GC heap after
Heap after GC invocations=22 (full 3):
 PSYoungGen      total 86016K, used 17804K [0x00000000f5580000, 0x00000000fc100000, 0x0000000100000000)
  eden space 66560K, 0% used [0x00000000f5580000,0x00000000f5580000,0x00000000f9680000)
  from space 19456K, 91% used [0x00000000f9680000,0x00000000fa7e3258,0x00000000fa980000)
  to   space 21504K, 0% used [0x00000000fac00000,0x00000000fac00000,0x00000000fc100000)
 ParOldGen       total 95744K, used 28835K [0x00000000e0000000, 0x00000000e5d80000, 0x00000000f5580000)
  object space 95744K, 30% used [0x00000000e0000000,0x00000000e1c28cb0,0x00000000e5d80000)
 Metaspace       used 72934K, capacity 78302K, committed 78464K, reserved 1116160K
  class space    used 9101K, capacity 10851K, committed 10880K, reserved 1048576K
}
Event: 75.991 GC heap before
{Heap before GC invocations=23 (full 4):
 PSYoungGen      total 86016K, used 17804K [0x00000000f5580000, 0x00000000fc100000, 0x0000000100000000)
  eden space 66560K, 0% used [0x00000000f5580000,0x00000000f5580000,0x00000000f9680000)
  from space 19456K, 91% used [0x00000000f9680000,0x00000000fa7e3258,0x00000000fa980000)
  to   space 21504K, 0% used [0x00000000fac00000,0x00000000fac00000,0x00000000fc100000)
 ParOldGen       total 95744K, used 28835K [0x00000000e0000000, 0x00000000e5d80000, 0x00000000f5580000)
  object space 95744K, 30% used [0x00000000e0000000,0x00000000e1c28cb0,0x00000000e5d80000)
 Metaspace       used 72934K, capacity 78302K, committed 78464K, reserved 1116160K
  class space    used 9101K, capacity 10851K, committed 10880K, reserved 1048576K
Event: 76.222 GC heap after
Heap after GC invocations=23 (full 4):
 PSYoungGen      total 86016K, used 0K [0x00000000f5580000, 0x00000000fc100000, 0x0000000100000000)
  eden space 66560K, 0% used [0x00000000f5580000,0x00000000f5580000,0x00000000f9680000)
  from space 19456K, 0% used [0x00000000f9680000,0x00000000f9680000,0x00000000fa980000)
  to   space 21504K, 0% used [0x00000000fac00000,0x00000000fac00000,0x00000000fc100000)
 ParOldGen       total 95744K, used 44380K [0x00000000e0000000, 0x00000000e5d80000, 0x00000000f5580000)
  object space 95744K, 46% used [0x00000000e0000000,0x00000000e2b572a0,0x00000000e5d80000)
 Metaspace       used 72934K, capacity 78302K, committed 78464K, reserved 1116160K
  class space    used 9101K, capacity 10851K, committed 10880K, reserved 1048576K
}
Event: 135.981 GC heap before
{Heap before GC invocations=24 (full 4):
 PSYoungGen      total 86016K, used 47706K [0x00000000f5580000, 0x00000000fc100000, 0x0000000100000000)
  eden space 66560K, 71% used [0x00000000f5580000,0x00000000f8416888,0x00000000f9680000)
  from space 19456K, 0% used [0x00000000f9680000,0x00000000f9680000,0x00000000fa980000)
  to   space 21504K, 0% used [0x00000000fac00000,0x00000000fac00000,0x00000000fc100000)
 ParOldGen       total 95744K, used 44380K [0x00000000e0000000, 0x00000000e5d80000, 0x00000000f5580000)
  object space 95744K, 46% used [0x00000000e0000000,0x00000000e2b572a0,0x00000000e5d80000)
 Metaspace       used 74571K, capacity 80114K, committed 80256K, reserved 1118208K
  class space    used 9311K, capacity 11059K, committed 11136K, reserved 1048576K
Event: 135.985 GC heap after
Heap after GC invocations=24 (full 4):
 PSYoungGen      total 88576K, used 4240K [0x00000000f5580000, 0x00000000fc100000, 0x0000000100000000)
  eden space 67072K, 0% used [0x00000000f5580000,0x00000000f5580000,0x00000000f9700000)
  from space 21504K, 19% used [0x00000000fac00000,0x00000000fb0243b0,0x00000000fc100000)
  to   space 21504K, 0% used [0x00000000f9700000,0x00000000f9700000,0x00000000fac00000)
 ParOldGen       total 95744K, used 44388K [0x00000000e0000000, 0x00000000e5d80000, 0x00000000f5580000)
  object space 95744K, 46% used [0x00000000e0000000,0x00000000e2b592a0,0x00000000e5d80000)
 Metaspace       used 74571K, capacity 80114K, committed 80256K, reserved 1118208K
  class space    used 9311K, capacity 11059K, committed 11136K, reserved 1048576K
}
Event: 135.985 GC heap before
{Heap before GC invocations=25 (full 5):
 PSYoungGen      total 88576K, used 4240K [0x00000000f5580000, 0x00000000fc100000, 0x0000000100000000)
  eden space 67072K, 0% used [0x00000000f5580000,0x00000000f5580000,0x00000000f9700000)
  from space 21504K, 19% used [0x00000000fac00000,0x00000000fb0243b0,0x00000000fc100000)
  to   space 21504K, 0% used [0x00000000f9700000,0x00000000f9700000,0x00000000fac00000)
 ParOldGen       total 95744K, used 44388K [0x00000000e0000000, 0x00000000e5d80000, 0x00000000f5580000)
  object space 95744K, 46% used [0x00000000e0000000,0x00000000e2b592a0,0x00000000e5d80000)
 Metaspace       used 74571K, capacity 80114K, committed 80256K, reserved 1118208K
  class space    used 9311K, capacity 11059K, committed 11136K, reserved 1048576K
Event: 136.265 GC heap after
Heap after GC invocations=25 (full 5):
 PSYoungGen      total 88576K, used 0K [0x00000000f5580000, 0x00000000fc100000, 0x0000000100000000)
  eden space 67072K, 0% used [0x00000000f5580000,0x00000000f5580000,0x00000000f9700000)
  from space 21504K, 0% used [0x00000000fac00000,0x00000000fac00000,0x00000000fc100000)
  to   space 21504K, 0% used [0x00000000f9700000,0x00000000f9700000,0x00000000fac00000)
 ParOldGen       total 95744K, used 48264K [0x00000000e0000000, 0x00000000e5d80000, 0x00000000f5580000)
  object space 95744K, 50% used [0x00000000e0000000,0x00000000e2f222a8,0x00000000e5d80000)
 Metaspace       used 74571K, capacity 80114K, committed 80256K, reserved 1118208K
  class space    used 9311K, capacity 11059K, committed 11136K, reserved 1048576K
}

