# JRE version: Java(TM) SE Runtime Environment (8.0_25-b18) (build 1.8.0_25-b18)
# Java VM: Java HotSpot(TM) 64-Bit Server VM (25.25-b02 mixed mode windows-amd64 compressed oops)
Heap:
 PSYoungGen      total 140288K, used 36862K [0x00000000f5580000, 0x00000000ffd00000, 0x0000000100000000)
  eden space 127488K, 28% used [0x00000000f5580000,0x00000000f797fb58,0x00000000fd200000)
  from space 12800K, 0% used [0x00000000fd200000,0x00000000fd200000,0x00000000fde80000)
  to   space 22016K, 0% used [0x00000000fe780000,0x00000000fe780000,0x00000000ffd00000)
 ParOldGen       total 96256K, used 57757K [0x00000000e0000000, 0x00000000e5e00000, 0x00000000f5580000)
  object space 96256K, 60% used [0x00000000e0000000,0x00000000e3867408,0x00000000e5e00000)
 Metaspace       used 83013K, capacity 88338K, committed 88576K, reserved 1126400K
  class space    used 10165K, capacity 11948K, committed 12032K, reserved 1048576K
GC Heap History (10 events):
Event: 96.026 GC heap before
{Heap before GC invocations=24 (full 4):
 PSYoungGen      total 147456K, used 10644K [0x00000000f5580000, 0x00000000ffd80000, 0x0000000100000000)
  eden space 123904K, 0% used [0x00000000f5580000,0x00000000f5580000,0x00000000fce80000)
  from space 23552K, 45% used [0x00000000fe680000,0x00000000ff0e5180,0x00000000ffd80000)
  to   space 24064K, 0% used [0x00000000fce80000,0x00000000fce80000,0x00000000fe600000)
 ParOldGen       total 96256K, used 51237K [0x00000000e0000000, 0x00000000e5e00000, 0x00000000f5580000)
  object space 96256K, 53% used [0x00000000e0000000,0x00000000e3209618,0x00000000e5e00000)
 Metaspace       used 76135K, capacity 81468K, committed 81664K, reserved 1120256K
  class space    used 9276K, capacity 11003K, committed 11008K, reserved 1048576K
Event: 96.227 GC heap after
Heap after GC invocations=24 (full 4):
 PSYoungGen      total 147456K, used 0K [0x00000000f5580000, 0x00000000ffd80000, 0x0000000100000000)
  eden space 123904K, 0% used [0x00000000f5580000,0x00000000f5580000,0x00000000fce80000)
  from space 23552K, 0% used [0x00000000fe680000,0x00000000fe680000,0x00000000ffd80000)
  to   space 24064K, 0% used [0x00000000fce80000,0x00000000fce80000,0x00000000fe600000)
 ParOldGen       total 96256K, used 47026K [0x00000000e0000000, 0x00000000e5e00000, 0x00000000f5580000)
  object space 96256K, 48% used [0x00000000e0000000,0x00000000e2deca78,0x00000000e5e00000)
 Metaspace       used 76135K, capacity 81468K, committed 81664K, reserved 1120256K
  class space    used 9276K, capacity 11003K, committed 11008K, reserved 1048576K
}
Event: 115.288 GC heap before
{Heap before GC invocations=25 (full 4):
 PSYoungGen      total 147456K, used 123904K [0x00000000f5580000, 0x00000000ffd80000, 0x0000000100000000)
  eden space 123904K, 100% used [0x00000000f5580000,0x00000000fce80000,0x00000000fce80000)
  from space 23552K, 0% used [0x00000000fe680000,0x00000000fe680000,0x00000000ffd80000)
  to   space 24064K, 0% used [0x00000000fce80000,0x00000000fce80000,0x00000000fe600000)
 ParOldGen       total 96256K, used 47026K [0x00000000e0000000, 0x00000000e5e00000, 0x00000000f5580000)
  object space 96256K, 48% used [0x00000000e0000000,0x00000000e2deca78,0x00000000e5e00000)
 Metaspace       used 79799K, capacity 85130K, committed 85248K, reserved 1122304K
  class space    used 9808K, capacity 11513K, committed 11520K, reserved 1048576K
Event: 115.299 GC heap after
Heap after GC invocations=25 (full 4):
 PSYoungGen      total 147968K, used 12412K [0x00000000f5580000, 0x00000000ffe80000, 0x0000000100000000)
  eden space 123904K, 0% used [0x00000000f5580000,0x00000000f5580000,0x00000000fce80000)
  from space 24064K, 51% used [0x00000000fce80000,0x00000000fda9f248,0x00000000fe600000)
  to   space 23040K, 0% used [0x00000000fe800000,0x00000000fe800000,0x00000000ffe80000)
 ParOldGen       total 96256K, used 47034K [0x00000000e0000000, 0x00000000e5e00000, 0x00000000f5580000)
  object space 96256K, 48% used [0x00000000e0000000,0x00000000e2deea78,0x00000000e5e00000)
 Metaspace       used 79799K, capacity 85130K, committed 85248K, reserved 1122304K
  class space    used 9808K, capacity 11513K, committed 11520K, reserved 1048576K
}
Event: 166.918 GC heap before
{Heap before GC invocations=26 (full 4):
 PSYoungGen      total 147968K, used 136316K [0x00000000f5580000, 0x00000000ffe80000, 0x0000000100000000)
  eden space 123904K, 100% used [0x00000000f5580000,0x00000000fce80000,0x00000000fce80000)
  from space 24064K, 51% used [0x00000000fce80000,0x00000000fda9f248,0x00000000fe600000)
  to   space 23040K, 0% used [0x00000000fe800000,0x00000000fe800000,0x00000000ffe80000)
 ParOldGen       total 96256K, used 47034K [0x00000000e0000000, 0x00000000e5e00000, 0x00000000f5580000)
  object space 96256K, 48% used [0x00000000e0000000,0x00000000e2deea78,0x00000000e5e00000)
 Metaspace       used 81854K, capacity 87176K, committed 87296K, reserved 1124352K
  class space    used 10037K, capacity 11755K, committed 11776K, reserved 1048576K
Event: 166.927 GC heap after
Heap after GC invocations=26 (full 4):
 PSYoungGen      total 150016K, used 14222K [0x00000000f5580000, 0x00000000ffe00000, 0x0000000100000000)
  eden space 127488K, 0% used [0x00000000f5580000,0x00000000f5580000,0x00000000fd200000)
  from space 22528K, 63% used [0x00000000fe800000,0x00000000ff5e3990,0x00000000ffe00000)
  to   space 22528K, 0% used [0x00000000fd200000,0x00000000fd200000,0x00000000fe800000)
 ParOldGen       total 96256K, used 47042K [0x00000000e0000000, 0x00000000e5e00000, 0x00000000f5580000)
  object space 96256K, 48% used [0x00000000e0000000,0x00000000e2df0a78,0x00000000e5e00000)
 Metaspace       used 81854K, capacity 87176K, committed 87296K, reserved 1124352K
  class space    used 10037K, capacity 11755K, committed 11776K, reserved 1048576K
}
Event: 173.179 GC heap before
{Heap before GC invocations=27 (full 4):
 PSYoungGen      total 150016K, used 17083K [0x00000000f5580000, 0x00000000ffe00000, 0x0000000100000000)
  eden space 127488K, 2% used [0x00000000f5580000,0x00000000f584b640,0x00000000fd200000)
  from space 22528K, 63% used [0x00000000fe800000,0x00000000ff5e3990,0x00000000ffe00000)
  to   space 22528K, 0% used [0x00000000fd200000,0x00000000fd200000,0x00000000fe800000)
 ParOldGen       total 96256K, used 47042K [0x00000000e0000000, 0x00000000e5e00000, 0x00000000f5580000)
  object space 96256K, 48% used [0x00000000e0000000,0x00000000e2df0a78,0x00000000e5e00000)
 Metaspace       used 81858K, capacity 87176K, committed 87296K, reserved 1124352K
  class space    used 10037K, capacity 11755K, committed 11776K, reserved 1048576K
Event: 173.186 GC heap after
Heap after GC invocations=27 (full 4):
 PSYoungGen      total 140288K, used 12644K [0x00000000f5580000, 0x00000000ffd00000, 0x0000000100000000)
  eden space 127488K, 0% used [0x00000000f5580000,0x00000000f5580000,0x00000000fd200000)
  from space 12800K, 98% used [0x00000000fd200000,0x00000000fde59050,0x00000000fde80000)
  to   space 22016K, 0% used [0x00000000fe780000,0x00000000fe780000,0x00000000ffd00000)
 ParOldGen       total 96256K, used 47042K [0x00000000e0000000, 0x00000000e5e00000, 0x00000000f5580000)
  object space 96256K, 48% used [0x00000000e0000000,0x00000000e2df0a78,0x00000000e5e00000)
 Metaspace       used 81858K, capacity 87176K, committed 87296K, reserved 1124352K
  class space    used 10037K, capacity 11755K, committed 11776K, reserved 1048576K
}
Event: 173.186 GC heap before
{Heap before GC invocations=28 (full 5):
 PSYoungGen      total 140288K, used 12644K [0x00000000f5580000, 0x00000000ffd00000, 0x0000000100000000)
  eden space 127488K, 0% used [0x00000000f5580000,0x00000000f5580000,0x00000000fd200000)
  from space 12800K, 98% used [0x00000000fd200000,0x00000000fde59050,0x00000000fde80000)
  to   space 22016K, 0% used [0x00000000fe780000,0x00000000fe780000,0x00000000ffd00000)
 ParOldGen       total 96256K, used 47042K [0x00000000e0000000, 0x00000000e5e00000, 0x00000000f5580000)
  object space 96256K, 48% used [0x00000000e0000000,0x00000000e2df0a78,0x00000000e5e00000)
 Metaspace       used 81858K, capacity 87176K, committed 87296K, reserved 1124352K
  class space    used 10037K, capacity 11755K, committed 11776K, reserved 1048576K
Event: 173.496 GC heap after
Heap after GC invocations=28 (full 5):
 PSYoungGen      total 140288K, used 0K [0x00000000f5580000, 0x00000000ffd00000, 0x0000000100000000)
  eden space 127488K, 0% used [0x00000000f5580000,0x00000000f5580000,0x00000000fd200000)
  from space 12800K, 0% used [0x00000000fd200000,0x00000000fd200000,0x00000000fde80000)
  to   space 22016K, 0% used [0x00000000fe780000,0x00000000fe780000,0x00000000ffd00000)
 ParOldGen       total 96256K, used 57757K [0x00000000e0000000, 0x00000000e5e00000, 0x00000000f5580000)
  object space 96256K, 60% used [0x00000000e0000000,0x00000000e3867408,0x00000000e5e00000)
 Metaspace       used 81858K, capacity 87176K, committed 87296K, reserved 1124352K
  class space    used 10037K, capacity 11755K, committed 11776K, reserved 1048576K
}

