# JRE version: Java(TM) SE Runtime Environment (8.0_25-b18) (build 1.8.0_25-b18)
# Java VM: Java HotSpot(TM) 64-Bit Server VM (25.25-b02 mixed mode windows-amd64 compressed oops)
Heap:
 PSYoungGen      total 117760K, used 27813K [0x00000000f5580000, 0x00000000fdd00000, 0x0000000100000000)
  eden space 97792K, 28% used [0x00000000f5580000,0x00000000f70a96f8,0x00000000fb500000)
  from space 19968K, 0% used [0x00000000fc980000,0x00000000fc980000,0x00000000fdd00000)
  to   space 20480K, 0% used [0x00000000fb500000,0x00000000fb500000,0x00000000fc900000)
 ParOldGen       total 79360K, used 33787K [0x00000000e0000000, 0x00000000e4d80000, 0x00000000f5580000)
  object space 79360K, 42% used [0x00000000e0000000,0x00000000e20fecc0,0x00000000e4d80000)
 Metaspace       used 75237K, capacity 80418K, committed 80728K, reserved 1120256K
  class space    used 9105K, capacity 10822K, committed 10840K, reserved 1048576K
GC Heap History (10 events):
Event: 529.523 GC heap before
{Heap before GC invocations=35 (full 11):
 PSYoungGen      total 119296K, used 1685K [0x00000000f5580000, 0x00000000fe000000, 0x0000000100000000)
  eden space 97792K, 0% used [0x00000000f5580000,0x00000000f5580000,0x00000000fb500000)
  from space 21504K, 7% used [0x00000000fcb00000,0x00000000fcca57d0,0x00000000fe000000)
  to   space 22016K, 0% used [0x00000000fb500000,0x00000000fb500000,0x00000000fca80000)
 ParOldGen       total 79360K, used 44647K [0x00000000e0000000, 0x00000000e4d80000, 0x00000000f5580000)
  object space 79360K, 56% used [0x00000000e0000000,0x00000000e2b99da8,0x00000000e4d80000)
 Metaspace       used 74164K, capacity 79512K, committed 79704K, reserved 1118208K
  class space    used 9004K, capacity 10766K, committed 10840K, reserved 1048576K
Event: 529.708 GC heap after
Heap after GC invocations=35 (full 11):
 PSYoungGen      total 119296K, used 0K [0x00000000f5580000, 0x00000000fe000000, 0x0000000100000000)
  eden space 97792K, 0% used [0x00000000f5580000,0x00000000f5580000,0x00000000fb500000)
  from space 21504K, 0% used [0x00000000fcb00000,0x00000000fcb00000,0x00000000fe000000)
  to   space 22016K, 0% used [0x00000000fb500000,0x00000000fb500000,0x00000000fca80000)
 ParOldGen       total 79360K, used 36007K [0x00000000e0000000, 0x00000000e4d80000, 0x00000000f5580000)
  object space 79360K, 45% used [0x00000000e0000000,0x00000000e2329f50,0x00000000e4d80000)
 Metaspace       used 74136K, capacity 79464K, committed 79704K, reserved 1118208K
  class space    used 8999K, capacity 10758K, committed 10840K, reserved 1048576K
}
Event: 592.591 GC heap before
{Heap before GC invocations=36 (full 11):
 PSYoungGen      total 119296K, used 39410K [0x00000000f5580000, 0x00000000fe000000, 0x0000000100000000)
  eden space 97792K, 40% used [0x00000000f5580000,0x00000000f7bfcaf8,0x00000000fb500000)
  from space 21504K, 0% used [0x00000000fcb00000,0x00000000fcb00000,0x00000000fe000000)
  to   space 22016K, 0% used [0x00000000fb500000,0x00000000fb500000,0x00000000fca80000)
 ParOldGen       total 79360K, used 36007K [0x00000000e0000000, 0x00000000e4d80000, 0x00000000f5580000)
  object space 79360K, 45% used [0x00000000e0000000,0x00000000e2329f50,0x00000000e4d80000)
 Metaspace       used 74333K, capacity 79784K, committed 79960K, reserved 1118208K
  class space    used 9002K, capacity 10758K, committed 10840K, reserved 1048576K
Event: 592.594 GC heap after
Heap after GC invocations=36 (full 11):
 PSYoungGen      total 99840K, used 1792K [0x00000000f5580000, 0x00000000fde00000, 0x0000000100000000)
  eden space 97792K, 0% used [0x00000000f5580000,0x00000000f5580000,0x00000000fb500000)
  from space 2048K, 87% used [0x00000000fb500000,0x00000000fb6c0010,0x00000000fb700000)
  to   space 20992K, 0% used [0x00000000fc980000,0x00000000fc980000,0x00000000fde00000)
 ParOldGen       total 79360K, used 36015K [0x00000000e0000000, 0x00000000e4d80000, 0x00000000f5580000)
  object space 79360K, 45% used [0x00000000e0000000,0x00000000e232bf50,0x00000000e4d80000)
 Metaspace       used 74333K, capacity 79784K, committed 79960K, reserved 1118208K
  class space    used 9002K, capacity 10758K, committed 10840K, reserved 1048576K
}
Event: 592.594 GC heap before
{Heap before GC invocations=37 (full 12):
 PSYoungGen      total 99840K, used 1792K [0x00000000f5580000, 0x00000000fde00000, 0x0000000100000000)
  eden space 97792K, 0% used [0x00000000f5580000,0x00000000f5580000,0x00000000fb500000)
  from space 2048K, 87% used [0x00000000fb500000,0x00000000fb6c0010,0x00000000fb700000)
  to   space 20992K, 0% used [0x00000000fc980000,0x00000000fc980000,0x00000000fde00000)
 ParOldGen       total 79360K, used 36015K [0x00000000e0000000, 0x00000000e4d80000, 0x00000000f5580000)
  object space 79360K, 45% used [0x00000000e0000000,0x00000000e232bf50,0x00000000e4d80000)
 Metaspace       used 74333K, capacity 79784K, committed 79960K, reserved 1118208K
  class space    used 9002K, capacity 10758K, committed 10840K, reserved 1048576K
Event: 592.820 GC heap after
Heap after GC invocations=37 (full 12):
 PSYoungGen      total 99840K, used 0K [0x00000000f5580000, 0x00000000fde00000, 0x0000000100000000)
  eden space 97792K, 0% used [0x00000000f5580000,0x00000000f5580000,0x00000000fb500000)
  from space 2048K, 0% used [0x00000000fb500000,0x00000000fb500000,0x00000000fb700000)
  to   space 20992K, 0% used [0x00000000fc980000,0x00000000fc980000,0x00000000fde00000)
 ParOldGen       total 79360K, used 35084K [0x00000000e0000000, 0x00000000e4d80000, 0x00000000f5580000)
  object space 79360K, 44% used [0x00000000e0000000,0x00000000e2243258,0x00000000e4d80000)
 Metaspace       used 74320K, capacity 79766K, committed 79960K, reserved 1118208K
  class space    used 9000K, capacity 10755K, committed 10840K, reserved 1048576K
}
Event: 652.601 GC heap before
{Heap before GC invocations=38 (full 12):
 PSYoungGen      total 99840K, used 10472K [0x00000000f5580000, 0x00000000fde00000, 0x0000000100000000)
  eden space 97792K, 10% used [0x00000000f5580000,0x00000000f5fba358,0x00000000fb500000)
  from space 2048K, 0% used [0x00000000fb500000,0x00000000fb500000,0x00000000fb700000)
  to   space 20992K, 0% used [0x00000000fc980000,0x00000000fc980000,0x00000000fde00000)
 ParOldGen       total 79360K, used 35084K [0x00000000e0000000, 0x00000000e4d80000, 0x00000000f5580000)
  object space 79360K, 44% used [0x00000000e0000000,0x00000000e2243258,0x00000000e4d80000)
 Metaspace       used 74377K, capacity 79830K, committed 80216K, reserved 1118208K
  class space    used 9002K, capacity 10755K, committed 10840K, reserved 1048576K
Event: 652.603 GC heap after
Heap after GC invocations=38 (full 12):
 PSYoungGen      total 117760K, used 576K [0x00000000f5580000, 0x00000000fdd00000, 0x0000000100000000)
  eden space 97792K, 0% used [0x00000000f5580000,0x00000000f5580000,0x00000000fb500000)
  from space 19968K, 2% used [0x00000000fc980000,0x00000000fca10000,0x00000000fdd00000)
  to   space 20480K, 0% used [0x00000000fb500000,0x00000000fb500000,0x00000000fc900000)
 ParOldGen       total 79360K, used 35092K [0x00000000e0000000, 0x00000000e4d80000, 0x00000000f5580000)
  object space 79360K, 44% used [0x00000000e0000000,0x00000000e2245258,0x00000000e4d80000)
 Metaspace       used 74377K, capacity 79830K, committed 80216K, reserved 1118208K
  class space    used 9002K, capacity 10755K, committed 10840K, reserved 1048576K
}
Event: 652.603 GC heap before
{Heap before GC invocations=39 (full 13):
 PSYoungGen      total 117760K, used 576K [0x00000000f5580000, 0x00000000fdd00000, 0x0000000100000000)
  eden space 97792K, 0% used [0x00000000f5580000,0x00000000f5580000,0x00000000fb500000)
  from space 19968K, 2% used [0x00000000fc980000,0x00000000fca10000,0x00000000fdd00000)
  to   space 20480K, 0% used [0x00000000fb500000,0x00000000fb500000,0x00000000fc900000)
 ParOldGen       total 79360K, used 35092K [0x00000000e0000000, 0x00000000e4d80000, 0x00000000f5580000)
  object space 79360K, 44% used [0x00000000e0000000,0x00000000e2245258,0x00000000e4d80000)
 Metaspace       used 74377K, capacity 79830K, committed 80216K, reserved 1118208K
  class space    used 9002K, capacity 10755K, committed 10840K, reserved 1048576K
Event: 652.779 GC heap after
Heap after GC invocations=39 (full 13):
 PSYoungGen      total 117760K, used 0K [0x00000000f5580000, 0x00000000fdd00000, 0x0000000100000000)
  eden space 97792K, 0% used [0x00000000f5580000,0x00000000f5580000,0x00000000fb500000)
  from space 19968K, 0% used [0x00000000fc980000,0x00000000fc980000,0x00000000fdd00000)
  to   space 20480K, 0% used [0x00000000fb500000,0x00000000fb500000,0x00000000fc900000)
 ParOldGen       total 79360K, used 33787K [0x00000000e0000000, 0x00000000e4d80000, 0x00000000f5580000)
  object space 79360K, 42% used [0x00000000e0000000,0x00000000e20fecc0,0x00000000e4d80000)
 Metaspace       used 74377K, capacity 79830K, committed 80216K, reserved 1118208K
  class space    used 9002K, capacity 10755K, committed 10840K, reserved 1048576K
}

