# JRE version: Java(TM) SE Runtime Environment (8.0_25-b18) (build 1.8.0_25-b18)
# Java VM: Java HotSpot(TM) 64-Bit Server VM (25.25-b02 mixed mode windows-amd64 compressed oops)
Heap:
 PSYoungGen      total 147456K, used 40958K [0x00000000f5580000, 0x00000000fe900000, 0x0000000100000000)
  eden space 143872K, 28% used [0x00000000f5580000,0x00000000f7d7fa48,0x00000000fe200000)
  from space 3584K, 0% used [0x00000000fe200000,0x00000000fe200000,0x00000000fe580000)
  to   space 3584K, 0% used [0x00000000fe580000,0x00000000fe580000,0x00000000fe900000)
 ParOldGen       total 99840K, used 48855K [0x00000000e0000000, 0x00000000e6180000, 0x00000000f5580000)
  object space 99840K, 48% used [0x00000000e0000000,0x00000000e2fb5d10,0x00000000e6180000)
 Metaspace       used 87753K, capacity 93790K, committed 93952K, reserved 1130496K
  class space    used 10430K, capacity 12426K, committed 12544K, reserved 1048576K
GC Heap History (10 events):
Event: 4802.363 GC heap before
{Heap before GC invocations=174 (full 77):
 PSYoungGen      total 147456K, used 448K [0x00000000f5580000, 0x00000000fe900000, 0x0000000100000000)
  eden space 143872K, 0% used [0x00000000f5580000,0x00000000f5580000,0x00000000fe200000)
  from space 3584K, 12% used [0x00000000fe200000,0x00000000fe270000,0x00000000fe580000)
  to   space 3584K, 0% used [0x00000000fe580000,0x00000000fe580000,0x00000000fe900000)
 ParOldGen       total 99840K, used 48958K [0x00000000e0000000, 0x00000000e6180000, 0x00000000f5580000)
  object space 99840K, 49% used [0x00000000e0000000,0x00000000e2fcfad8,0x00000000e6180000)
 Metaspace       used 86882K, capacity 92934K, committed 93312K, reserved 1130496K
  class space    used 10326K, capacity 12293K, committed 12416K, reserved 1048576K
Event: 4802.508 GC heap after
Heap after GC invocations=174 (full 77):
 PSYoungGen      total 147456K, used 0K [0x00000000f5580000, 0x00000000fe900000, 0x0000000100000000)
  eden space 143872K, 0% used [0x00000000f5580000,0x00000000f5580000,0x00000000fe200000)
  from space 3584K, 0% used [0x00000000fe200000,0x00000000fe200000,0x00000000fe580000)
  to   space 3584K, 0% used [0x00000000fe580000,0x00000000fe580000,0x00000000fe900000)
 ParOldGen       total 99840K, used 49073K [0x00000000e0000000, 0x00000000e6180000, 0x00000000f5580000)
  object space 99840K, 49% used [0x00000000e0000000,0x00000000e2fec7a8,0x00000000e6180000)
 Metaspace       used 86882K, capacity 92934K, committed 93312K, reserved 1130496K
  class space    used 10326K, capacity 12293K, committed 12416K, reserved 1048576K
}
Event: 4862.372 GC heap before
{Heap before GC invocations=175 (full 77):
 PSYoungGen      total 147456K, used 3071K [0x00000000f5580000, 0x00000000fe900000, 0x0000000100000000)
  eden space 143872K, 2% used [0x00000000f5580000,0x00000000f587fdf8,0x00000000fe200000)
  from space 3584K, 0% used [0x00000000fe200000,0x00000000fe200000,0x00000000fe580000)
  to   space 3584K, 0% used [0x00000000fe580000,0x00000000fe580000,0x00000000fe900000)
 ParOldGen       total 99840K, used 49073K [0x00000000e0000000, 0x00000000e6180000, 0x00000000f5580000)
  object space 99840K, 49% used [0x00000000e0000000,0x00000000e2fec7a8,0x00000000e6180000)
 Metaspace       used 86882K, capacity 92934K, committed 93312K, reserved 1130496K
  class space    used 10326K, capacity 12293K, committed 12416K, reserved 1048576K
Event: 4862.375 GC heap after
Heap after GC invocations=175 (full 77):
 PSYoungGen      total 147456K, used 128K [0x00000000f5580000, 0x00000000fe900000, 0x0000000100000000)
  eden space 143872K, 0% used [0x00000000f5580000,0x00000000f5580000,0x00000000fe200000)
  from space 3584K, 3% used [0x00000000fe580000,0x00000000fe5a0000,0x00000000fe900000)
  to   space 3584K, 0% used [0x00000000fe200000,0x00000000fe200000,0x00000000fe580000)
 ParOldGen       total 99840K, used 49073K [0x00000000e0000000, 0x00000000e6180000, 0x00000000f5580000)
  object space 99840K, 49% used [0x00000000e0000000,0x00000000e2fec7a8,0x00000000e6180000)
 Metaspace       used 86882K, capacity 92934K, committed 93312K, reserved 1130496K
  class space    used 10326K, capacity 12293K, committed 12416K, reserved 1048576K
}
Event: 4862.375 GC heap before
{Heap before GC invocations=176 (full 78):
 PSYoungGen      total 147456K, used 128K [0x00000000f5580000, 0x00000000fe900000, 0x0000000100000000)
  eden space 143872K, 0% used [0x00000000f5580000,0x00000000f5580000,0x00000000fe200000)
  from space 3584K, 3% used [0x00000000fe580000,0x00000000fe5a0000,0x00000000fe900000)
  to   space 3584K, 0% used [0x00000000fe200000,0x00000000fe200000,0x00000000fe580000)
 ParOldGen       total 99840K, used 49073K [0x00000000e0000000, 0x00000000e6180000, 0x00000000f5580000)
  object space 99840K, 49% used [0x00000000e0000000,0x00000000e2fec7a8,0x00000000e6180000)
 Metaspace       used 86882K, capacity 92934K, committed 93312K, reserved 1130496K
  class space    used 10326K, capacity 12293K, committed 12416K, reserved 1048576K
Event: 4862.502 GC heap after
Heap after GC invocations=176 (full 78):
 PSYoungGen      total 147456K, used 0K [0x00000000f5580000, 0x00000000fe900000, 0x0000000100000000)
  eden space 143872K, 0% used [0x00000000f5580000,0x00000000f5580000,0x00000000fe200000)
  from space 3584K, 0% used [0x00000000fe580000,0x00000000fe580000,0x00000000fe900000)
  to   space 3584K, 0% used [0x00000000fe200000,0x00000000fe200000,0x00000000fe580000)
 ParOldGen       total 99840K, used 48935K [0x00000000e0000000, 0x00000000e6180000, 0x00000000f5580000)
  object space 99840K, 49% used [0x00000000e0000000,0x00000000e2fc9fd8,0x00000000e6180000)
 Metaspace       used 86882K, capacity 92934K, committed 93312K, reserved 1130496K
  class space    used 10326K, capacity 12293K, committed 12416K, reserved 1048576K
}
Event: 4922.384 GC heap before
{Heap before GC invocations=177 (full 78):
 PSYoungGen      total 147456K, used 2986K [0x00000000f5580000, 0x00000000fe900000, 0x0000000100000000)
  eden space 143872K, 2% used [0x00000000f5580000,0x00000000f586a830,0x00000000fe200000)
  from space 3584K, 0% used [0x00000000fe580000,0x00000000fe580000,0x00000000fe900000)
  to   space 3584K, 0% used [0x00000000fe200000,0x00000000fe200000,0x00000000fe580000)
 ParOldGen       total 99840K, used 48935K [0x00000000e0000000, 0x00000000e6180000, 0x00000000f5580000)
  object space 99840K, 49% used [0x00000000e0000000,0x00000000e2fc9fd8,0x00000000e6180000)
 Metaspace       used 86882K, capacity 92934K, committed 93312K, reserved 1130496K
  class space    used 10326K, capacity 12293K, committed 12416K, reserved 1048576K
Event: 4922.387 GC heap after
Heap after GC invocations=177 (full 78):
 PSYoungGen      total 147456K, used 160K [0x00000000f5580000, 0x00000000fe900000, 0x0000000100000000)
  eden space 143872K, 0% used [0x00000000f5580000,0x00000000f5580000,0x00000000fe200000)
  from space 3584K, 4% used [0x00000000fe200000,0x00000000fe228000,0x00000000fe580000)
  to   space 3584K, 0% used [0x00000000fe580000,0x00000000fe580000,0x00000000fe900000)
 ParOldGen       total 99840K, used 48935K [0x00000000e0000000, 0x00000000e6180000, 0x00000000f5580000)
  object space 99840K, 49% used [0x00000000e0000000,0x00000000e2fc9fd8,0x00000000e6180000)
 Metaspace       used 86882K, capacity 92934K, committed 93312K, reserved 1130496K
  class space    used 10326K, capacity 12293K, committed 12416K, reserved 1048576K
}
Event: 4922.387 GC heap before
{Heap before GC invocations=178 (full 79):
 PSYoungGen      total 147456K, used 160K [0x00000000f5580000, 0x00000000fe900000, 0x0000000100000000)
  eden space 143872K, 0% used [0x00000000f5580000,0x00000000f5580000,0x00000000fe200000)
  from space 3584K, 4% used [0x00000000fe200000,0x00000000fe228000,0x00000000fe580000)
  to   space 3584K, 0% used [0x00000000fe580000,0x00000000fe580000,0x00000000fe900000)
 ParOldGen       total 99840K, used 48935K [0x00000000e0000000, 0x00000000e6180000, 0x00000000f5580000)
  object space 99840K, 49% used [0x00000000e0000000,0x00000000e2fc9fd8,0x00000000e6180000)
 Metaspace       used 86882K, capacity 92934K, committed 93312K, reserved 1130496K
  class space    used 10326K, capacity 12293K, committed 12416K, reserved 1048576K
Event: 4922.520 GC heap after
Heap after GC invocations=178 (full 79):
 PSYoungGen      total 147456K, used 0K [0x00000000f5580000, 0x00000000fe900000, 0x0000000100000000)
  eden space 143872K, 0% used [0x00000000f5580000,0x00000000f5580000,0x00000000fe200000)
  from space 3584K, 0% used [0x00000000fe200000,0x00000000fe200000,0x00000000fe580000)
  to   space 3584K, 0% used [0x00000000fe580000,0x00000000fe580000,0x00000000fe900000)
 ParOldGen       total 99840K, used 48855K [0x00000000e0000000, 0x00000000e6180000, 0x00000000f5580000)
  object space 99840K, 48% used [0x00000000e0000000,0x00000000e2fb5d10,0x00000000e6180000)
 Metaspace       used 86882K, capacity 92934K, committed 93312K, reserved 1130496K
  class space    used 10326K, capacity 12293K, committed 12416K, reserved 1048576K
}

