# JRE version: Java(TM) SE Runtime Environment (8.0_25-b18) (build 1.8.0_25-b18)
# Java VM: Java HotSpot(TM) 64-Bit Server VM (25.25-b02 mixed mode windows-amd64 compressed oops)
Heap:
 PSYoungGen      total 93696K, used 23597K [0x00000000f5580000, 0x00000000fc600000, 0x0000000100000000)
  eden space 72192K, 32% used [0x00000000f5580000,0x00000000f6c8b438,0x00000000f9c00000)
  from space 21504K, 0% used [0x00000000fb100000,0x00000000fb100000,0x00000000fc600000)
  to   space 21504K, 0% used [0x00000000f9c00000,0x00000000f9c00000,0x00000000fb100000)
 ParOldGen       total 104960K, used 40246K [0x00000000e0000000, 0x00000000e6680000, 0x00000000f5580000)
  object space 104960K, 38% used [0x00000000e0000000,0x00000000e274d9f0,0x00000000e6680000)
 Metaspace       used 68863K, capacity 74224K, committed 74328K, reserved 1114112K
  class space    used 8597K, capacity 10300K, committed 10328K, reserved 1048576K
GC Heap History (10 events):
Event: 4.357 GC heap before
{Heap before GC invocations=12 (full 3):
 PSYoungGen      total 72704K, used 13615K [0x00000000f5580000, 0x00000000fba80000, 0x0000000100000000)
  eden space 53760K, 0% used [0x00000000f5580000,0x00000000f5580000,0x00000000f8a00000)
  from space 18944K, 71% used [0x00000000f8a00000,0x00000000f974bdb8,0x00000000f9c80000)
  to   space 19968K, 0% used [0x00000000fa700000,0x00000000fa700000,0x00000000fba80000)
 ParOldGen       total 81920K, used 28283K [0x00000000e0000000, 0x00000000e5000000, 0x00000000f5580000)
  object space 81920K, 34% used [0x00000000e0000000,0x00000000e1b9edd8,0x00000000e5000000)
 Metaspace       used 54675K, capacity 58902K, committed 59028K, reserved 1099776K
  class space    used 6728K, capacity 8071K, committed 8152K, reserved 1048576K
Event: 4.486 GC heap after
Heap after GC invocations=12 (full 3):
 PSYoungGen      total 72704K, used 0K [0x00000000f5580000, 0x00000000fba80000, 0x0000000100000000)
  eden space 53760K, 0% used [0x00000000f5580000,0x00000000f5580000,0x00000000f8a00000)
  from space 18944K, 0% used [0x00000000f8a00000,0x00000000f8a00000,0x00000000f9c80000)
  to   space 19968K, 0% used [0x00000000fa700000,0x00000000fa700000,0x00000000fba80000)
 ParOldGen       total 104960K, used 30644K [0x00000000e0000000, 0x00000000e6680000, 0x00000000f5580000)
  object space 104960K, 29% used [0x00000000e0000000,0x00000000e1ded300,0x00000000e6680000)
 Metaspace       used 54675K, capacity 58902K, committed 59028K, reserved 1099776K
  class space    used 6728K, capacity 8071K, committed 8152K, reserved 1048576K
}
Event: 4.764 GC heap before
{Heap before GC invocations=13 (full 3):
 PSYoungGen      total 72704K, used 53760K [0x00000000f5580000, 0x00000000fba80000, 0x0000000100000000)
  eden space 53760K, 100% used [0x00000000f5580000,0x00000000f8a00000,0x00000000f8a00000)
  from space 18944K, 0% used [0x00000000f8a00000,0x00000000f8a00000,0x00000000f9c80000)
  to   space 19968K, 0% used [0x00000000fa700000,0x00000000fa700000,0x00000000fba80000)
 ParOldGen       total 104960K, used 30644K [0x00000000e0000000, 0x00000000e6680000, 0x00000000f5580000)
  object space 104960K, 29% used [0x00000000e0000000,0x00000000e1ded300,0x00000000e6680000)
 Metaspace       used 57707K, capacity 62174K, committed 62296K, reserved 1103872K
  class space    used 7162K, capacity 8523K, committed 8536K, reserved 1048576K
Event: 4.774 GC heap after
Heap after GC invocations=13 (full 3):
 PSYoungGen      total 80384K, used 9942K [0x00000000f5580000, 0x00000000fb800000, 0x0000000100000000)
  eden space 62976K, 0% used [0x00000000f5580000,0x00000000f5580000,0x00000000f9300000)
  from space 17408K, 57% used [0x00000000fa700000,0x00000000fb0b5870,0x00000000fb800000)
  to   space 18944K, 0% used [0x00000000f9300000,0x00000000f9300000,0x00000000fa580000)
 ParOldGen       total 104960K, used 30652K [0x00000000e0000000, 0x00000000e6680000, 0x00000000f5580000)
  object space 104960K, 29% used [0x00000000e0000000,0x00000000e1def300,0x00000000e6680000)
 Metaspace       used 57707K, capacity 62174K, committed 62296K, reserved 1103872K
  class space    used 7162K, capacity 8523K, committed 8536K, reserved 1048576K
}
Event: 45.715 GC heap before
{Heap before GC invocations=14 (full 3):
 PSYoungGen      total 80384K, used 72918K [0x00000000f5580000, 0x00000000fb800000, 0x0000000100000000)
  eden space 62976K, 100% used [0x00000000f5580000,0x00000000f9300000,0x00000000f9300000)
  from space 17408K, 57% used [0x00000000fa700000,0x00000000fb0b5870,0x00000000fb800000)
  to   space 18944K, 0% used [0x00000000f9300000,0x00000000f9300000,0x00000000fa580000)
 ParOldGen       total 104960K, used 30652K [0x00000000e0000000, 0x00000000e6680000, 0x00000000f5580000)
  object space 104960K, 29% used [0x00000000e0000000,0x00000000e1def300,0x00000000e6680000)
 Metaspace       used 67272K, capacity 72682K, committed 72920K, reserved 1112064K
  class space    used 8424K, capacity 10106K, committed 10200K, reserved 1048576K
Event: 45.728 GC heap after
Heap after GC invocations=14 (full 3):
 PSYoungGen      total 81920K, used 18927K [0x00000000f5580000, 0x00000000fc600000, 0x0000000100000000)
  eden space 62976K, 0% used [0x00000000f5580000,0x00000000f5580000,0x00000000f9300000)
  from space 18944K, 99% used [0x00000000f9300000,0x00000000fa57bfc8,0x00000000fa580000)
  to   space 21504K, 0% used [0x00000000fb100000,0x00000000fb100000,0x00000000fc600000)
 ParOldGen       total 104960K, used 31735K [0x00000000e0000000, 0x00000000e6680000, 0x00000000f5580000)
  object space 104960K, 30% used [0x00000000e0000000,0x00000000e1efdd58,0x00000000e6680000)
 Metaspace       used 67272K, capacity 72682K, committed 72920K, reserved 1112064K
  class space    used 8424K, capacity 10106K, committed 10200K, reserved 1048576K
}
Event: 63.484 GC heap before
{Heap before GC invocations=15 (full 3):
 PSYoungGen      total 81920K, used 23577K [0x00000000f5580000, 0x00000000fc600000, 0x0000000100000000)
  eden space 62976K, 7% used [0x00000000f5580000,0x00000000f5a0a5a8,0x00000000f9300000)
  from space 18944K, 99% used [0x00000000f9300000,0x00000000fa57bfc8,0x00000000fa580000)
  to   space 21504K, 0% used [0x00000000fb100000,0x00000000fb100000,0x00000000fc600000)
 ParOldGen       total 104960K, used 31735K [0x00000000e0000000, 0x00000000e6680000, 0x00000000f5580000)
  object space 104960K, 30% used [0x00000000e0000000,0x00000000e1efdd58,0x00000000e6680000)
 Metaspace       used 67325K, capacity 72682K, committed 72920K, reserved 1112064K
  class space    used 8424K, capacity 10106K, committed 10200K, reserved 1048576K
Event: 63.492 GC heap after
Heap after GC invocations=15 (full 3):
 PSYoungGen      total 93696K, used 12680K [0x00000000f5580000, 0x00000000fc600000, 0x0000000100000000)
  eden space 72192K, 0% used [0x00000000f5580000,0x00000000f5580000,0x00000000f9c00000)
  from space 21504K, 58% used [0x00000000fb100000,0x00000000fbd62248,0x00000000fc600000)
  to   space 21504K, 0% used [0x00000000f9c00000,0x00000000f9c00000,0x00000000fb100000)
 ParOldGen       total 104960K, used 31735K [0x00000000e0000000, 0x00000000e6680000, 0x00000000f5580000)
  object space 104960K, 30% used [0x00000000e0000000,0x00000000e1efdd58,0x00000000e6680000)
 Metaspace       used 67325K, capacity 72682K, committed 72920K, reserved 1112064K
  class space    used 8424K, capacity 10106K, committed 10200K, reserved 1048576K
}
Event: 63.492 GC heap before
{Heap before GC invocations=16 (full 4):
 PSYoungGen      total 93696K, used 12680K [0x00000000f5580000, 0x00000000fc600000, 0x0000000100000000)
  eden space 72192K, 0% used [0x00000000f5580000,0x00000000f5580000,0x00000000f9c00000)
  from space 21504K, 58% used [0x00000000fb100000,0x00000000fbd62248,0x00000000fc600000)
  to   space 21504K, 0% used [0x00000000f9c00000,0x00000000f9c00000,0x00000000fb100000)
 ParOldGen       total 104960K, used 31735K [0x00000000e0000000, 0x00000000e6680000, 0x00000000f5580000)
  object space 104960K, 30% used [0x00000000e0000000,0x00000000e1efdd58,0x00000000e6680000)
 Metaspace       used 67325K, capacity 72682K, committed 72920K, reserved 1112064K
  class space    used 8424K, capacity 10106K, committed 10200K, reserved 1048576K
Event: 63.708 GC heap after
Heap after GC invocations=16 (full 4):
 PSYoungGen      total 93696K, used 0K [0x00000000f5580000, 0x00000000fc600000, 0x0000000100000000)
  eden space 72192K, 0% used [0x00000000f5580000,0x00000000f5580000,0x00000000f9c00000)
  from space 21504K, 0% used [0x00000000fb100000,0x00000000fb100000,0x00000000fc600000)
  to   space 21504K, 0% used [0x00000000f9c00000,0x00000000f9c00000,0x00000000fb100000)
 ParOldGen       total 104960K, used 40246K [0x00000000e0000000, 0x00000000e6680000, 0x00000000f5580000)
  object space 104960K, 38% used [0x00000000e0000000,0x00000000e274d9f0,0x00000000e6680000)
 Metaspace       used 67325K, capacity 72682K, committed 72920K, reserved 1112064K
  class space    used 8424K, capacity 10106K, committed 10200K, reserved 1048576K
}

