# JRE version: Java(TM) SE Runtime Environment (8.0_25-b18) (build 1.8.0_25-b18)
# Java VM: Java HotSpot(TM) 64-Bit Server VM (25.25-b02 mixed mode windows-amd64 compressed oops)
Heap:
 PSYoungGen      total 59904K, used 29756K [0x00000000f5580000, 0x00000000f9380000, 0x0000000100000000)
  eden space 56320K, 52% used [0x00000000f5580000,0x00000000f728f290,0x00000000f8c80000)
  from space 3584K, 0% used [0x00000000f9000000,0x00000000f9000000,0x00000000f9380000)
  to   space 3584K, 0% used [0x00000000f8c80000,0x00000000f8c80000,0x00000000f9000000)
 ParOldGen       total 112128K, used 36095K [0x00000000e0000000, 0x00000000e6d80000, 0x00000000f5580000)
  object space 112128K, 32% used [0x00000000e0000000,0x00000000e233fed0,0x00000000e6d80000)
 Metaspace       used 80052K, capacity 85396K, committed 85592K, reserved 1124352K
  class space    used 9274K, capacity 11064K, committed 11096K, reserved 1048576K
GC Heap History (10 events):
Event: 3309.358 GC heap before
{Heap before GC invocations=158 (full 56):
 PSYoungGen      total 58880K, used 698K [0x00000000f5580000, 0x00000000f9280000, 0x0000000100000000)
  eden space 56320K, 0% used [0x00000000f5580000,0x00000000f5580000,0x00000000f8c80000)
  from space 2560K, 27% used [0x00000000f9000000,0x00000000f90ae908,0x00000000f9280000)
  to   space 3072K, 0% used [0x00000000f8c80000,0x00000000f8c80000,0x00000000f8f80000)
 ParOldGen       total 112128K, used 37039K [0x00000000e0000000, 0x00000000e6d80000, 0x00000000f5580000)
  object space 112128K, 33% used [0x00000000e0000000,0x00000000e242bdc8,0x00000000e6d80000)
 Metaspace       used 79181K, capacity 84596K, committed 84696K, reserved 1122304K
  class space    used 9173K, capacity 10967K, committed 10968K, reserved 1048576K
Event: 3309.476 GC heap after
Heap after GC invocations=158 (full 56):
 PSYoungGen      total 58880K, used 0K [0x00000000f5580000, 0x00000000f9280000, 0x0000000100000000)
  eden space 56320K, 0% used [0x00000000f5580000,0x00000000f5580000,0x00000000f8c80000)
  from space 2560K, 0% used [0x00000000f9000000,0x00000000f9000000,0x00000000f9280000)
  to   space 3072K, 0% used [0x00000000f8c80000,0x00000000f8c80000,0x00000000f8f80000)
 ParOldGen       total 112128K, used 36912K [0x00000000e0000000, 0x00000000e6d80000, 0x00000000f5580000)
  object space 112128K, 32% used [0x00000000e0000000,0x00000000e240c1e8,0x00000000e6d80000)
 Metaspace       used 79181K, capacity 84596K, committed 84696K, reserved 1122304K
  class space    used 9173K, capacity 10967K, committed 10968K, reserved 1048576K
}
Event: 3380.352 GC heap before
{Heap before GC invocations=159 (full 56):
 PSYoungGen      total 58880K, used 44409K [0x00000000f5580000, 0x00000000f9280000, 0x0000000100000000)
  eden space 56320K, 78% used [0x00000000f5580000,0x00000000f80de788,0x00000000f8c80000)
  from space 2560K, 0% used [0x00000000f9000000,0x00000000f9000000,0x00000000f9280000)
  to   space 3072K, 0% used [0x00000000f8c80000,0x00000000f8c80000,0x00000000f8f80000)
 ParOldGen       total 112128K, used 36912K [0x00000000e0000000, 0x00000000e6d80000, 0x00000000f5580000)
  object space 112128K, 32% used [0x00000000e0000000,0x00000000e240c1e8,0x00000000e6d80000)
 Metaspace       used 79229K, capacity 84660K, committed 84696K, reserved 1122304K
  class space    used 9173K, capacity 10967K, committed 10968K, reserved 1048576K
Event: 3380.354 GC heap after
Heap after GC invocations=159 (full 56):
 PSYoungGen      total 59392K, used 1923K [0x00000000f5580000, 0x00000000f9380000, 0x0000000100000000)
  eden space 56320K, 0% used [0x00000000f5580000,0x00000000f5580000,0x00000000f8c80000)
  from space 3072K, 62% used [0x00000000f8c80000,0x00000000f8e60ed8,0x00000000f8f80000)
  to   space 3584K, 0% used [0x00000000f9000000,0x00000000f9000000,0x00000000f9380000)
 ParOldGen       total 112128K, used 36912K [0x00000000e0000000, 0x00000000e6d80000, 0x00000000f5580000)
  object space 112128K, 32% used [0x00000000e0000000,0x00000000e240c1e8,0x00000000e6d80000)
 Metaspace       used 79229K, capacity 84660K, committed 84696K, reserved 1122304K
  class space    used 9173K, capacity 10967K, committed 10968K, reserved 1048576K
}
Event: 3380.354 GC heap before
{Heap before GC invocations=160 (full 57):
 PSYoungGen      total 59392K, used 1923K [0x00000000f5580000, 0x00000000f9380000, 0x0000000100000000)
  eden space 56320K, 0% used [0x00000000f5580000,0x00000000f5580000,0x00000000f8c80000)
  from space 3072K, 62% used [0x00000000f8c80000,0x00000000f8e60ed8,0x00000000f8f80000)
  to   space 3584K, 0% used [0x00000000f9000000,0x00000000f9000000,0x00000000f9380000)
 ParOldGen       total 112128K, used 36912K [0x00000000e0000000, 0x00000000e6d80000, 0x00000000f5580000)
  object space 112128K, 32% used [0x00000000e0000000,0x00000000e240c1e8,0x00000000e6d80000)
 Metaspace       used 79229K, capacity 84660K, committed 84696K, reserved 1122304K
  class space    used 9173K, capacity 10967K, committed 10968K, reserved 1048576K
Event: 3380.468 GC heap after
Heap after GC invocations=160 (full 57):
 PSYoungGen      total 59392K, used 0K [0x00000000f5580000, 0x00000000f9380000, 0x0000000100000000)
  eden space 56320K, 0% used [0x00000000f5580000,0x00000000f5580000,0x00000000f8c80000)
  from space 3072K, 0% used [0x00000000f8c80000,0x00000000f8c80000,0x00000000f8f80000)
  to   space 3584K, 0% used [0x00000000f9000000,0x00000000f9000000,0x00000000f9380000)
 ParOldGen       total 112128K, used 36837K [0x00000000e0000000, 0x00000000e6d80000, 0x00000000f5580000)
  object space 112128K, 32% used [0x00000000e0000000,0x00000000e23f9558,0x00000000e6d80000)
 Metaspace       used 79229K, capacity 84660K, committed 84696K, reserved 1122304K
  class space    used 9173K, capacity 10967K, committed 10968K, reserved 1048576K
}
Event: 3441.693 GC heap before
{Heap before GC invocations=161 (full 57):
 PSYoungGen      total 59392K, used 11198K [0x00000000f5580000, 0x00000000f9380000, 0x0000000100000000)
  eden space 56320K, 19% used [0x00000000f5580000,0x00000000f606f9e0,0x00000000f8c80000)
  from space 3072K, 0% used [0x00000000f8c80000,0x00000000f8c80000,0x00000000f8f80000)
  to   space 3584K, 0% used [0x00000000f9000000,0x00000000f9000000,0x00000000f9380000)
 ParOldGen       total 112128K, used 36837K [0x00000000e0000000, 0x00000000e6d80000, 0x00000000f5580000)
  object space 112128K, 32% used [0x00000000e0000000,0x00000000e23f9558,0x00000000e6d80000)
 Metaspace       used 79253K, capacity 84724K, committed 84952K, reserved 1124352K
  class space    used 9173K, capacity 10967K, committed 10968K, reserved 1048576K
Event: 3441.695 GC heap after
Heap after GC invocations=161 (full 57):
 PSYoungGen      total 59904K, used 428K [0x00000000f5580000, 0x00000000f9380000, 0x0000000100000000)
  eden space 56320K, 0% used [0x00000000f5580000,0x00000000f5580000,0x00000000f8c80000)
  from space 3584K, 11% used [0x00000000f9000000,0x00000000f906b228,0x00000000f9380000)
  to   space 3584K, 0% used [0x00000000f8c80000,0x00000000f8c80000,0x00000000f9000000)
 ParOldGen       total 112128K, used 36837K [0x00000000e0000000, 0x00000000e6d80000, 0x00000000f5580000)
  object space 112128K, 32% used [0x00000000e0000000,0x00000000e23f9558,0x00000000e6d80000)
 Metaspace       used 79253K, capacity 84724K, committed 84952K, reserved 1124352K
  class space    used 9173K, capacity 10967K, committed 10968K, reserved 1048576K
}
Event: 3441.695 GC heap before
{Heap before GC invocations=162 (full 58):
 PSYoungGen      total 59904K, used 428K [0x00000000f5580000, 0x00000000f9380000, 0x0000000100000000)
  eden space 56320K, 0% used [0x00000000f5580000,0x00000000f5580000,0x00000000f8c80000)
  from space 3584K, 11% used [0x00000000f9000000,0x00000000f906b228,0x00000000f9380000)
  to   space 3584K, 0% used [0x00000000f8c80000,0x00000000f8c80000,0x00000000f9000000)
 ParOldGen       total 112128K, used 36837K [0x00000000e0000000, 0x00000000e6d80000, 0x00000000f5580000)
  object space 112128K, 32% used [0x00000000e0000000,0x00000000e23f9558,0x00000000e6d80000)
 Metaspace       used 79253K, capacity 84724K, committed 84952K, reserved 1124352K
  class space    used 9173K, capacity 10967K, committed 10968K, reserved 1048576K
Event: 3441.821 GC heap after
Heap after GC invocations=162 (full 58):
 PSYoungGen      total 59904K, used 0K [0x00000000f5580000, 0x00000000f9380000, 0x0000000100000000)
  eden space 56320K, 0% used [0x00000000f5580000,0x00000000f5580000,0x00000000f8c80000)
  from space 3584K, 0% used [0x00000000f9000000,0x00000000f9000000,0x00000000f9380000)
  to   space 3584K, 0% used [0x00000000f8c80000,0x00000000f8c80000,0x00000000f9000000)
 ParOldGen       total 112128K, used 36095K [0x00000000e0000000, 0x00000000e6d80000, 0x00000000f5580000)
  object space 112128K, 32% used [0x00000000e0000000,0x00000000e233fed0,0x00000000e6d80000)
 Metaspace       used 79245K, capacity 84712K, committed 84952K, reserved 1124352K
  class space    used 9171K, capacity 10965K, committed 10968K, reserved 1048576K
}

