# JRE version: Java(TM) SE Runtime Environment (8.0_25-b18) (build 1.8.0_25-b18)
# Java VM: Java HotSpot(TM) 64-Bit Server VM (25.25-b02 mixed mode windows-amd64 compressed oops)
Heap:
 PSYoungGen      total 141824K, used 38155K [0x00000000f5580000, 0x00000000fee80000, 0x0000000100000000)
  eden space 128000K, 29% used [0x00000000f5580000,0x00000000f7ac2e38,0x00000000fd280000)
  from space 13824K, 0% used [0x00000000fe100000,0x00000000fe100000,0x00000000fee80000)
  to   space 14336K, 0% used [0x00000000fd280000,0x00000000fd280000,0x00000000fe080000)
 ParOldGen       total 83968K, used 43868K [0x00000000e0000000, 0x00000000e5200000, 0x00000000f5580000)
  object space 83968K, 52% used [0x00000000e0000000,0x00000000e2ad7230,0x00000000e5200000)
 Metaspace       used 78090K, capacity 84046K, committed 84224K, reserved 1122304K
  class space    used 9640K, capacity 11452K, committed 11520K, reserved 1048576K
GC Heap History (10 events):
Event: 1049.714 GC heap before
{Heap before GC invocations=49 (full 19):
 PSYoungGen      total 142848K, used 397K [0x00000000f5580000, 0x00000000ff180000, 0x0000000100000000)
  eden space 128000K, 0% used [0x00000000f5580000,0x00000000f5580000,0x00000000fd280000)
  from space 14848K, 2% used [0x00000000fe300000,0x00000000fe3635f8,0x00000000ff180000)
  to   space 15872K, 0% used [0x00000000fd280000,0x00000000fd280000,0x00000000fe200000)
 ParOldGen       total 83968K, used 43486K [0x00000000e0000000, 0x00000000e5200000, 0x00000000f5580000)
  object space 83968K, 51% used [0x00000000e0000000,0x00000000e2a77bf0,0x00000000e5200000)
 Metaspace       used 76975K, capacity 82938K, committed 83072K, reserved 1120256K
  class space    used 9526K, capacity 11293K, committed 11392K, reserved 1048576K
Event: 1049.871 GC heap after
Heap after GC invocations=49 (full 19):
 PSYoungGen      total 142848K, used 0K [0x00000000f5580000, 0x00000000ff180000, 0x0000000100000000)
  eden space 128000K, 0% used [0x00000000f5580000,0x00000000f5580000,0x00000000fd280000)
  from space 14848K, 0% used [0x00000000fe300000,0x00000000fe300000,0x00000000ff180000)
  to   space 15872K, 0% used [0x00000000fd280000,0x00000000fd280000,0x00000000fe200000)
 ParOldGen       total 83968K, used 43580K [0x00000000e0000000, 0x00000000e5200000, 0x00000000f5580000)
  object space 83968K, 51% used [0x00000000e0000000,0x00000000e2a8f1d0,0x00000000e5200000)
 Metaspace       used 76962K, capacity 82914K, committed 83072K, reserved 1120256K
  class space    used 9523K, capacity 11289K, committed 11392K, reserved 1048576K
}
Event: 1109.725 GC heap before
{Heap before GC invocations=50 (full 19):
 PSYoungGen      total 142848K, used 20116K [0x00000000f5580000, 0x00000000ff180000, 0x0000000100000000)
  eden space 128000K, 15% used [0x00000000f5580000,0x00000000f6925260,0x00000000fd280000)
  from space 14848K, 0% used [0x00000000fe300000,0x00000000fe300000,0x00000000ff180000)
  to   space 15872K, 0% used [0x00000000fd280000,0x00000000fd280000,0x00000000fe200000)
 ParOldGen       total 83968K, used 43580K [0x00000000e0000000, 0x00000000e5200000, 0x00000000f5580000)
  object space 83968K, 51% used [0x00000000e0000000,0x00000000e2a8f1d0,0x00000000e5200000)
 Metaspace       used 77022K, capacity 82978K, committed 83328K, reserved 1122304K
  class space    used 9524K, capacity 11289K, committed 11392K, reserved 1048576K
Event: 1109.728 GC heap after
Heap after GC invocations=50 (full 19):
 PSYoungGen      total 129024K, used 694K [0x00000000f5580000, 0x00000000fef80000, 0x0000000100000000)
  eden space 128000K, 0% used [0x00000000f5580000,0x00000000f5580000,0x00000000fd280000)
  from space 1024K, 67% used [0x00000000fd280000,0x00000000fd32d838,0x00000000fd380000)
  to   space 14848K, 0% used [0x00000000fe100000,0x00000000fe100000,0x00000000fef80000)
 ParOldGen       total 83968K, used 43588K [0x00000000e0000000, 0x00000000e5200000, 0x00000000f5580000)
  object space 83968K, 51% used [0x00000000e0000000,0x00000000e2a911d0,0x00000000e5200000)
 Metaspace       used 77022K, capacity 82978K, committed 83328K, reserved 1122304K
  class space    used 9524K, capacity 11289K, committed 11392K, reserved 1048576K
}
Event: 1109.728 GC heap before
{Heap before GC invocations=51 (full 20):
 PSYoungGen      total 129024K, used 694K [0x00000000f5580000, 0x00000000fef80000, 0x0000000100000000)
  eden space 128000K, 0% used [0x00000000f5580000,0x00000000f5580000,0x00000000fd280000)
  from space 1024K, 67% used [0x00000000fd280000,0x00000000fd32d838,0x00000000fd380000)
  to   space 14848K, 0% used [0x00000000fe100000,0x00000000fe100000,0x00000000fef80000)
 ParOldGen       total 83968K, used 43588K [0x00000000e0000000, 0x00000000e5200000, 0x00000000f5580000)
  object space 83968K, 51% used [0x00000000e0000000,0x00000000e2a911d0,0x00000000e5200000)
 Metaspace       used 77022K, capacity 82978K, committed 83328K, reserved 1122304K
  class space    used 9524K, capacity 11289K, committed 11392K, reserved 1048576K
Event: 1109.876 GC heap after
Heap after GC invocations=51 (full 20):
 PSYoungGen      total 129024K, used 0K [0x00000000f5580000, 0x00000000fef80000, 0x0000000100000000)
  eden space 128000K, 0% used [0x00000000f5580000,0x00000000f5580000,0x00000000fd280000)
  from space 1024K, 0% used [0x00000000fd280000,0x00000000fd280000,0x00000000fd380000)
  to   space 14848K, 0% used [0x00000000fe100000,0x00000000fe100000,0x00000000fef80000)
 ParOldGen       total 83968K, used 43886K [0x00000000e0000000, 0x00000000e5200000, 0x00000000f5580000)
  object space 83968K, 52% used [0x00000000e0000000,0x00000000e2adb930,0x00000000e5200000)
 Metaspace       used 77022K, capacity 82978K, committed 83328K, reserved 1122304K
  class space    used 9524K, capacity 11289K, committed 11392K, reserved 1048576K
}
Event: 1169.735 GC heap before
{Heap before GC invocations=52 (full 20):
 PSYoungGen      total 129024K, used 8350K [0x00000000f5580000, 0x00000000fef80000, 0x0000000100000000)
  eden space 128000K, 6% used [0x00000000f5580000,0x00000000f5da7b48,0x00000000fd280000)
  from space 1024K, 0% used [0x00000000fd280000,0x00000000fd280000,0x00000000fd380000)
  to   space 14848K, 0% used [0x00000000fe100000,0x00000000fe100000,0x00000000fef80000)
 ParOldGen       total 83968K, used 43886K [0x00000000e0000000, 0x00000000e5200000, 0x00000000f5580000)
  object space 83968K, 52% used [0x00000000e0000000,0x00000000e2adb930,0x00000000e5200000)
 Metaspace       used 77060K, capacity 83042K, committed 83328K, reserved 1122304K
  class space    used 9524K, capacity 11289K, committed 11392K, reserved 1048576K
Event: 1169.739 GC heap after
Heap after GC invocations=52 (full 20):
 PSYoungGen      total 141824K, used 160K [0x00000000f5580000, 0x00000000fee80000, 0x0000000100000000)
  eden space 128000K, 0% used [0x00000000f5580000,0x00000000f5580000,0x00000000fd280000)
  from space 13824K, 1% used [0x00000000fe100000,0x00000000fe128000,0x00000000fee80000)
  to   space 14336K, 0% used [0x00000000fd280000,0x00000000fd280000,0x00000000fe080000)
 ParOldGen       total 83968K, used 43886K [0x00000000e0000000, 0x00000000e5200000, 0x00000000f5580000)
  object space 83968K, 52% used [0x00000000e0000000,0x00000000e2adb930,0x00000000e5200000)
 Metaspace       used 77060K, capacity 83042K, committed 83328K, reserved 1122304K
  class space    used 9524K, capacity 11289K, committed 11392K, reserved 1048576K
}
Event: 1169.740 GC heap before
{Heap before GC invocations=53 (full 21):
 PSYoungGen      total 141824K, used 160K [0x00000000f5580000, 0x00000000fee80000, 0x0000000100000000)
  eden space 128000K, 0% used [0x00000000f5580000,0x00000000f5580000,0x00000000fd280000)
  from space 13824K, 1% used [0x00000000fe100000,0x00000000fe128000,0x00000000fee80000)
  to   space 14336K, 0% used [0x00000000fd280000,0x00000000fd280000,0x00000000fe080000)
 ParOldGen       total 83968K, used 43886K [0x00000000e0000000, 0x00000000e5200000, 0x00000000f5580000)
  object space 83968K, 52% used [0x00000000e0000000,0x00000000e2adb930,0x00000000e5200000)
 Metaspace       used 77060K, capacity 83042K, committed 83328K, reserved 1122304K
  class space    used 9524K, capacity 11289K, committed 11392K, reserved 1048576K
Event: 1169.866 GC heap after
Heap after GC invocations=53 (full 21):
 PSYoungGen      total 141824K, used 0K [0x00000000f5580000, 0x00000000fee80000, 0x0000000100000000)
  eden space 128000K, 0% used [0x00000000f5580000,0x00000000f5580000,0x00000000fd280000)
  from space 13824K, 0% used [0x00000000fe100000,0x00000000fe100000,0x00000000fee80000)
  to   space 14336K, 0% used [0x00000000fd280000,0x00000000fd280000,0x00000000fe080000)
 ParOldGen       total 83968K, used 43868K [0x00000000e0000000, 0x00000000e5200000, 0x00000000f5580000)
  object space 83968K, 52% used [0x00000000e0000000,0x00000000e2ad7230,0x00000000e5200000)
 Metaspace       used 77060K, capacity 83042K, committed 83328K, reserved 1122304K
  class space    used 9524K, capacity 11289K, committed 11392K, reserved 1048576K
}

