# JRE version: Java(TM) SE Runtime Environment (8.0_25-b18) (build 1.8.0_25-b18)
# Java VM: Java HotSpot(TM) 64-Bit Server VM (25.25-b02 mixed mode windows-amd64 compressed oops)
Heap:
 PSYoungGen      total 72192K, used 29582K [0x00000000f5580000, 0x00000000f9d00000, 0x0000000100000000)
  eden space 71168K, 41% used [0x00000000f5580000,0x00000000f7263a08,0x00000000f9b00000)
  from space 1024K, 0% used [0x00000000f9c00000,0x00000000f9c00000,0x00000000f9d00000)
  to   space 1024K, 0% used [0x00000000f9b00000,0x00000000f9b00000,0x00000000f9c00000)
 ParOldGen       total 105472K, used 31707K [0x00000000e0000000, 0x00000000e6700000, 0x00000000f5580000)
  object space 105472K, 30% used [0x00000000e0000000,0x00000000e1ef6d18,0x00000000e6700000)
 Metaspace       used 74094K, capacity 79296K, committed 79576K, reserved 1118208K
  class space    used 8991K, capacity 10693K, committed 10712K, reserved 1048576K
GC Heap History (10 events):
Event: 5877.112 GC heap before
{Heap before GC invocations=209 (full 99):
 PSYoungGen      total 72192K, used 160K [0x00000000f5580000, 0x00000000f9d00000, 0x0000000100000000)
  eden space 71168K, 0% used [0x00000000f5580000,0x00000000f5580000,0x00000000f9b00000)
  from space 1024K, 15% used [0x00000000f9c00000,0x00000000f9c28000,0x00000000f9d00000)
  to   space 1024K, 0% used [0x00000000f9b00000,0x00000000f9b00000,0x00000000f9c00000)
 ParOldGen       total 105472K, used 31723K [0x00000000e0000000, 0x00000000e6700000, 0x00000000f5580000)
  object space 105472K, 30% used [0x00000000e0000000,0x00000000e1efad08,0x00000000e6700000)
 Metaspace       used 73038K, capacity 78402K, committed 78808K, reserved 1118208K
  class space    used 8870K, capacity 10591K, committed 10712K, reserved 1048576K
Event: 5877.202 GC heap after
Heap after GC invocations=209 (full 99):
 PSYoungGen      total 72192K, used 0K [0x00000000f5580000, 0x00000000f9d00000, 0x0000000100000000)
  eden space 71168K, 0% used [0x00000000f5580000,0x00000000f5580000,0x00000000f9b00000)
  from space 1024K, 0% used [0x00000000f9c00000,0x00000000f9c00000,0x00000000f9d00000)
  to   space 1024K, 0% used [0x00000000f9b00000,0x00000000f9b00000,0x00000000f9c00000)
 ParOldGen       total 105472K, used 31707K [0x00000000e0000000, 0x00000000e6700000, 0x00000000f5580000)
  object space 105472K, 30% used [0x00000000e0000000,0x00000000e1ef6d18,0x00000000e6700000)
 Metaspace       used 73038K, capacity 78402K, committed 78808K, reserved 1118208K
  class space    used 8870K, capacity 10591K, committed 10712K, reserved 1048576K
}
Event: 5937.121 GC heap before
{Heap before GC invocations=210 (full 99):
 PSYoungGen      total 72192K, used 2836K [0x00000000f5580000, 0x00000000f9d00000, 0x0000000100000000)
  eden space 71168K, 3% used [0x00000000f5580000,0x00000000f5845130,0x00000000f9b00000)
  from space 1024K, 0% used [0x00000000f9c00000,0x00000000f9c00000,0x00000000f9d00000)
  to   space 1024K, 0% used [0x00000000f9b00000,0x00000000f9b00000,0x00000000f9c00000)
 ParOldGen       total 105472K, used 31707K [0x00000000e0000000, 0x00000000e6700000, 0x00000000f5580000)
  object space 105472K, 30% used [0x00000000e0000000,0x00000000e1ef6d18,0x00000000e6700000)
 Metaspace       used 73038K, capacity 78402K, committed 78808K, reserved 1118208K
  class space    used 8870K, capacity 10591K, committed 10712K, reserved 1048576K
Event: 5937.200 GC heap after
Heap after GC invocations=210 (full 99):
 PSYoungGen      total 72192K, used 128K [0x00000000f5580000, 0x00000000f9d00000, 0x0000000100000000)
  eden space 71168K, 0% used [0x00000000f5580000,0x00000000f5580000,0x00000000f9b00000)
  from space 1024K, 12% used [0x00000000f9b00000,0x00000000f9b20000,0x00000000f9c00000)
  to   space 1024K, 0% used [0x00000000f9c00000,0x00000000f9c00000,0x00000000f9d00000)
 ParOldGen       total 105472K, used 31707K [0x00000000e0000000, 0x00000000e6700000, 0x00000000f5580000)
  object space 105472K, 30% used [0x00000000e0000000,0x00000000e1ef6d18,0x00000000e6700000)
 Metaspace       used 73038K, capacity 78402K, committed 78808K, reserved 1118208K
  class space    used 8870K, capacity 10591K, committed 10712K, reserved 1048576K
}
Event: 5937.200 GC heap before
{Heap before GC invocations=211 (full 100):
 PSYoungGen      total 72192K, used 128K [0x00000000f5580000, 0x00000000f9d00000, 0x0000000100000000)
  eden space 71168K, 0% used [0x00000000f5580000,0x00000000f5580000,0x00000000f9b00000)
  from space 1024K, 12% used [0x00000000f9b00000,0x00000000f9b20000,0x00000000f9c00000)
  to   space 1024K, 0% used [0x00000000f9c00000,0x00000000f9c00000,0x00000000f9d00000)
 ParOldGen       total 105472K, used 31707K [0x00000000e0000000, 0x00000000e6700000, 0x00000000f5580000)
  object space 105472K, 30% used [0x00000000e0000000,0x00000000e1ef6d18,0x00000000e6700000)
 Metaspace       used 73038K, capacity 78402K, committed 78808K, reserved 1118208K
  class space    used 8870K, capacity 10591K, committed 10712K, reserved 1048576K
Event: 5937.286 GC heap after
Heap after GC invocations=211 (full 100):
 PSYoungGen      total 72192K, used 0K [0x00000000f5580000, 0x00000000f9d00000, 0x0000000100000000)
  eden space 71168K, 0% used [0x00000000f5580000,0x00000000f5580000,0x00000000f9b00000)
  from space 1024K, 0% used [0x00000000f9b00000,0x00000000f9b00000,0x00000000f9c00000)
  to   space 1024K, 0% used [0x00000000f9c00000,0x00000000f9c00000,0x00000000f9d00000)
 ParOldGen       total 105472K, used 31707K [0x00000000e0000000, 0x00000000e6700000, 0x00000000f5580000)
  object space 105472K, 30% used [0x00000000e0000000,0x00000000e1ef6d18,0x00000000e6700000)
 Metaspace       used 73038K, capacity 78402K, committed 78808K, reserved 1118208K
  class space    used 8870K, capacity 10591K, committed 10712K, reserved 1048576K
}
Event: 5997.134 GC heap before
{Heap before GC invocations=212 (full 100):
 PSYoungGen      total 72192K, used 2836K [0x00000000f5580000, 0x00000000f9d00000, 0x0000000100000000)
  eden space 71168K, 3% used [0x00000000f5580000,0x00000000f5845170,0x00000000f9b00000)
  from space 1024K, 0% used [0x00000000f9b00000,0x00000000f9b00000,0x00000000f9c00000)
  to   space 1024K, 0% used [0x00000000f9c00000,0x00000000f9c00000,0x00000000f9d00000)
 ParOldGen       total 105472K, used 31707K [0x00000000e0000000, 0x00000000e6700000, 0x00000000f5580000)
  object space 105472K, 30% used [0x00000000e0000000,0x00000000e1ef6d18,0x00000000e6700000)
 Metaspace       used 73038K, capacity 78402K, committed 78808K, reserved 1118208K
  class space    used 8870K, capacity 10591K, committed 10712K, reserved 1048576K
Event: 5997.137 GC heap after
Heap after GC invocations=212 (full 100):
 PSYoungGen      total 72192K, used 160K [0x00000000f5580000, 0x00000000f9d00000, 0x0000000100000000)
  eden space 71168K, 0% used [0x00000000f5580000,0x00000000f5580000,0x00000000f9b00000)
  from space 1024K, 15% used [0x00000000f9c00000,0x00000000f9c28000,0x00000000f9d00000)
  to   space 1024K, 0% used [0x00000000f9b00000,0x00000000f9b00000,0x00000000f9c00000)
 ParOldGen       total 105472K, used 31707K [0x00000000e0000000, 0x00000000e6700000, 0x00000000f5580000)
  object space 105472K, 30% used [0x00000000e0000000,0x00000000e1ef6d18,0x00000000e6700000)
 Metaspace       used 73038K, capacity 78402K, committed 78808K, reserved 1118208K
  class space    used 8870K, capacity 10591K, committed 10712K, reserved 1048576K
}
Event: 5997.137 GC heap before
{Heap before GC invocations=213 (full 101):
 PSYoungGen      total 72192K, used 160K [0x00000000f5580000, 0x00000000f9d00000, 0x0000000100000000)
  eden space 71168K, 0% used [0x00000000f5580000,0x00000000f5580000,0x00000000f9b00000)
  from space 1024K, 15% used [0x00000000f9c00000,0x00000000f9c28000,0x00000000f9d00000)
  to   space 1024K, 0% used [0x00000000f9b00000,0x00000000f9b00000,0x00000000f9c00000)
 ParOldGen       total 105472K, used 31707K [0x00000000e0000000, 0x00000000e6700000, 0x00000000f5580000)
  object space 105472K, 30% used [0x00000000e0000000,0x00000000e1ef6d18,0x00000000e6700000)
 Metaspace       used 73038K, capacity 78402K, committed 78808K, reserved 1118208K
  class space    used 8870K, capacity 10591K, committed 10712K, reserved 1048576K
Event: 5997.225 GC heap after
Heap after GC invocations=213 (full 101):
 PSYoungGen      total 72192K, used 0K [0x00000000f5580000, 0x00000000f9d00000, 0x0000000100000000)
  eden space 71168K, 0% used [0x00000000f5580000,0x00000000f5580000,0x00000000f9b00000)
  from space 1024K, 0% used [0x00000000f9c00000,0x00000000f9c00000,0x00000000f9d00000)
  to   space 1024K, 0% used [0x00000000f9b00000,0x00000000f9b00000,0x00000000f9c00000)
 ParOldGen       total 105472K, used 31707K [0x00000000e0000000, 0x00000000e6700000, 0x00000000f5580000)
  object space 105472K, 30% used [0x00000000e0000000,0x00000000e1ef6d18,0x00000000e6700000)
 Metaspace       used 73038K, capacity 78402K, committed 78808K, reserved 1118208K
  class space    used 8870K, capacity 10591K, committed 10712K, reserved 1048576K
}

