# JRE version: Java(TM) SE Runtime Environment (8.0_25-b18) (build 1.8.0_25-b18)
# Java VM: Java HotSpot(TM) 64-Bit Server VM (25.25-b02 mixed mode windows-amd64 compressed oops)
Heap:
 PSYoungGen      total 84480K, used 70085K [0x00000000f5580000, 0x00000000fb800000, 0x0000000100000000)
  eden space 69120K, 89% used [0x00000000f5580000,0x00000000f920bbb0,0x00000000f9900000)
  from space 15360K, 52% used [0x00000000fa900000,0x00000000fb0e59e0,0x00000000fb800000)
  to   space 15872K, 0% used [0x00000000f9900000,0x00000000f9900000,0x00000000fa880000)
 ParOldGen       total 100864K, used 47689K [0x00000000e0000000, 0x00000000e6280000, 0x00000000f5580000)
  object space 100864K, 47% used [0x00000000e0000000,0x00000000e2e92790,0x00000000e6280000)
 Metaspace       used 81292K, capacity 86740K, committed 87040K, reserved 1124352K
  class space    used 9774K, capacity 11506K, committed 11520K, reserved 1048576K
GC Heap History (10 events):
Event: 276.034 GC heap before
{Heap before GC invocations=31 (full 6):
 PSYoungGen      total 83456K, used 18382K [0x00000000f5580000, 0x00000000fb900000, 0x0000000100000000)
  eden space 67072K, 22% used [0x00000000f5580000,0x00000000f6447e80,0x00000000f9700000)
  from space 16384K, 19% used [0x00000000fa900000,0x00000000fac2bc80,0x00000000fb900000)
  to   space 17408K, 0% used [0x00000000f9700000,0x00000000f9700000,0x00000000fa800000)
 ParOldGen       total 100864K, used 46952K [0x00000000e0000000, 0x00000000e6280000, 0x00000000f5580000)
  object space 100864K, 46% used [0x00000000e0000000,0x00000000e2dda1c0,0x00000000e6280000)
 Metaspace       used 79478K, capacity 85190K, committed 85376K, reserved 1124352K
  class space    used 9638K, capacity 11374K, committed 11392K, reserved 1048576K
Event: 276.037 GC heap after
Heap after GC invocations=31 (full 6):
 PSYoungGen      total 84480K, used 2782K [0x00000000f5580000, 0x00000000fb900000, 0x0000000100000000)
  eden space 67072K, 0% used [0x00000000f5580000,0x00000000f5580000,0x00000000f9700000)
  from space 17408K, 15% used [0x00000000f9700000,0x00000000f99b7b60,0x00000000fa800000)
  to   space 17408K, 0% used [0x00000000fa800000,0x00000000fa800000,0x00000000fb900000)
 ParOldGen       total 100864K, used 46960K [0x00000000e0000000, 0x00000000e6280000, 0x00000000f5580000)
  object space 100864K, 46% used [0x00000000e0000000,0x00000000e2ddc1c0,0x00000000e6280000)
 Metaspace       used 79478K, capacity 85190K, committed 85376K, reserved 1124352K
  class space    used 9638K, capacity 11374K, committed 11392K, reserved 1048576K
}
Event: 276.037 GC heap before
{Heap before GC invocations=32 (full 7):
 PSYoungGen      total 84480K, used 2782K [0x00000000f5580000, 0x00000000fb900000, 0x0000000100000000)
  eden space 67072K, 0% used [0x00000000f5580000,0x00000000f5580000,0x00000000f9700000)
  from space 17408K, 15% used [0x00000000f9700000,0x00000000f99b7b60,0x00000000fa800000)
  to   space 17408K, 0% used [0x00000000fa800000,0x00000000fa800000,0x00000000fb900000)
 ParOldGen       total 100864K, used 46960K [0x00000000e0000000, 0x00000000e6280000, 0x00000000f5580000)
  object space 100864K, 46% used [0x00000000e0000000,0x00000000e2ddc1c0,0x00000000e6280000)
 Metaspace       used 79478K, capacity 85190K, committed 85376K, reserved 1124352K
  class space    used 9638K, capacity 11374K, committed 11392K, reserved 1048576K
Event: 276.275 GC heap after
Heap after GC invocations=32 (full 7):
 PSYoungGen      total 84480K, used 0K [0x00000000f5580000, 0x00000000fb900000, 0x0000000100000000)
  eden space 67072K, 0% used [0x00000000f5580000,0x00000000f5580000,0x00000000f9700000)
  from space 17408K, 0% used [0x00000000f9700000,0x00000000f9700000,0x00000000fa800000)
  to   space 17408K, 0% used [0x00000000fa800000,0x00000000fa800000,0x00000000fb900000)
 ParOldGen       total 100864K, used 47673K [0x00000000e0000000, 0x00000000e6280000, 0x00000000f5580000)
  object space 100864K, 47% used [0x00000000e0000000,0x00000000e2e8e790,0x00000000e6280000)
 Metaspace       used 79478K, capacity 85190K, committed 85376K, reserved 1124352K
  class space    used 9638K, capacity 11374K, committed 11392K, reserved 1048576K
}
Event: 282.916 GC heap before
{Heap before GC invocations=33 (full 7):
 PSYoungGen      total 84480K, used 67072K [0x00000000f5580000, 0x00000000fb900000, 0x0000000100000000)
  eden space 67072K, 100% used [0x00000000f5580000,0x00000000f9700000,0x00000000f9700000)
  from space 17408K, 0% used [0x00000000f9700000,0x00000000f9700000,0x00000000fa800000)
  to   space 17408K, 0% used [0x00000000fa800000,0x00000000fa800000,0x00000000fb900000)
 ParOldGen       total 100864K, used 47673K [0x00000000e0000000, 0x00000000e6280000, 0x00000000f5580000)
  object space 100864K, 47% used [0x00000000e0000000,0x00000000e2e8e790,0x00000000e6280000)
 Metaspace       used 79601K, capacity 85254K, committed 85376K, reserved 1124352K
  class space    used 9640K, capacity 11374K, committed 11392K, reserved 1048576K
Event: 282.921 GC heap after
Heap after GC invocations=33 (full 7):
 PSYoungGen      total 84992K, used 5050K [0x00000000f5580000, 0x00000000fb880000, 0x0000000100000000)
  eden space 68096K, 0% used [0x00000000f5580000,0x00000000f5580000,0x00000000f9800000)
  from space 16896K, 29% used [0x00000000fa800000,0x00000000facee8c8,0x00000000fb880000)
  to   space 16384K, 0% used [0x00000000f9800000,0x00000000f9800000,0x00000000fa800000)
 ParOldGen       total 100864K, used 47681K [0x00000000e0000000, 0x00000000e6280000, 0x00000000f5580000)
  object space 100864K, 47% used [0x00000000e0000000,0x00000000e2e90790,0x00000000e6280000)
 Metaspace       used 79601K, capacity 85254K, committed 85376K, reserved 1124352K
  class space    used 9640K, capacity 11374K, committed 11392K, reserved 1048576K
}
Event: 289.909 GC heap before
{Heap before GC invocations=34 (full 7):
 PSYoungGen      total 84992K, used 73146K [0x00000000f5580000, 0x00000000fb880000, 0x0000000100000000)
  eden space 68096K, 100% used [0x00000000f5580000,0x00000000f9800000,0x00000000f9800000)
  from space 16896K, 29% used [0x00000000fa800000,0x00000000facee8c8,0x00000000fb880000)
  to   space 16384K, 0% used [0x00000000f9800000,0x00000000f9800000,0x00000000fa800000)
 ParOldGen       total 100864K, used 47681K [0x00000000e0000000, 0x00000000e6280000, 0x00000000f5580000)
  object space 100864K, 47% used [0x00000000e0000000,0x00000000e2e90790,0x00000000e6280000)
 Metaspace       used 79701K, capacity 85318K, committed 85376K, reserved 1124352K
  class space    used 9640K, capacity 11374K, committed 11392K, reserved 1048576K
Event: 289.913 GC heap after
Heap after GC invocations=34 (full 7):
 PSYoungGen      total 84480K, used 1984K [0x00000000f5580000, 0x00000000fb880000, 0x0000000100000000)
  eden space 68096K, 0% used [0x00000000f5580000,0x00000000f5580000,0x00000000f9800000)
  from space 16384K, 12% used [0x00000000f9800000,0x00000000f99f0010,0x00000000fa800000)
  to   space 15872K, 0% used [0x00000000fa900000,0x00000000fa900000,0x00000000fb880000)
 ParOldGen       total 100864K, used 47681K [0x00000000e0000000, 0x00000000e6280000, 0x00000000f5580000)
  object space 100864K, 47% used [0x00000000e0000000,0x00000000e2e90790,0x00000000e6280000)
 Metaspace       used 79701K, capacity 85318K, committed 85376K, reserved 1124352K
  class space    used 9640K, capacity 11374K, committed 11392K, reserved 1048576K
}
Event: 301.704 GC heap before
{Heap before GC invocations=35 (full 7):
 PSYoungGen      total 84480K, used 70080K [0x00000000f5580000, 0x00000000fb880000, 0x0000000100000000)
  eden space 68096K, 100% used [0x00000000f5580000,0x00000000f9800000,0x00000000f9800000)
  from space 16384K, 12% used [0x00000000f9800000,0x00000000f99f0010,0x00000000fa800000)
  to   space 15872K, 0% used [0x00000000fa900000,0x00000000fa900000,0x00000000fb880000)
 ParOldGen       total 100864K, used 47681K [0x00000000e0000000, 0x00000000e6280000, 0x00000000f5580000)
  object space 100864K, 47% used [0x00000000e0000000,0x00000000e2e90790,0x00000000e6280000)
 Metaspace       used 79885K, capacity 85510K, committed 85632K, reserved 1124352K
  class space    used 9640K, capacity 11374K, committed 11392K, reserved 1048576K
Event: 301.710 GC heap after
Heap after GC invocations=35 (full 7):
 PSYoungGen      total 84480K, used 8086K [0x00000000f5580000, 0x00000000fb800000, 0x0000000100000000)
  eden space 69120K, 0% used [0x00000000f5580000,0x00000000f5580000,0x00000000f9900000)
  from space 15360K, 52% used [0x00000000fa900000,0x00000000fb0e59e0,0x00000000fb800000)
  to   space 15872K, 0% used [0x00000000f9900000,0x00000000f9900000,0x00000000fa880000)
 ParOldGen       total 100864K, used 47689K [0x00000000e0000000, 0x00000000e6280000, 0x00000000f5580000)
  object space 100864K, 47% used [0x00000000e0000000,0x00000000e2e92790,0x00000000e6280000)
 Metaspace       used 79885K, capacity 85510K, committed 85632K, reserved 1124352K
  class space    used 9640K, capacity 11374K, committed 11392K, reserved 1048576K
}

