# JRE version: Java(TM) SE Runtime Environment (8.0_25-b18) (build 1.8.0_25-b18)
# Java VM: Java HotSpot(TM) 64-Bit Server VM (25.25-b02 mixed mode windows-amd64 compressed oops)
Heap:
 PSYoungGen      total 102400K, used 27240K [0x00000000f5580000, 0x00000000fc480000, 0x0000000100000000)
  eden space 92160K, 29% used [0x00000000f5580000,0x00000000f701a308,0x00000000faf80000)
  from space 10240K, 0% used [0x00000000fba80000,0x00000000fba80000,0x00000000fc480000)
  to   space 10752K, 0% used [0x00000000faf80000,0x00000000faf80000,0x00000000fba00000)
 ParOldGen       total 100352K, used 32982K [0x00000000e0000000, 0x00000000e6200000, 0x00000000f5580000)
  object space 100352K, 32% used [0x00000000e0000000,0x00000000e20358a8,0x00000000e6200000)
 Metaspace       used 75980K, capacity 81370K, committed 81496K, reserved 1120256K
  class space    used 9078K, capacity 10780K, committed 10840K, reserved 1048576K
GC Heap History (10 events):
Event: 1926.457 GC heap before
{Heap before GC invocations=96 (full 34):
 PSYoungGen      total 103424K, used 192K [0x00000000f5580000, 0x00000000fc780000, 0x0000000100000000)
  eden space 92160K, 0% used [0x00000000f5580000,0x00000000f5580000,0x00000000faf80000)
  from space 11264K, 1% used [0x00000000fbc80000,0x00000000fbcb0000,0x00000000fc780000)
  to   space 12288K, 0% used [0x00000000faf80000,0x00000000faf80000,0x00000000fbb80000)
 ParOldGen       total 100352K, used 33097K [0x00000000e0000000, 0x00000000e6200000, 0x00000000f5580000)
  object space 100352K, 32% used [0x00000000e0000000,0x00000000e20526b0,0x00000000e6200000)
 Metaspace       used 75266K, capacity 80594K, committed 80856K, reserved 1120256K
  class space    used 8996K, capacity 10649K, committed 10712K, reserved 1048576K
Event: 1926.555 GC heap after
Heap after GC invocations=96 (full 34):
 PSYoungGen      total 103424K, used 0K [0x00000000f5580000, 0x00000000fc780000, 0x0000000100000000)
  eden space 92160K, 0% used [0x00000000f5580000,0x00000000f5580000,0x00000000faf80000)
  from space 11264K, 0% used [0x00000000fbc80000,0x00000000fbc80000,0x00000000fc780000)
  to   space 12288K, 0% used [0x00000000faf80000,0x00000000faf80000,0x00000000fbb80000)
 ParOldGen       total 100352K, used 32980K [0x00000000e0000000, 0x00000000e6200000, 0x00000000f5580000)
  object space 100352K, 32% used [0x00000000e0000000,0x00000000e2035140,0x00000000e6200000)
 Metaspace       used 75266K, capacity 80594K, committed 80856K, reserved 1120256K
  class space    used 8996K, capacity 10649K, committed 10712K, reserved 1048576K
}
Event: 1986.467 GC heap before
{Heap before GC invocations=97 (full 34):
 PSYoungGen      total 103424K, used 3001K [0x00000000f5580000, 0x00000000fc780000, 0x0000000100000000)
  eden space 92160K, 3% used [0x00000000f5580000,0x00000000f586e7c8,0x00000000faf80000)
  from space 11264K, 0% used [0x00000000fbc80000,0x00000000fbc80000,0x00000000fc780000)
  to   space 12288K, 0% used [0x00000000faf80000,0x00000000faf80000,0x00000000fbb80000)
 ParOldGen       total 100352K, used 32980K [0x00000000e0000000, 0x00000000e6200000, 0x00000000f5580000)
  object space 100352K, 32% used [0x00000000e0000000,0x00000000e2035140,0x00000000e6200000)
 Metaspace       used 75285K, capacity 80594K, committed 80856K, reserved 1120256K
  class space    used 8996K, capacity 10649K, committed 10712K, reserved 1048576K
Event: 1986.469 GC heap after
Heap after GC invocations=97 (full 34):
 PSYoungGen      total 92672K, used 128K [0x00000000f5580000, 0x00000000fc580000, 0x0000000100000000)
  eden space 92160K, 0% used [0x00000000f5580000,0x00000000f5580000,0x00000000faf80000)
  from space 512K, 25% used [0x00000000faf80000,0x00000000fafa0000,0x00000000fb000000)
  to   space 11264K, 0% used [0x00000000fba80000,0x00000000fba80000,0x00000000fc580000)
 ParOldGen       total 100352K, used 32988K [0x00000000e0000000, 0x00000000e6200000, 0x00000000f5580000)
  object space 100352K, 32% used [0x00000000e0000000,0x00000000e2037140,0x00000000e6200000)
 Metaspace       used 75285K, capacity 80594K, committed 80856K, reserved 1120256K
  class space    used 8996K, capacity 10649K, committed 10712K, reserved 1048576K
}
Event: 1986.469 GC heap before
{Heap before GC invocations=98 (full 35):
 PSYoungGen      total 92672K, used 128K [0x00000000f5580000, 0x00000000fc580000, 0x0000000100000000)
  eden space 92160K, 0% used [0x00000000f5580000,0x00000000f5580000,0x00000000faf80000)
  from space 512K, 25% used [0x00000000faf80000,0x00000000fafa0000,0x00000000fb000000)
  to   space 11264K, 0% used [0x00000000fba80000,0x00000000fba80000,0x00000000fc580000)
 ParOldGen       total 100352K, used 32988K [0x00000000e0000000, 0x00000000e6200000, 0x00000000f5580000)
  object space 100352K, 32% used [0x00000000e0000000,0x00000000e2037140,0x00000000e6200000)
 Metaspace       used 75285K, capacity 80594K, committed 80856K, reserved 1120256K
  class space    used 8996K, capacity 10649K, committed 10712K, reserved 1048576K
Event: 1986.564 GC heap after
Heap after GC invocations=98 (full 35):
 PSYoungGen      total 92672K, used 0K [0x00000000f5580000, 0x00000000fc580000, 0x0000000100000000)
  eden space 92160K, 0% used [0x00000000f5580000,0x00000000f5580000,0x00000000faf80000)
  from space 512K, 0% used [0x00000000faf80000,0x00000000faf80000,0x00000000fb000000)
  to   space 11264K, 0% used [0x00000000fba80000,0x00000000fba80000,0x00000000fc580000)
 ParOldGen       total 100352K, used 32982K [0x00000000e0000000, 0x00000000e6200000, 0x00000000f5580000)
  object space 100352K, 32% used [0x00000000e0000000,0x00000000e20358a8,0x00000000e6200000)
 Metaspace       used 75285K, capacity 80594K, committed 80856K, reserved 1120256K
  class space    used 8996K, capacity 10649K, committed 10712K, reserved 1048576K
}
Event: 2046.478 GC heap before
{Heap before GC invocations=99 (full 35):
 PSYoungGen      total 92672K, used 2988K [0x00000000f5580000, 0x00000000fc580000, 0x0000000100000000)
  eden space 92160K, 3% used [0x00000000f5580000,0x00000000f586b268,0x00000000faf80000)
  from space 512K, 0% used [0x00000000faf80000,0x00000000faf80000,0x00000000fb000000)
  to   space 11264K, 0% used [0x00000000fba80000,0x00000000fba80000,0x00000000fc580000)
 ParOldGen       total 100352K, used 32982K [0x00000000e0000000, 0x00000000e6200000, 0x00000000f5580000)
  object space 100352K, 32% used [0x00000000e0000000,0x00000000e20358a8,0x00000000e6200000)
 Metaspace       used 75285K, capacity 80594K, committed 80856K, reserved 1120256K
  class space    used 8996K, capacity 10649K, committed 10712K, reserved 1048576K
Event: 2046.480 GC heap after
Heap after GC invocations=99 (full 35):
 PSYoungGen      total 102400K, used 192K [0x00000000f5580000, 0x00000000fc480000, 0x0000000100000000)
  eden space 92160K, 0% used [0x00000000f5580000,0x00000000f5580000,0x00000000faf80000)
  from space 10240K, 1% used [0x00000000fba80000,0x00000000fbab0000,0x00000000fc480000)
  to   space 10752K, 0% used [0x00000000faf80000,0x00000000faf80000,0x00000000fba00000)
 ParOldGen       total 100352K, used 32982K [0x00000000e0000000, 0x00000000e6200000, 0x00000000f5580000)
  object space 100352K, 32% used [0x00000000e0000000,0x00000000e20358a8,0x00000000e6200000)
 Metaspace       used 75285K, capacity 80594K, committed 80856K, reserved 1120256K
  class space    used 8996K, capacity 10649K, committed 10712K, reserved 1048576K
}
Event: 2046.481 GC heap before
{Heap before GC invocations=100 (full 36):
 PSYoungGen      total 102400K, used 192K [0x00000000f5580000, 0x00000000fc480000, 0x0000000100000000)
  eden space 92160K, 0% used [0x00000000f5580000,0x00000000f5580000,0x00000000faf80000)
  from space 10240K, 1% used [0x00000000fba80000,0x00000000fbab0000,0x00000000fc480000)
  to   space 10752K, 0% used [0x00000000faf80000,0x00000000faf80000,0x00000000fba00000)
 ParOldGen       total 100352K, used 32982K [0x00000000e0000000, 0x00000000e6200000, 0x00000000f5580000)
  object space 100352K, 32% used [0x00000000e0000000,0x00000000e20358a8,0x00000000e6200000)
 Metaspace       used 75285K, capacity 80594K, committed 80856K, reserved 1120256K
  class space    used 8996K, capacity 10649K, committed 10712K, reserved 1048576K
Event: 2046.573 GC heap after
Heap after GC invocations=100 (full 36):
 PSYoungGen      total 102400K, used 0K [0x00000000f5580000, 0x00000000fc480000, 0x0000000100000000)
  eden space 92160K, 0% used [0x00000000f5580000,0x00000000f5580000,0x00000000faf80000)
  from space 10240K, 0% used [0x00000000fba80000,0x00000000fba80000,0x00000000fc480000)
  to   space 10752K, 0% used [0x00000000faf80000,0x00000000faf80000,0x00000000fba00000)
 ParOldGen       total 100352K, used 32982K [0x00000000e0000000, 0x00000000e6200000, 0x00000000f5580000)
  object space 100352K, 32% used [0x00000000e0000000,0x00000000e20358a8,0x00000000e6200000)
 Metaspace       used 75285K, capacity 80594K, committed 80856K, reserved 1120256K
  class space    used 8996K, capacity 10649K, committed 10712K, reserved 1048576K
}

