# JRE version: Java(TM) SE Runtime Environment (8.0_25-b18) (build 1.8.0_25-b18)
# Java VM: Java HotSpot(TM) 64-Bit Server VM (25.25-b02 mixed mode windows-amd64 compressed oops)
Heap:
 PSYoungGen      total 97280K, used 20905K [0x00000000f5580000, 0x00000000fcd00000, 0x0000000100000000)
  eden space 73216K, 28% used [0x00000000f5580000,0x00000000f69ea5c0,0x00000000f9d00000)
  from space 24064K, 0% used [0x00000000fb580000,0x00000000fb580000,0x00000000fcd00000)
  to   space 24576K, 0% used [0x00000000f9d00000,0x00000000f9d00000,0x00000000fb500000)
 ParOldGen       total 98816K, used 45663K [0x00000000e0000000, 0x00000000e6080000, 0x00000000f5580000)
  object space 98816K, 46% used [0x00000000e0000000,0x00000000e2c97d48,0x00000000e6080000)
 Metaspace       used 75447K, capacity 80740K, committed 80984K, reserved 1120256K
  class space    used 9129K, capacity 10833K, committed 10840K, reserved 1048576K
GC Heap History (10 events):
Event: 197.884 GC heap before
{Heap before GC invocations=25 (full 5):
 PSYoungGen      total 95744K, used 71831K [0x00000000f5580000, 0x00000000fcf80000, 0x0000000100000000)
  eden space 70144K, 100% used [0x00000000f5580000,0x00000000f9a00000,0x00000000f9a00000)
  from space 25600K, 6% used [0x00000000f9a00000,0x00000000f9ba5de8,0x00000000fb300000)
  to   space 25600K, 0% used [0x00000000fb680000,0x00000000fb680000,0x00000000fcf80000)
 ParOldGen       total 98816K, used 44774K [0x00000000e0000000, 0x00000000e6080000, 0x00000000f5580000)
  object space 98816K, 45% used [0x00000000e0000000,0x00000000e2bb9aa8,0x00000000e6080000)
 Metaspace       used 74048K, capacity 79416K, committed 79704K, reserved 1118208K
  class space    used 8989K, capacity 10734K, committed 10840K, reserved 1048576K
Event: 197.887 GC heap after
Heap after GC invocations=25 (full 5):
 PSYoungGen      total 98304K, used 1716K [0x00000000f5580000, 0x00000000fcf00000, 0x0000000100000000)
  eden space 73216K, 0% used [0x00000000f5580000,0x00000000f5580000,0x00000000f9d00000)
  from space 25088K, 6% used [0x00000000fb680000,0x00000000fb82d200,0x00000000fcf00000)
  to   space 25600K, 0% used [0x00000000f9d00000,0x00000000f9d00000,0x00000000fb600000)
 ParOldGen       total 98816K, used 44782K [0x00000000e0000000, 0x00000000e6080000, 0x00000000f5580000)
  object space 98816K, 45% used [0x00000000e0000000,0x00000000e2bbbaa8,0x00000000e6080000)
 Metaspace       used 74048K, capacity 79416K, committed 79704K, reserved 1118208K
  class space    used 8989K, capacity 10734K, committed 10840K, reserved 1048576K
}
Event: 209.485 GC heap before
{Heap before GC invocations=26 (full 5):
 PSYoungGen      total 98304K, used 38826K [0x00000000f5580000, 0x00000000fcf00000, 0x0000000100000000)
  eden space 73216K, 50% used [0x00000000f5580000,0x00000000f79bd728,0x00000000f9d00000)
  from space 25088K, 6% used [0x00000000fb680000,0x00000000fb82d200,0x00000000fcf00000)
  to   space 25600K, 0% used [0x00000000f9d00000,0x00000000f9d00000,0x00000000fb600000)
 ParOldGen       total 98816K, used 44782K [0x00000000e0000000, 0x00000000e6080000, 0x00000000f5580000)
  object space 98816K, 45% used [0x00000000e0000000,0x00000000e2bbbaa8,0x00000000e6080000)
 Metaspace       used 74230K, capacity 79544K, committed 79704K, reserved 1118208K
  class space    used 8994K, capacity 10734K, committed 10840K, reserved 1048576K
Event: 209.488 GC heap after
Heap after GC invocations=26 (full 5):
 PSYoungGen      total 76288K, used 2902K [0x00000000f5580000, 0x00000000fce00000, 0x0000000100000000)
  eden space 73216K, 0% used [0x00000000f5580000,0x00000000f5580000,0x00000000f9d00000)
  from space 3072K, 94% used [0x00000000f9d00000,0x00000000f9fd5940,0x00000000fa000000)
  to   space 25088K, 0% used [0x00000000fb580000,0x00000000fb580000,0x00000000fce00000)
 ParOldGen       total 98816K, used 44790K [0x00000000e0000000, 0x00000000e6080000, 0x00000000f5580000)
  object space 98816K, 45% used [0x00000000e0000000,0x00000000e2bbdaa8,0x00000000e6080000)
 Metaspace       used 74230K, capacity 79544K, committed 79704K, reserved 1118208K
  class space    used 8994K, capacity 10734K, committed 10840K, reserved 1048576K
}
Event: 209.488 GC heap before
{Heap before GC invocations=27 (full 6):
 PSYoungGen      total 76288K, used 2902K [0x00000000f5580000, 0x00000000fce00000, 0x0000000100000000)
  eden space 73216K, 0% used [0x00000000f5580000,0x00000000f5580000,0x00000000f9d00000)
  from space 3072K, 94% used [0x00000000f9d00000,0x00000000f9fd5940,0x00000000fa000000)
  to   space 25088K, 0% used [0x00000000fb580000,0x00000000fb580000,0x00000000fce00000)
 ParOldGen       total 98816K, used 44790K [0x00000000e0000000, 0x00000000e6080000, 0x00000000f5580000)
  object space 98816K, 45% used [0x00000000e0000000,0x00000000e2bbdaa8,0x00000000e6080000)
 Metaspace       used 74230K, capacity 79544K, committed 79704K, reserved 1118208K
  class space    used 8994K, capacity 10734K, committed 10840K, reserved 1048576K
Event: 209.714 GC heap after
Heap after GC invocations=27 (full 6):
 PSYoungGen      total 76288K, used 0K [0x00000000f5580000, 0x00000000fce00000, 0x0000000100000000)
  eden space 73216K, 0% used [0x00000000f5580000,0x00000000f5580000,0x00000000f9d00000)
  from space 3072K, 0% used [0x00000000f9d00000,0x00000000f9d00000,0x00000000fa000000)
  to   space 25088K, 0% used [0x00000000fb580000,0x00000000fb580000,0x00000000fce00000)
 ParOldGen       total 98816K, used 45657K [0x00000000e0000000, 0x00000000e6080000, 0x00000000f5580000)
  object space 98816K, 46% used [0x00000000e0000000,0x00000000e2c96650,0x00000000e6080000)
 Metaspace       used 74230K, capacity 79544K, committed 79704K, reserved 1118208K
  class space    used 8994K, capacity 10734K, committed 10840K, reserved 1048576K
}
Event: 269.489 GC heap before
{Heap before GC invocations=28 (full 6):
 PSYoungGen      total 76288K, used 9880K [0x00000000f5580000, 0x00000000fce00000, 0x0000000100000000)
  eden space 73216K, 13% used [0x00000000f5580000,0x00000000f5f26340,0x00000000f9d00000)
  from space 3072K, 0% used [0x00000000f9d00000,0x00000000f9d00000,0x00000000fa000000)
  to   space 25088K, 0% used [0x00000000fb580000,0x00000000fb580000,0x00000000fce00000)
 ParOldGen       total 98816K, used 45657K [0x00000000e0000000, 0x00000000e6080000, 0x00000000f5580000)
  object space 98816K, 46% used [0x00000000e0000000,0x00000000e2c96650,0x00000000e6080000)
 Metaspace       used 74263K, capacity 79550K, committed 79704K, reserved 1118208K
  class space    used 8996K, capacity 10735K, committed 10840K, reserved 1048576K
Event: 269.491 GC heap after
Heap after GC invocations=28 (full 6):
 PSYoungGen      total 97280K, used 288K [0x00000000f5580000, 0x00000000fcd00000, 0x0000000100000000)
  eden space 73216K, 0% used [0x00000000f5580000,0x00000000f5580000,0x00000000f9d00000)
  from space 24064K, 1% used [0x00000000fb580000,0x00000000fb5c8000,0x00000000fcd00000)
  to   space 24576K, 0% used [0x00000000f9d00000,0x00000000f9d00000,0x00000000fb500000)
 ParOldGen       total 98816K, used 45665K [0x00000000e0000000, 0x00000000e6080000, 0x00000000f5580000)
  object space 98816K, 46% used [0x00000000e0000000,0x00000000e2c98650,0x00000000e6080000)
 Metaspace       used 74263K, capacity 79550K, committed 79704K, reserved 1118208K
  class space    used 8996K, capacity 10735K, committed 10840K, reserved 1048576K
}
Event: 269.491 GC heap before
{Heap before GC invocations=29 (full 7):
 PSYoungGen      total 97280K, used 288K [0x00000000f5580000, 0x00000000fcd00000, 0x0000000100000000)
  eden space 73216K, 0% used [0x00000000f5580000,0x00000000f5580000,0x00000000f9d00000)
  from space 24064K, 1% used [0x00000000fb580000,0x00000000fb5c8000,0x00000000fcd00000)
  to   space 24576K, 0% used [0x00000000f9d00000,0x00000000f9d00000,0x00000000fb500000)
 ParOldGen       total 98816K, used 45665K [0x00000000e0000000, 0x00000000e6080000, 0x00000000f5580000)
  object space 98816K, 46% used [0x00000000e0000000,0x00000000e2c98650,0x00000000e6080000)
 Metaspace       used 74263K, capacity 79550K, committed 79704K, reserved 1118208K
  class space    used 8996K, capacity 10735K, committed 10840K, reserved 1048576K
Event: 269.620 GC heap after
Heap after GC invocations=29 (full 7):
 PSYoungGen      total 97280K, used 0K [0x00000000f5580000, 0x00000000fcd00000, 0x0000000100000000)
  eden space 73216K, 0% used [0x00000000f5580000,0x00000000f5580000,0x00000000f9d00000)
  from space 24064K, 0% used [0x00000000fb580000,0x00000000fb580000,0x00000000fcd00000)
  to   space 24576K, 0% used [0x00000000f9d00000,0x00000000f9d00000,0x00000000fb500000)
 ParOldGen       total 98816K, used 45663K [0x00000000e0000000, 0x00000000e6080000, 0x00000000f5580000)
  object space 98816K, 46% used [0x00000000e0000000,0x00000000e2c97d48,0x00000000e6080000)
 Metaspace       used 74263K, capacity 79550K, committed 79704K, reserved 1118208K
  class space    used 8996K, capacity 10735K, committed 10840K, reserved 1048576K
}

