# JRE version: Java(TM) SE Runtime Environment (8.0_25-b18) (build 1.8.0_25-b18)
# Java VM: Java HotSpot(TM) 64-Bit Server VM (25.25-b02 mixed mode windows-amd64 compressed oops)
Heap:
 PSYoungGen      total 80384K, used 27346K [0x00000000f5580000, 0x00000000fbd80000, 0x0000000100000000)
  eden space 58880K, 46% used [0x00000000f5580000,0x00000000f7034a58,0x00000000f8f00000)
  from space 21504K, 0% used [0x00000000fa580000,0x00000000fa580000,0x00000000fba80000)
  to   space 23040K, 0% used [0x00000000f8f00000,0x00000000f8f00000,0x00000000fa580000)
 ParOldGen       total 95232K, used 44476K [0x00000000e0000000, 0x00000000e5d00000, 0x00000000f5580000)
  object space 95232K, 46% used [0x00000000e0000000,0x00000000e2b6f140,0x00000000e5d00000)
 Metaspace       used 72261K, capacity 77518K, committed 77784K, reserved 1116160K
  class space    used 9005K, capacity 10700K, committed 10752K, reserved 1048576K
GC Heap History (10 events):
Event: 16.117 GC heap before
{Heap before GC invocations=16 (full 3):
 PSYoungGen      total 60416K, used 43520K [0x00000000f5580000, 0x00000000fa500000, 0x0000000100000000)
  eden space 43520K, 100% used [0x00000000f5580000,0x00000000f8000000,0x00000000f8000000)
  from space 16896K, 0% used [0x00000000f9100000,0x00000000f9100000,0x00000000fa180000)
  to   space 17408K, 0% used [0x00000000f8000000,0x00000000f8000000,0x00000000f9100000)
 ParOldGen       total 95232K, used 28711K [0x00000000e0000000, 0x00000000e5d00000, 0x00000000f5580000)
  object space 95232K, 30% used [0x00000000e0000000,0x00000000e1c09e78,0x00000000e5d00000)
 Metaspace       used 57942K, capacity 62402K, committed 62552K, reserved 1103872K
  class space    used 7176K, capacity 8554K, committed 8576K, reserved 1048576K
Event: 16.125 GC heap after
Heap after GC invocations=16 (full 3):
 PSYoungGen      total 60928K, used 8750K [0x00000000f5580000, 0x00000000fa980000, 0x0000000100000000)
  eden space 43520K, 0% used [0x00000000f5580000,0x00000000f5580000,0x00000000f8000000)
  from space 17408K, 50% used [0x00000000f8000000,0x00000000f888baa8,0x00000000f9100000)
  to   space 16384K, 0% used [0x00000000f9980000,0x00000000f9980000,0x00000000fa980000)
 ParOldGen       total 95232K, used 28719K [0x00000000e0000000, 0x00000000e5d00000, 0x00000000f5580000)
  object space 95232K, 30% used [0x00000000e0000000,0x00000000e1c0be78,0x00000000e5d00000)
 Metaspace       used 57942K, capacity 62402K, committed 62552K, reserved 1103872K
  class space    used 7176K, capacity 8554K, committed 8576K, reserved 1048576K
}
Event: 18.589 GC heap before
{Heap before GC invocations=17 (full 3):
 PSYoungGen      total 60928K, used 52270K [0x00000000f5580000, 0x00000000fa980000, 0x0000000100000000)
  eden space 43520K, 100% used [0x00000000f5580000,0x00000000f8000000,0x00000000f8000000)
  from space 17408K, 50% used [0x00000000f8000000,0x00000000f888baa8,0x00000000f9100000)
  to   space 16384K, 0% used [0x00000000f9980000,0x00000000f9980000,0x00000000fa980000)
 ParOldGen       total 95232K, used 28719K [0x00000000e0000000, 0x00000000e5d00000, 0x00000000f5580000)
  object space 95232K, 30% used [0x00000000e0000000,0x00000000e1c0be78,0x00000000e5d00000)
 Metaspace       used 62494K, capacity 67096K, committed 67288K, reserved 1107968K
  class space    used 7771K, capacity 9126K, committed 9216K, reserved 1048576K
Event: 18.601 GC heap after
Heap after GC invocations=17 (full 3):
 PSYoungGen      total 68096K, used 15111K [0x00000000f5580000, 0x00000000fac00000, 0x0000000100000000)
  eden space 51712K, 0% used [0x00000000f5580000,0x00000000f5580000,0x00000000f8800000)
  from space 16384K, 92% used [0x00000000f9980000,0x00000000fa841fb0,0x00000000fa980000)
  to   space 17920K, 0% used [0x00000000f8800000,0x00000000f8800000,0x00000000f9980000)
 ParOldGen       total 95232K, used 28727K [0x00000000e0000000, 0x00000000e5d00000, 0x00000000f5580000)
  object space 95232K, 30% used [0x00000000e0000000,0x00000000e1c0de78,0x00000000e5d00000)
 Metaspace       used 62494K, capacity 67096K, committed 67288K, reserved 1107968K
  class space    used 7771K, capacity 9126K, committed 9216K, reserved 1048576K
}
Event: 39.883 GC heap before
{Heap before GC invocations=18 (full 3):
 PSYoungGen      total 68096K, used 66823K [0x00000000f5580000, 0x00000000fac00000, 0x0000000100000000)
  eden space 51712K, 100% used [0x00000000f5580000,0x00000000f8800000,0x00000000f8800000)
  from space 16384K, 92% used [0x00000000f9980000,0x00000000fa841fb0,0x00000000fa980000)
  to   space 17920K, 0% used [0x00000000f8800000,0x00000000f8800000,0x00000000f9980000)
 ParOldGen       total 95232K, used 28727K [0x00000000e0000000, 0x00000000e5d00000, 0x00000000f5580000)
  object space 95232K, 30% used [0x00000000e0000000,0x00000000e1c0de78,0x00000000e5d00000)
 Metaspace       used 69593K, capacity 75092K, committed 75224K, reserved 1114112K
  class space    used 8722K, capacity 10405K, committed 10496K, reserved 1048576K
Event: 39.896 GC heap after
Heap after GC invocations=18 (full 3):
 PSYoungGen      total 69632K, used 17917K [0x00000000f5580000, 0x00000000fba80000, 0x0000000100000000)
  eden space 51712K, 0% used [0x00000000f5580000,0x00000000f5580000,0x00000000f8800000)
  from space 17920K, 99% used [0x00000000f8800000,0x00000000f997f4d0,0x00000000f9980000)
  to   space 21504K, 0% used [0x00000000fa580000,0x00000000fa580000,0x00000000fba80000)
 ParOldGen       total 95232K, used 32088K [0x00000000e0000000, 0x00000000e5d00000, 0x00000000f5580000)
  object space 95232K, 33% used [0x00000000e0000000,0x00000000e1f561e0,0x00000000e5d00000)
 Metaspace       used 69593K, capacity 75092K, committed 75224K, reserved 1114112K
  class space    used 8722K, capacity 10405K, committed 10496K, reserved 1048576K
}
Event: 74.501 GC heap before
{Heap before GC invocations=19 (full 3):
 PSYoungGen      total 69632K, used 47854K [0x00000000f5580000, 0x00000000fba80000, 0x0000000100000000)
  eden space 51712K, 57% used [0x00000000f5580000,0x00000000f72bc6d0,0x00000000f8800000)
  from space 17920K, 99% used [0x00000000f8800000,0x00000000f997f4d0,0x00000000f9980000)
  to   space 21504K, 0% used [0x00000000fa580000,0x00000000fa580000,0x00000000fba80000)
 ParOldGen       total 95232K, used 32088K [0x00000000e0000000, 0x00000000e5d00000, 0x00000000f5580000)
  object space 95232K, 33% used [0x00000000e0000000,0x00000000e1f561e0,0x00000000e5d00000)
 Metaspace       used 70833K, capacity 76246K, committed 76376K, reserved 1116160K
  class space    used 8856K, capacity 10535K, committed 10624K, reserved 1048576K
Event: 74.513 GC heap after
Heap after GC invocations=19 (full 3):
 PSYoungGen      total 80384K, used 18401K [0x00000000f5580000, 0x00000000fbd80000, 0x0000000100000000)
  eden space 58880K, 0% used [0x00000000f5580000,0x00000000f5580000,0x00000000f8f00000)
  from space 21504K, 85% used [0x00000000fa580000,0x00000000fb778538,0x00000000fba80000)
  to   space 23040K, 0% used [0x00000000f8f00000,0x00000000f8f00000,0x00000000fa580000)
 ParOldGen       total 95232K, used 32096K [0x00000000e0000000, 0x00000000e5d00000, 0x00000000f5580000)
  object space 95232K, 33% used [0x00000000e0000000,0x00000000e1f581e0,0x00000000e5d00000)
 Metaspace       used 70833K, capacity 76246K, committed 76376K, reserved 1116160K
  class space    used 8856K, capacity 10535K, committed 10624K, reserved 1048576K
}
Event: 74.513 GC heap before
{Heap before GC invocations=20 (full 4):
 PSYoungGen      total 80384K, used 18401K [0x00000000f5580000, 0x00000000fbd80000, 0x0000000100000000)
  eden space 58880K, 0% used [0x00000000f5580000,0x00000000f5580000,0x00000000f8f00000)
  from space 21504K, 85% used [0x00000000fa580000,0x00000000fb778538,0x00000000fba80000)
  to   space 23040K, 0% used [0x00000000f8f00000,0x00000000f8f00000,0x00000000fa580000)
 ParOldGen       total 95232K, used 32096K [0x00000000e0000000, 0x00000000e5d00000, 0x00000000f5580000)
  object space 95232K, 33% used [0x00000000e0000000,0x00000000e1f581e0,0x00000000e5d00000)
 Metaspace       used 70833K, capacity 76246K, committed 76376K, reserved 1116160K
  class space    used 8856K, capacity 10535K, committed 10624K, reserved 1048576K
Event: 74.747 GC heap after
Heap after GC invocations=20 (full 4):
 PSYoungGen      total 80384K, used 0K [0x00000000f5580000, 0x00000000fbd80000, 0x0000000100000000)
  eden space 58880K, 0% used [0x00000000f5580000,0x00000000f5580000,0x00000000f8f00000)
  from space 21504K, 0% used [0x00000000fa580000,0x00000000fa580000,0x00000000fba80000)
  to   space 23040K, 0% used [0x00000000f8f00000,0x00000000f8f00000,0x00000000fa580000)
 ParOldGen       total 95232K, used 44476K [0x00000000e0000000, 0x00000000e5d00000, 0x00000000f5580000)
  object space 95232K, 46% used [0x00000000e0000000,0x00000000e2b6f140,0x00000000e5d00000)
 Metaspace       used 70833K, capacity 76246K, committed 76376K, reserved 1116160K
  class space    used 8856K, capacity 10535K, committed 10624K, reserved 1048576K
}

