# JRE version: Java(TM) SE Runtime Environment (8.0_25-b18) (build 1.8.0_25-b18)
# Java VM: Java HotSpot(TM) 64-Bit Server VM (25.25-b02 mixed mode windows-amd64 compressed oops)
Heap:
 PSYoungGen      total 59904K, used 10865K [0x00000000f5580000, 0x00000000ffc80000, 0x0000000100000000)
  eden space 58880K, 17% used [0x00000000f5580000,0x00000000f5f74458,0x00000000f8f00000)
  from space 1024K, 65% used [0x00000000f8f00000,0x00000000f8fa8000,0x00000000f9000000)
  to   space 55296K, 0% used [0x00000000fc680000,0x00000000fc680000,0x00000000ffc80000)
 ParOldGen       total 177152K, used 65183K [0x00000000e0000000, 0x00000000ead00000, 0x00000000f5580000)
  object space 177152K, 36% used [0x00000000e0000000,0x00000000e3fa7e90,0x00000000ead00000)
 Metaspace       used 85839K, capacity 91296K, committed 91648K, reserved 1128448K
  class space    used 10131K, capacity 11972K, committed 12032K, reserved 1048576K
GC Heap History (10 events):
Event: 2488.484 GC heap before
{Heap before GC invocations=135 (full 41):
 PSYoungGen      total 116736K, used 58880K [0x00000000f5580000, 0x0000000100000000, 0x0000000100000000)
  eden space 58880K, 100% used [0x00000000f5580000,0x00000000f8f00000,0x00000000f8f00000)
  from space 57856K, 0% used [0x00000000f8f00000,0x00000000f8f00000,0x00000000fc780000)
  to   space 57856K, 0% used [0x00000000fc780000,0x00000000fc780000,0x0000000100000000)
 ParOldGen       total 177152K, used 46022K [0x00000000e0000000, 0x00000000ead00000, 0x00000000f5580000)
  object space 177152K, 25% used [0x00000000e0000000,0x00000000e2cf1990,0x00000000ead00000)
 Metaspace       used 85155K, capacity 90772K, committed 91136K, reserved 1128448K
  class space    used 10056K, capacity 11905K, committed 12032K, reserved 1048576K
Event: 2488.489 GC heap after
Heap after GC invocations=135 (full 41):
 PSYoungGen      total 116736K, used 13554K [0x00000000f5580000, 0x0000000100000000, 0x0000000100000000)
  eden space 58880K, 0% used [0x00000000f5580000,0x00000000f5580000,0x00000000f8f00000)
  from space 57856K, 23% used [0x00000000fc780000,0x00000000fd4bcb88,0x0000000100000000)
  to   space 57856K, 0% used [0x00000000f8f00000,0x00000000f8f00000,0x00000000fc780000)
 ParOldGen       total 177152K, used 46030K [0x00000000e0000000, 0x00000000ead00000, 0x00000000f5580000)
  object space 177152K, 25% used [0x00000000e0000000,0x00000000e2cf3990,0x00000000ead00000)
 Metaspace       used 85155K, capacity 90772K, committed 91136K, reserved 1128448K
  class space    used 10056K, capacity 11905K, committed 12032K, reserved 1048576K
}
Event: 2493.404 GC heap before
{Heap before GC invocations=136 (full 41):
 PSYoungGen      total 116736K, used 72434K [0x00000000f5580000, 0x0000000100000000, 0x0000000100000000)
  eden space 58880K, 100% used [0x00000000f5580000,0x00000000f8f00000,0x00000000f8f00000)
  from space 57856K, 23% used [0x00000000fc780000,0x00000000fd4bcb88,0x0000000100000000)
  to   space 57856K, 0% used [0x00000000f8f00000,0x00000000f8f00000,0x00000000fc780000)
 ParOldGen       total 177152K, used 46030K [0x00000000e0000000, 0x00000000ead00000, 0x00000000f5580000)
  object space 177152K, 25% used [0x00000000e0000000,0x00000000e2cf3990,0x00000000ead00000)
 Metaspace       used 85155K, capacity 90772K, committed 91136K, reserved 1128448K
  class space    used 10056K, capacity 11905K, committed 12032K, reserved 1048576K
Event: 2493.409 GC heap after
Heap after GC invocations=136 (full 41):
 PSYoungGen      total 116736K, used 16323K [0x00000000f5580000, 0x0000000100000000, 0x0000000100000000)
  eden space 58880K, 0% used [0x00000000f5580000,0x00000000f5580000,0x00000000f8f00000)
  from space 57856K, 28% used [0x00000000f8f00000,0x00000000f9ef0d68,0x00000000fc780000)
  to   space 57856K, 0% used [0x00000000fc780000,0x00000000fc780000,0x0000000100000000)
 ParOldGen       total 177152K, used 49993K [0x00000000e0000000, 0x00000000ead00000, 0x00000000f5580000)
  object space 177152K, 28% used [0x00000000e0000000,0x00000000e30d2530,0x00000000ead00000)
 Metaspace       used 85155K, capacity 90772K, committed 91136K, reserved 1128448K
  class space    used 10056K, capacity 11905K, committed 12032K, reserved 1048576K
}
Event: 2498.165 GC heap before
{Heap before GC invocations=137 (full 41):
 PSYoungGen      total 116736K, used 17861K [0x00000000f5580000, 0x0000000100000000, 0x0000000100000000)
  eden space 58880K, 2% used [0x00000000f5580000,0x00000000f57006f0,0x00000000f8f00000)
  from space 57856K, 28% used [0x00000000f8f00000,0x00000000f9ef0d68,0x00000000fc780000)
  to   space 57856K, 0% used [0x00000000fc780000,0x00000000fc780000,0x0000000100000000)
 ParOldGen       total 177152K, used 49993K [0x00000000e0000000, 0x00000000ead00000, 0x00000000f5580000)
  object space 177152K, 28% used [0x00000000e0000000,0x00000000e30d2530,0x00000000ead00000)
 Metaspace       used 85155K, capacity 90772K, committed 91136K, reserved 1128448K
  class space    used 10056K, capacity 11905K, committed 12032K, reserved 1048576K
Event: 2498.169 GC heap after
Heap after GC invocations=137 (full 41):
 PSYoungGen      total 115712K, used 256K [0x00000000f5580000, 0x00000000fff00000, 0x0000000100000000)
  eden space 58880K, 0% used [0x00000000f5580000,0x00000000f5580000,0x00000000f8f00000)
  from space 56832K, 0% used [0x00000000fc780000,0x00000000fc7c0000,0x00000000fff00000)
  to   space 57344K, 0% used [0x00000000f8f00000,0x00000000f8f00000,0x00000000fc700000)
 ParOldGen       total 177152K, used 66220K [0x00000000e0000000, 0x00000000ead00000, 0x00000000f5580000)
  object space 177152K, 37% used [0x00000000e0000000,0x00000000e40ab298,0x00000000ead00000)
 Metaspace       used 85155K, capacity 90772K, committed 91136K, reserved 1128448K
  class space    used 10056K, capacity 11905K, committed 12032K, reserved 1048576K
}
Event: 2498.169 GC heap before
{Heap before GC invocations=138 (full 42):
 PSYoungGen      total 115712K, used 256K [0x00000000f5580000, 0x00000000fff00000, 0x0000000100000000)
  eden space 58880K, 0% used [0x00000000f5580000,0x00000000f5580000,0x00000000f8f00000)
  from space 56832K, 0% used [0x00000000fc780000,0x00000000fc7c0000,0x00000000fff00000)
  to   space 57344K, 0% used [0x00000000f8f00000,0x00000000f8f00000,0x00000000fc700000)
 ParOldGen       total 177152K, used 66220K [0x00000000e0000000, 0x00000000ead00000, 0x00000000f5580000)
  object space 177152K, 37% used [0x00000000e0000000,0x00000000e40ab298,0x00000000ead00000)
 Metaspace       used 85155K, capacity 90772K, committed 91136K, reserved 1128448K
  class space    used 10056K, capacity 11905K, committed 12032K, reserved 1048576K
Event: 2498.302 GC heap after
Heap after GC invocations=138 (full 42):
 PSYoungGen      total 115712K, used 0K [0x00000000f5580000, 0x00000000fff00000, 0x0000000100000000)
  eden space 58880K, 0% used [0x00000000f5580000,0x00000000f5580000,0x00000000f8f00000)
  from space 56832K, 0% used [0x00000000fc780000,0x00000000fc780000,0x00000000fff00000)
  to   space 57344K, 0% used [0x00000000f8f00000,0x00000000f8f00000,0x00000000fc700000)
 ParOldGen       total 177152K, used 65175K [0x00000000e0000000, 0x00000000ead00000, 0x00000000f5580000)
  object space 177152K, 36% used [0x00000000e0000000,0x00000000e3fa5e90,0x00000000ead00000)
 Metaspace       used 85155K, capacity 90772K, committed 91136K, reserved 1128448K
  class space    used 10056K, capacity 11905K, committed 12032K, reserved 1048576K
}
Event: 2510.350 GC heap before
{Heap before GC invocations=139 (full 42):
 PSYoungGen      total 115712K, used 58878K [0x00000000f5580000, 0x00000000fff00000, 0x0000000100000000)
  eden space 58880K, 99% used [0x00000000f5580000,0x00000000f8eff950,0x00000000f8f00000)
  from space 56832K, 0% used [0x00000000fc780000,0x00000000fc780000,0x00000000fff00000)
  to   space 57344K, 0% used [0x00000000f8f00000,0x00000000f8f00000,0x00000000fc700000)
 ParOldGen       total 177152K, used 65175K [0x00000000e0000000, 0x00000000ead00000, 0x00000000f5580000)
  object space 177152K, 36% used [0x00000000e0000000,0x00000000e3fa5e90,0x00000000ead00000)
 Metaspace       used 85516K, capacity 91068K, committed 91392K, reserved 1128448K
  class space    used 10103K, capacity 11940K, committed 12032K, reserved 1048576K
Event: 2510.353 GC heap after
Heap after GC invocations=139 (full 42):
 PSYoungGen      total 59904K, used 672K [0x00000000f5580000, 0x00000000ffc80000, 0x0000000100000000)
  eden space 58880K, 0% used [0x00000000f5580000,0x00000000f5580000,0x00000000f8f00000)
  from space 1024K, 65% used [0x00000000f8f00000,0x00000000f8fa8000,0x00000000f9000000)
  to   space 55296K, 0% used [0x00000000fc680000,0x00000000fc680000,0x00000000ffc80000)
 ParOldGen       total 177152K, used 65183K [0x00000000e0000000, 0x00000000ead00000, 0x00000000f5580000)
  object space 177152K, 36% used [0x00000000e0000000,0x00000000e3fa7e90,0x00000000ead00000)
 Metaspace       used 85516K, capacity 91068K, committed 91392K, reserved 1128448K
  class space    used 10103K, capacity 11940K, committed 12032K, reserved 1048576K
}

