# JRE version: Java(TM) SE Runtime Environment (8.0_25-b18) (build 1.8.0_25-b18)
# Java VM: Java HotSpot(TM) 64-Bit Server VM (25.25-b02 mixed mode windows-amd64 compressed oops)
Heap:
 PSYoungGen      total 117248K, used 38670K [0x00000000f5580000, 0x00000000ff780000, 0x0000000100000000)
  eden space 116736K, 33% used [0x00000000f5580000,0x00000000f7b43b30,0x00000000fc780000)
  from space 512K, 0% used [0x00000000fc780000,0x00000000fc780000,0x00000000fc800000)
  to   space 24576K, 0% used [0x00000000fdf80000,0x00000000fdf80000,0x00000000ff780000)
 ParOldGen       total 349696K, used 257284K [0x00000000e0000000, 0x00000000f5580000, 0x00000000f5580000)
  object space 349696K, 73% used [0x00000000e0000000,0x00000000efb41158,0x00000000f5580000)
 Metaspace       used 75076K, capacity 80488K, committed 80600K, reserved 1118208K
  class space    used 9209K, capacity 10917K, committed 10968K, reserved 1048576K
GC Heap History (10 events):
Event: 613.516 GC heap before
{Heap before GC invocations=47 (full 22):
 PSYoungGen      total 120832K, used 3678K [0x00000000f5580000, 0x00000000ffa80000, 0x0000000100000000)
  eden space 116736K, 0% used [0x00000000f5580000,0x00000000f5580000,0x00000000fc780000)
  from space 4096K, 89% used [0x00000000fc780000,0x00000000fcb17b18,0x00000000fcb80000)
  to   space 26112K, 0% used [0x00000000fe100000,0x00000000fe100000,0x00000000ffa80000)
 ParOldGen       total 349696K, used 256431K [0x00000000e0000000, 0x00000000f5580000, 0x00000000f5580000)
  object space 349696K, 73% used [0x00000000e0000000,0x00000000efa6be48,0x00000000f5580000)
 Metaspace       used 74104K, capacity 79582K, committed 79704K, reserved 1118208K
  class space    used 9103K, capacity 10788K, committed 10840K, reserved 1048576K
Event: 613.724 GC heap after
Heap after GC invocations=47 (full 22):
 PSYoungGen      total 120832K, used 0K [0x00000000f5580000, 0x00000000ffa80000, 0x0000000100000000)
  eden space 116736K, 0% used [0x00000000f5580000,0x00000000f5580000,0x00000000fc780000)
  from space 4096K, 0% used [0x00000000fc780000,0x00000000fc780000,0x00000000fcb80000)
  to   space 26112K, 0% used [0x00000000fe100000,0x00000000fe100000,0x00000000ffa80000)
 ParOldGen       total 349696K, used 257479K [0x00000000e0000000, 0x00000000f5580000, 0x00000000f5580000)
  object space 349696K, 73% used [0x00000000e0000000,0x00000000efb71cd0,0x00000000f5580000)
 Metaspace       used 74104K, capacity 79582K, committed 79704K, reserved 1118208K
  class space    used 9103K, capacity 10788K, committed 10840K, reserved 1048576K
}
Event: 673.525 GC heap before
{Heap before GC invocations=48 (full 22):
 PSYoungGen      total 120832K, used 16592K [0x00000000f5580000, 0x00000000ffa80000, 0x0000000100000000)
  eden space 116736K, 14% used [0x00000000f5580000,0x00000000f65b41c8,0x00000000fc780000)
  from space 4096K, 0% used [0x00000000fc780000,0x00000000fc780000,0x00000000fcb80000)
  to   space 26112K, 0% used [0x00000000fe100000,0x00000000fe100000,0x00000000ffa80000)
 ParOldGen       total 349696K, used 257479K [0x00000000e0000000, 0x00000000f5580000, 0x00000000f5580000)
  object space 349696K, 73% used [0x00000000e0000000,0x00000000efb71cd0,0x00000000f5580000)
 Metaspace       used 74123K, capacity 79582K, committed 79704K, reserved 1118208K
  class space    used 9103K, capacity 10788K, committed 10840K, reserved 1048576K
Event: 673.527 GC heap after
Heap after GC invocations=48 (full 22):
 PSYoungGen      total 141824K, used 224K [0x00000000f5580000, 0x00000000ff980000, 0x0000000100000000)
  eden space 116736K, 0% used [0x00000000f5580000,0x00000000f5580000,0x00000000fc780000)
  from space 25088K, 0% used [0x00000000fe100000,0x00000000fe138000,0x00000000ff980000)
  to   space 25600K, 0% used [0x00000000fc780000,0x00000000fc780000,0x00000000fe080000)
 ParOldGen       total 349696K, used 257487K [0x00000000e0000000, 0x00000000f5580000, 0x00000000f5580000)
  object space 349696K, 73% used [0x00000000e0000000,0x00000000efb73cd0,0x00000000f5580000)
 Metaspace       used 74123K, capacity 79582K, committed 79704K, reserved 1118208K
  class space    used 9103K, capacity 10788K, committed 10840K, reserved 1048576K
}
Event: 673.527 GC heap before
{Heap before GC invocations=49 (full 23):
 PSYoungGen      total 141824K, used 224K [0x00000000f5580000, 0x00000000ff980000, 0x0000000100000000)
  eden space 116736K, 0% used [0x00000000f5580000,0x00000000f5580000,0x00000000fc780000)
  from space 25088K, 0% used [0x00000000fe100000,0x00000000fe138000,0x00000000ff980000)
  to   space 25600K, 0% used [0x00000000fc780000,0x00000000fc780000,0x00000000fe080000)
 ParOldGen       total 349696K, used 257487K [0x00000000e0000000, 0x00000000f5580000, 0x00000000f5580000)
  object space 349696K, 73% used [0x00000000e0000000,0x00000000efb73cd0,0x00000000f5580000)
 Metaspace       used 74123K, capacity 79582K, committed 79704K, reserved 1118208K
  class space    used 9103K, capacity 10788K, committed 10840K, reserved 1048576K
Event: 673.716 GC heap after
Heap after GC invocations=49 (full 23):
 PSYoungGen      total 141824K, used 0K [0x00000000f5580000, 0x00000000ff980000, 0x0000000100000000)
  eden space 116736K, 0% used [0x00000000f5580000,0x00000000f5580000,0x00000000fc780000)
  from space 25088K, 0% used [0x00000000fe100000,0x00000000fe100000,0x00000000ff980000)
  to   space 25600K, 0% used [0x00000000fc780000,0x00000000fc780000,0x00000000fe080000)
 ParOldGen       total 349696K, used 257001K [0x00000000e0000000, 0x00000000f5580000, 0x00000000f5580000)
  object space 349696K, 73% used [0x00000000e0000000,0x00000000efafa5d0,0x00000000f5580000)
 Metaspace       used 74123K, capacity 79582K, committed 79704K, reserved 1118208K
  class space    used 9103K, capacity 10788K, committed 10840K, reserved 1048576K
}
Event: 733.537 GC heap before
{Heap before GC invocations=50 (full 23):
 PSYoungGen      total 141824K, used 13272K [0x00000000f5580000, 0x00000000ff980000, 0x0000000100000000)
  eden space 116736K, 11% used [0x00000000f5580000,0x00000000f62763a0,0x00000000fc780000)
  from space 25088K, 0% used [0x00000000fe100000,0x00000000fe100000,0x00000000ff980000)
  to   space 25600K, 0% used [0x00000000fc780000,0x00000000fc780000,0x00000000fe080000)
 ParOldGen       total 349696K, used 257001K [0x00000000e0000000, 0x00000000f5580000, 0x00000000f5580000)
  object space 349696K, 73% used [0x00000000e0000000,0x00000000efafa5d0,0x00000000f5580000)
 Metaspace       used 74141K, capacity 79582K, committed 79704K, reserved 1118208K
  class space    used 9103K, capacity 10788K, committed 10840K, reserved 1048576K
Event: 733.540 GC heap after
Heap after GC invocations=50 (full 23):
 PSYoungGen      total 117248K, used 480K [0x00000000f5580000, 0x00000000ff780000, 0x0000000100000000)
  eden space 116736K, 0% used [0x00000000f5580000,0x00000000f5580000,0x00000000fc780000)
  from space 512K, 93% used [0x00000000fc780000,0x00000000fc7f8000,0x00000000fc800000)
  to   space 24576K, 0% used [0x00000000fdf80000,0x00000000fdf80000,0x00000000ff780000)
 ParOldGen       total 349696K, used 257001K [0x00000000e0000000, 0x00000000f5580000, 0x00000000f5580000)
  object space 349696K, 73% used [0x00000000e0000000,0x00000000efafa5d0,0x00000000f5580000)
 Metaspace       used 74141K, capacity 79582K, committed 79704K, reserved 1118208K
  class space    used 9103K, capacity 10788K, committed 10840K, reserved 1048576K
}
Event: 733.540 GC heap before
{Heap before GC invocations=51 (full 24):
 PSYoungGen      total 117248K, used 480K [0x00000000f5580000, 0x00000000ff780000, 0x0000000100000000)
  eden space 116736K, 0% used [0x00000000f5580000,0x00000000f5580000,0x00000000fc780000)
  from space 512K, 93% used [0x00000000fc780000,0x00000000fc7f8000,0x00000000fc800000)
  to   space 24576K, 0% used [0x00000000fdf80000,0x00000000fdf80000,0x00000000ff780000)
 ParOldGen       total 349696K, used 257001K [0x00000000e0000000, 0x00000000f5580000, 0x00000000f5580000)
  object space 349696K, 73% used [0x00000000e0000000,0x00000000efafa5d0,0x00000000f5580000)
 Metaspace       used 74141K, capacity 79582K, committed 79704K, reserved 1118208K
  class space    used 9103K, capacity 10788K, committed 10840K, reserved 1048576K
Event: 733.697 GC heap after
Heap after GC invocations=51 (full 24):
 PSYoungGen      total 117248K, used 0K [0x00000000f5580000, 0x00000000ff780000, 0x0000000100000000)
  eden space 116736K, 0% used [0x00000000f5580000,0x00000000f5580000,0x00000000fc780000)
  from space 512K, 0% used [0x00000000fc780000,0x00000000fc780000,0x00000000fc800000)
  to   space 24576K, 0% used [0x00000000fdf80000,0x00000000fdf80000,0x00000000ff780000)
 ParOldGen       total 349696K, used 257284K [0x00000000e0000000, 0x00000000f5580000, 0x00000000f5580000)
  object space 349696K, 73% used [0x00000000e0000000,0x00000000efb41158,0x00000000f5580000)
 Metaspace       used 74141K, capacity 79582K, committed 79704K, reserved 1118208K
  class space    used 9103K, capacity 10788K, committed 10840K, reserved 1048576K
}

