# JRE version: Java(TM) SE Runtime Environment (8.0_25-b18) (build 1.8.0_25-b18)
# Java VM: Java HotSpot(TM) 64-Bit Server VM (25.25-b02 mixed mode windows-amd64 compressed oops)
Heap:
 PSYoungGen      total 123392K, used 20206K [0x00000000f5580000, 0x00000000ff180000, 0x0000000100000000)
  eden space 109568K, 6% used [0x00000000f5580000,0x00000000f5c34768,0x00000000fc080000)
  from space 13824K, 96% used [0x00000000fc400000,0x00000000fd107288,0x00000000fd180000)
  to   space 25088K, 0% used [0x00000000fd900000,0x00000000fd900000,0x00000000ff180000)
 ParOldGen       total 96768K, used 44599K [0x00000000e0000000, 0x00000000e5e80000, 0x00000000f5580000)
  object space 96768K, 46% used [0x00000000e0000000,0x00000000e2b8de20,0x00000000e5e80000)
 Metaspace       used 83311K, capacity 88976K, committed 89216K, reserved 1126400K
  class space    used 10210K, capacity 12074K, committed 12160K, reserved 1048576K
GC Heap History (10 events):
Event: 94.308 GC heap before
{Heap before GC invocations=25 (full 4):
 PSYoungGen      total 144896K, used 116224K [0x00000000f5580000, 0x0000000100000000, 0x0000000100000000)
  eden space 116224K, 100% used [0x00000000f5580000,0x00000000fc700000,0x00000000fc700000)
  from space 28672K, 0% used [0x00000000fe400000,0x00000000fe400000,0x0000000100000000)
  to   space 29184K, 0% used [0x00000000fc700000,0x00000000fc700000,0x00000000fe380000)
 ParOldGen       total 96768K, used 44559K [0x00000000e0000000, 0x00000000e5e80000, 0x00000000f5580000)
  object space 96768K, 46% used [0x00000000e0000000,0x00000000e2b83e20,0x00000000e5e80000)
 Metaspace       used 78176K, capacity 83628K, committed 83840K, reserved 1122304K
  class space    used 9640K, capacity 11316K, committed 11392K, reserved 1048576K
Event: 94.317 GC heap after
Heap after GC invocations=25 (full 4):
 PSYoungGen      total 145408K, used 9796K [0x00000000f5580000, 0x00000000fff80000, 0x0000000100000000)
  eden space 116224K, 0% used [0x00000000f5580000,0x00000000f5580000,0x00000000fc700000)
  from space 29184K, 33% used [0x00000000fc700000,0x00000000fd091140,0x00000000fe380000)
  to   space 28672K, 0% used [0x00000000fe380000,0x00000000fe380000,0x00000000fff80000)
 ParOldGen       total 96768K, used 44567K [0x00000000e0000000, 0x00000000e5e80000, 0x00000000f5580000)
  object space 96768K, 46% used [0x00000000e0000000,0x00000000e2b85e20,0x00000000e5e80000)
 Metaspace       used 78176K, capacity 83628K, committed 83840K, reserved 1122304K
  class space    used 9640K, capacity 11316K, committed 11392K, reserved 1048576K
}
Event: 131.931 GC heap before
{Heap before GC invocations=26 (full 4):
 PSYoungGen      total 145408K, used 126020K [0x00000000f5580000, 0x00000000fff80000, 0x0000000100000000)
  eden space 116224K, 100% used [0x00000000f5580000,0x00000000fc700000,0x00000000fc700000)
  from space 29184K, 33% used [0x00000000fc700000,0x00000000fd091140,0x00000000fe380000)
  to   space 28672K, 0% used [0x00000000fe380000,0x00000000fe380000,0x00000000fff80000)
 ParOldGen       total 96768K, used 44567K [0x00000000e0000000, 0x00000000e5e80000, 0x00000000f5580000)
  object space 96768K, 46% used [0x00000000e0000000,0x00000000e2b85e20,0x00000000e5e80000)
 Metaspace       used 79810K, capacity 85496K, committed 85632K, reserved 1124352K
  class space    used 9838K, capacity 11615K, committed 11648K, reserved 1048576K
Event: 131.940 GC heap after
Heap after GC invocations=26 (full 4):
 PSYoungGen      total 144384K, used 12096K [0x00000000f5580000, 0x00000000ffe80000, 0x0000000100000000)
  eden space 116736K, 0% used [0x00000000f5580000,0x00000000f5580000,0x00000000fc780000)
  from space 27648K, 43% used [0x00000000fe380000,0x00000000fef50150,0x00000000ffe80000)
  to   space 28160K, 0% used [0x00000000fc780000,0x00000000fc780000,0x00000000fe300000)
 ParOldGen       total 96768K, used 44575K [0x00000000e0000000, 0x00000000e5e80000, 0x00000000f5580000)
  object space 96768K, 46% used [0x00000000e0000000,0x00000000e2b87e20,0x00000000e5e80000)
 Metaspace       used 79810K, capacity 85496K, committed 85632K, reserved 1124352K
  class space    used 9838K, capacity 11615K, committed 11648K, reserved 1048576K
}
Event: 249.081 GC heap before
{Heap before GC invocations=27 (full 4):
 PSYoungGen      total 144384K, used 128832K [0x00000000f5580000, 0x00000000ffe80000, 0x0000000100000000)
  eden space 116736K, 100% used [0x00000000f5580000,0x00000000fc780000,0x00000000fc780000)
  from space 27648K, 43% used [0x00000000fe380000,0x00000000fef50150,0x00000000ffe80000)
  to   space 28160K, 0% used [0x00000000fc780000,0x00000000fc780000,0x00000000fe300000)
 ParOldGen       total 96768K, used 44575K [0x00000000e0000000, 0x00000000e5e80000, 0x00000000f5580000)
  object space 96768K, 46% used [0x00000000e0000000,0x00000000e2b87e20,0x00000000e5e80000)
 Metaspace       used 81348K, capacity 87142K, committed 87424K, reserved 1124352K
  class space    used 10028K, capacity 11849K, committed 11904K, reserved 1048576K
Event: 249.090 GC heap after
Heap after GC invocations=27 (full 4):
 PSYoungGen      total 144896K, used 15061K [0x00000000f5580000, 0x00000000ffd80000, 0x0000000100000000)
  eden space 116736K, 0% used [0x00000000f5580000,0x00000000f5580000,0x00000000fc780000)
  from space 28160K, 53% used [0x00000000fc780000,0x00000000fd635580,0x00000000fe300000)
  to   space 26624K, 0% used [0x00000000fe380000,0x00000000fe380000,0x00000000ffd80000)
 ParOldGen       total 96768K, used 44583K [0x00000000e0000000, 0x00000000e5e80000, 0x00000000f5580000)
  object space 96768K, 46% used [0x00000000e0000000,0x00000000e2b89e20,0x00000000e5e80000)
 Metaspace       used 81348K, capacity 87142K, committed 87424K, reserved 1124352K
  class space    used 10028K, capacity 11849K, committed 11904K, reserved 1048576K
}
Event: 432.287 GC heap before
{Heap before GC invocations=28 (full 4):
 PSYoungGen      total 144896K, used 131797K [0x00000000f5580000, 0x00000000ffd80000, 0x0000000100000000)
  eden space 116736K, 100% used [0x00000000f5580000,0x00000000fc780000,0x00000000fc780000)
  from space 28160K, 53% used [0x00000000fc780000,0x00000000fd635580,0x00000000fe300000)
  to   space 26624K, 0% used [0x00000000fe380000,0x00000000fe380000,0x00000000ffd80000)
 ParOldGen       total 96768K, used 44583K [0x00000000e0000000, 0x00000000e5e80000, 0x00000000f5580000)
  object space 96768K, 46% used [0x00000000e0000000,0x00000000e2b89e20,0x00000000e5e80000)
 Metaspace       used 82430K, capacity 88198K, committed 88320K, reserved 1126400K
  class space    used 10116K, capacity 11945K, committed 12032K, reserved 1048576K
Event: 432.298 GC heap after
Heap after GC invocations=28 (full 4):
 PSYoungGen      total 133120K, used 16234K [0x00000000f5580000, 0x00000000ff700000, 0x0000000100000000)
  eden space 113152K, 0% used [0x00000000f5580000,0x00000000f5580000,0x00000000fc400000)
  from space 19968K, 81% used [0x00000000fe380000,0x00000000ff35abf8,0x00000000ff700000)
  to   space 26112K, 0% used [0x00000000fc400000,0x00000000fc400000,0x00000000fdd80000)
 ParOldGen       total 96768K, used 44591K [0x00000000e0000000, 0x00000000e5e80000, 0x00000000f5580000)
  object space 96768K, 46% used [0x00000000e0000000,0x00000000e2b8be20,0x00000000e5e80000)
 Metaspace       used 82430K, capacity 88198K, committed 88320K, reserved 1126400K
  class space    used 10116K, capacity 11945K, committed 12032K, reserved 1048576K
}
Event: 584.930 GC heap before
{Heap before GC invocations=29 (full 4):
 PSYoungGen      total 133120K, used 129386K [0x00000000f5580000, 0x00000000ff700000, 0x0000000100000000)
  eden space 113152K, 100% used [0x00000000f5580000,0x00000000fc400000,0x00000000fc400000)
  from space 19968K, 81% used [0x00000000fe380000,0x00000000ff35abf8,0x00000000ff700000)
  to   space 26112K, 0% used [0x00000000fc400000,0x00000000fc400000,0x00000000fdd80000)
 ParOldGen       total 96768K, used 44591K [0x00000000e0000000, 0x00000000e5e80000, 0x00000000f5580000)
  object space 96768K, 46% used [0x00000000e0000000,0x00000000e2b8be20,0x00000000e5e80000)
 Metaspace       used 83071K, capacity 88844K, committed 88960K, reserved 1126400K
  class space    used 10188K, capacity 12074K, committed 12160K, reserved 1048576K
Event: 584.940 GC heap after
Heap after GC invocations=29 (full 4):
 PSYoungGen      total 123392K, used 13340K [0x00000000f5580000, 0x00000000ff180000, 0x0000000100000000)
  eden space 109568K, 0% used [0x00000000f5580000,0x00000000f5580000,0x00000000fc080000)
  from space 13824K, 96% used [0x00000000fc400000,0x00000000fd107288,0x00000000fd180000)
  to   space 25088K, 0% used [0x00000000fd900000,0x00000000fd900000,0x00000000ff180000)
 ParOldGen       total 96768K, used 44599K [0x00000000e0000000, 0x00000000e5e80000, 0x00000000f5580000)
  object space 96768K, 46% used [0x00000000e0000000,0x00000000e2b8de20,0x00000000e5e80000)
 Metaspace       used 83071K, capacity 88844K, committed 88960K, reserved 1126400K
  class space    used 10188K, capacity 12074K, committed 12160K, reserved 1048576K
}

