# JRE version: Java(TM) SE Runtime Environment (8.0_25-b18) (build 1.8.0_25-b18)
# Java VM: Java HotSpot(TM) 64-Bit Server VM (25.25-b02 mixed mode windows-amd64 compressed oops)
Heap:
 PSYoungGen      total 108032K, used 24703K [0x00000000f5580000, 0x00000000fdb80000, 0x0000000100000000)
  eden space 79872K, 30% used [0x00000000f5580000,0x00000000f6d9ff18,0x00000000fa380000)
  from space 28160K, 0% used [0x00000000fa380000,0x00000000fa380000,0x00000000fbf00000)
  to   space 28160K, 0% used [0x00000000fc000000,0x00000000fc000000,0x00000000fdb80000)
 ParOldGen       total 96768K, used 46844K [0x00000000e0000000, 0x00000000e5e80000, 0x00000000f5580000)
  object space 96768K, 48% used [0x00000000e0000000,0x00000000e2dbf2c0,0x00000000e5e80000)
 Metaspace       used 74937K, capacity 80464K, committed 80728K, reserved 1118208K
  class space    used 9186K, capacity 10981K, committed 11096K, reserved 1048576K
GC Heap History (10 events):
Event: 116.392 GC heap before
{Heap before GC invocations=19 (full 4):
 PSYoungGen      total 107520K, used 17959K [0x00000000f5580000, 0x00000000fd980000, 0x0000000100000000)
  eden space 80896K, 0% used [0x00000000f5580000,0x00000000f5580000,0x00000000fa480000)
  from space 26624K, 67% used [0x00000000fa480000,0x00000000fb609c28,0x00000000fbe80000)
  to   space 27136K, 0% used [0x00000000fbf00000,0x00000000fbf00000,0x00000000fd980000)
 ParOldGen       total 96768K, used 31203K [0x00000000e0000000, 0x00000000e5e80000, 0x00000000f5580000)
  object space 96768K, 32% used [0x00000000e0000000,0x00000000e1e78fd8,0x00000000e5e80000)
 Metaspace       used 72970K, capacity 78398K, committed 78552K, reserved 1118208K
  class space    used 8962K, capacity 10614K, committed 10712K, reserved 1048576K
Event: 116.645 GC heap after
Heap after GC invocations=19 (full 4):
 PSYoungGen      total 107520K, used 0K [0x00000000f5580000, 0x00000000fd980000, 0x0000000100000000)
  eden space 80896K, 0% used [0x00000000f5580000,0x00000000f5580000,0x00000000fa480000)
  from space 26624K, 0% used [0x00000000fa480000,0x00000000fa480000,0x00000000fbe80000)
  to   space 27136K, 0% used [0x00000000fbf00000,0x00000000fbf00000,0x00000000fd980000)
 ParOldGen       total 96768K, used 44188K [0x00000000e0000000, 0x00000000e5e80000, 0x00000000f5580000)
  object space 96768K, 45% used [0x00000000e0000000,0x00000000e2b27108,0x00000000e5e80000)
 Metaspace       used 72970K, capacity 78398K, committed 78552K, reserved 1118208K
  class space    used 8962K, capacity 10614K, committed 10712K, reserved 1048576K
}
Event: 176.395 GC heap before
{Heap before GC invocations=20 (full 4):
 PSYoungGen      total 107520K, used 6403K [0x00000000f5580000, 0x00000000fd980000, 0x0000000100000000)
  eden space 80896K, 7% used [0x00000000f5580000,0x00000000f5bc0f88,0x00000000fa480000)
  from space 26624K, 0% used [0x00000000fa480000,0x00000000fa480000,0x00000000fbe80000)
  to   space 27136K, 0% used [0x00000000fbf00000,0x00000000fbf00000,0x00000000fd980000)
 ParOldGen       total 96768K, used 44188K [0x00000000e0000000, 0x00000000e5e80000, 0x00000000f5580000)
  object space 96768K, 45% used [0x00000000e0000000,0x00000000e2b27108,0x00000000e5e80000)
 Metaspace       used 73024K, capacity 78462K, committed 78808K, reserved 1118208K
  class space    used 8964K, capacity 10614K, committed 10712K, reserved 1048576K
Event: 176.398 GC heap after
Heap after GC invocations=20 (full 4):
 PSYoungGen      total 107008K, used 192K [0x00000000f5580000, 0x00000000fdb80000, 0x0000000100000000)
  eden space 79872K, 0% used [0x00000000f5580000,0x00000000f5580000,0x00000000fa380000)
  from space 27136K, 0% used [0x00000000fbf00000,0x00000000fbf30000,0x00000000fd980000)
  to   space 28160K, 0% used [0x00000000fa380000,0x00000000fa380000,0x00000000fbf00000)
 ParOldGen       total 96768K, used 44196K [0x00000000e0000000, 0x00000000e5e80000, 0x00000000f5580000)
  object space 96768K, 45% used [0x00000000e0000000,0x00000000e2b29108,0x00000000e5e80000)
 Metaspace       used 73024K, capacity 78462K, committed 78808K, reserved 1118208K
  class space    used 8964K, capacity 10614K, committed 10712K, reserved 1048576K
}
Event: 176.398 GC heap before
{Heap before GC invocations=21 (full 5):
 PSYoungGen      total 107008K, used 192K [0x00000000f5580000, 0x00000000fdb80000, 0x0000000100000000)
  eden space 79872K, 0% used [0x00000000f5580000,0x00000000f5580000,0x00000000fa380000)
  from space 27136K, 0% used [0x00000000fbf00000,0x00000000fbf30000,0x00000000fd980000)
  to   space 28160K, 0% used [0x00000000fa380000,0x00000000fa380000,0x00000000fbf00000)
 ParOldGen       total 96768K, used 44196K [0x00000000e0000000, 0x00000000e5e80000, 0x00000000f5580000)
  object space 96768K, 45% used [0x00000000e0000000,0x00000000e2b29108,0x00000000e5e80000)
 Metaspace       used 73024K, capacity 78462K, committed 78808K, reserved 1118208K
  class space    used 8964K, capacity 10614K, committed 10712K, reserved 1048576K
Event: 176.651 GC heap after
Heap after GC invocations=21 (full 5):
 PSYoungGen      total 107008K, used 0K [0x00000000f5580000, 0x00000000fdb80000, 0x0000000100000000)
  eden space 79872K, 0% used [0x00000000f5580000,0x00000000f5580000,0x00000000fa380000)
  from space 27136K, 0% used [0x00000000fbf00000,0x00000000fbf00000,0x00000000fd980000)
  to   space 28160K, 0% used [0x00000000fa380000,0x00000000fa380000,0x00000000fbf00000)
 ParOldGen       total 96768K, used 44189K [0x00000000e0000000, 0x00000000e5e80000, 0x00000000f5580000)
  object space 96768K, 45% used [0x00000000e0000000,0x00000000e2b27770,0x00000000e5e80000)
 Metaspace       used 73024K, capacity 78462K, committed 78808K, reserved 1118208K
  class space    used 8964K, capacity 10614K, committed 10712K, reserved 1048576K
}
Event: 244.603 GC heap before
{Heap before GC invocations=22 (full 5):
 PSYoungGen      total 107008K, used 48583K [0x00000000f5580000, 0x00000000fdb80000, 0x0000000100000000)
  eden space 79872K, 60% used [0x00000000f5580000,0x00000000f84f1e10,0x00000000fa380000)
  from space 27136K, 0% used [0x00000000fbf00000,0x00000000fbf00000,0x00000000fd980000)
  to   space 28160K, 0% used [0x00000000fa380000,0x00000000fa380000,0x00000000fbf00000)
 ParOldGen       total 96768K, used 44189K [0x00000000e0000000, 0x00000000e5e80000, 0x00000000f5580000)
  object space 96768K, 45% used [0x00000000e0000000,0x00000000e2b27770,0x00000000e5e80000)
 Metaspace       used 73723K, capacity 79134K, committed 79448K, reserved 1118208K
  class space    used 9057K, capacity 10754K, committed 10840K, reserved 1048576K
Event: 244.606 GC heap after
Heap after GC invocations=22 (full 5):
 PSYoungGen      total 108032K, used 2910K [0x00000000f5580000, 0x00000000fdb80000, 0x0000000100000000)
  eden space 79872K, 0% used [0x00000000f5580000,0x00000000f5580000,0x00000000fa380000)
  from space 28160K, 10% used [0x00000000fa380000,0x00000000fa6578d8,0x00000000fbf00000)
  to   space 28160K, 0% used [0x00000000fc000000,0x00000000fc000000,0x00000000fdb80000)
 ParOldGen       total 96768K, used 44197K [0x00000000e0000000, 0x00000000e5e80000, 0x00000000f5580000)
  object space 96768K, 45% used [0x00000000e0000000,0x00000000e2b29770,0x00000000e5e80000)
 Metaspace       used 73723K, capacity 79134K, committed 79448K, reserved 1118208K
  class space    used 9057K, capacity 10754K, committed 10840K, reserved 1048576K
}
Event: 244.606 GC heap before
{Heap before GC invocations=23 (full 6):
 PSYoungGen      total 108032K, used 2910K [0x00000000f5580000, 0x00000000fdb80000, 0x0000000100000000)
  eden space 79872K, 0% used [0x00000000f5580000,0x00000000f5580000,0x00000000fa380000)
  from space 28160K, 10% used [0x00000000fa380000,0x00000000fa6578d8,0x00000000fbf00000)
  to   space 28160K, 0% used [0x00000000fc000000,0x00000000fc000000,0x00000000fdb80000)
 ParOldGen       total 96768K, used 44197K [0x00000000e0000000, 0x00000000e5e80000, 0x00000000f5580000)
  object space 96768K, 45% used [0x00000000e0000000,0x00000000e2b29770,0x00000000e5e80000)
 Metaspace       used 73723K, capacity 79134K, committed 79448K, reserved 1118208K
  class space    used 9057K, capacity 10754K, committed 10840K, reserved 1048576K
Event: 244.799 GC heap after
Heap after GC invocations=23 (full 6):
 PSYoungGen      total 108032K, used 0K [0x00000000f5580000, 0x00000000fdb80000, 0x0000000100000000)
  eden space 79872K, 0% used [0x00000000f5580000,0x00000000f5580000,0x00000000fa380000)
  from space 28160K, 0% used [0x00000000fa380000,0x00000000fa380000,0x00000000fbf00000)
  to   space 28160K, 0% used [0x00000000fc000000,0x00000000fc000000,0x00000000fdb80000)
 ParOldGen       total 96768K, used 46844K [0x00000000e0000000, 0x00000000e5e80000, 0x00000000f5580000)
  object space 96768K, 48% used [0x00000000e0000000,0x00000000e2dbf2c0,0x00000000e5e80000)
 Metaspace       used 73723K, capacity 79134K, committed 79448K, reserved 1118208K
  class space    used 9057K, capacity 10754K, committed 10840K, reserved 1048576K
}

