# JRE version: Java(TM) SE Runtime Environment (8.0_25-b18) (build 1.8.0_25-b18)
# Java VM: Java HotSpot(TM) 64-Bit Server VM (25.25-b02 mixed mode windows-amd64 compressed oops)
Heap:
 PSYoungGen      total 89088K, used 27448K [0x00000000f5580000, 0x00000000fdd00000, 0x0000000100000000)
  eden space 88576K, 30% used [0x00000000f5580000,0x00000000f704e138,0x00000000fac00000)
  from space 512K, 0% used [0x00000000fac00000,0x00000000fac00000,0x00000000fac80000)
  to   space 25088K, 0% used [0x00000000fc480000,0x00000000fc480000,0x00000000fdd00000)
 ParOldGen       total 349696K, used 255508K [0x00000000e0000000, 0x00000000f5580000, 0x00000000f5580000)
  object space 349696K, 73% used [0x00000000e0000000,0x00000000ef985180,0x00000000f5580000)
 Metaspace       used 73035K, capacity 78374K, committed 78680K, reserved 1118208K
  class space    used 8987K, capacity 10751K, committed 10840K, reserved 1048576K
GC Heap History (10 events):
Event: 309.891 GC heap before
{Heap before GC invocations=38 (full 20):
 PSYoungGen      total 89600K, used 864K [0x00000000f5580000, 0x00000000fe000000, 0x0000000100000000)
  eden space 88576K, 0% used [0x00000000f5580000,0x00000000f5580000,0x00000000fac00000)
  from space 1024K, 84% used [0x00000000fac00000,0x00000000facd8000,0x00000000fad00000)
  to   space 26624K, 0% used [0x00000000fc600000,0x00000000fc600000,0x00000000fe000000)
 ParOldGen       total 349696K, used 254999K [0x00000000e0000000, 0x00000000f5580000, 0x00000000f5580000)
  object space 349696K, 72% used [0x00000000e0000000,0x00000000ef905cf0,0x00000000f5580000)
 Metaspace       used 71950K, capacity 77468K, committed 77784K, reserved 1116160K
  class space    used 8871K, capacity 10622K, committed 10712K, reserved 1048576K
Event: 310.064 GC heap after
Heap after GC invocations=38 (full 20):
 PSYoungGen      total 89600K, used 0K [0x00000000f5580000, 0x00000000fe000000, 0x0000000100000000)
  eden space 88576K, 0% used [0x00000000f5580000,0x00000000f5580000,0x00000000fac00000)
  from space 1024K, 0% used [0x00000000fac00000,0x00000000fac00000,0x00000000fad00000)
  to   space 26624K, 0% used [0x00000000fc600000,0x00000000fc600000,0x00000000fe000000)
 ParOldGen       total 349696K, used 255647K [0x00000000e0000000, 0x00000000f5580000, 0x00000000f5580000)
  object space 349696K, 73% used [0x00000000e0000000,0x00000000ef9a7e48,0x00000000f5580000)
 Metaspace       used 71950K, capacity 77468K, committed 77784K, reserved 1116160K
  class space    used 8871K, capacity 10622K, committed 10712K, reserved 1048576K
}
Event: 369.902 GC heap before
{Heap before GC invocations=39 (full 20):
 PSYoungGen      total 89600K, used 7313K [0x00000000f5580000, 0x00000000fe000000, 0x0000000100000000)
  eden space 88576K, 8% used [0x00000000f5580000,0x00000000f5ca4500,0x00000000fac00000)
  from space 1024K, 0% used [0x00000000fac00000,0x00000000fac00000,0x00000000fad00000)
  to   space 26624K, 0% used [0x00000000fc600000,0x00000000fc600000,0x00000000fe000000)
 ParOldGen       total 349696K, used 255647K [0x00000000e0000000, 0x00000000f5580000, 0x00000000f5580000)
  object space 349696K, 73% used [0x00000000e0000000,0x00000000ef9a7e48,0x00000000f5580000)
 Metaspace       used 72051K, capacity 77468K, committed 77784K, reserved 1116160K
  class space    used 8876K, capacity 10622K, committed 10712K, reserved 1048576K
Event: 369.904 GC heap after
Heap after GC invocations=39 (full 20):
 PSYoungGen      total 114176K, used 416K [0x00000000f5580000, 0x00000000fdf00000, 0x0000000100000000)
  eden space 88576K, 0% used [0x00000000f5580000,0x00000000f5580000,0x00000000fac00000)
  from space 25600K, 1% used [0x00000000fc600000,0x00000000fc668000,0x00000000fdf00000)
  to   space 26112K, 0% used [0x00000000fac00000,0x00000000fac00000,0x00000000fc580000)
 ParOldGen       total 349696K, used 255647K [0x00000000e0000000, 0x00000000f5580000, 0x00000000f5580000)
  object space 349696K, 73% used [0x00000000e0000000,0x00000000ef9a7e48,0x00000000f5580000)
 Metaspace       used 72051K, capacity 77468K, committed 77784K, reserved 1116160K
  class space    used 8876K, capacity 10622K, committed 10712K, reserved 1048576K
}
Event: 369.904 GC heap before
{Heap before GC invocations=40 (full 21):
 PSYoungGen      total 114176K, used 416K [0x00000000f5580000, 0x00000000fdf00000, 0x0000000100000000)
  eden space 88576K, 0% used [0x00000000f5580000,0x00000000f5580000,0x00000000fac00000)
  from space 25600K, 1% used [0x00000000fc600000,0x00000000fc668000,0x00000000fdf00000)
  to   space 26112K, 0% used [0x00000000fac00000,0x00000000fac00000,0x00000000fc580000)
 ParOldGen       total 349696K, used 255647K [0x00000000e0000000, 0x00000000f5580000, 0x00000000f5580000)
  object space 349696K, 73% used [0x00000000e0000000,0x00000000ef9a7e48,0x00000000f5580000)
 Metaspace       used 72051K, capacity 77468K, committed 77784K, reserved 1116160K
  class space    used 8876K, capacity 10622K, committed 10712K, reserved 1048576K
Event: 370.113 GC heap after
Heap after GC invocations=40 (full 21):
 PSYoungGen      total 114176K, used 0K [0x00000000f5580000, 0x00000000fdf00000, 0x0000000100000000)
  eden space 88576K, 0% used [0x00000000f5580000,0x00000000f5580000,0x00000000fac00000)
  from space 25600K, 0% used [0x00000000fc600000,0x00000000fc600000,0x00000000fdf00000)
  to   space 26112K, 0% used [0x00000000fac00000,0x00000000fac00000,0x00000000fc580000)
 ParOldGen       total 349696K, used 255555K [0x00000000e0000000, 0x00000000f5580000, 0x00000000f5580000)
  object space 349696K, 73% used [0x00000000e0000000,0x00000000ef990f88,0x00000000f5580000)
 Metaspace       used 72051K, capacity 77468K, committed 77784K, reserved 1116160K
  class space    used 8876K, capacity 10622K, committed 10712K, reserved 1048576K
}
Event: 429.914 GC heap before
{Heap before GC invocations=41 (full 21):
 PSYoungGen      total 114176K, used 4052K [0x00000000f5580000, 0x00000000fdf00000, 0x0000000100000000)
  eden space 88576K, 4% used [0x00000000f5580000,0x00000000f5975260,0x00000000fac00000)
  from space 25600K, 0% used [0x00000000fc600000,0x00000000fc600000,0x00000000fdf00000)
  to   space 26112K, 0% used [0x00000000fac00000,0x00000000fac00000,0x00000000fc580000)
 ParOldGen       total 349696K, used 255555K [0x00000000e0000000, 0x00000000f5580000, 0x00000000f5580000)
  object space 349696K, 73% used [0x00000000e0000000,0x00000000ef990f88,0x00000000f5580000)
 Metaspace       used 72058K, capacity 77468K, committed 77784K, reserved 1116160K
  class space    used 8876K, capacity 10622K, committed 10712K, reserved 1048576K
Event: 429.916 GC heap after
Heap after GC invocations=41 (full 21):
 PSYoungGen      total 89088K, used 160K [0x00000000f5580000, 0x00000000fdd00000, 0x0000000100000000)
  eden space 88576K, 0% used [0x00000000f5580000,0x00000000f5580000,0x00000000fac00000)
  from space 512K, 31% used [0x00000000fac00000,0x00000000fac28000,0x00000000fac80000)
  to   space 25088K, 0% used [0x00000000fc480000,0x00000000fc480000,0x00000000fdd00000)
 ParOldGen       total 349696K, used 255555K [0x00000000e0000000, 0x00000000f5580000, 0x00000000f5580000)
  object space 349696K, 73% used [0x00000000e0000000,0x00000000ef990f88,0x00000000f5580000)
 Metaspace       used 72058K, capacity 77468K, committed 77784K, reserved 1116160K
  class space    used 8876K, capacity 10622K, committed 10712K, reserved 1048576K
}
Event: 429.916 GC heap before
{Heap before GC invocations=42 (full 22):
 PSYoungGen      total 89088K, used 160K [0x00000000f5580000, 0x00000000fdd00000, 0x0000000100000000)
  eden space 88576K, 0% used [0x00000000f5580000,0x00000000f5580000,0x00000000fac00000)
  from space 512K, 31% used [0x00000000fac00000,0x00000000fac28000,0x00000000fac80000)
  to   space 25088K, 0% used [0x00000000fc480000,0x00000000fc480000,0x00000000fdd00000)
 ParOldGen       total 349696K, used 255555K [0x00000000e0000000, 0x00000000f5580000, 0x00000000f5580000)
  object space 349696K, 73% used [0x00000000e0000000,0x00000000ef990f88,0x00000000f5580000)
 Metaspace       used 72058K, capacity 77468K, committed 77784K, reserved 1116160K
  class space    used 8876K, capacity 10622K, committed 10712K, reserved 1048576K
Event: 430.043 GC heap after
Heap after GC invocations=42 (full 22):
 PSYoungGen      total 89088K, used 0K [0x00000000f5580000, 0x00000000fdd00000, 0x0000000100000000)
  eden space 88576K, 0% used [0x00000000f5580000,0x00000000f5580000,0x00000000fac00000)
  from space 512K, 0% used [0x00000000fac00000,0x00000000fac00000,0x00000000fac80000)
  to   space 25088K, 0% used [0x00000000fc480000,0x00000000fc480000,0x00000000fdd00000)
 ParOldGen       total 349696K, used 255508K [0x00000000e0000000, 0x00000000f5580000, 0x00000000f5580000)
  object space 349696K, 73% used [0x00000000e0000000,0x00000000ef985180,0x00000000f5580000)
 Metaspace       used 72058K, capacity 77468K, committed 77784K, reserved 1116160K
  class space    used 8876K, capacity 10622K, committed 10712K, reserved 1048576K
}

