# JRE version: Java(TM) SE Runtime Environment (8.0_25-b18) (build 1.8.0_25-b18)
# Java VM: Java HotSpot(TM) 64-Bit Server VM (25.25-b02 mixed mode windows-amd64 compressed oops)
Heap:
 PSYoungGen      total 105472K, used 9059K [0x00000000f5580000, 0x00000000fdb00000, 0x0000000100000000)
  eden space 80384K, 4% used [0x00000000f5580000,0x00000000f58b59b0,0x00000000fa400000)
  from space 25088K, 23% used [0x00000000fbc80000,0x00000000fc2234f8,0x00000000fd500000)
  to   space 25088K, 0% used [0x00000000fa400000,0x00000000fa400000,0x00000000fbc80000)
 ParOldGen       total 116224K, used 42398K [0x00000000e0000000, 0x00000000e7180000, 0x00000000f5580000)
  object space 116224K, 36% used [0x00000000e0000000,0x00000000e2967b90,0x00000000e7180000)
 Metaspace       used 73133K, capacity 78670K, committed 78808K, reserved 1118208K
  class space    used 9092K, capacity 10928K, committed 10968K, reserved 1048576K
GC Heap History (10 events):
Event: 18.942 GC heap before
{Heap before GC invocations=12 (full 3):
 PSYoungGen      total 90112K, used 82338K [0x00000000f5580000, 0x00000000fc600000, 0x0000000100000000)
  eden space 73216K, 100% used [0x00000000f5580000,0x00000000f9d00000,0x00000000f9d00000)
  from space 16896K, 53% used [0x00000000fb580000,0x00000000fbe68998,0x00000000fc600000)
  to   space 20992K, 0% used [0x00000000f9d00000,0x00000000f9d00000,0x00000000fb180000)
 ParOldGen       total 116224K, used 34546K [0x00000000e0000000, 0x00000000e7180000, 0x00000000f5580000)
  object space 116224K, 29% used [0x00000000e0000000,0x00000000e21bc830,0x00000000e7180000)
 Metaspace       used 68429K, capacity 73736K, committed 73816K, reserved 1112064K
  class space    used 8607K, capacity 10264K, committed 10328K, reserved 1048576K
Event: 18.961 GC heap after
Heap after GC invocations=12 (full 3):
 PSYoungGen      total 94208K, used 20976K [0x00000000f5580000, 0x00000000fd500000, 0x0000000100000000)
  eden space 73216K, 0% used [0x00000000f5580000,0x00000000f5580000,0x00000000f9d00000)
  from space 20992K, 99% used [0x00000000f9d00000,0x00000000fb17c170,0x00000000fb180000)
  to   space 24064K, 0% used [0x00000000fbd80000,0x00000000fbd80000,0x00000000fd500000)
 ParOldGen       total 116224K, used 34878K [0x00000000e0000000, 0x00000000e7180000, 0x00000000f5580000)
  object space 116224K, 30% used [0x00000000e0000000,0x00000000e220fbb8,0x00000000e7180000)
 Metaspace       used 68429K, capacity 73736K, committed 73816K, reserved 1112064K
  class space    used 8607K, capacity 10264K, committed 10328K, reserved 1048576K
}
Event: 57.604 GC heap before
{Heap before GC invocations=13 (full 3):
 PSYoungGen      total 94208K, used 94192K [0x00000000f5580000, 0x00000000fd500000, 0x0000000100000000)
  eden space 73216K, 100% used [0x00000000f5580000,0x00000000f9d00000,0x00000000f9d00000)
  from space 20992K, 99% used [0x00000000f9d00000,0x00000000fb17c170,0x00000000fb180000)
  to   space 24064K, 0% used [0x00000000fbd80000,0x00000000fbd80000,0x00000000fd500000)
 ParOldGen       total 116224K, used 34878K [0x00000000e0000000, 0x00000000e7180000, 0x00000000f5580000)
  object space 116224K, 30% used [0x00000000e0000000,0x00000000e220fbb8,0x00000000e7180000)
 Metaspace       used 70530K, capacity 75964K, committed 76120K, reserved 1114112K
  class space    used 8811K, capacity 10515K, committed 10584K, reserved 1048576K
Event: 57.614 GC heap after
Heap after GC invocations=13 (full 3):
 PSYoungGen      total 104448K, used 17614K [0x00000000f5580000, 0x00000000fd500000, 0x0000000100000000)
  eden space 80384K, 0% used [0x00000000f5580000,0x00000000f5580000,0x00000000fa400000)
  from space 24064K, 73% used [0x00000000fbd80000,0x00000000fceb3ad8,0x00000000fd500000)
  to   space 25088K, 0% used [0x00000000fa400000,0x00000000fa400000,0x00000000fbc80000)
 ParOldGen       total 116224K, used 34886K [0x00000000e0000000, 0x00000000e7180000, 0x00000000f5580000)
  object space 116224K, 30% used [0x00000000e0000000,0x00000000e2211bb8,0x00000000e7180000)
 Metaspace       used 70530K, capacity 75964K, committed 76120K, reserved 1114112K
  class space    used 8811K, capacity 10515K, committed 10584K, reserved 1048576K
}
Event: 70.148 GC heap before
{Heap before GC invocations=14 (full 3):
 PSYoungGen      total 104448K, used 22673K [0x00000000f5580000, 0x00000000fd500000, 0x0000000100000000)
  eden space 80384K, 6% used [0x00000000f5580000,0x00000000f5a70d10,0x00000000fa400000)
  from space 24064K, 73% used [0x00000000fbd80000,0x00000000fceb3ad8,0x00000000fd500000)
  to   space 25088K, 0% used [0x00000000fa400000,0x00000000fa400000,0x00000000fbc80000)
 ParOldGen       total 116224K, used 34886K [0x00000000e0000000, 0x00000000e7180000, 0x00000000f5580000)
  object space 116224K, 30% used [0x00000000e0000000,0x00000000e2211bb8,0x00000000e7180000)
 Metaspace       used 70567K, capacity 75996K, committed 76120K, reserved 1114112K
  class space    used 8812K, capacity 10547K, committed 10584K, reserved 1048576K
Event: 70.156 GC heap after
Heap after GC invocations=14 (full 3):
 PSYoungGen      total 105472K, used 16121K [0x00000000f5580000, 0x00000000fd500000, 0x0000000100000000)
  eden space 80384K, 0% used [0x00000000f5580000,0x00000000f5580000,0x00000000fa400000)
  from space 25088K, 64% used [0x00000000fa400000,0x00000000fb3be7b0,0x00000000fbc80000)
  to   space 25088K, 0% used [0x00000000fbc80000,0x00000000fbc80000,0x00000000fd500000)
 ParOldGen       total 116224K, used 34894K [0x00000000e0000000, 0x00000000e7180000, 0x00000000f5580000)
  object space 116224K, 30% used [0x00000000e0000000,0x00000000e2213bb8,0x00000000e7180000)
 Metaspace       used 70567K, capacity 75996K, committed 76120K, reserved 1114112K
  class space    used 8812K, capacity 10547K, committed 10584K, reserved 1048576K
}
Event: 70.156 GC heap before
{Heap before GC invocations=15 (full 4):
 PSYoungGen      total 105472K, used 16121K [0x00000000f5580000, 0x00000000fd500000, 0x0000000100000000)
  eden space 80384K, 0% used [0x00000000f5580000,0x00000000f5580000,0x00000000fa400000)
  from space 25088K, 64% used [0x00000000fa400000,0x00000000fb3be7b0,0x00000000fbc80000)
  to   space 25088K, 0% used [0x00000000fbc80000,0x00000000fbc80000,0x00000000fd500000)
 ParOldGen       total 116224K, used 34894K [0x00000000e0000000, 0x00000000e7180000, 0x00000000f5580000)
  object space 116224K, 30% used [0x00000000e0000000,0x00000000e2213bb8,0x00000000e7180000)
 Metaspace       used 70567K, capacity 75996K, committed 76120K, reserved 1114112K
  class space    used 8812K, capacity 10547K, committed 10584K, reserved 1048576K
Event: 70.389 GC heap after
Heap after GC invocations=15 (full 4):
 PSYoungGen      total 105472K, used 0K [0x00000000f5580000, 0x00000000fd500000, 0x0000000100000000)
  eden space 80384K, 0% used [0x00000000f5580000,0x00000000f5580000,0x00000000fa400000)
  from space 25088K, 0% used [0x00000000fa400000,0x00000000fa400000,0x00000000fbc80000)
  to   space 25088K, 0% used [0x00000000fbc80000,0x00000000fbc80000,0x00000000fd500000)
 ParOldGen       total 116224K, used 42390K [0x00000000e0000000, 0x00000000e7180000, 0x00000000f5580000)
  object space 116224K, 36% used [0x00000000e0000000,0x00000000e2965b90,0x00000000e7180000)
 Metaspace       used 70567K, capacity 75996K, committed 76120K, reserved 1114112K
  class space    used 8812K, capacity 10547K, committed 10584K, reserved 1048576K
}
Event: 244.853 GC heap before
{Heap before GC invocations=16 (full 4):
 PSYoungGen      total 105472K, used 80384K [0x00000000f5580000, 0x00000000fd500000, 0x0000000100000000)
  eden space 80384K, 100% used [0x00000000f5580000,0x00000000fa400000,0x00000000fa400000)
  from space 25088K, 0% used [0x00000000fa400000,0x00000000fa400000,0x00000000fbc80000)
  to   space 25088K, 0% used [0x00000000fbc80000,0x00000000fbc80000,0x00000000fd500000)
 ParOldGen       total 116224K, used 42390K [0x00000000e0000000, 0x00000000e7180000, 0x00000000f5580000)
  object space 116224K, 36% used [0x00000000e0000000,0x00000000e2965b90,0x00000000e7180000)
 Metaspace       used 73032K, capacity 78638K, committed 78808K, reserved 1118208K
  class space    used 9082K, capacity 10896K, committed 10968K, reserved 1048576K
Event: 244.858 GC heap after
Heap after GC invocations=16 (full 4):
 PSYoungGen      total 105472K, used 5773K [0x00000000f5580000, 0x00000000fdb00000, 0x0000000100000000)
  eden space 80384K, 0% used [0x00000000f5580000,0x00000000f5580000,0x00000000fa400000)
  from space 25088K, 23% used [0x00000000fbc80000,0x00000000fc2234f8,0x00000000fd500000)
  to   space 25088K, 0% used [0x00000000fa400000,0x00000000fa400000,0x00000000fbc80000)
 ParOldGen       total 116224K, used 42398K [0x00000000e0000000, 0x00000000e7180000, 0x00000000f5580000)
  object space 116224K, 36% used [0x00000000e0000000,0x00000000e2967b90,0x00000000e7180000)
 Metaspace       used 73032K, capacity 78638K, committed 78808K, reserved 1118208K
  class space    used 9082K, capacity 10896K, committed 10968K, reserved 1048576K
}

