# JRE version: Java(TM) SE Runtime Environment (8.0_25-b18) (build 1.8.0_25-b18)
# Java VM: Java HotSpot(TM) 64-Bit Server VM (25.25-b02 mixed mode windows-amd64 compressed oops)
Heap:
 PSYoungGen      total 148480K, used 50514K [0x00000000f5580000, 0x00000000ffe80000, 0x0000000100000000)
  eden space 124928K, 39% used [0x00000000f5580000,0x00000000f85ac9b8,0x00000000fcf80000)
  from space 23552K, 5% used [0x00000000fcf80000,0x00000000fd0a8000,0x00000000fe680000)
  to   space 22528K, 0% used [0x00000000fe880000,0x00000000fe880000,0x00000000ffe80000)
 ParOldGen       total 349696K, used 257167K [0x00000000e0000000, 0x00000000f5580000, 0x00000000f5580000)
  object space 349696K, 73% used [0x00000000e0000000,0x00000000efb23f10,0x00000000f5580000)
 Metaspace       used 77703K, capacity 83128K, committed 83416K, reserved 1122304K
  class space    used 9203K, capacity 10935K, committed 10968K, reserved 1048576K
GC Heap History (10 events):
Event: 474.429 GC heap before
{Heap before GC invocations=49 (full 21):
 PSYoungGen      total 125440K, used 123392K [0x00000000f5580000, 0x00000000fff00000, 0x0000000100000000)
  eden space 123392K, 100% used [0x00000000f5580000,0x00000000fce00000,0x00000000fce00000)
  from space 2048K, 0% used [0x00000000fce00000,0x00000000fce00000,0x00000000fd000000)
  to   space 25088K, 0% used [0x00000000fe680000,0x00000000fe680000,0x00000000fff00000)
 ParOldGen       total 349696K, used 257480K [0x00000000e0000000, 0x00000000f5580000, 0x00000000f5580000)
  object space 349696K, 73% used [0x00000000e0000000,0x00000000efb721d0,0x00000000f5580000)
 Metaspace       used 76125K, capacity 81600K, committed 81752K, reserved 1120256K
  class space    used 9105K, capacity 10835K, committed 10840K, reserved 1048576K
Event: 474.432 GC heap after
Heap after GC invocations=49 (full 21):
 PSYoungGen      total 148992K, used 992K [0x00000000f5580000, 0x0000000100000000, 0x0000000100000000)
  eden space 123904K, 0% used [0x00000000f5580000,0x00000000f5580000,0x00000000fce80000)
  from space 25088K, 3% used [0x00000000fe680000,0x00000000fe778000,0x00000000fff00000)
  to   space 24576K, 0% used [0x00000000fce80000,0x00000000fce80000,0x00000000fe680000)
 ParOldGen       total 349696K, used 257488K [0x00000000e0000000, 0x00000000f5580000, 0x00000000f5580000)
  object space 349696K, 73% used [0x00000000e0000000,0x00000000efb741d0,0x00000000f5580000)
 Metaspace       used 76125K, capacity 81600K, committed 81752K, reserved 1120256K
  class space    used 9105K, capacity 10835K, committed 10840K, reserved 1048576K
}
Event: 504.050 GC heap before
{Heap before GC invocations=50 (full 21):
 PSYoungGen      total 148992K, used 124896K [0x00000000f5580000, 0x0000000100000000, 0x0000000100000000)
  eden space 123904K, 100% used [0x00000000f5580000,0x00000000fce80000,0x00000000fce80000)
  from space 25088K, 3% used [0x00000000fe680000,0x00000000fe778000,0x00000000fff00000)
  to   space 24576K, 0% used [0x00000000fce80000,0x00000000fce80000,0x00000000fe680000)
 ParOldGen       total 349696K, used 257488K [0x00000000e0000000, 0x00000000f5580000, 0x00000000f5580000)
  object space 349696K, 73% used [0x00000000e0000000,0x00000000efb741d0,0x00000000f5580000)
 Metaspace       used 76405K, capacity 81804K, committed 82008K, reserved 1120256K
  class space    used 9108K, capacity 10837K, committed 10840K, reserved 1048576K
Event: 504.057 GC heap after
Heap after GC invocations=50 (full 21):
 PSYoungGen      total 148480K, used 1152K [0x00000000f5580000, 0x00000000ffe80000, 0x0000000100000000)
  eden space 123904K, 0% used [0x00000000f5580000,0x00000000f5580000,0x00000000fce80000)
  from space 24576K, 4% used [0x00000000fce80000,0x00000000fcfa0000,0x00000000fe680000)
  to   space 24064K, 0% used [0x00000000fe700000,0x00000000fe700000,0x00000000ffe80000)
 ParOldGen       total 349696K, used 257488K [0x00000000e0000000, 0x00000000f5580000, 0x00000000f5580000)
  object space 349696K, 73% used [0x00000000e0000000,0x00000000efb741d0,0x00000000f5580000)
 Metaspace       used 76405K, capacity 81804K, committed 82008K, reserved 1120256K
  class space    used 9108K, capacity 10837K, committed 10840K, reserved 1048576K
}
Event: 515.809 GC heap before
{Heap before GC invocations=51 (full 21):
 PSYoungGen      total 148480K, used 100109K [0x00000000f5580000, 0x00000000ffe80000, 0x0000000100000000)
  eden space 123904K, 79% used [0x00000000f5580000,0x00000000fb6234e8,0x00000000fce80000)
  from space 24576K, 4% used [0x00000000fce80000,0x00000000fcfa0000,0x00000000fe680000)
  to   space 24064K, 0% used [0x00000000fe700000,0x00000000fe700000,0x00000000ffe80000)
 ParOldGen       total 349696K, used 257488K [0x00000000e0000000, 0x00000000f5580000, 0x00000000f5580000)
  object space 349696K, 73% used [0x00000000e0000000,0x00000000efb741d0,0x00000000f5580000)
 Metaspace       used 76622K, capacity 81996K, committed 82008K, reserved 1120256K
  class space    used 9113K, capacity 10837K, committed 10840K, reserved 1048576K
Event: 515.811 GC heap after
Heap after GC invocations=51 (full 21):
 PSYoungGen      total 147968K, used 1120K [0x00000000f5580000, 0x00000000ffd80000, 0x0000000100000000)
  eden space 124928K, 0% used [0x00000000f5580000,0x00000000f5580000,0x00000000fcf80000)
  from space 23040K, 4% used [0x00000000fe700000,0x00000000fe818000,0x00000000ffd80000)
  to   space 23552K, 0% used [0x00000000fcf80000,0x00000000fcf80000,0x00000000fe680000)
 ParOldGen       total 349696K, used 257496K [0x00000000e0000000, 0x00000000f5580000, 0x00000000f5580000)
  object space 349696K, 73% used [0x00000000e0000000,0x00000000efb761d0,0x00000000f5580000)
 Metaspace       used 76622K, capacity 81996K, committed 82008K, reserved 1120256K
  class space    used 9113K, capacity 10837K, committed 10840K, reserved 1048576K
}
Event: 515.811 GC heap before
{Heap before GC invocations=52 (full 22):
 PSYoungGen      total 147968K, used 1120K [0x00000000f5580000, 0x00000000ffd80000, 0x0000000100000000)
  eden space 124928K, 0% used [0x00000000f5580000,0x00000000f5580000,0x00000000fcf80000)
  from space 23040K, 4% used [0x00000000fe700000,0x00000000fe818000,0x00000000ffd80000)
  to   space 23552K, 0% used [0x00000000fcf80000,0x00000000fcf80000,0x00000000fe680000)
 ParOldGen       total 349696K, used 257496K [0x00000000e0000000, 0x00000000f5580000, 0x00000000f5580000)
  object space 349696K, 73% used [0x00000000e0000000,0x00000000efb761d0,0x00000000f5580000)
 Metaspace       used 76622K, capacity 81996K, committed 82008K, reserved 1120256K
  class space    used 9113K, capacity 10837K, committed 10840K, reserved 1048576K
Event: 516.020 GC heap after
Heap after GC invocations=52 (full 22):
 PSYoungGen      total 147968K, used 0K [0x00000000f5580000, 0x00000000ffd80000, 0x0000000100000000)
  eden space 124928K, 0% used [0x00000000f5580000,0x00000000f5580000,0x00000000fcf80000)
  from space 23040K, 0% used [0x00000000fe700000,0x00000000fe700000,0x00000000ffd80000)
  to   space 23552K, 0% used [0x00000000fcf80000,0x00000000fcf80000,0x00000000fe680000)
 ParOldGen       total 349696K, used 257159K [0x00000000e0000000, 0x00000000f5580000, 0x00000000f5580000)
  object space 349696K, 73% used [0x00000000e0000000,0x00000000efb21f10,0x00000000f5580000)
 Metaspace       used 76622K, capacity 81996K, committed 82008K, reserved 1120256K
  class space    used 9113K, capacity 10837K, committed 10840K, reserved 1048576K
}
Event: 533.266 GC heap before
{Heap before GC invocations=53 (full 22):
 PSYoungGen      total 147968K, used 124928K [0x00000000f5580000, 0x00000000ffd80000, 0x0000000100000000)
  eden space 124928K, 100% used [0x00000000f5580000,0x00000000fcf80000,0x00000000fcf80000)
  from space 23040K, 0% used [0x00000000fe700000,0x00000000fe700000,0x00000000ffd80000)
  to   space 23552K, 0% used [0x00000000fcf80000,0x00000000fcf80000,0x00000000fe680000)
 ParOldGen       total 349696K, used 257159K [0x00000000e0000000, 0x00000000f5580000, 0x00000000f5580000)
  object space 349696K, 73% used [0x00000000e0000000,0x00000000efb21f10,0x00000000f5580000)
 Metaspace       used 76962K, capacity 82316K, committed 82520K, reserved 1120256K
  class space    used 9125K, capacity 10837K, committed 10840K, reserved 1048576K
Event: 533.269 GC heap after
Heap after GC invocations=53 (full 22):
 PSYoungGen      total 148480K, used 1184K [0x00000000f5580000, 0x00000000ffe80000, 0x0000000100000000)
  eden space 124928K, 0% used [0x00000000f5580000,0x00000000f5580000,0x00000000fcf80000)
  from space 23552K, 5% used [0x00000000fcf80000,0x00000000fd0a8000,0x00000000fe680000)
  to   space 22528K, 0% used [0x00000000fe880000,0x00000000fe880000,0x00000000ffe80000)
 ParOldGen       total 349696K, used 257167K [0x00000000e0000000, 0x00000000f5580000, 0x00000000f5580000)
  object space 349696K, 73% used [0x00000000e0000000,0x00000000efb23f10,0x00000000f5580000)
 Metaspace       used 76962K, capacity 82316K, committed 82520K, reserved 1120256K
  class space    used 9125K, capacity 10837K, committed 10840K, reserved 1048576K
}

