# JRE version: Java(TM) SE Runtime Environment (8.0_25-b18) (build 1.8.0_25-b18)
# Java VM: Java HotSpot(TM) 64-Bit Server VM (25.25-b02 mixed mode windows-amd64 compressed oops)
Heap:
 PSYoungGen      total 74752K, used 14796K [0x00000000f5580000, 0x00000000fad00000, 0x0000000100000000)
  eden space 59392K, 22% used [0x00000000f5580000,0x00000000f628faa0,0x00000000f8f80000)
  from space 15360K, 9% used [0x00000000f8f80000,0x00000000f90e3958,0x00000000f9e80000)
  to   space 14336K, 0% used [0x00000000f9f00000,0x00000000f9f00000,0x00000000fad00000)
 ParOldGen       total 100864K, used 34491K [0x00000000e0000000, 0x00000000e6280000, 0x00000000f5580000)
  object space 100864K, 34% used [0x00000000e0000000,0x00000000e21aeeb8,0x00000000e6280000)
 Metaspace       used 74674K, capacity 80048K, committed 80344K, reserved 1118208K
  class space    used 9094K, capacity 10854K, committed 10968K, reserved 1048576K
GC Heap History (10 events):
Event: 866.262 GC heap before
{Heap before GC invocations=49 (full 16):
 PSYoungGen      total 75264K, used 2379K [0x00000000f5580000, 0x00000000fb080000, 0x0000000100000000)
  eden space 59392K, 4% used [0x00000000f5580000,0x00000000f57d2e00,0x00000000f8f80000)
  from space 15872K, 0% used [0x00000000fa100000,0x00000000fa100000,0x00000000fb080000)
  to   space 16896K, 0% used [0x00000000f8f80000,0x00000000f8f80000,0x00000000fa000000)
 ParOldGen       total 100864K, used 34515K [0x00000000e0000000, 0x00000000e6280000, 0x00000000f5580000)
  object space 100864K, 34% used [0x00000000e0000000,0x00000000e21b4f38,0x00000000e6280000)
 Metaspace       used 73829K, capacity 79198K, committed 79704K, reserved 1118208K
  class space    used 9019K, capacity 10723K, committed 10840K, reserved 1048576K
Event: 866.265 GC heap after
Heap after GC invocations=49 (full 16):
 PSYoungGen      total 59904K, used 160K [0x00000000f5580000, 0x00000000fae80000, 0x0000000100000000)
  eden space 59392K, 0% used [0x00000000f5580000,0x00000000f5580000,0x00000000f8f80000)
  from space 512K, 31% used [0x00000000f8f80000,0x00000000f8fa8000,0x00000000f9000000)
  to   space 15872K, 0% used [0x00000000f9f00000,0x00000000f9f00000,0x00000000fae80000)
 ParOldGen       total 100864K, used 34515K [0x00000000e0000000, 0x00000000e6280000, 0x00000000f5580000)
  object space 100864K, 34% used [0x00000000e0000000,0x00000000e21b4f38,0x00000000e6280000)
 Metaspace       used 73829K, capacity 79198K, committed 79704K, reserved 1118208K
  class space    used 9019K, capacity 10723K, committed 10840K, reserved 1048576K
}
Event: 866.265 GC heap before
{Heap before GC invocations=50 (full 17):
 PSYoungGen      total 59904K, used 160K [0x00000000f5580000, 0x00000000fae80000, 0x0000000100000000)
  eden space 59392K, 0% used [0x00000000f5580000,0x00000000f5580000,0x00000000f8f80000)
  from space 512K, 31% used [0x00000000f8f80000,0x00000000f8fa8000,0x00000000f9000000)
  to   space 15872K, 0% used [0x00000000f9f00000,0x00000000f9f00000,0x00000000fae80000)
 ParOldGen       total 100864K, used 34515K [0x00000000e0000000, 0x00000000e6280000, 0x00000000f5580000)
  object space 100864K, 34% used [0x00000000e0000000,0x00000000e21b4f38,0x00000000e6280000)
 Metaspace       used 73829K, capacity 79198K, committed 79704K, reserved 1118208K
  class space    used 9019K, capacity 10723K, committed 10840K, reserved 1048576K
Event: 866.391 GC heap after
Heap after GC invocations=50 (full 17):
 PSYoungGen      total 59904K, used 0K [0x00000000f5580000, 0x00000000fae80000, 0x0000000100000000)
  eden space 59392K, 0% used [0x00000000f5580000,0x00000000f5580000,0x00000000f8f80000)
  from space 512K, 0% used [0x00000000f8f80000,0x00000000f8f80000,0x00000000f9000000)
  to   space 15872K, 0% used [0x00000000f9f00000,0x00000000f9f00000,0x00000000fae80000)
 ParOldGen       total 100864K, used 34367K [0x00000000e0000000, 0x00000000e6280000, 0x00000000f5580000)
  object space 100864K, 34% used [0x00000000e0000000,0x00000000e218fc10,0x00000000e6280000)
 Metaspace       used 73829K, capacity 79198K, committed 79704K, reserved 1118208K
  class space    used 9019K, capacity 10723K, committed 10840K, reserved 1048576K
}
Event: 926.275 GC heap before
{Heap before GC invocations=51 (full 17):
 PSYoungGen      total 59904K, used 6853K [0x00000000f5580000, 0x00000000fae80000, 0x0000000100000000)
  eden space 59392K, 11% used [0x00000000f5580000,0x00000000f5c31728,0x00000000f8f80000)
  from space 512K, 0% used [0x00000000f8f80000,0x00000000f8f80000,0x00000000f9000000)
  to   space 15872K, 0% used [0x00000000f9f00000,0x00000000f9f00000,0x00000000fae80000)
 ParOldGen       total 100864K, used 34367K [0x00000000e0000000, 0x00000000e6280000, 0x00000000f5580000)
  object space 100864K, 34% used [0x00000000e0000000,0x00000000e218fc10,0x00000000e6280000)
 Metaspace       used 73853K, capacity 79198K, committed 79704K, reserved 1118208K
  class space    used 9019K, capacity 10723K, committed 10840K, reserved 1048576K
Event: 926.277 GC heap after
Heap after GC invocations=51 (full 17):
 PSYoungGen      total 74240K, used 384K [0x00000000f5580000, 0x00000000fad80000, 0x0000000100000000)
  eden space 59392K, 0% used [0x00000000f5580000,0x00000000f5580000,0x00000000f8f80000)
  from space 14848K, 2% used [0x00000000f9f00000,0x00000000f9f60000,0x00000000fad80000)
  to   space 15360K, 0% used [0x00000000f8f80000,0x00000000f8f80000,0x00000000f9e80000)
 ParOldGen       total 100864K, used 34367K [0x00000000e0000000, 0x00000000e6280000, 0x00000000f5580000)
  object space 100864K, 34% used [0x00000000e0000000,0x00000000e218fc10,0x00000000e6280000)
 Metaspace       used 73853K, capacity 79198K, committed 79704K, reserved 1118208K
  class space    used 9019K, capacity 10723K, committed 10840K, reserved 1048576K
}
Event: 926.277 GC heap before
{Heap before GC invocations=52 (full 18):
 PSYoungGen      total 74240K, used 384K [0x00000000f5580000, 0x00000000fad80000, 0x0000000100000000)
  eden space 59392K, 0% used [0x00000000f5580000,0x00000000f5580000,0x00000000f8f80000)
  from space 14848K, 2% used [0x00000000f9f00000,0x00000000f9f60000,0x00000000fad80000)
  to   space 15360K, 0% used [0x00000000f8f80000,0x00000000f8f80000,0x00000000f9e80000)
 ParOldGen       total 100864K, used 34367K [0x00000000e0000000, 0x00000000e6280000, 0x00000000f5580000)
  object space 100864K, 34% used [0x00000000e0000000,0x00000000e218fc10,0x00000000e6280000)
 Metaspace       used 73853K, capacity 79198K, committed 79704K, reserved 1118208K
  class space    used 9019K, capacity 10723K, committed 10840K, reserved 1048576K
Event: 926.376 GC heap after
Heap after GC invocations=52 (full 18):
 PSYoungGen      total 74240K, used 0K [0x00000000f5580000, 0x00000000fad80000, 0x0000000100000000)
  eden space 59392K, 0% used [0x00000000f5580000,0x00000000f5580000,0x00000000f8f80000)
  from space 14848K, 0% used [0x00000000f9f00000,0x00000000f9f00000,0x00000000fad80000)
  to   space 15360K, 0% used [0x00000000f8f80000,0x00000000f8f80000,0x00000000f9e80000)
 ParOldGen       total 100864K, used 34483K [0x00000000e0000000, 0x00000000e6280000, 0x00000000f5580000)
  object space 100864K, 34% used [0x00000000e0000000,0x00000000e21aceb8,0x00000000e6280000)
 Metaspace       used 73853K, capacity 79198K, committed 79704K, reserved 1118208K
  class space    used 9019K, capacity 10723K, committed 10840K, reserved 1048576K
}
Event: 977.261 GC heap before
{Heap before GC invocations=53 (full 18):
 PSYoungGen      total 74240K, used 59392K [0x00000000f5580000, 0x00000000fad80000, 0x0000000100000000)
  eden space 59392K, 100% used [0x00000000f5580000,0x00000000f8f80000,0x00000000f8f80000)
  from space 14848K, 0% used [0x00000000f9f00000,0x00000000f9f00000,0x00000000fad80000)
  to   space 15360K, 0% used [0x00000000f8f80000,0x00000000f8f80000,0x00000000f9e80000)
 ParOldGen       total 100864K, used 34483K [0x00000000e0000000, 0x00000000e6280000, 0x00000000f5580000)
  object space 100864K, 34% used [0x00000000e0000000,0x00000000e21aceb8,0x00000000e6280000)
 Metaspace       used 74112K, capacity 79434K, committed 79704K, reserved 1118208K
  class space    used 9033K, capacity 10757K, committed 10840K, reserved 1048576K
Event: 977.267 GC heap after
Heap after GC invocations=53 (full 18):
 PSYoungGen      total 74752K, used 1422K [0x00000000f5580000, 0x00000000fad00000, 0x0000000100000000)
  eden space 59392K, 0% used [0x00000000f5580000,0x00000000f5580000,0x00000000f8f80000)
  from space 15360K, 9% used [0x00000000f8f80000,0x00000000f90e3958,0x00000000f9e80000)
  to   space 14336K, 0% used [0x00000000f9f00000,0x00000000f9f00000,0x00000000fad00000)
 ParOldGen       total 100864K, used 34491K [0x00000000e0000000, 0x00000000e6280000, 0x00000000f5580000)
  object space 100864K, 34% used [0x00000000e0000000,0x00000000e21aeeb8,0x00000000e6280000)
 Metaspace       used 74112K, capacity 79434K, committed 79704K, reserved 1118208K
  class space    used 9033K, capacity 10757K, committed 10840K, reserved 1048576K
}

