# JRE version: Java(TM) SE Runtime Environment (8.0_25-b18) (build 1.8.0_25-b18)
# Java VM: Java HotSpot(TM) 64-Bit Server VM (25.25-b02 mixed mode windows-amd64 compressed oops)
Heap:
 PSYoungGen      total 94208K, used 19997K [0x00000000f5580000, 0x00000000fcb80000, 0x0000000100000000)
  eden space 68608K, 29% used [0x00000000f5580000,0x00000000f69074e0,0x00000000f9880000)
  from space 25600K, 0% used [0x00000000fb280000,0x00000000fb280000,0x00000000fcb80000)
  to   space 26112K, 0% used [0x00000000f9880000,0x00000000f9880000,0x00000000fb200000)
 ParOldGen       total 125952K, used 47675K [0x00000000e0000000, 0x00000000e7b00000, 0x00000000f5580000)
  object space 125952K, 37% used [0x00000000e0000000,0x00000000e2e8eda8,0x00000000e7b00000)
 Metaspace       used 73882K, capacity 79556K, committed 79832K, reserved 1118208K
  class space    used 9158K, capacity 10942K, committed 10968K, reserved 1048576K
GC Heap History (10 events):
Event: 270.007 GC heap before
{Heap before GC invocations=21 (full 7):
 PSYoungGen      total 94208K, used 128K [0x00000000f5580000, 0x00000000fcc80000, 0x0000000100000000)
  eden space 68096K, 0% used [0x00000000f5580000,0x00000000f5580000,0x00000000f9800000)
  from space 26112K, 0% used [0x00000000fb200000,0x00000000fb220000,0x00000000fcb80000)
  to   space 26624K, 0% used [0x00000000f9800000,0x00000000f9800000,0x00000000fb200000)
 ParOldGen       total 125952K, used 47920K [0x00000000e0000000, 0x00000000e7b00000, 0x00000000f5580000)
  object space 125952K, 38% used [0x00000000e0000000,0x00000000e2ecc0a8,0x00000000e7b00000)
 Metaspace       used 72661K, capacity 78308K, committed 78424K, reserved 1116160K
  class space    used 9047K, capacity 10782K, committed 10840K, reserved 1048576K
Event: 270.139 GC heap after
Heap after GC invocations=21 (full 7):
 PSYoungGen      total 94208K, used 0K [0x00000000f5580000, 0x00000000fcc80000, 0x0000000100000000)
  eden space 68096K, 0% used [0x00000000f5580000,0x00000000f5580000,0x00000000f9800000)
  from space 26112K, 0% used [0x00000000fb200000,0x00000000fb200000,0x00000000fcb80000)
  to   space 26624K, 0% used [0x00000000f9800000,0x00000000f9800000,0x00000000fb200000)
 ParOldGen       total 125952K, used 47173K [0x00000000e0000000, 0x00000000e7b00000, 0x00000000f5580000)
  object space 125952K, 37% used [0x00000000e0000000,0x00000000e2e11740,0x00000000e7b00000)
 Metaspace       used 72661K, capacity 78308K, committed 78424K, reserved 1116160K
  class space    used 9047K, capacity 10782K, committed 10840K, reserved 1048576K
}
Event: 330.016 GC heap before
{Heap before GC invocations=22 (full 7):
 PSYoungGen      total 94208K, used 8376K [0x00000000f5580000, 0x00000000fcc80000, 0x0000000100000000)
  eden space 68096K, 12% used [0x00000000f5580000,0x00000000f5dae1e8,0x00000000f9800000)
  from space 26112K, 0% used [0x00000000fb200000,0x00000000fb200000,0x00000000fcb80000)
  to   space 26624K, 0% used [0x00000000f9800000,0x00000000f9800000,0x00000000fb200000)
 ParOldGen       total 125952K, used 47173K [0x00000000e0000000, 0x00000000e7b00000, 0x00000000f5580000)
  object space 125952K, 37% used [0x00000000e0000000,0x00000000e2e11740,0x00000000e7b00000)
 Metaspace       used 73174K, capacity 78852K, committed 78936K, reserved 1118208K
  class space    used 9085K, capacity 10814K, committed 10840K, reserved 1048576K
Event: 330.018 GC heap after
Heap after GC invocations=22 (full 7):
 PSYoungGen      total 94720K, used 960K [0x00000000f5580000, 0x00000000fcc80000, 0x0000000100000000)
  eden space 68096K, 0% used [0x00000000f5580000,0x00000000f5580000,0x00000000f9800000)
  from space 26624K, 3% used [0x00000000f9800000,0x00000000f98f0000,0x00000000fb200000)
  to   space 26624K, 0% used [0x00000000fb280000,0x00000000fb280000,0x00000000fcc80000)
 ParOldGen       total 125952K, used 47245K [0x00000000e0000000, 0x00000000e7b00000, 0x00000000f5580000)
  object space 125952K, 37% used [0x00000000e0000000,0x00000000e2e23750,0x00000000e7b00000)
 Metaspace       used 73174K, capacity 78852K, committed 78936K, reserved 1118208K
  class space    used 9085K, capacity 10814K, committed 10840K, reserved 1048576K
}
Event: 330.018 GC heap before
{Heap before GC invocations=23 (full 8):
 PSYoungGen      total 94720K, used 960K [0x00000000f5580000, 0x00000000fcc80000, 0x0000000100000000)
  eden space 68096K, 0% used [0x00000000f5580000,0x00000000f5580000,0x00000000f9800000)
  from space 26624K, 3% used [0x00000000f9800000,0x00000000f98f0000,0x00000000fb200000)
  to   space 26624K, 0% used [0x00000000fb280000,0x00000000fb280000,0x00000000fcc80000)
 ParOldGen       total 125952K, used 47245K [0x00000000e0000000, 0x00000000e7b00000, 0x00000000f5580000)
  object space 125952K, 37% used [0x00000000e0000000,0x00000000e2e23750,0x00000000e7b00000)
 Metaspace       used 73174K, capacity 78852K, committed 78936K, reserved 1118208K
  class space    used 9085K, capacity 10814K, committed 10840K, reserved 1048576K
Event: 330.206 GC heap after
Heap after GC invocations=23 (full 8):
 PSYoungGen      total 94720K, used 0K [0x00000000f5580000, 0x00000000fcc80000, 0x0000000100000000)
  eden space 68096K, 0% used [0x00000000f5580000,0x00000000f5580000,0x00000000f9800000)
  from space 26624K, 0% used [0x00000000f9800000,0x00000000f9800000,0x00000000fb200000)
  to   space 26624K, 0% used [0x00000000fb280000,0x00000000fb280000,0x00000000fcc80000)
 ParOldGen       total 125952K, used 47932K [0x00000000e0000000, 0x00000000e7b00000, 0x00000000f5580000)
  object space 125952K, 38% used [0x00000000e0000000,0x00000000e2ecf028,0x00000000e7b00000)
 Metaspace       used 73174K, capacity 78852K, committed 78936K, reserved 1118208K
  class space    used 9085K, capacity 10814K, committed 10840K, reserved 1048576K
}
Event: 390.028 GC heap before
{Heap before GC invocations=24 (full 8):
 PSYoungGen      total 94720K, used 4323K [0x00000000f5580000, 0x00000000fcc80000, 0x0000000100000000)
  eden space 68096K, 6% used [0x00000000f5580000,0x00000000f59b8f58,0x00000000f9800000)
  from space 26624K, 0% used [0x00000000f9800000,0x00000000f9800000,0x00000000fb200000)
  to   space 26624K, 0% used [0x00000000fb280000,0x00000000fb280000,0x00000000fcc80000)
 ParOldGen       total 125952K, used 47932K [0x00000000e0000000, 0x00000000e7b00000, 0x00000000f5580000)
  object space 125952K, 38% used [0x00000000e0000000,0x00000000e2ecf028,0x00000000e7b00000)
 Metaspace       used 73190K, capacity 78852K, committed 78936K, reserved 1118208K
  class space    used 9085K, capacity 10814K, committed 10840K, reserved 1048576K
Event: 390.030 GC heap after
Heap after GC invocations=24 (full 8):
 PSYoungGen      total 94208K, used 192K [0x00000000f5580000, 0x00000000fcb80000, 0x0000000100000000)
  eden space 68608K, 0% used [0x00000000f5580000,0x00000000f5580000,0x00000000f9880000)
  from space 25600K, 0% used [0x00000000fb280000,0x00000000fb2b0000,0x00000000fcb80000)
  to   space 26112K, 0% used [0x00000000f9880000,0x00000000f9880000,0x00000000fb200000)
 ParOldGen       total 125952K, used 47932K [0x00000000e0000000, 0x00000000e7b00000, 0x00000000f5580000)
  object space 125952K, 38% used [0x00000000e0000000,0x00000000e2ecf028,0x00000000e7b00000)
 Metaspace       used 73190K, capacity 78852K, committed 78936K, reserved 1118208K
  class space    used 9085K, capacity 10814K, committed 10840K, reserved 1048576K
}
Event: 390.030 GC heap before
{Heap before GC invocations=25 (full 9):
 PSYoungGen      total 94208K, used 192K [0x00000000f5580000, 0x00000000fcb80000, 0x0000000100000000)
  eden space 68608K, 0% used [0x00000000f5580000,0x00000000f5580000,0x00000000f9880000)
  from space 25600K, 0% used [0x00000000fb280000,0x00000000fb2b0000,0x00000000fcb80000)
  to   space 26112K, 0% used [0x00000000f9880000,0x00000000f9880000,0x00000000fb200000)
 ParOldGen       total 125952K, used 47932K [0x00000000e0000000, 0x00000000e7b00000, 0x00000000f5580000)
  object space 125952K, 38% used [0x00000000e0000000,0x00000000e2ecf028,0x00000000e7b00000)
 Metaspace       used 73190K, capacity 78852K, committed 78936K, reserved 1118208K
  class space    used 9085K, capacity 10814K, committed 10840K, reserved 1048576K
Event: 390.188 GC heap after
Heap after GC invocations=25 (full 9):
 PSYoungGen      total 94208K, used 0K [0x00000000f5580000, 0x00000000fcb80000, 0x0000000100000000)
  eden space 68608K, 0% used [0x00000000f5580000,0x00000000f5580000,0x00000000f9880000)
  from space 25600K, 0% used [0x00000000fb280000,0x00000000fb280000,0x00000000fcb80000)
  to   space 26112K, 0% used [0x00000000f9880000,0x00000000f9880000,0x00000000fb200000)
 ParOldGen       total 125952K, used 47675K [0x00000000e0000000, 0x00000000e7b00000, 0x00000000f5580000)
  object space 125952K, 37% used [0x00000000e0000000,0x00000000e2e8eda8,0x00000000e7b00000)
 Metaspace       used 73190K, capacity 78852K, committed 78936K, reserved 1118208K
  class space    used 9085K, capacity 10814K, committed 10840K, reserved 1048576K
}

