# JRE version: Java(TM) SE Runtime Environment (8.0_25-b18) (build 1.8.0_25-b18)
# Java VM: Java HotSpot(TM) 64-Bit Server VM (25.25-b02 mixed mode windows-amd64 compressed oops)
Heap:
 PSYoungGen      total 154112K, used 90409K [0x00000000f5580000, 0x00000000fff80000, 0x0000000100000000)
  eden space 134656K, 67% used [0x00000000f5580000,0x00000000fadca6c8,0x00000000fd900000)
  from space 19456K, 0% used [0x00000000feb80000,0x00000000feb80000,0x00000000ffe80000)
  to   space 18944K, 0% used [0x00000000fd900000,0x00000000fd900000,0x00000000feb80000)
 ParOldGen       total 349696K, used 256824K [0x00000000e0000000, 0x00000000f5580000, 0x00000000f5580000)
  object space 349696K, 73% used [0x00000000e0000000,0x00000000eface178,0x00000000f5580000)
 Metaspace       used 76852K, capacity 82306K, committed 82520K, reserved 1120256K
  class space    used 9194K, capacity 10990K, committed 11096K, reserved 1048576K
GC Heap History (10 events):
Event: 676.463 GC heap before
{Heap before GC invocations=100 (full 54):
 PSYoungGen      total 154112K, used 93011K [0x00000000f5580000, 0x00000000fff80000, 0x0000000100000000)
  eden space 134656K, 69% used [0x00000000f5580000,0x00000000fb054de0,0x00000000fd900000)
  from space 19456K, 0% used [0x00000000feb80000,0x00000000feb80000,0x00000000ffe80000)
  to   space 18944K, 0% used [0x00000000fd900000,0x00000000fd900000,0x00000000feb80000)
 ParOldGen       total 349696K, used 257082K [0x00000000e0000000, 0x00000000f5580000, 0x00000000f5580000)
  object space 349696K, 73% used [0x00000000e0000000,0x00000000efb0e9e0,0x00000000f5580000)
 Metaspace       used 75702K, capacity 81042K, committed 81240K, reserved 1120256K
  class space    used 9079K, capacity 10828K, committed 10840K, reserved 1048576K
Event: 676.480 GC heap after
Heap after GC invocations=100 (full 54):
 PSYoungGen      total 154112K, used 93011K [0x00000000f5580000, 0x00000000fff80000, 0x0000000100000000)
  eden space 134656K, 69% used [0x00000000f5580000,0x00000000fb054de0,0x00000000fd900000)
  from space 19456K, 0% used [0x00000000feb80000,0x00000000feb80000,0x00000000ffe80000)
  to   space 18944K, 0% used [0x00000000fd900000,0x00000000fd910000,0x00000000feb80000)
 ParOldGen       total 349696K, used 347082K [0x00000000e0000000, 0x00000000f5580000, 0x00000000f5580000)
  object space 349696K, 99% used [0x00000000e0000000,0x00000000f52f2a38,0x00000000f5580000)
 Metaspace       used 75702K, capacity 81042K, committed 81240K, reserved 1120256K
  class space    used 9079K, capacity 10828K, committed 10840K, reserved 1048576K
}
Event: 676.480 GC heap before
{Heap before GC invocations=101 (full 55):
 PSYoungGen      total 154112K, used 93011K [0x00000000f5580000, 0x00000000fff80000, 0x0000000100000000)
  eden space 134656K, 69% used [0x00000000f5580000,0x00000000fb054de0,0x00000000fd900000)
  from space 19456K, 0% used [0x00000000feb80000,0x00000000feb80000,0x00000000ffe80000)
  to   space 18944K, 0% used [0x00000000fd900000,0x00000000fd910000,0x00000000feb80000)
 ParOldGen       total 349696K, used 347082K [0x00000000e0000000, 0x00000000f5580000, 0x00000000f5580000)
  object space 349696K, 99% used [0x00000000e0000000,0x00000000f52f2a38,0x00000000f5580000)
 Metaspace       used 75702K, capacity 81042K, committed 81240K, reserved 1120256K
  class space    used 9079K, capacity 10828K, committed 10840K, reserved 1048576K
Event: 676.595 GC heap after
Heap after GC invocations=101 (full 55):
 PSYoungGen      total 154112K, used 0K [0x00000000f5580000, 0x00000000fff80000, 0x0000000100000000)
  eden space 134656K, 0% used [0x00000000f5580000,0x00000000f5580000,0x00000000fd900000)
  from space 19456K, 0% used [0x00000000feb80000,0x00000000feb80000,0x00000000ffe80000)
  to   space 18944K, 0% used [0x00000000fd900000,0x00000000fd900000,0x00000000feb80000)
 ParOldGen       total 349696K, used 347080K [0x00000000e0000000, 0x00000000f5580000, 0x00000000f5580000)
  object space 349696K, 99% used [0x00000000e0000000,0x00000000f52f20a8,0x00000000f5580000)
 Metaspace       used 75702K, capacity 81042K, committed 81240K, reserved 1120256K
  class space    used 9079K, capacity 10828K, committed 10840K, reserved 1048576K
}
Event: 736.476 GC heap before
{Heap before GC invocations=102 (full 56):
 PSYoungGen      total 154112K, used 3890K [0x00000000f5580000, 0x00000000fff80000, 0x0000000100000000)
  eden space 134656K, 2% used [0x00000000f5580000,0x00000000f594cab8,0x00000000fd900000)
  from space 19456K, 0% used [0x00000000feb80000,0x00000000feb80000,0x00000000ffe80000)
  to   space 18944K, 0% used [0x00000000fd900000,0x00000000fd900000,0x00000000feb80000)
 ParOldGen       total 349696K, used 347080K [0x00000000e0000000, 0x00000000f5580000, 0x00000000f5580000)
  object space 349696K, 99% used [0x00000000e0000000,0x00000000f52f20a8,0x00000000f5580000)
 Metaspace       used 75702K, capacity 81042K, committed 81240K, reserved 1120256K
  class space    used 9079K, capacity 10828K, committed 10840K, reserved 1048576K
Event: 736.669 GC heap after
Heap after GC invocations=102 (full 56):
 PSYoungGen      total 154112K, used 0K [0x00000000f5580000, 0x00000000fff80000, 0x0000000100000000)
  eden space 134656K, 0% used [0x00000000f5580000,0x00000000f5580000,0x00000000fd900000)
  from space 19456K, 0% used [0x00000000feb80000,0x00000000feb80000,0x00000000ffe80000)
  to   space 18944K, 0% used [0x00000000fd900000,0x00000000fd900000,0x00000000feb80000)
 ParOldGen       total 349696K, used 347108K [0x00000000e0000000, 0x00000000f5580000, 0x00000000f5580000)
  object space 349696K, 99% used [0x00000000e0000000,0x00000000f52f90f8,0x00000000f5580000)
 Metaspace       used 75702K, capacity 81042K, committed 81240K, reserved 1120256K
  class space    used 9079K, capacity 10828K, committed 10840K, reserved 1048576K
}
Event: 796.489 GC heap before
{Heap before GC invocations=103 (full 57):
 PSYoungGen      total 154112K, used 4796K [0x00000000f5580000, 0x00000000fff80000, 0x0000000100000000)
  eden space 134656K, 3% used [0x00000000f5580000,0x00000000f5a2f178,0x00000000fd900000)
  from space 19456K, 0% used [0x00000000feb80000,0x00000000feb80000,0x00000000ffe80000)
  to   space 18944K, 0% used [0x00000000fd900000,0x00000000fd900000,0x00000000feb80000)
 ParOldGen       total 349696K, used 347108K [0x00000000e0000000, 0x00000000f5580000, 0x00000000f5580000)
  object space 349696K, 99% used [0x00000000e0000000,0x00000000f52f90f8,0x00000000f5580000)
 Metaspace       used 75762K, capacity 81138K, committed 81368K, reserved 1120256K
  class space    used 9084K, capacity 10860K, committed 10968K, reserved 1048576K
Event: 796.728 GC heap after
Heap after GC invocations=103 (full 57):
 PSYoungGen      total 154112K, used 0K [0x00000000f5580000, 0x00000000fff80000, 0x0000000100000000)
  eden space 134656K, 0% used [0x00000000f5580000,0x00000000f5580000,0x00000000fd900000)
  from space 19456K, 0% used [0x00000000feb80000,0x00000000feb80000,0x00000000ffe80000)
  to   space 18944K, 0% used [0x00000000fd900000,0x00000000fd900000,0x00000000feb80000)
 ParOldGen       total 349696K, used 347092K [0x00000000e0000000, 0x00000000f5580000, 0x00000000f5580000)
  object space 349696K, 99% used [0x00000000e0000000,0x00000000f52f5370,0x00000000f5580000)
 Metaspace       used 75762K, capacity 81138K, committed 81368K, reserved 1120256K
  class space    used 9084K, capacity 10860K, committed 10968K, reserved 1048576K
}
Event: 856.502 GC heap before
{Heap before GC invocations=104 (full 58):
 PSYoungGen      total 154112K, used 5019K [0x00000000f5580000, 0x00000000fff80000, 0x0000000100000000)
  eden space 134656K, 3% used [0x00000000f5580000,0x00000000f5a66f58,0x00000000fd900000)
  from space 19456K, 0% used [0x00000000feb80000,0x00000000feb80000,0x00000000ffe80000)
  to   space 18944K, 0% used [0x00000000fd900000,0x00000000fd900000,0x00000000feb80000)
 ParOldGen       total 349696K, used 347092K [0x00000000e0000000, 0x00000000f5580000, 0x00000000f5580000)
  object space 349696K, 99% used [0x00000000e0000000,0x00000000f52f5370,0x00000000f5580000)
 Metaspace       used 75762K, capacity 81138K, committed 81368K, reserved 1120256K
  class space    used 9084K, capacity 10860K, committed 10968K, reserved 1048576K
Event: 856.647 GC heap after
Heap after GC invocations=104 (full 58):
 PSYoungGen      total 154112K, used 0K [0x00000000f5580000, 0x00000000fff80000, 0x0000000100000000)
  eden space 134656K, 0% used [0x00000000f5580000,0x00000000f5580000,0x00000000fd900000)
  from space 19456K, 0% used [0x00000000feb80000,0x00000000feb80000,0x00000000ffe80000)
  to   space 18944K, 0% used [0x00000000fd900000,0x00000000fd900000,0x00000000feb80000)
 ParOldGen       total 349696K, used 256824K [0x00000000e0000000, 0x00000000f5580000, 0x00000000f5580000)
  object space 349696K, 73% used [0x00000000e0000000,0x00000000eface178,0x00000000f5580000)
 Metaspace       used 75758K, capacity 81132K, committed 81368K, reserved 1120256K
  class space    used 9084K, capacity 10859K, committed 10968K, reserved 1048576K
}

