# JRE version: Java(TM) SE Runtime Environment (8.0_25-b18) (build 1.8.0_25-b18)
# Java VM: Java HotSpot(TM) 64-Bit Server VM (25.25-b02 mixed mode windows-amd64 compressed oops)
Heap:
 PSYoungGen      total 83968K, used 24841K [0x00000000f5580000, 0x00000000fc100000, 0x0000000100000000)
  eden space 59392K, 41% used [0x00000000f5580000,0x00000000f6dc2660,0x00000000f8f80000)
  from space 24576K, 0% used [0x00000000fa800000,0x00000000fa800000,0x00000000fc000000)
  to   space 25088K, 0% used [0x00000000f8f80000,0x00000000f8f80000,0x00000000fa800000)
 ParOldGen       total 101888K, used 44097K [0x00000000e0000000, 0x00000000e6380000, 0x00000000f5580000)
  object space 101888K, 43% used [0x00000000e0000000,0x00000000e2b105e8,0x00000000e6380000)
 Metaspace       used 73524K, capacity 79022K, committed 79232K, reserved 1118208K
  class space    used 9065K, capacity 10783K, committed 10880K, reserved 1048576K
GC Heap History (10 events):
Event: 74.804 GC heap before
{Heap before GC invocations=19 (full 3):
 PSYoungGen      total 76800K, used 72724K [0x00000000f5580000, 0x00000000fbe00000, 0x0000000100000000)
  eden space 55296K, 100% used [0x00000000f5580000,0x00000000f8b80000,0x00000000f8b80000)
  from space 21504K, 81% used [0x00000000f8b80000,0x00000000f9c85230,0x00000000fa080000)
  to   space 23040K, 0% used [0x00000000fa780000,0x00000000fa780000,0x00000000fbe00000)
 ParOldGen       total 101888K, used 33576K [0x00000000e0000000, 0x00000000e6380000, 0x00000000f5580000)
  object space 101888K, 32% used [0x00000000e0000000,0x00000000e20ca2a8,0x00000000e6380000)
 Metaspace       used 71224K, capacity 76782K, committed 76928K, reserved 1116160K
  class space    used 8826K, capacity 10547K, committed 10624K, reserved 1048576K
Event: 74.813 GC heap after
Heap after GC invocations=19 (full 3):
 PSYoungGen      total 82944K, used 16409K [0x00000000f5580000, 0x00000000fbe00000, 0x0000000100000000)
  eden space 59904K, 0% used [0x00000000f5580000,0x00000000f5580000,0x00000000f9000000)
  from space 23040K, 71% used [0x00000000fa780000,0x00000000fb786460,0x00000000fbe00000)
  to   space 23552K, 0% used [0x00000000f9000000,0x00000000f9000000,0x00000000fa700000)
 ParOldGen       total 101888K, used 33584K [0x00000000e0000000, 0x00000000e6380000, 0x00000000f5580000)
  object space 101888K, 32% used [0x00000000e0000000,0x00000000e20cc2a8,0x00000000e6380000)
 Metaspace       used 71224K, capacity 76782K, committed 76928K, reserved 1116160K
  class space    used 8826K, capacity 10547K, committed 10624K, reserved 1048576K
}
Event: 83.668 GC heap before
{Heap before GC invocations=20 (full 3):
 PSYoungGen      total 82944K, used 27542K [0x00000000f5580000, 0x00000000fbe00000, 0x0000000100000000)
  eden space 59904K, 18% used [0x00000000f5580000,0x00000000f605f458,0x00000000f9000000)
  from space 23040K, 71% used [0x00000000fa780000,0x00000000fb786460,0x00000000fbe00000)
  to   space 23552K, 0% used [0x00000000f9000000,0x00000000f9000000,0x00000000fa700000)
 ParOldGen       total 101888K, used 33584K [0x00000000e0000000, 0x00000000e6380000, 0x00000000f5580000)
  object space 101888K, 32% used [0x00000000e0000000,0x00000000e20cc2a8,0x00000000e6380000)
 Metaspace       used 71432K, capacity 77038K, committed 77184K, reserved 1116160K
  class space    used 8832K, capacity 10547K, committed 10624K, reserved 1048576K
Event: 83.677 GC heap after
Heap after GC invocations=20 (full 3):
 PSYoungGen      total 83456K, used 17180K [0x00000000f5580000, 0x00000000fc000000, 0x0000000100000000)
  eden space 59904K, 0% used [0x00000000f5580000,0x00000000f5580000,0x00000000f9000000)
  from space 23552K, 72% used [0x00000000f9000000,0x00000000fa0c7128,0x00000000fa700000)
  to   space 24576K, 0% used [0x00000000fa800000,0x00000000fa800000,0x00000000fc000000)
 ParOldGen       total 101888K, used 33592K [0x00000000e0000000, 0x00000000e6380000, 0x00000000f5580000)
  object space 101888K, 32% used [0x00000000e0000000,0x00000000e20ce2a8,0x00000000e6380000)
 Metaspace       used 71432K, capacity 77038K, committed 77184K, reserved 1116160K
  class space    used 8832K, capacity 10547K, committed 10624K, reserved 1048576K
}
Event: 83.677 GC heap before
{Heap before GC invocations=21 (full 4):
 PSYoungGen      total 83456K, used 17180K [0x00000000f5580000, 0x00000000fc000000, 0x0000000100000000)
  eden space 59904K, 0% used [0x00000000f5580000,0x00000000f5580000,0x00000000f9000000)
  from space 23552K, 72% used [0x00000000f9000000,0x00000000fa0c7128,0x00000000fa700000)
  to   space 24576K, 0% used [0x00000000fa800000,0x00000000fa800000,0x00000000fc000000)
 ParOldGen       total 101888K, used 33592K [0x00000000e0000000, 0x00000000e6380000, 0x00000000f5580000)
  object space 101888K, 32% used [0x00000000e0000000,0x00000000e20ce2a8,0x00000000e6380000)
 Metaspace       used 71432K, capacity 77038K, committed 77184K, reserved 1116160K
  class space    used 8832K, capacity 10547K, committed 10624K, reserved 1048576K
Event: 83.964 GC heap after
Heap after GC invocations=21 (full 4):
 PSYoungGen      total 83456K, used 0K [0x00000000f5580000, 0x00000000fc000000, 0x0000000100000000)
  eden space 59904K, 0% used [0x00000000f5580000,0x00000000f5580000,0x00000000f9000000)
  from space 23552K, 0% used [0x00000000f9000000,0x00000000f9000000,0x00000000fa700000)
  to   space 24576K, 0% used [0x00000000fa800000,0x00000000fa800000,0x00000000fc000000)
 ParOldGen       total 101888K, used 43429K [0x00000000e0000000, 0x00000000e6380000, 0x00000000f5580000)
  object space 101888K, 42% used [0x00000000e0000000,0x00000000e2a694e0,0x00000000e6380000)
 Metaspace       used 71432K, capacity 77038K, committed 77184K, reserved 1116160K
  class space    used 8832K, capacity 10547K, committed 10624K, reserved 1048576K
}
Event: 153.211 GC heap before
{Heap before GC invocations=22 (full 4):
 PSYoungGen      total 83456K, used 42587K [0x00000000f5580000, 0x00000000fc000000, 0x0000000100000000)
  eden space 59904K, 71% used [0x00000000f5580000,0x00000000f7f16f90,0x00000000f9000000)
  from space 23552K, 0% used [0x00000000f9000000,0x00000000f9000000,0x00000000fa700000)
  to   space 24576K, 0% used [0x00000000fa800000,0x00000000fa800000,0x00000000fc000000)
 ParOldGen       total 101888K, used 43429K [0x00000000e0000000, 0x00000000e6380000, 0x00000000f5580000)
  object space 101888K, 42% used [0x00000000e0000000,0x00000000e2a694e0,0x00000000e6380000)
 Metaspace       used 72139K, capacity 77838K, committed 78080K, reserved 1116160K
  class space    used 8925K, capacity 10687K, committed 10752K, reserved 1048576K
Event: 153.213 GC heap after
Heap after GC invocations=22 (full 4):
 PSYoungGen      total 83968K, used 986K [0x00000000f5580000, 0x00000000fc100000, 0x0000000100000000)
  eden space 59392K, 0% used [0x00000000f5580000,0x00000000f5580000,0x00000000f8f80000)
  from space 24576K, 4% used [0x00000000fa800000,0x00000000fa8f68b8,0x00000000fc000000)
  to   space 25088K, 0% used [0x00000000f8f80000,0x00000000f8f80000,0x00000000fa800000)
 ParOldGen       total 101888K, used 43437K [0x00000000e0000000, 0x00000000e6380000, 0x00000000f5580000)
  object space 101888K, 42% used [0x00000000e0000000,0x00000000e2a6b4e0,0x00000000e6380000)
 Metaspace       used 72139K, capacity 77838K, committed 78080K, reserved 1116160K
  class space    used 8925K, capacity 10687K, committed 10752K, reserved 1048576K
}
Event: 153.213 GC heap before
{Heap before GC invocations=23 (full 5):
 PSYoungGen      total 83968K, used 986K [0x00000000f5580000, 0x00000000fc100000, 0x0000000100000000)
  eden space 59392K, 0% used [0x00000000f5580000,0x00000000f5580000,0x00000000f8f80000)
  from space 24576K, 4% used [0x00000000fa800000,0x00000000fa8f68b8,0x00000000fc000000)
  to   space 25088K, 0% used [0x00000000f8f80000,0x00000000f8f80000,0x00000000fa800000)
 ParOldGen       total 101888K, used 43437K [0x00000000e0000000, 0x00000000e6380000, 0x00000000f5580000)
  object space 101888K, 42% used [0x00000000e0000000,0x00000000e2a6b4e0,0x00000000e6380000)
 Metaspace       used 72139K, capacity 77838K, committed 78080K, reserved 1116160K
  class space    used 8925K, capacity 10687K, committed 10752K, reserved 1048576K
Event: 153.435 GC heap after
Heap after GC invocations=23 (full 5):
 PSYoungGen      total 83968K, used 0K [0x00000000f5580000, 0x00000000fc100000, 0x0000000100000000)
  eden space 59392K, 0% used [0x00000000f5580000,0x00000000f5580000,0x00000000f8f80000)
  from space 24576K, 0% used [0x00000000fa800000,0x00000000fa800000,0x00000000fc000000)
  to   space 25088K, 0% used [0x00000000f8f80000,0x00000000f8f80000,0x00000000fa800000)
 ParOldGen       total 101888K, used 44097K [0x00000000e0000000, 0x00000000e6380000, 0x00000000f5580000)
  object space 101888K, 43% used [0x00000000e0000000,0x00000000e2b105e8,0x00000000e6380000)
 Metaspace       used 72139K, capacity 77838K, committed 78080K, reserved 1116160K
  class space    used 8925K, capacity 10687K, committed 10752K, reserved 1048576K
}

