# JRE version: Java(TM) SE Runtime Environment (8.0_25-b18) (build 1.8.0_25-b18)
# Java VM: Java HotSpot(TM) 64-Bit Server VM (25.25-b02 mixed mode windows-amd64 compressed oops)
Heap:
 PSYoungGen      total 101888K, used 48669K [0x00000000f5580000, 0x00000000fd400000, 0x0000000100000000)
  eden space 76288K, 63% used [0x00000000f5580000,0x00000000f8507750,0x00000000fa000000)
  from space 25600K, 0% used [0x00000000fbb00000,0x00000000fbb00000,0x00000000fd400000)
  to   space 26624K, 0% used [0x00000000fa000000,0x00000000fa000000,0x00000000fba00000)
 ParOldGen       total 124928K, used 44604K [0x00000000e0000000, 0x00000000e7a00000, 0x00000000f5580000)
  object space 124928K, 35% used [0x00000000e0000000,0x00000000e2b8f398,0x00000000e7a00000)
 Metaspace       used 75667K, capacity 81006K, committed 81368K, reserved 1120256K
  class space    used 9216K, capacity 10936K, committed 10968K, reserved 1048576K
GC Heap History (10 events):
Event: 501.277 GC heap before
{Heap before GC invocations=30 (full 10):
 PSYoungGen      total 103936K, used 1280K [0x00000000f5580000, 0x00000000fd700000, 0x0000000100000000)
  eden space 76288K, 0% used [0x00000000f5580000,0x00000000f5580000,0x00000000fa000000)
  from space 27648K, 4% used [0x00000000fbc00000,0x00000000fbd40000,0x00000000fd700000)
  to   space 28160K, 0% used [0x00000000fa000000,0x00000000fa000000,0x00000000fbb80000)
 ParOldGen       total 124928K, used 54822K [0x00000000e0000000, 0x00000000e7a00000, 0x00000000f5580000)
  object space 124928K, 43% used [0x00000000e0000000,0x00000000e3589b68,0x00000000e7a00000)
 Metaspace       used 74608K, capacity 80138K, committed 80344K, reserved 1118208K
  class space    used 9118K, capacity 10850K, committed 10968K, reserved 1048576K
Event: 501.479 GC heap after
Heap after GC invocations=30 (full 10):
 PSYoungGen      total 103936K, used 0K [0x00000000f5580000, 0x00000000fd700000, 0x0000000100000000)
  eden space 76288K, 0% used [0x00000000f5580000,0x00000000f5580000,0x00000000fa000000)
  from space 27648K, 0% used [0x00000000fbc00000,0x00000000fbc00000,0x00000000fd700000)
  to   space 28160K, 0% used [0x00000000fa000000,0x00000000fa000000,0x00000000fbb80000)
 ParOldGen       total 124928K, used 46269K [0x00000000e0000000, 0x00000000e7a00000, 0x00000000f5580000)
  object space 124928K, 37% used [0x00000000e0000000,0x00000000e2d2f598,0x00000000e7a00000)
 Metaspace       used 74575K, capacity 80084K, committed 80344K, reserved 1118208K
  class space    used 9113K, capacity 10841K, committed 10968K, reserved 1048576K
}
Event: 561.287 GC heap before
{Heap before GC invocations=31 (full 10):
 PSYoungGen      total 103936K, used 3297K [0x00000000f5580000, 0x00000000fd700000, 0x0000000100000000)
  eden space 76288K, 4% used [0x00000000f5580000,0x00000000f58b8628,0x00000000fa000000)
  from space 27648K, 0% used [0x00000000fbc00000,0x00000000fbc00000,0x00000000fd700000)
  to   space 28160K, 0% used [0x00000000fa000000,0x00000000fa000000,0x00000000fbb80000)
 ParOldGen       total 124928K, used 46269K [0x00000000e0000000, 0x00000000e7a00000, 0x00000000f5580000)
  object space 124928K, 37% used [0x00000000e0000000,0x00000000e2d2f598,0x00000000e7a00000)
 Metaspace       used 74599K, capacity 80084K, committed 80344K, reserved 1118208K
  class space    used 9113K, capacity 10841K, committed 10968K, reserved 1048576K
Event: 561.289 GC heap after
Heap after GC invocations=31 (full 10):
 PSYoungGen      total 76800K, used 192K [0x00000000f5580000, 0x00000000fd600000, 0x0000000100000000)
  eden space 76288K, 0% used [0x00000000f5580000,0x00000000f5580000,0x00000000fa000000)
  from space 512K, 37% used [0x00000000fa000000,0x00000000fa030000,0x00000000fa080000)
  to   space 27648K, 0% used [0x00000000fbb00000,0x00000000fbb00000,0x00000000fd600000)
 ParOldGen       total 124928K, used 46277K [0x00000000e0000000, 0x00000000e7a00000, 0x00000000f5580000)
  object space 124928K, 37% used [0x00000000e0000000,0x00000000e2d31598,0x00000000e7a00000)
 Metaspace       used 74599K, capacity 80084K, committed 80344K, reserved 1118208K
  class space    used 9113K, capacity 10841K, committed 10968K, reserved 1048576K
}
Event: 561.289 GC heap before
{Heap before GC invocations=32 (full 11):
 PSYoungGen      total 76800K, used 192K [0x00000000f5580000, 0x00000000fd600000, 0x0000000100000000)
  eden space 76288K, 0% used [0x00000000f5580000,0x00000000f5580000,0x00000000fa000000)
  from space 512K, 37% used [0x00000000fa000000,0x00000000fa030000,0x00000000fa080000)
  to   space 27648K, 0% used [0x00000000fbb00000,0x00000000fbb00000,0x00000000fd600000)
 ParOldGen       total 124928K, used 46277K [0x00000000e0000000, 0x00000000e7a00000, 0x00000000f5580000)
  object space 124928K, 37% used [0x00000000e0000000,0x00000000e2d31598,0x00000000e7a00000)
 Metaspace       used 74599K, capacity 80084K, committed 80344K, reserved 1118208K
  class space    used 9113K, capacity 10841K, committed 10968K, reserved 1048576K
Event: 561.556 GC heap after
Heap after GC invocations=32 (full 11):
 PSYoungGen      total 76800K, used 0K [0x00000000f5580000, 0x00000000fd600000, 0x0000000100000000)
  eden space 76288K, 0% used [0x00000000f5580000,0x00000000f5580000,0x00000000fa000000)
  from space 512K, 0% used [0x00000000fa000000,0x00000000fa000000,0x00000000fa080000)
  to   space 27648K, 0% used [0x00000000fbb00000,0x00000000fbb00000,0x00000000fd600000)
 ParOldGen       total 124928K, used 45598K [0x00000000e0000000, 0x00000000e7a00000, 0x00000000f5580000)
  object space 124928K, 36% used [0x00000000e0000000,0x00000000e2c87ab0,0x00000000e7a00000)
 Metaspace       used 74591K, capacity 80072K, committed 80344K, reserved 1118208K
  class space    used 9112K, capacity 10839K, committed 10968K, reserved 1048576K
}
Event: 621.299 GC heap before
{Heap before GC invocations=33 (full 11):
 PSYoungGen      total 76800K, used 8370K [0x00000000f5580000, 0x00000000fd600000, 0x0000000100000000)
  eden space 76288K, 10% used [0x00000000f5580000,0x00000000f5dac848,0x00000000fa000000)
  from space 512K, 0% used [0x00000000fa000000,0x00000000fa000000,0x00000000fa080000)
  to   space 27648K, 0% used [0x00000000fbb00000,0x00000000fbb00000,0x00000000fd600000)
 ParOldGen       total 124928K, used 45598K [0x00000000e0000000, 0x00000000e7a00000, 0x00000000f5580000)
  object space 124928K, 36% used [0x00000000e0000000,0x00000000e2c87ab0,0x00000000e7a00000)
 Metaspace       used 74648K, capacity 80072K, committed 80344K, reserved 1118208K
  class space    used 9112K, capacity 10839K, committed 10968K, reserved 1048576K
Event: 621.301 GC heap after
Heap after GC invocations=33 (full 11):
 PSYoungGen      total 101888K, used 480K [0x00000000f5580000, 0x00000000fd400000, 0x0000000100000000)
  eden space 76288K, 0% used [0x00000000f5580000,0x00000000f5580000,0x00000000fa000000)
  from space 25600K, 1% used [0x00000000fbb00000,0x00000000fbb78000,0x00000000fd400000)
  to   space 26624K, 0% used [0x00000000fa000000,0x00000000fa000000,0x00000000fba00000)
 ParOldGen       total 124928K, used 45606K [0x00000000e0000000, 0x00000000e7a00000, 0x00000000f5580000)
  object space 124928K, 36% used [0x00000000e0000000,0x00000000e2c89ab0,0x00000000e7a00000)
 Metaspace       used 74648K, capacity 80072K, committed 80344K, reserved 1118208K
  class space    used 9112K, capacity 10839K, committed 10968K, reserved 1048576K
}
Event: 621.301 GC heap before
{Heap before GC invocations=34 (full 12):
 PSYoungGen      total 101888K, used 480K [0x00000000f5580000, 0x00000000fd400000, 0x0000000100000000)
  eden space 76288K, 0% used [0x00000000f5580000,0x00000000f5580000,0x00000000fa000000)
  from space 25600K, 1% used [0x00000000fbb00000,0x00000000fbb78000,0x00000000fd400000)
  to   space 26624K, 0% used [0x00000000fa000000,0x00000000fa000000,0x00000000fba00000)
 ParOldGen       total 124928K, used 45606K [0x00000000e0000000, 0x00000000e7a00000, 0x00000000f5580000)
  object space 124928K, 36% used [0x00000000e0000000,0x00000000e2c89ab0,0x00000000e7a00000)
 Metaspace       used 74648K, capacity 80072K, committed 80344K, reserved 1118208K
  class space    used 9112K, capacity 10839K, committed 10968K, reserved 1048576K
Event: 621.490 GC heap after
Heap after GC invocations=34 (full 12):
 PSYoungGen      total 101888K, used 0K [0x00000000f5580000, 0x00000000fd400000, 0x0000000100000000)
  eden space 76288K, 0% used [0x00000000f5580000,0x00000000f5580000,0x00000000fa000000)
  from space 25600K, 0% used [0x00000000fbb00000,0x00000000fbb00000,0x00000000fd400000)
  to   space 26624K, 0% used [0x00000000fa000000,0x00000000fa000000,0x00000000fba00000)
 ParOldGen       total 124928K, used 44604K [0x00000000e0000000, 0x00000000e7a00000, 0x00000000f5580000)
  object space 124928K, 35% used [0x00000000e0000000,0x00000000e2b8f398,0x00000000e7a00000)
 Metaspace       used 74648K, capacity 80072K, committed 80344K, reserved 1118208K
  class space    used 9112K, capacity 10839K, committed 10968K, reserved 1048576K
}

