# JRE version: Java(TM) SE Runtime Environment (8.0_25-b18) (build 1.8.0_25-b18)
# Java VM: Java HotSpot(TM) 64-Bit Server VM (25.25-b02 mixed mode windows-amd64 compressed oops)
Heap:
 PSYoungGen      total 86528K, used 31087K [0x00000000f5580000, 0x00000000fda80000, 0x0000000100000000)
  eden space 86016K, 36% used [0x00000000f5580000,0x00000000f73dbf58,0x00000000fa980000)
  from space 512K, 0% used [0x00000000fa980000,0x00000000fa980000,0x00000000faa00000)
  to   space 25088K, 0% used [0x00000000fc200000,0x00000000fc200000,0x00000000fda80000)
 ParOldGen       total 349696K, used 254400K [0x00000000e0000000, 0x00000000f5580000, 0x00000000f5580000)
  object space 349696K, 72% used [0x00000000e0000000,0x00000000ef870108,0x00000000f5580000)
 Metaspace       used 73168K, capacity 78570K, committed 78680K, reserved 1118208K
  class space    used 9065K, capacity 10823K, committed 10840K, reserved 1048576K
GC Heap History (10 events):
Event: 443.533 GC heap before
{Heap before GC invocations=44 (full 22):
 PSYoungGen      total 86528K, used 160K [0x00000000f5580000, 0x00000000fdd80000, 0x0000000100000000)
  eden space 86016K, 0% used [0x00000000f5580000,0x00000000f5580000,0x00000000fa980000)
  from space 512K, 31% used [0x00000000fa980000,0x00000000fa9a8000,0x00000000faa00000)
  to   space 26624K, 0% used [0x00000000fc380000,0x00000000fc380000,0x00000000fdd80000)
 ParOldGen       total 349696K, used 344412K [0x00000000e0000000, 0x00000000f5580000, 0x00000000f5580000)
  object space 349696K, 98% used [0x00000000e0000000,0x00000000f50571e0,0x00000000f5580000)
 Metaspace       used 72031K, capacity 77536K, committed 77784K, reserved 1116160K
  class space    used 8947K, capacity 10694K, committed 10712K, reserved 1048576K
Event: 443.693 GC heap after
Heap after GC invocations=44 (full 22):
 PSYoungGen      total 86528K, used 0K [0x00000000f5580000, 0x00000000fdd80000, 0x0000000100000000)
  eden space 86016K, 0% used [0x00000000f5580000,0x00000000f5580000,0x00000000fa980000)
  from space 512K, 0% used [0x00000000fa980000,0x00000000fa980000,0x00000000faa00000)
  to   space 26624K, 0% used [0x00000000fc380000,0x00000000fc380000,0x00000000fdd80000)
 ParOldGen       total 349696K, used 344426K [0x00000000e0000000, 0x00000000f5580000, 0x00000000f5580000)
  object space 349696K, 98% used [0x00000000e0000000,0x00000000f505a9d8,0x00000000f5580000)
 Metaspace       used 72031K, capacity 77536K, committed 77784K, reserved 1116160K
  class space    used 8947K, capacity 10694K, committed 10712K, reserved 1048576K
}
Event: 503.545 GC heap before
{Heap before GC invocations=45 (full 22):
 PSYoungGen      total 86528K, used 4220K [0x00000000f5580000, 0x00000000fdd80000, 0x0000000100000000)
  eden space 86016K, 4% used [0x00000000f5580000,0x00000000f599f058,0x00000000fa980000)
  from space 512K, 0% used [0x00000000fa980000,0x00000000fa980000,0x00000000faa00000)
  to   space 26624K, 0% used [0x00000000fc380000,0x00000000fc380000,0x00000000fdd80000)
 ParOldGen       total 349696K, used 344426K [0x00000000e0000000, 0x00000000f5580000, 0x00000000f5580000)
  object space 349696K, 98% used [0x00000000e0000000,0x00000000f505a9d8,0x00000000f5580000)
 Metaspace       used 72038K, capacity 77536K, committed 77784K, reserved 1116160K
  class space    used 8948K, capacity 10694K, committed 10712K, reserved 1048576K
Event: 503.547 GC heap after
Heap after GC invocations=45 (full 22):
 PSYoungGen      total 111616K, used 160K [0x00000000f5580000, 0x00000000fdc80000, 0x0000000100000000)
  eden space 86016K, 0% used [0x00000000f5580000,0x00000000f5580000,0x00000000fa980000)
  from space 25600K, 0% used [0x00000000fc380000,0x00000000fc3a8000,0x00000000fdc80000)
  to   space 26112K, 0% used [0x00000000fa980000,0x00000000fa980000,0x00000000fc300000)
 ParOldGen       total 349696K, used 344426K [0x00000000e0000000, 0x00000000f5580000, 0x00000000f5580000)
  object space 349696K, 98% used [0x00000000e0000000,0x00000000f505a9d8,0x00000000f5580000)
 Metaspace       used 72038K, capacity 77536K, committed 77784K, reserved 1116160K
  class space    used 8948K, capacity 10694K, committed 10712K, reserved 1048576K
}
Event: 503.548 GC heap before
{Heap before GC invocations=46 (full 23):
 PSYoungGen      total 111616K, used 160K [0x00000000f5580000, 0x00000000fdc80000, 0x0000000100000000)
  eden space 86016K, 0% used [0x00000000f5580000,0x00000000f5580000,0x00000000fa980000)
  from space 25600K, 0% used [0x00000000fc380000,0x00000000fc3a8000,0x00000000fdc80000)
  to   space 26112K, 0% used [0x00000000fa980000,0x00000000fa980000,0x00000000fc300000)
 ParOldGen       total 349696K, used 344426K [0x00000000e0000000, 0x00000000f5580000, 0x00000000f5580000)
  object space 349696K, 98% used [0x00000000e0000000,0x00000000f505a9d8,0x00000000f5580000)
 Metaspace       used 72038K, capacity 77536K, committed 77784K, reserved 1116160K
  class space    used 8948K, capacity 10694K, committed 10712K, reserved 1048576K
Event: 503.704 GC heap after
Heap after GC invocations=46 (full 23):
 PSYoungGen      total 111616K, used 0K [0x00000000f5580000, 0x00000000fdc80000, 0x0000000100000000)
  eden space 86016K, 0% used [0x00000000f5580000,0x00000000f5580000,0x00000000fa980000)
  from space 25600K, 0% used [0x00000000fc380000,0x00000000fc380000,0x00000000fdc80000)
  to   space 26112K, 0% used [0x00000000fa980000,0x00000000fa980000,0x00000000fc300000)
 ParOldGen       total 349696K, used 254400K [0x00000000e0000000, 0x00000000f5580000, 0x00000000f5580000)
  object space 349696K, 72% used [0x00000000e0000000,0x00000000ef8700e0,0x00000000f5580000)
 Metaspace       used 72038K, capacity 77536K, committed 77784K, reserved 1116160K
  class space    used 8948K, capacity 10694K, committed 10712K, reserved 1048576K
}
Event: 563.573 GC heap before
{Heap before GC invocations=47 (full 23):
 PSYoungGen      total 111616K, used 3899K [0x00000000f5580000, 0x00000000fdc80000, 0x0000000100000000)
  eden space 86016K, 4% used [0x00000000f5580000,0x00000000f594ec88,0x00000000fa980000)
  from space 25600K, 0% used [0x00000000fc380000,0x00000000fc380000,0x00000000fdc80000)
  to   space 26112K, 0% used [0x00000000fa980000,0x00000000fa980000,0x00000000fc300000)
 ParOldGen       total 349696K, used 254400K [0x00000000e0000000, 0x00000000f5580000, 0x00000000f5580000)
  object space 349696K, 72% used [0x00000000e0000000,0x00000000ef8700e0,0x00000000f5580000)
 Metaspace       used 72041K, capacity 77536K, committed 77784K, reserved 1116160K
  class space    used 8948K, capacity 10694K, committed 10712K, reserved 1048576K
Event: 563.575 GC heap after
Heap after GC invocations=47 (full 23):
 PSYoungGen      total 86528K, used 160K [0x00000000f5580000, 0x00000000fda80000, 0x0000000100000000)
  eden space 86016K, 0% used [0x00000000f5580000,0x00000000f5580000,0x00000000fa980000)
  from space 512K, 31% used [0x00000000fa980000,0x00000000fa9a8000,0x00000000faa00000)
  to   space 25088K, 0% used [0x00000000fc200000,0x00000000fc200000,0x00000000fda80000)
 ParOldGen       total 349696K, used 254400K [0x00000000e0000000, 0x00000000f5580000, 0x00000000f5580000)
  object space 349696K, 72% used [0x00000000e0000000,0x00000000ef8700e0,0x00000000f5580000)
 Metaspace       used 72041K, capacity 77536K, committed 77784K, reserved 1116160K
  class space    used 8948K, capacity 10694K, committed 10712K, reserved 1048576K
}
Event: 563.575 GC heap before
{Heap before GC invocations=48 (full 24):
 PSYoungGen      total 86528K, used 160K [0x00000000f5580000, 0x00000000fda80000, 0x0000000100000000)
  eden space 86016K, 0% used [0x00000000f5580000,0x00000000f5580000,0x00000000fa980000)
  from space 512K, 31% used [0x00000000fa980000,0x00000000fa9a8000,0x00000000faa00000)
  to   space 25088K, 0% used [0x00000000fc200000,0x00000000fc200000,0x00000000fda80000)
 ParOldGen       total 349696K, used 254400K [0x00000000e0000000, 0x00000000f5580000, 0x00000000f5580000)
  object space 349696K, 72% used [0x00000000e0000000,0x00000000ef8700e0,0x00000000f5580000)
 Metaspace       used 72041K, capacity 77536K, committed 77784K, reserved 1116160K
  class space    used 8948K, capacity 10694K, committed 10712K, reserved 1048576K
Event: 563.654 GC heap after
Heap after GC invocations=48 (full 24):
 PSYoungGen      total 86528K, used 0K [0x00000000f5580000, 0x00000000fda80000, 0x0000000100000000)
  eden space 86016K, 0% used [0x00000000f5580000,0x00000000f5580000,0x00000000fa980000)
  from space 512K, 0% used [0x00000000fa980000,0x00000000fa980000,0x00000000faa00000)
  to   space 25088K, 0% used [0x00000000fc200000,0x00000000fc200000,0x00000000fda80000)
 ParOldGen       total 349696K, used 254400K [0x00000000e0000000, 0x00000000f5580000, 0x00000000f5580000)
  object space 349696K, 72% used [0x00000000e0000000,0x00000000ef870108,0x00000000f5580000)
 Metaspace       used 72041K, capacity 77536K, committed 77784K, reserved 1116160K
  class space    used 8948K, capacity 10694K, committed 10712K, reserved 1048576K
}

