# JRE version: Java(TM) SE Runtime Environment (8.0_25-b18) (build 1.8.0_25-b18)
# Java VM: Java HotSpot(TM) 64-Bit Server VM (25.25-b02 mixed mode windows-amd64 compressed oops)
Heap:
 PSYoungGen      total 111104K, used 26445K [0x00000000f5580000, 0x00000000fdc80000, 0x0000000100000000)
  eden space 83968K, 31% used [0x00000000f5580000,0x00000000f6f53558,0x00000000fa780000)
  from space 27136K, 0% used [0x00000000fa780000,0x00000000fa780000,0x00000000fc200000)
  to   space 27136K, 0% used [0x00000000fc200000,0x00000000fc200000,0x00000000fdc80000)
 ParOldGen       total 349696K, used 255790K [0x00000000e0000000, 0x00000000f5580000, 0x00000000f5580000)
  object space 349696K, 73% used [0x00000000e0000000,0x00000000ef9cbaa0,0x00000000f5580000)
 Metaspace       used 72931K, capacity 78434K, committed 78552K, reserved 1118208K
  class space    used 8962K, capacity 10687K, committed 10712K, reserved 1048576K
GC Heap History (10 events):
Event: 186.928 GC heap before
{Heap before GC invocations=38 (full 17):
 PSYoungGen      total 107520K, used 4695K [0x00000000f5580000, 0x00000000fdc80000, 0x0000000100000000)
  eden space 81408K, 5% used [0x00000000f5580000,0x00000000f5a15e48,0x00000000fa500000)
  from space 26112K, 0% used [0x00000000fa500000,0x00000000fa500000,0x00000000fbe80000)
  to   space 27136K, 0% used [0x00000000fc200000,0x00000000fc200000,0x00000000fdc80000)
 ParOldGen       total 349696K, used 344948K [0x00000000e0000000, 0x00000000f5580000, 0x00000000f5580000)
  object space 349696K, 98% used [0x00000000e0000000,0x00000000f50dd280,0x00000000f5580000)
 Metaspace       used 71399K, capacity 76952K, committed 77144K, reserved 1116160K
  class space    used 8813K, capacity 10558K, committed 10584K, reserved 1048576K
Event: 186.930 GC heap after
Heap after GC invocations=38 (full 17):
 PSYoungGen      total 111104K, used 160K [0x00000000f5580000, 0x00000000fdc80000, 0x0000000100000000)
  eden space 83968K, 0% used [0x00000000f5580000,0x00000000f5580000,0x00000000fa780000)
  from space 27136K, 0% used [0x00000000fc200000,0x00000000fc228000,0x00000000fdc80000)
  to   space 27136K, 0% used [0x00000000fa780000,0x00000000fa780000,0x00000000fc200000)
 ParOldGen       total 349696K, used 344956K [0x00000000e0000000, 0x00000000f5580000, 0x00000000f5580000)
  object space 349696K, 98% used [0x00000000e0000000,0x00000000f50df280,0x00000000f5580000)
 Metaspace       used 71399K, capacity 76952K, committed 77144K, reserved 1116160K
  class space    used 8813K, capacity 10558K, committed 10584K, reserved 1048576K
}
Event: 186.930 GC heap before
{Heap before GC invocations=39 (full 18):
 PSYoungGen      total 111104K, used 160K [0x00000000f5580000, 0x00000000fdc80000, 0x0000000100000000)
  eden space 83968K, 0% used [0x00000000f5580000,0x00000000f5580000,0x00000000fa780000)
  from space 27136K, 0% used [0x00000000fc200000,0x00000000fc228000,0x00000000fdc80000)
  to   space 27136K, 0% used [0x00000000fa780000,0x00000000fa780000,0x00000000fc200000)
 ParOldGen       total 349696K, used 344956K [0x00000000e0000000, 0x00000000f5580000, 0x00000000f5580000)
  object space 349696K, 98% used [0x00000000e0000000,0x00000000f50df280,0x00000000f5580000)
 Metaspace       used 71399K, capacity 76952K, committed 77144K, reserved 1116160K
  class space    used 8813K, capacity 10558K, committed 10584K, reserved 1048576K
Event: 187.119 GC heap after
Heap after GC invocations=39 (full 18):
 PSYoungGen      total 111104K, used 0K [0x00000000f5580000, 0x00000000fdc80000, 0x0000000100000000)
  eden space 83968K, 0% used [0x00000000f5580000,0x00000000f5580000,0x00000000fa780000)
  from space 27136K, 0% used [0x00000000fc200000,0x00000000fc200000,0x00000000fdc80000)
  to   space 27136K, 0% used [0x00000000fa780000,0x00000000fa780000,0x00000000fc200000)
 ParOldGen       total 349696K, used 344962K [0x00000000e0000000, 0x00000000f5580000, 0x00000000f5580000)
  object space 349696K, 98% used [0x00000000e0000000,0x00000000f50e0b20,0x00000000f5580000)
 Metaspace       used 71399K, capacity 76952K, committed 77144K, reserved 1116160K
  class space    used 8813K, capacity 10558K, committed 10584K, reserved 1048576K
}
Event: 246.942 GC heap before
{Heap before GC invocations=40 (full 19):
 PSYoungGen      total 111104K, used 6654K [0x00000000f5580000, 0x00000000fdc80000, 0x0000000100000000)
  eden space 83968K, 7% used [0x00000000f5580000,0x00000000f5bff878,0x00000000fa780000)
  from space 27136K, 0% used [0x00000000fc200000,0x00000000fc200000,0x00000000fdc80000)
  to   space 27136K, 0% used [0x00000000fa780000,0x00000000fa780000,0x00000000fc200000)
 ParOldGen       total 349696K, used 344962K [0x00000000e0000000, 0x00000000f5580000, 0x00000000f5580000)
  object space 349696K, 98% used [0x00000000e0000000,0x00000000f50e0b20,0x00000000f5580000)
 Metaspace       used 71436K, capacity 76952K, committed 77144K, reserved 1116160K
  class space    used 8814K, capacity 10558K, committed 10584K, reserved 1048576K
Event: 247.103 GC heap after
Heap after GC invocations=40 (full 19):
 PSYoungGen      total 111104K, used 0K [0x00000000f5580000, 0x00000000fdc80000, 0x0000000100000000)
  eden space 83968K, 0% used [0x00000000f5580000,0x00000000f5580000,0x00000000fa780000)
  from space 27136K, 0% used [0x00000000fc200000,0x00000000fc200000,0x00000000fdc80000)
  to   space 27136K, 0% used [0x00000000fa780000,0x00000000fa780000,0x00000000fc200000)
 ParOldGen       total 349696K, used 255056K [0x00000000e0000000, 0x00000000f5580000, 0x00000000f5580000)
  object space 349696K, 72% used [0x00000000e0000000,0x00000000ef914110,0x00000000f5580000)
 Metaspace       used 71436K, capacity 76952K, committed 77144K, reserved 1116160K
  class space    used 8814K, capacity 10558K, committed 10584K, reserved 1048576K
}
Event: 306.956 GC heap before
{Heap before GC invocations=41 (full 19):
 PSYoungGen      total 111104K, used 9854K [0x00000000f5580000, 0x00000000fdc80000, 0x0000000100000000)
  eden space 83968K, 11% used [0x00000000f5580000,0x00000000f5f1f828,0x00000000fa780000)
  from space 27136K, 0% used [0x00000000fc200000,0x00000000fc200000,0x00000000fdc80000)
  to   space 27136K, 0% used [0x00000000fa780000,0x00000000fa780000,0x00000000fc200000)
 ParOldGen       total 349696K, used 255056K [0x00000000e0000000, 0x00000000f5580000, 0x00000000f5580000)
  object space 349696K, 72% used [0x00000000e0000000,0x00000000ef914110,0x00000000f5580000)
 Metaspace       used 71890K, capacity 77432K, committed 77784K, reserved 1116160K
  class space    used 8850K, capacity 10590K, committed 10712K, reserved 1048576K
Event: 306.959 GC heap after
Heap after GC invocations=41 (full 19):
 PSYoungGen      total 111104K, used 896K [0x00000000f5580000, 0x00000000fdc80000, 0x0000000100000000)
  eden space 83968K, 0% used [0x00000000f5580000,0x00000000f5580000,0x00000000fa780000)
  from space 27136K, 3% used [0x00000000fa780000,0x00000000fa860058,0x00000000fc200000)
  to   space 27136K, 0% used [0x00000000fc200000,0x00000000fc200000,0x00000000fdc80000)
 ParOldGen       total 349696K, used 255128K [0x00000000e0000000, 0x00000000f5580000, 0x00000000f5580000)
  object space 349696K, 72% used [0x00000000e0000000,0x00000000ef926120,0x00000000f5580000)
 Metaspace       used 71890K, capacity 77432K, committed 77784K, reserved 1116160K
  class space    used 8850K, capacity 10590K, committed 10712K, reserved 1048576K
}
Event: 306.959 GC heap before
{Heap before GC invocations=42 (full 20):
 PSYoungGen      total 111104K, used 896K [0x00000000f5580000, 0x00000000fdc80000, 0x0000000100000000)
  eden space 83968K, 0% used [0x00000000f5580000,0x00000000f5580000,0x00000000fa780000)
  from space 27136K, 3% used [0x00000000fa780000,0x00000000fa860058,0x00000000fc200000)
  to   space 27136K, 0% used [0x00000000fc200000,0x00000000fc200000,0x00000000fdc80000)
 ParOldGen       total 349696K, used 255128K [0x00000000e0000000, 0x00000000f5580000, 0x00000000f5580000)
  object space 349696K, 72% used [0x00000000e0000000,0x00000000ef926120,0x00000000f5580000)
 Metaspace       used 71890K, capacity 77432K, committed 77784K, reserved 1116160K
  class space    used 8850K, capacity 10590K, committed 10712K, reserved 1048576K
Event: 307.147 GC heap after
Heap after GC invocations=42 (full 20):
 PSYoungGen      total 111104K, used 0K [0x00000000f5580000, 0x00000000fdc80000, 0x0000000100000000)
  eden space 83968K, 0% used [0x00000000f5580000,0x00000000f5580000,0x00000000fa780000)
  from space 27136K, 0% used [0x00000000fa780000,0x00000000fa780000,0x00000000fc200000)
  to   space 27136K, 0% used [0x00000000fc200000,0x00000000fc200000,0x00000000fdc80000)
 ParOldGen       total 349696K, used 255790K [0x00000000e0000000, 0x00000000f5580000, 0x00000000f5580000)
  object space 349696K, 73% used [0x00000000e0000000,0x00000000ef9cbaa0,0x00000000f5580000)
 Metaspace       used 71890K, capacity 77432K, committed 77784K, reserved 1116160K
  class space    used 8850K, capacity 10590K, committed 10712K, reserved 1048576K
}

