# JRE version: Java(TM) SE Runtime Environment (8.0_25-b18) (build 1.8.0_25-b18)
# Java VM: Java HotSpot(TM) 64-Bit Server VM (25.25-b02 mixed mode windows-amd64 compressed oops)
Heap:
 PSYoungGen      total 87040K, used 30753K [0x00000000f5580000, 0x00000000fbb00000, 0x0000000100000000)
  eden space 71168K, 43% used [0x00000000f5580000,0x00000000f7388628,0x00000000f9b00000)
  from space 15872K, 0% used [0x00000000fab80000,0x00000000fab80000,0x00000000fbb00000)
  to   space 16384K, 0% used [0x00000000f9b00000,0x00000000f9b00000,0x00000000fab00000)
 ParOldGen       total 349696K, used 319677K [0x00000000e0000000, 0x00000000f5580000, 0x00000000f5580000)
  object space 349696K, 91% used [0x00000000e0000000,0x00000000f382f6d8,0x00000000f5580000)
 Metaspace       used 74257K, capacity 79416K, committed 79704K, reserved 1118208K
  class space    used 9040K, capacity 10751K, committed 10840K, reserved 1048576K
GC Heap History (10 events):
Event: 536.107 GC heap before
{Heap before GC invocations=81 (full 44):
 PSYoungGen      total 71168K, used 66045K [0x00000000f5580000, 0x00000000fbc00000, 0x0000000100000000)
  eden space 70656K, 93% used [0x00000000f5580000,0x00000000f95ff560,0x00000000f9a80000)
  from space 512K, 0% used [0x00000000f9a80000,0x00000000f9a80000,0x00000000f9b00000)
  to   space 16896K, 0% used [0x00000000fab80000,0x00000000fab80000,0x00000000fbc00000)
 ParOldGen       total 349696K, used 319677K [0x00000000e0000000, 0x00000000f5580000, 0x00000000f5580000)
  object space 349696K, 91% used [0x00000000e0000000,0x00000000f382f620,0x00000000f5580000)
 Metaspace       used 73211K, capacity 78536K, committed 78808K, reserved 1118208K
  class space    used 8923K, capacity 10589K, committed 10712K, reserved 1048576K
Event: 536.207 GC heap after
Heap after GC invocations=81 (full 44):
 PSYoungGen      total 71168K, used 0K [0x00000000f5580000, 0x00000000fbc00000, 0x0000000100000000)
  eden space 70656K, 0% used [0x00000000f5580000,0x00000000f5580000,0x00000000f9a80000)
  from space 512K, 0% used [0x00000000f9a80000,0x00000000f9a80000,0x00000000f9b00000)
  to   space 16896K, 0% used [0x00000000fab80000,0x00000000fab80000,0x00000000fbc00000)
 ParOldGen       total 349696K, used 286910K [0x00000000e0000000, 0x00000000f5580000, 0x00000000f5580000)
  object space 349696K, 82% used [0x00000000e0000000,0x00000000f182f800,0x00000000f5580000)
 Metaspace       used 73211K, capacity 78536K, committed 78808K, reserved 1118208K
  class space    used 8923K, capacity 10589K, committed 10712K, reserved 1048576K
}
Event: 536.230 GC heap before
{Heap before GC invocations=82 (full 44):
 PSYoungGen      total 71168K, used 65536K [0x00000000f5580000, 0x00000000fbc00000, 0x0000000100000000)
  eden space 70656K, 92% used [0x00000000f5580000,0x00000000f9580010,0x00000000f9a80000)
  from space 512K, 0% used [0x00000000f9a80000,0x00000000f9a80000,0x00000000f9b00000)
  to   space 16896K, 0% used [0x00000000fab80000,0x00000000fab80000,0x00000000fbc00000)
 ParOldGen       total 349696K, used 286910K [0x00000000e0000000, 0x00000000f5580000, 0x00000000f5580000)
  object space 349696K, 82% used [0x00000000e0000000,0x00000000f182f800,0x00000000f5580000)
 Metaspace       used 73211K, capacity 78536K, committed 78808K, reserved 1118208K
  class space    used 8923K, capacity 10589K, committed 10712K, reserved 1048576K
Event: 536.232 GC heap after
Heap after GC invocations=82 (full 44):
 PSYoungGen      total 71168K, used 65536K [0x00000000f5580000, 0x00000000fbc00000, 0x0000000100000000)
  eden space 70656K, 92% used [0x00000000f5580000,0x00000000f9580010,0x00000000f9a80000)
  from space 512K, 0% used [0x00000000f9a80000,0x00000000f9a80000,0x00000000f9b00000)
  to   space 16896K, 0% used [0x00000000fab80000,0x00000000fab80000,0x00000000fbc00000)
 ParOldGen       total 349696K, used 286910K [0x00000000e0000000, 0x00000000f5580000, 0x00000000f5580000)
  object space 349696K, 82% used [0x00000000e0000000,0x00000000f182f800,0x00000000f5580000)
 Metaspace       used 73211K, capacity 78536K, committed 78808K, reserved 1118208K
  class space    used 8923K, capacity 10589K, committed 10712K, reserved 1048576K
}
Event: 536.232 GC heap before
{Heap before GC invocations=83 (full 45):
 PSYoungGen      total 71168K, used 65536K [0x00000000f5580000, 0x00000000fbc00000, 0x0000000100000000)
  eden space 70656K, 92% used [0x00000000f5580000,0x00000000f9580010,0x00000000f9a80000)
  from space 512K, 0% used [0x00000000f9a80000,0x00000000f9a80000,0x00000000f9b00000)
  to   space 16896K, 0% used [0x00000000fab80000,0x00000000fab80000,0x00000000fbc00000)
 ParOldGen       total 349696K, used 286910K [0x00000000e0000000, 0x00000000f5580000, 0x00000000f5580000)
  object space 349696K, 82% used [0x00000000e0000000,0x00000000f182f800,0x00000000f5580000)
 Metaspace       used 73211K, capacity 78536K, committed 78808K, reserved 1118208K
  class space    used 8923K, capacity 10589K, committed 10712K, reserved 1048576K
Event: 536.347 GC heap after
Heap after GC invocations=83 (full 45):
 PSYoungGen      total 71168K, used 0K [0x00000000f5580000, 0x00000000fbc00000, 0x0000000100000000)
  eden space 70656K, 0% used [0x00000000f5580000,0x00000000f5580000,0x00000000f9a80000)
  from space 512K, 0% used [0x00000000f9a80000,0x00000000f9a80000,0x00000000f9b00000)
  to   space 16896K, 0% used [0x00000000fab80000,0x00000000fab80000,0x00000000fbc00000)
 ParOldGen       total 349696K, used 319677K [0x00000000e0000000, 0x00000000f5580000, 0x00000000f5580000)
  object space 349696K, 91% used [0x00000000e0000000,0x00000000f382f728,0x00000000f5580000)
 Metaspace       used 73211K, capacity 78536K, committed 78808K, reserved 1118208K
  class space    used 8923K, capacity 10589K, committed 10712K, reserved 1048576K
}
Event: 536.347 GC heap before
{Heap before GC invocations=84 (full 45):
 PSYoungGen      total 71168K, used 0K [0x00000000f5580000, 0x00000000fbc00000, 0x0000000100000000)
  eden space 70656K, 0% used [0x00000000f5580000,0x00000000f5580000,0x00000000f9a80000)
  from space 512K, 0% used [0x00000000f9a80000,0x00000000f9a80000,0x00000000f9b00000)
  to   space 16896K, 0% used [0x00000000fab80000,0x00000000fab80000,0x00000000fbc00000)
 ParOldGen       total 349696K, used 319677K [0x00000000e0000000, 0x00000000f5580000, 0x00000000f5580000)
  object space 349696K, 91% used [0x00000000e0000000,0x00000000f382f728,0x00000000f5580000)
 Metaspace       used 73211K, capacity 78536K, committed 78808K, reserved 1118208K
  class space    used 8923K, capacity 10589K, committed 10712K, reserved 1048576K
Event: 536.349 GC heap after
Heap after GC invocations=84 (full 45):
 PSYoungGen      total 87040K, used 0K [0x00000000f5580000, 0x00000000fbb00000, 0x0000000100000000)
  eden space 71168K, 0% used [0x00000000f5580000,0x00000000f5580000,0x00000000f9b00000)
  from space 15872K, 0% used [0x00000000fab80000,0x00000000fab80000,0x00000000fbb00000)
  to   space 16384K, 0% used [0x00000000f9b00000,0x00000000f9b00000,0x00000000fab00000)
 ParOldGen       total 349696K, used 319677K [0x00000000e0000000, 0x00000000f5580000, 0x00000000f5580000)
  object space 349696K, 91% used [0x00000000e0000000,0x00000000f382f728,0x00000000f5580000)
 Metaspace       used 73211K, capacity 78536K, committed 78808K, reserved 1118208K
  class space    used 8923K, capacity 10589K, committed 10712K, reserved 1048576K
}
Event: 536.349 GC heap before
{Heap before GC invocations=85 (full 46):
 PSYoungGen      total 87040K, used 0K [0x00000000f5580000, 0x00000000fbb00000, 0x0000000100000000)
  eden space 71168K, 0% used [0x00000000f5580000,0x00000000f5580000,0x00000000f9b00000)
  from space 15872K, 0% used [0x00000000fab80000,0x00000000fab80000,0x00000000fbb00000)
  to   space 16384K, 0% used [0x00000000f9b00000,0x00000000f9b00000,0x00000000fab00000)
 ParOldGen       total 349696K, used 319677K [0x00000000e0000000, 0x00000000f5580000, 0x00000000f5580000)
  object space 349696K, 91% used [0x00000000e0000000,0x00000000f382f728,0x00000000f5580000)
 Metaspace       used 73211K, capacity 78536K, committed 78808K, reserved 1118208K
  class space    used 8923K, capacity 10589K, committed 10712K, reserved 1048576K
Event: 536.438 GC heap after
Heap after GC invocations=85 (full 46):
 PSYoungGen      total 87040K, used 0K [0x00000000f5580000, 0x00000000fbb00000, 0x0000000100000000)
  eden space 71168K, 0% used [0x00000000f5580000,0x00000000f5580000,0x00000000f9b00000)
  from space 15872K, 0% used [0x00000000fab80000,0x00000000fab80000,0x00000000fbb00000)
  to   space 16384K, 0% used [0x00000000f9b00000,0x00000000f9b00000,0x00000000fab00000)
 ParOldGen       total 349696K, used 319677K [0x00000000e0000000, 0x00000000f5580000, 0x00000000f5580000)
  object space 349696K, 91% used [0x00000000e0000000,0x00000000f382f6d8,0x00000000f5580000)
 Metaspace       used 73211K, capacity 78536K, committed 78808K, reserved 1118208K
  class space    used 8923K, capacity 10589K, committed 10712K, reserved 1048576K
}

