# JRE version: Java(TM) SE Runtime Environment (8.0_25-b18) (build 1.8.0_25-b18)
# Java VM: Java HotSpot(TM) 64-Bit Server VM (25.25-b02 mixed mode windows-amd64 compressed oops)
Heap:
 PSYoungGen      total 147968K, used 32649K [0x00000000f5580000, 0x00000000ffa80000, 0x0000000100000000)
  eden space 125952K, 25% used [0x00000000f5580000,0x00000000f7562508,0x00000000fd080000)
  from space 22016K, 0% used [0x00000000fd080000,0x00000000fd080000,0x00000000fe600000)
  to   space 20992K, 0% used [0x00000000fe600000,0x00000000fe600000,0x00000000ffa80000)
 ParOldGen       total 349696K, used 318467K [0x00000000e0000000, 0x00000000f5580000, 0x00000000f5580000)
  object space 349696K, 91% used [0x00000000e0000000,0x00000000f3700e58,0x00000000f5580000)
 Metaspace       used 69917K, capacity 75370K, committed 75608K, reserved 1114112K
  class space    used 8680K, capacity 10456K, committed 10584K, reserved 1048576K
GC Heap History (10 events):
Event: 307.027 GC heap before
{Heap before GC invocations=81 (full 39):
 PSYoungGen      total 146944K, used 65819K [0x00000000f5580000, 0x00000000ffb80000, 0x0000000100000000)
  eden space 125952K, 52% used [0x00000000f5580000,0x00000000f95c6fc8,0x00000000fd080000)
  from space 20992K, 0% used [0x00000000fe700000,0x00000000fe700000,0x00000000ffb80000)
  to   space 22016K, 0% used [0x00000000fd080000,0x00000000fd080000,0x00000000fe600000)
 ParOldGen       total 349696K, used 318467K [0x00000000e0000000, 0x00000000f5580000, 0x00000000f5580000)
  object space 349696K, 91% used [0x00000000e0000000,0x00000000f3700e58,0x00000000f5580000)
 Metaspace       used 68796K, capacity 74266K, committed 74456K, reserved 1114112K
  class space    used 8552K, capacity 10326K, committed 10456K, reserved 1048576K
Event: 307.105 GC heap after
Heap after GC invocations=81 (full 39):
 PSYoungGen      total 146944K, used 0K [0x00000000f5580000, 0x00000000ffb80000, 0x0000000100000000)
  eden space 125952K, 0% used [0x00000000f5580000,0x00000000f5580000,0x00000000fd080000)
  from space 20992K, 0% used [0x00000000fe700000,0x00000000fe700000,0x00000000ffb80000)
  to   space 22016K, 0% used [0x00000000fd080000,0x00000000fd080000,0x00000000fe600000)
 ParOldGen       total 349696K, used 285699K [0x00000000e0000000, 0x00000000f5580000, 0x00000000f5580000)
  object space 349696K, 81% used [0x00000000e0000000,0x00000000f1700f80,0x00000000f5580000)
 Metaspace       used 68796K, capacity 74266K, committed 74456K, reserved 1114112K
  class space    used 8552K, capacity 10326K, committed 10456K, reserved 1048576K
}
Event: 307.127 GC heap before
{Heap before GC invocations=82 (full 39):
 PSYoungGen      total 146944K, used 65536K [0x00000000f5580000, 0x00000000ffb80000, 0x0000000100000000)
  eden space 125952K, 52% used [0x00000000f5580000,0x00000000f9580010,0x00000000fd080000)
  from space 20992K, 0% used [0x00000000fe700000,0x00000000fe700000,0x00000000ffb80000)
  to   space 22016K, 0% used [0x00000000fd080000,0x00000000fd080000,0x00000000fe600000)
 ParOldGen       total 349696K, used 285699K [0x00000000e0000000, 0x00000000f5580000, 0x00000000f5580000)
  object space 349696K, 81% used [0x00000000e0000000,0x00000000f1700f80,0x00000000f5580000)
 Metaspace       used 68796K, capacity 74266K, committed 74456K, reserved 1114112K
  class space    used 8552K, capacity 10326K, committed 10456K, reserved 1048576K
Event: 307.129 GC heap after
Heap after GC invocations=82 (full 39):
 PSYoungGen      total 146944K, used 65536K [0x00000000f5580000, 0x00000000ffb80000, 0x0000000100000000)
  eden space 125952K, 52% used [0x00000000f5580000,0x00000000f9580010,0x00000000fd080000)
  from space 20992K, 0% used [0x00000000fe700000,0x00000000fe700000,0x00000000ffb80000)
  to   space 22016K, 0% used [0x00000000fd080000,0x00000000fd080000,0x00000000fe600000)
 ParOldGen       total 349696K, used 285699K [0x00000000e0000000, 0x00000000f5580000, 0x00000000f5580000)
  object space 349696K, 81% used [0x00000000e0000000,0x00000000f1700f80,0x00000000f5580000)
 Metaspace       used 68796K, capacity 74266K, committed 74456K, reserved 1114112K
  class space    used 8552K, capacity 10326K, committed 10456K, reserved 1048576K
}
Event: 307.129 GC heap before
{Heap before GC invocations=83 (full 40):
 PSYoungGen      total 146944K, used 65536K [0x00000000f5580000, 0x00000000ffb80000, 0x0000000100000000)
  eden space 125952K, 52% used [0x00000000f5580000,0x00000000f9580010,0x00000000fd080000)
  from space 20992K, 0% used [0x00000000fe700000,0x00000000fe700000,0x00000000ffb80000)
  to   space 22016K, 0% used [0x00000000fd080000,0x00000000fd080000,0x00000000fe600000)
 ParOldGen       total 349696K, used 285699K [0x00000000e0000000, 0x00000000f5580000, 0x00000000f5580000)
  object space 349696K, 81% used [0x00000000e0000000,0x00000000f1700f80,0x00000000f5580000)
 Metaspace       used 68796K, capacity 74266K, committed 74456K, reserved 1114112K
  class space    used 8552K, capacity 10326K, committed 10456K, reserved 1048576K
Event: 307.228 GC heap after
Heap after GC invocations=83 (full 40):
 PSYoungGen      total 146944K, used 0K [0x00000000f5580000, 0x00000000ffb80000, 0x0000000100000000)
  eden space 125952K, 0% used [0x00000000f5580000,0x00000000f5580000,0x00000000fd080000)
  from space 20992K, 0% used [0x00000000fe700000,0x00000000fe700000,0x00000000ffb80000)
  to   space 22016K, 0% used [0x00000000fd080000,0x00000000fd080000,0x00000000fe600000)
 ParOldGen       total 349696K, used 318467K [0x00000000e0000000, 0x00000000f5580000, 0x00000000f5580000)
  object space 349696K, 91% used [0x00000000e0000000,0x00000000f3700f80,0x00000000f5580000)
 Metaspace       used 68796K, capacity 74266K, committed 74456K, reserved 1114112K
  class space    used 8552K, capacity 10326K, committed 10456K, reserved 1048576K
}
Event: 307.228 GC heap before
{Heap before GC invocations=84 (full 40):
 PSYoungGen      total 146944K, used 0K [0x00000000f5580000, 0x00000000ffb80000, 0x0000000100000000)
  eden space 125952K, 0% used [0x00000000f5580000,0x00000000f5580000,0x00000000fd080000)
  from space 20992K, 0% used [0x00000000fe700000,0x00000000fe700000,0x00000000ffb80000)
  to   space 22016K, 0% used [0x00000000fd080000,0x00000000fd080000,0x00000000fe600000)
 ParOldGen       total 349696K, used 318467K [0x00000000e0000000, 0x00000000f5580000, 0x00000000f5580000)
  object space 349696K, 91% used [0x00000000e0000000,0x00000000f3700f80,0x00000000f5580000)
 Metaspace       used 68796K, capacity 74266K, committed 74456K, reserved 1114112K
  class space    used 8552K, capacity 10326K, committed 10456K, reserved 1048576K
Event: 307.229 GC heap after
Heap after GC invocations=84 (full 40):
 PSYoungGen      total 147968K, used 0K [0x00000000f5580000, 0x00000000ffa80000, 0x0000000100000000)
  eden space 125952K, 0% used [0x00000000f5580000,0x00000000f5580000,0x00000000fd080000)
  from space 22016K, 0% used [0x00000000fd080000,0x00000000fd080000,0x00000000fe600000)
  to   space 20992K, 0% used [0x00000000fe600000,0x00000000fe600000,0x00000000ffa80000)
 ParOldGen       total 349696K, used 318467K [0x00000000e0000000, 0x00000000f5580000, 0x00000000f5580000)
  object space 349696K, 91% used [0x00000000e0000000,0x00000000f3700f80,0x00000000f5580000)
 Metaspace       used 68796K, capacity 74266K, committed 74456K, reserved 1114112K
  class space    used 8552K, capacity 10326K, committed 10456K, reserved 1048576K
}
Event: 307.230 GC heap before
{Heap before GC invocations=85 (full 41):
 PSYoungGen      total 147968K, used 0K [0x00000000f5580000, 0x00000000ffa80000, 0x0000000100000000)
  eden space 125952K, 0% used [0x00000000f5580000,0x00000000f5580000,0x00000000fd080000)
  from space 22016K, 0% used [0x00000000fd080000,0x00000000fd080000,0x00000000fe600000)
  to   space 20992K, 0% used [0x00000000fe600000,0x00000000fe600000,0x00000000ffa80000)
 ParOldGen       total 349696K, used 318467K [0x00000000e0000000, 0x00000000f5580000, 0x00000000f5580000)
  object space 349696K, 91% used [0x00000000e0000000,0x00000000f3700f80,0x00000000f5580000)
 Metaspace       used 68796K, capacity 74266K, committed 74456K, reserved 1114112K
  class space    used 8552K, capacity 10326K, committed 10456K, reserved 1048576K
Event: 307.308 GC heap after
Heap after GC invocations=85 (full 41):
 PSYoungGen      total 147968K, used 0K [0x00000000f5580000, 0x00000000ffa80000, 0x0000000100000000)
  eden space 125952K, 0% used [0x00000000f5580000,0x00000000f5580000,0x00000000fd080000)
  from space 22016K, 0% used [0x00000000fd080000,0x00000000fd080000,0x00000000fe600000)
  to   space 20992K, 0% used [0x00000000fe600000,0x00000000fe600000,0x00000000ffa80000)
 ParOldGen       total 349696K, used 318467K [0x00000000e0000000, 0x00000000f5580000, 0x00000000f5580000)
  object space 349696K, 91% used [0x00000000e0000000,0x00000000f3700e58,0x00000000f5580000)
 Metaspace       used 68796K, capacity 74266K, committed 74456K, reserved 1114112K
  class space    used 8552K, capacity 10326K, committed 10456K, reserved 1048576K
}

