# JRE version: Java(TM) SE Runtime Environment (8.0_25-b18) (build 1.8.0_25-b18)
# Java VM: Java HotSpot(TM) 64-Bit Server VM (25.25-b02 mixed mode windows-amd64 compressed oops)
Heap:
 PSYoungGen      total 95232K, used 26762K [0x00000000f5580000, 0x00000000fc980000, 0x0000000100000000)
  eden space 72704K, 36% used [0x00000000f5580000,0x00000000f6fa2818,0x00000000f9c80000)
  from space 22528K, 0% used [0x00000000fb380000,0x00000000fb380000,0x00000000fc980000)
  to   space 23040K, 0% used [0x00000000f9c80000,0x00000000f9c80000,0x00000000fb300000)
 ParOldGen       total 123904K, used 35220K [0x00000000e0000000, 0x00000000e7900000, 0x00000000f5580000)
  object space 123904K, 28% used [0x00000000e0000000,0x00000000e22651d8,0x00000000e7900000)
 Metaspace       used 73421K, capacity 78884K, committed 79320K, reserved 1118208K
  class space    used 9060K, capacity 10836K, committed 10968K, reserved 1048576K
GC Heap History (10 events):
Event: 543.035 GC heap before
{Heap before GC invocations=32 (full 12):
 PSYoungGen      total 96768K, used 128K [0x00000000f5580000, 0x00000000fcc80000, 0x0000000100000000)
  eden space 72704K, 0% used [0x00000000f5580000,0x00000000f5580000,0x00000000f9c80000)
  from space 24064K, 0% used [0x00000000fb500000,0x00000000fb520000,0x00000000fcc80000)
  to   space 24576K, 0% used [0x00000000f9c80000,0x00000000f9c80000,0x00000000fb480000)
 ParOldGen       total 123904K, used 37236K [0x00000000e0000000, 0x00000000e7900000, 0x00000000f5580000)
  object space 123904K, 30% used [0x00000000e0000000,0x00000000e245d008,0x00000000e7900000)
 Metaspace       used 72388K, capacity 77826K, committed 78168K, reserved 1116160K
  class space    used 8955K, capacity 10713K, committed 10840K, reserved 1048576K
Event: 543.294 GC heap after
Heap after GC invocations=32 (full 12):
 PSYoungGen      total 96768K, used 0K [0x00000000f5580000, 0x00000000fcc80000, 0x0000000100000000)
  eden space 72704K, 0% used [0x00000000f5580000,0x00000000f5580000,0x00000000f9c80000)
  from space 24064K, 0% used [0x00000000fb500000,0x00000000fb500000,0x00000000fcc80000)
  to   space 24576K, 0% used [0x00000000f9c80000,0x00000000f9c80000,0x00000000fb480000)
 ParOldGen       total 123904K, used 36529K [0x00000000e0000000, 0x00000000e7900000, 0x00000000f5580000)
  object space 123904K, 29% used [0x00000000e0000000,0x00000000e23ac520,0x00000000e7900000)
 Metaspace       used 72371K, capacity 77796K, committed 78168K, reserved 1116160K
  class space    used 8952K, capacity 10708K, committed 10840K, reserved 1048576K
}
Event: 603.044 GC heap before
{Heap before GC invocations=33 (full 12):
 PSYoungGen      total 96768K, used 7779K [0x00000000f5580000, 0x00000000fcc80000, 0x0000000100000000)
  eden space 72704K, 10% used [0x00000000f5580000,0x00000000f5d18dc0,0x00000000f9c80000)
  from space 24064K, 0% used [0x00000000fb500000,0x00000000fb500000,0x00000000fcc80000)
  to   space 24576K, 0% used [0x00000000f9c80000,0x00000000f9c80000,0x00000000fb480000)
 ParOldGen       total 123904K, used 36529K [0x00000000e0000000, 0x00000000e7900000, 0x00000000f5580000)
  object space 123904K, 29% used [0x00000000e0000000,0x00000000e23ac520,0x00000000e7900000)
 Metaspace       used 72452K, capacity 77860K, committed 78168K, reserved 1116160K
  class space    used 8952K, capacity 10708K, committed 10840K, reserved 1048576K
Event: 603.047 GC heap after
Heap after GC invocations=33 (full 12):
 PSYoungGen      total 73216K, used 480K [0x00000000f5580000, 0x00000000fca80000, 0x0000000100000000)
  eden space 72704K, 0% used [0x00000000f5580000,0x00000000f5580000,0x00000000f9c80000)
  from space 512K, 93% used [0x00000000f9c80000,0x00000000f9cf8000,0x00000000f9d00000)
  to   space 23552K, 0% used [0x00000000fb380000,0x00000000fb380000,0x00000000fca80000)
 ParOldGen       total 123904K, used 36537K [0x00000000e0000000, 0x00000000e7900000, 0x00000000f5580000)
  object space 123904K, 29% used [0x00000000e0000000,0x00000000e23ae520,0x00000000e7900000)
 Metaspace       used 72452K, capacity 77860K, committed 78168K, reserved 1116160K
  class space    used 8952K, capacity 10708K, committed 10840K, reserved 1048576K
}
Event: 603.047 GC heap before
{Heap before GC invocations=34 (full 13):
 PSYoungGen      total 73216K, used 480K [0x00000000f5580000, 0x00000000fca80000, 0x0000000100000000)
  eden space 72704K, 0% used [0x00000000f5580000,0x00000000f5580000,0x00000000f9c80000)
  from space 512K, 93% used [0x00000000f9c80000,0x00000000f9cf8000,0x00000000f9d00000)
  to   space 23552K, 0% used [0x00000000fb380000,0x00000000fb380000,0x00000000fca80000)
 ParOldGen       total 123904K, used 36537K [0x00000000e0000000, 0x00000000e7900000, 0x00000000f5580000)
  object space 123904K, 29% used [0x00000000e0000000,0x00000000e23ae520,0x00000000e7900000)
 Metaspace       used 72452K, capacity 77860K, committed 78168K, reserved 1116160K
  class space    used 8952K, capacity 10708K, committed 10840K, reserved 1048576K
Event: 603.251 GC heap after
Heap after GC invocations=34 (full 13):
 PSYoungGen      total 73216K, used 0K [0x00000000f5580000, 0x00000000fca80000, 0x0000000100000000)
  eden space 72704K, 0% used [0x00000000f5580000,0x00000000f5580000,0x00000000f9c80000)
  from space 512K, 0% used [0x00000000f9c80000,0x00000000f9c80000,0x00000000f9d00000)
  to   space 23552K, 0% used [0x00000000fb380000,0x00000000fb380000,0x00000000fca80000)
 ParOldGen       total 123904K, used 35386K [0x00000000e0000000, 0x00000000e7900000, 0x00000000f5580000)
  object space 123904K, 28% used [0x00000000e0000000,0x00000000e228eac8,0x00000000e7900000)
 Metaspace       used 72449K, capacity 77854K, committed 78168K, reserved 1116160K
  class space    used 8952K, capacity 10707K, committed 10840K, reserved 1048576K
}
Event: 663.059 GC heap before
{Heap before GC invocations=35 (full 13):
 PSYoungGen      total 73216K, used 5816K [0x00000000f5580000, 0x00000000fca80000, 0x0000000100000000)
  eden space 72704K, 8% used [0x00000000f5580000,0x00000000f5b2e2f8,0x00000000f9c80000)
  from space 512K, 0% used [0x00000000f9c80000,0x00000000f9c80000,0x00000000f9d00000)
  to   space 23552K, 0% used [0x00000000fb380000,0x00000000fb380000,0x00000000fca80000)
 ParOldGen       total 123904K, used 35386K [0x00000000e0000000, 0x00000000e7900000, 0x00000000f5580000)
  object space 123904K, 28% used [0x00000000e0000000,0x00000000e228eac8,0x00000000e7900000)
 Metaspace       used 72470K, capacity 77854K, committed 78168K, reserved 1116160K
  class space    used 8952K, capacity 10707K, committed 10840K, reserved 1048576K
Event: 663.061 GC heap after
Heap after GC invocations=35 (full 13):
 PSYoungGen      total 95232K, used 256K [0x00000000f5580000, 0x00000000fc980000, 0x0000000100000000)
  eden space 72704K, 0% used [0x00000000f5580000,0x00000000f5580000,0x00000000f9c80000)
  from space 22528K, 1% used [0x00000000fb380000,0x00000000fb3c0000,0x00000000fc980000)
  to   space 23040K, 0% used [0x00000000f9c80000,0x00000000f9c80000,0x00000000fb300000)
 ParOldGen       total 123904K, used 35386K [0x00000000e0000000, 0x00000000e7900000, 0x00000000f5580000)
  object space 123904K, 28% used [0x00000000e0000000,0x00000000e228eac8,0x00000000e7900000)
 Metaspace       used 72470K, capacity 77854K, committed 78168K, reserved 1116160K
  class space    used 8952K, capacity 10707K, committed 10840K, reserved 1048576K
}
Event: 663.061 GC heap before
{Heap before GC invocations=36 (full 14):
 PSYoungGen      total 95232K, used 256K [0x00000000f5580000, 0x00000000fc980000, 0x0000000100000000)
  eden space 72704K, 0% used [0x00000000f5580000,0x00000000f5580000,0x00000000f9c80000)
  from space 22528K, 1% used [0x00000000fb380000,0x00000000fb3c0000,0x00000000fc980000)
  to   space 23040K, 0% used [0x00000000f9c80000,0x00000000f9c80000,0x00000000fb300000)
 ParOldGen       total 123904K, used 35386K [0x00000000e0000000, 0x00000000e7900000, 0x00000000f5580000)
  object space 123904K, 28% used [0x00000000e0000000,0x00000000e228eac8,0x00000000e7900000)
 Metaspace       used 72470K, capacity 77854K, committed 78168K, reserved 1116160K
  class space    used 8952K, capacity 10707K, committed 10840K, reserved 1048576K
Event: 663.209 GC heap after
Heap after GC invocations=36 (full 14):
 PSYoungGen      total 95232K, used 0K [0x00000000f5580000, 0x00000000fc980000, 0x0000000100000000)
  eden space 72704K, 0% used [0x00000000f5580000,0x00000000f5580000,0x00000000f9c80000)
  from space 22528K, 0% used [0x00000000fb380000,0x00000000fb380000,0x00000000fc980000)
  to   space 23040K, 0% used [0x00000000f9c80000,0x00000000f9c80000,0x00000000fb300000)
 ParOldGen       total 123904K, used 35220K [0x00000000e0000000, 0x00000000e7900000, 0x00000000f5580000)
  object space 123904K, 28% used [0x00000000e0000000,0x00000000e22651d8,0x00000000e7900000)
 Metaspace       used 72470K, capacity 77854K, committed 78168K, reserved 1116160K
  class space    used 8952K, capacity 10707K, committed 10840K, reserved 1048576K
}

