# JRE version: Java(TM) SE Runtime Environment (8.0_25-b18) (build 1.8.0_25-b18)
# Java VM: Java HotSpot(TM) 64-Bit Server VM (25.25-b02 mixed mode windows-amd64 compressed oops)
Heap:
 PSYoungGen      total 107520K, used 71820K [0x00000000f5580000, 0x00000000fd780000, 0x0000000100000000)
  eden space 83968K, 85% used [0x00000000f5580000,0x00000000f9ba31d8,0x00000000fa780000)
  from space 23552K, 0% used [0x00000000fa780000,0x00000000fa780000,0x00000000fbe80000)
  to   space 24576K, 0% used [0x00000000fbf80000,0x00000000fbf80000,0x00000000fd780000)
 ParOldGen       total 98816K, used 43193K [0x00000000e0000000, 0x00000000e6080000, 0x00000000f5580000)
  object space 98816K, 43% used [0x00000000e0000000,0x00000000e2a2e608,0x00000000e6080000)
 Metaspace       used 72592K, capacity 78088K, committed 78296K, reserved 1116160K
  class space    used 8943K, capacity 10666K, committed 10712K, reserved 1048576K
GC Heap History (10 events):
Event: 4.609 GC heap before
{Heap before GC invocations=13 (full 3):
 PSYoungGen      total 76800K, used 57344K [0x00000000f5580000, 0x00000000fc080000, 0x0000000100000000)
  eden space 57344K, 100% used [0x00000000f5580000,0x00000000f8d80000,0x00000000f8d80000)
  from space 19456K, 0% used [0x00000000f8d80000,0x00000000f8d80000,0x00000000fa080000)
  to   space 19968K, 0% used [0x00000000fad00000,0x00000000fad00000,0x00000000fc080000)
 ParOldGen       total 98816K, used 30326K [0x00000000e0000000, 0x00000000e6080000, 0x00000000f5580000)
  object space 98816K, 30% used [0x00000000e0000000,0x00000000e1d9d860,0x00000000e6080000)
 Metaspace       used 57428K, capacity 61628K, committed 61784K, reserved 1101824K
  class space    used 7120K, capacity 8489K, committed 8536K, reserved 1048576K
Event: 4.641 GC heap after
Heap after GC invocations=13 (full 3):
 PSYoungGen      total 90624K, used 10121K [0x00000000f5580000, 0x00000000fc180000, 0x0000000100000000)
  eden space 70656K, 0% used [0x00000000f5580000,0x00000000f5580000,0x00000000f9a80000)
  from space 19968K, 50% used [0x00000000fad00000,0x00000000fb6e25b0,0x00000000fc080000)
  to   space 18944K, 0% used [0x00000000f9a80000,0x00000000f9a80000,0x00000000fad00000)
 ParOldGen       total 98816K, used 30334K [0x00000000e0000000, 0x00000000e6080000, 0x00000000f5580000)
  object space 98816K, 30% used [0x00000000e0000000,0x00000000e1d9f860,0x00000000e6080000)
 Metaspace       used 57428K, capacity 61628K, committed 61784K, reserved 1101824K
  class space    used 7120K, capacity 8489K, committed 8536K, reserved 1048576K
}
Event: 29.101 GC heap before
{Heap before GC invocations=14 (full 3):
 PSYoungGen      total 90624K, used 80777K [0x00000000f5580000, 0x00000000fc180000, 0x0000000100000000)
  eden space 70656K, 100% used [0x00000000f5580000,0x00000000f9a80000,0x00000000f9a80000)
  from space 19968K, 50% used [0x00000000fad00000,0x00000000fb6e25b0,0x00000000fc080000)
  to   space 18944K, 0% used [0x00000000f9a80000,0x00000000f9a80000,0x00000000fad00000)
 ParOldGen       total 98816K, used 30334K [0x00000000e0000000, 0x00000000e6080000, 0x00000000f5580000)
  object space 98816K, 30% used [0x00000000e0000000,0x00000000e1d9f860,0x00000000e6080000)
 Metaspace       used 67807K, capacity 73184K, committed 73432K, reserved 1112064K
  class space    used 8481K, capacity 10081K, committed 10200K, reserved 1048576K
Event: 29.117 GC heap after
Heap after GC invocations=14 (full 3):
 PSYoungGen      total 89600K, used 18922K [0x00000000f5580000, 0x00000000fd600000, 0x0000000100000000)
  eden space 70656K, 0% used [0x00000000f5580000,0x00000000f5580000,0x00000000f9a80000)
  from space 18944K, 99% used [0x00000000f9a80000,0x00000000facfaae0,0x00000000fad00000)
  to   space 22528K, 0% used [0x00000000fc000000,0x00000000fc000000,0x00000000fd600000)
 ParOldGen       total 98816K, used 33411K [0x00000000e0000000, 0x00000000e6080000, 0x00000000f5580000)
  object space 98816K, 33% used [0x00000000e0000000,0x00000000e20a0fb8,0x00000000e6080000)
 Metaspace       used 67807K, capacity 73184K, committed 73432K, reserved 1112064K
  class space    used 8481K, capacity 10081K, committed 10200K, reserved 1048576K
}
Event: 40.053 GC heap before
{Heap before GC invocations=15 (full 3):
 PSYoungGen      total 89600K, used 89578K [0x00000000f5580000, 0x00000000fd600000, 0x0000000100000000)
  eden space 70656K, 100% used [0x00000000f5580000,0x00000000f9a80000,0x00000000f9a80000)
  from space 18944K, 99% used [0x00000000f9a80000,0x00000000facfaae0,0x00000000fad00000)
  to   space 22528K, 0% used [0x00000000fc000000,0x00000000fc000000,0x00000000fd600000)
 ParOldGen       total 98816K, used 33411K [0x00000000e0000000, 0x00000000e6080000, 0x00000000f5580000)
  object space 98816K, 33% used [0x00000000e0000000,0x00000000e20a0fb8,0x00000000e6080000)
 Metaspace       used 69714K, capacity 75130K, committed 75224K, reserved 1114112K
  class space    used 8673K, capacity 10365K, committed 10456K, reserved 1048576K
Event: 40.064 GC heap after
Heap after GC invocations=15 (full 3):
 PSYoungGen      total 105984K, used 17547K [0x00000000f5580000, 0x00000000fd580000, 0x0000000100000000)
  eden space 83968K, 0% used [0x00000000f5580000,0x00000000f5580000,0x00000000fa780000)
  from space 22016K, 79% used [0x00000000fc000000,0x00000000fd122ed0,0x00000000fd580000)
  to   space 23552K, 0% used [0x00000000fa780000,0x00000000fa780000,0x00000000fbe80000)
 ParOldGen       total 98816K, used 33419K [0x00000000e0000000, 0x00000000e6080000, 0x00000000f5580000)
  object space 98816K, 33% used [0x00000000e0000000,0x00000000e20a2fb8,0x00000000e6080000)
 Metaspace       used 69714K, capacity 75130K, committed 75224K, reserved 1114112K
  class space    used 8673K, capacity 10365K, committed 10456K, reserved 1048576K
}
Event: 81.551 GC heap before
{Heap before GC invocations=16 (full 3):
 PSYoungGen      total 105984K, used 82251K [0x00000000f5580000, 0x00000000fd580000, 0x0000000100000000)
  eden space 83968K, 77% used [0x00000000f5580000,0x00000000f94aff48,0x00000000fa780000)
  from space 22016K, 79% used [0x00000000fc000000,0x00000000fd122ed0,0x00000000fd580000)
  to   space 23552K, 0% used [0x00000000fa780000,0x00000000fa780000,0x00000000fbe80000)
 ParOldGen       total 98816K, used 33419K [0x00000000e0000000, 0x00000000e6080000, 0x00000000f5580000)
  object space 98816K, 33% used [0x00000000e0000000,0x00000000e20a2fb8,0x00000000e6080000)
 Metaspace       used 70319K, capacity 75742K, committed 75992K, reserved 1114112K
  class space    used 8694K, capacity 10397K, committed 10456K, reserved 1048576K
Event: 81.560 GC heap after
Heap after GC invocations=16 (full 3):
 PSYoungGen      total 107520K, used 16843K [0x00000000f5580000, 0x00000000fd780000, 0x0000000100000000)
  eden space 83968K, 0% used [0x00000000f5580000,0x00000000f5580000,0x00000000fa780000)
  from space 23552K, 71% used [0x00000000fa780000,0x00000000fb7f2df8,0x00000000fbe80000)
  to   space 24576K, 0% used [0x00000000fbf80000,0x00000000fbf80000,0x00000000fd780000)
 ParOldGen       total 98816K, used 33427K [0x00000000e0000000, 0x00000000e6080000, 0x00000000f5580000)
  object space 98816K, 33% used [0x00000000e0000000,0x00000000e20a4fb8,0x00000000e6080000)
 Metaspace       used 70319K, capacity 75742K, committed 75992K, reserved 1114112K
  class space    used 8694K, capacity 10397K, committed 10456K, reserved 1048576K
}
Event: 81.560 GC heap before
{Heap before GC invocations=17 (full 4):
 PSYoungGen      total 107520K, used 16843K [0x00000000f5580000, 0x00000000fd780000, 0x0000000100000000)
  eden space 83968K, 0% used [0x00000000f5580000,0x00000000f5580000,0x00000000fa780000)
  from space 23552K, 71% used [0x00000000fa780000,0x00000000fb7f2df8,0x00000000fbe80000)
  to   space 24576K, 0% used [0x00000000fbf80000,0x00000000fbf80000,0x00000000fd780000)
 ParOldGen       total 98816K, used 33427K [0x00000000e0000000, 0x00000000e6080000, 0x00000000f5580000)
  object space 98816K, 33% used [0x00000000e0000000,0x00000000e20a4fb8,0x00000000e6080000)
 Metaspace       used 70319K, capacity 75742K, committed 75992K, reserved 1114112K
  class space    used 8694K, capacity 10397K, committed 10456K, reserved 1048576K
Event: 81.798 GC heap after
Heap after GC invocations=17 (full 4):
 PSYoungGen      total 107520K, used 0K [0x00000000f5580000, 0x00000000fd780000, 0x0000000100000000)
  eden space 83968K, 0% used [0x00000000f5580000,0x00000000f5580000,0x00000000fa780000)
  from space 23552K, 0% used [0x00000000fa780000,0x00000000fa780000,0x00000000fbe80000)
  to   space 24576K, 0% used [0x00000000fbf80000,0x00000000fbf80000,0x00000000fd780000)
 ParOldGen       total 98816K, used 43193K [0x00000000e0000000, 0x00000000e6080000, 0x00000000f5580000)
  object space 98816K, 43% used [0x00000000e0000000,0x00000000e2a2e608,0x00000000e6080000)
 Metaspace       used 70319K, capacity 75742K, committed 75992K, reserved 1114112K
  class space    used 8694K, capacity 10397K, committed 10456K, reserved 1048576K
}

