# JRE version: Java(TM) SE Runtime Environment (8.0_25-b18) (build 1.8.0_25-b18)
# Java VM: Java HotSpot(TM) 64-Bit Server VM (25.25-b02 mixed mode windows-amd64 compressed oops)
Heap:
 PSYoungGen      total 81920K, used 78291K [0x00000000f5580000, 0x00000000fc100000, 0x0000000100000000)
  eden space 57856K, 99% used [0x00000000f5580000,0x00000000f8dbedb0,0x00000000f8e00000)
  from space 24064K, 86% used [0x00000000f8f00000,0x00000000fa336050,0x00000000fa680000)
  to   space 26112K, 0% used [0x00000000fa780000,0x00000000fa780000,0x00000000fc100000)
 ParOldGen       total 99328K, used 34074K [0x00000000e0000000, 0x00000000e6100000, 0x00000000f5580000)
  object space 99328K, 34% used [0x00000000e0000000,0x00000000e2146960,0x00000000e6100000)
 Metaspace       used 73867K, capacity 79564K, committed 79576K, reserved 1118208K
  class space    used 9124K, capacity 10965K, committed 10968K, reserved 1048576K
GC Heap History (10 events):
Event: 8.504 GC heap before
{Heap before GC invocations=16 (full 3):
 PSYoungGen      total 64512K, used 56126K [0x00000000f5580000, 0x00000000fa680000, 0x0000000100000000)
  eden space 48128K, 100% used [0x00000000f5580000,0x00000000f8480000,0x00000000f8480000)
  from space 16384K, 48% used [0x00000000f9680000,0x00000000f9e4fb98,0x00000000fa680000)
  to   space 17408K, 0% used [0x00000000f8480000,0x00000000f8480000,0x00000000f9580000)
 ParOldGen       total 99328K, used 33671K [0x00000000e0000000, 0x00000000e6100000, 0x00000000f5580000)
  object space 99328K, 33% used [0x00000000e0000000,0x00000000e20e1ec8,0x00000000e6100000)
 Metaspace       used 63255K, capacity 67990K, committed 68312K, reserved 1107968K
  class space    used 7908K, capacity 9341K, committed 9432K, reserved 1048576K
Event: 8.516 GC heap after
Heap after GC invocations=16 (full 3):
 PSYoungGen      total 65536K, used 15367K [0x00000000f5580000, 0x00000000fb180000, 0x0000000100000000)
  eden space 48128K, 0% used [0x00000000f5580000,0x00000000f5580000,0x00000000f8480000)
  from space 17408K, 88% used [0x00000000f8480000,0x00000000f9381e50,0x00000000f9580000)
  to   space 18944K, 0% used [0x00000000f9f00000,0x00000000f9f00000,0x00000000fb180000)
 ParOldGen       total 99328K, used 33679K [0x00000000e0000000, 0x00000000e6100000, 0x00000000f5580000)
  object space 99328K, 33% used [0x00000000e0000000,0x00000000e20e3ec8,0x00000000e6100000)
 Metaspace       used 63255K, capacity 67990K, committed 68312K, reserved 1107968K
  class space    used 7908K, capacity 9341K, committed 9432K, reserved 1048576K
}
Event: 28.131 GC heap before
{Heap before GC invocations=17 (full 3):
 PSYoungGen      total 65536K, used 63495K [0x00000000f5580000, 0x00000000fb180000, 0x0000000100000000)
  eden space 48128K, 100% used [0x00000000f5580000,0x00000000f8480000,0x00000000f8480000)
  from space 17408K, 88% used [0x00000000f8480000,0x00000000f9381e50,0x00000000f9580000)
  to   space 18944K, 0% used [0x00000000f9f00000,0x00000000f9f00000,0x00000000fb180000)
 ParOldGen       total 99328K, used 33679K [0x00000000e0000000, 0x00000000e6100000, 0x00000000f5580000)
  object space 99328K, 33% used [0x00000000e0000000,0x00000000e20e3ec8,0x00000000e6100000)
 Metaspace       used 68785K, capacity 74140K, committed 74456K, reserved 1114112K
  class space    used 8617K, capacity 10335K, committed 10456K, reserved 1048576K
Event: 28.143 GC heap after
Heap after GC invocations=17 (full 3):
 PSYoungGen      total 72704K, used 18916K [0x00000000f5580000, 0x00000000fb500000, 0x0000000100000000)
  eden space 53760K, 0% used [0x00000000f5580000,0x00000000f5580000,0x00000000f8a00000)
  from space 18944K, 99% used [0x00000000f9f00000,0x00000000fb179390,0x00000000fb180000)
  to   space 21504K, 0% used [0x00000000f8a00000,0x00000000f8a00000,0x00000000f9f00000)
 ParOldGen       total 99328K, used 34050K [0x00000000e0000000, 0x00000000e6100000, 0x00000000f5580000)
  object space 99328K, 34% used [0x00000000e0000000,0x00000000e2140960,0x00000000e6100000)
 Metaspace       used 68785K, capacity 74140K, committed 74456K, reserved 1114112K
  class space    used 8617K, capacity 10335K, committed 10456K, reserved 1048576K
}
Event: 37.724 GC heap before
{Heap before GC invocations=18 (full 3):
 PSYoungGen      total 72704K, used 72676K [0x00000000f5580000, 0x00000000fb500000, 0x0000000100000000)
  eden space 53760K, 100% used [0x00000000f5580000,0x00000000f8a00000,0x00000000f8a00000)
  from space 18944K, 99% used [0x00000000f9f00000,0x00000000fb179390,0x00000000fb180000)
  to   space 21504K, 0% used [0x00000000f8a00000,0x00000000f8a00000,0x00000000f9f00000)
 ParOldGen       total 99328K, used 34050K [0x00000000e0000000, 0x00000000e6100000, 0x00000000f5580000)
  object space 99328K, 34% used [0x00000000e0000000,0x00000000e2140960,0x00000000e6100000)
 Metaspace       used 70436K, capacity 75900K, committed 76120K, reserved 1114112K
  class space    used 8806K, capacity 10515K, committed 10584K, reserved 1048576K
Event: 37.734 GC heap after
Heap after GC invocations=18 (full 3):
 PSYoungGen      total 75264K, used 17385K [0x00000000f5580000, 0x00000000fbd00000, 0x0000000100000000)
  eden space 53760K, 0% used [0x00000000f5580000,0x00000000f5580000,0x00000000f8a00000)
  from space 21504K, 80% used [0x00000000f8a00000,0x00000000f9afa5b0,0x00000000f9f00000)
  to   space 23040K, 0% used [0x00000000fa680000,0x00000000fa680000,0x00000000fbd00000)
 ParOldGen       total 99328K, used 34058K [0x00000000e0000000, 0x00000000e6100000, 0x00000000f5580000)
  object space 99328K, 34% used [0x00000000e0000000,0x00000000e2142960,0x00000000e6100000)
 Metaspace       used 70436K, capacity 75900K, committed 76120K, reserved 1114112K
  class space    used 8806K, capacity 10515K, committed 10584K, reserved 1048576K
}
Event: 88.229 GC heap before
{Heap before GC invocations=19 (full 3):
 PSYoungGen      total 75264K, used 70826K [0x00000000f5580000, 0x00000000fbd00000, 0x0000000100000000)
  eden space 53760K, 99% used [0x00000000f5580000,0x00000000f89b0628,0x00000000f8a00000)
  from space 21504K, 80% used [0x00000000f8a00000,0x00000000f9afa5b0,0x00000000f9f00000)
  to   space 23040K, 0% used [0x00000000fa680000,0x00000000fa680000,0x00000000fbd00000)
 ParOldGen       total 99328K, used 34058K [0x00000000e0000000, 0x00000000e6100000, 0x00000000f5580000)
  object space 99328K, 34% used [0x00000000e0000000,0x00000000e2142960,0x00000000e6100000)
 Metaspace       used 71561K, capacity 77122K, committed 77272K, reserved 1116160K
  class space    used 8915K, capacity 10688K, committed 10712K, reserved 1048576K
Event: 88.240 GC heap after
Heap after GC invocations=19 (full 3):
 PSYoungGen      total 81920K, used 17859K [0x00000000f5580000, 0x00000000fbe00000, 0x0000000100000000)
  eden space 58880K, 0% used [0x00000000f5580000,0x00000000f5580000,0x00000000f8f00000)
  from space 23040K, 77% used [0x00000000fa680000,0x00000000fb7f0df8,0x00000000fbd00000)
  to   space 24064K, 0% used [0x00000000f8f00000,0x00000000f8f00000,0x00000000fa680000)
 ParOldGen       total 99328K, used 34066K [0x00000000e0000000, 0x00000000e6100000, 0x00000000f5580000)
  object space 99328K, 34% used [0x00000000e0000000,0x00000000e2144960,0x00000000e6100000)
 Metaspace       used 71561K, capacity 77122K, committed 77272K, reserved 1116160K
  class space    used 8915K, capacity 10688K, committed 10712K, reserved 1048576K
}
Event: 350.397 GC heap before
{Heap before GC invocations=20 (full 3):
 PSYoungGen      total 81920K, used 76735K [0x00000000f5580000, 0x00000000fbe00000, 0x0000000100000000)
  eden space 58880K, 99% used [0x00000000f5580000,0x00000000f8eff1a0,0x00000000f8f00000)
  from space 23040K, 77% used [0x00000000fa680000,0x00000000fb7f0df8,0x00000000fbd00000)
  to   space 24064K, 0% used [0x00000000f8f00000,0x00000000f8f00000,0x00000000fa680000)
 ParOldGen       total 99328K, used 34066K [0x00000000e0000000, 0x00000000e6100000, 0x00000000f5580000)
  object space 99328K, 34% used [0x00000000e0000000,0x00000000e2144960,0x00000000e6100000)
 Metaspace       used 72726K, capacity 78348K, committed 78424K, reserved 1116160K
  class space    used 9013K, capacity 10837K, committed 10840K, reserved 1048576K
Event: 350.408 GC heap after
Heap after GC invocations=20 (full 3):
 PSYoungGen      total 81920K, used 20696K [0x00000000f5580000, 0x00000000fc100000, 0x0000000100000000)
  eden space 57856K, 0% used [0x00000000f5580000,0x00000000f5580000,0x00000000f8e00000)
  from space 24064K, 86% used [0x00000000f8f00000,0x00000000fa336050,0x00000000fa680000)
  to   space 26112K, 0% used [0x00000000fa780000,0x00000000fa780000,0x00000000fc100000)
 ParOldGen       total 99328K, used 34074K [0x00000000e0000000, 0x00000000e6100000, 0x00000000f5580000)
  object space 99328K, 34% used [0x00000000e0000000,0x00000000e2146960,0x00000000e6100000)
 Metaspace       used 72726K, capacity 78348K, committed 78424K, reserved 1116160K
  class space    used 9013K, capacity 10837K, committed 10840K, reserved 1048576K
}

