# JRE version: Java(TM) SE Runtime Environment (8.0_25-b18) (build 1.8.0_25-b18)
# Java VM: Java HotSpot(TM) 64-Bit Server VM (25.25-b02 mixed mode windows-amd64 compressed oops)
Heap:
 PSYoungGen      total 87552K, used 54074K [0x00000000f5580000, 0x00000000fc000000, 0x0000000100000000)
  eden space 71168K, 64% used [0x00000000f5580000,0x00000000f825ea00,0x00000000f9b00000)
  from space 16384K, 49% used [0x00000000fb000000,0x00000000fb7eff08,0x00000000fc000000)
  to   space 18944K, 0% used [0x00000000f9b00000,0x00000000f9b00000,0x00000000fad80000)
 ParOldGen       total 100352K, used 44101K [0x00000000e0000000, 0x00000000e6200000, 0x00000000f5580000)
  object space 100352K, 43% used [0x00000000e0000000,0x00000000e2b11538,0x00000000e6200000)
 Metaspace       used 77274K, capacity 82856K, committed 83032K, reserved 1122304K
  class space    used 9276K, capacity 11096K, committed 11096K, reserved 1048576K
GC Heap History (10 events):
Event: 788.667 GC heap before
{Heap before GC invocations=24 (full 4):
 PSYoungGen      total 89088K, used 88840K [0x00000000f5580000, 0x00000000fd180000, 0x0000000100000000)
  eden space 80896K, 100% used [0x00000000f5580000,0x00000000fa480000,0x00000000fa480000)
  from space 8192K, 96% used [0x00000000fa680000,0x00000000fae42108,0x00000000fae80000)
  to   space 23040K, 0% used [0x00000000fbb00000,0x00000000fbb00000,0x00000000fd180000)
 ParOldGen       total 100352K, used 44069K [0x00000000e0000000, 0x00000000e6200000, 0x00000000f5580000)
  object space 100352K, 43% used [0x00000000e0000000,0x00000000e2b09538,0x00000000e6200000)
 Metaspace       used 75863K, capacity 81436K, committed 81624K, reserved 1120256K
  class space    used 9157K, capacity 10964K, committed 10968K, reserved 1048576K
Event: 788.672 GC heap after
Heap after GC invocations=24 (full 4):
 PSYoungGen      total 98816K, used 7437K [0x00000000f5580000, 0x00000000fce80000, 0x0000000100000000)
  eden space 78848K, 0% used [0x00000000f5580000,0x00000000f5580000,0x00000000fa280000)
  from space 19968K, 37% used [0x00000000fbb00000,0x00000000fc2434a0,0x00000000fce80000)
  to   space 22528K, 0% used [0x00000000fa280000,0x00000000fa280000,0x00000000fb880000)
 ParOldGen       total 100352K, used 44077K [0x00000000e0000000, 0x00000000e6200000, 0x00000000f5580000)
  object space 100352K, 43% used [0x00000000e0000000,0x00000000e2b0b538,0x00000000e6200000)
 Metaspace       used 75863K, capacity 81436K, committed 81624K, reserved 1120256K
  class space    used 9157K, capacity 10964K, committed 10968K, reserved 1048576K
}
Event: 837.063 GC heap before
{Heap before GC invocations=25 (full 4):
 PSYoungGen      total 98816K, used 85197K [0x00000000f5580000, 0x00000000fce80000, 0x0000000100000000)
  eden space 78848K, 98% used [0x00000000f5580000,0x00000000fa16ff88,0x00000000fa280000)
  from space 19968K, 37% used [0x00000000fbb00000,0x00000000fc2434a0,0x00000000fce80000)
  to   space 22528K, 0% used [0x00000000fa280000,0x00000000fa280000,0x00000000fb880000)
 ParOldGen       total 100352K, used 44077K [0x00000000e0000000, 0x00000000e6200000, 0x00000000f5580000)
  object space 100352K, 43% used [0x00000000e0000000,0x00000000e2b0b538,0x00000000e6200000)
 Metaspace       used 75983K, capacity 81564K, committed 81624K, reserved 1120256K
  class space    used 9160K, capacity 10964K, committed 10968K, reserved 1048576K
Event: 837.068 GC heap after
Heap after GC invocations=25 (full 4):
 PSYoungGen      total 86016K, used 9027K [0x00000000f5580000, 0x00000000fca80000, 0x0000000100000000)
  eden space 76800K, 0% used [0x00000000f5580000,0x00000000f5580000,0x00000000fa080000)
  from space 9216K, 97% used [0x00000000fa280000,0x00000000fab50ed0,0x00000000fab80000)
  to   space 21504K, 0% used [0x00000000fb580000,0x00000000fb580000,0x00000000fca80000)
 ParOldGen       total 100352K, used 44085K [0x00000000e0000000, 0x00000000e6200000, 0x00000000f5580000)
  object space 100352K, 43% used [0x00000000e0000000,0x00000000e2b0d538,0x00000000e6200000)
 Metaspace       used 75983K, capacity 81564K, committed 81624K, reserved 1120256K
  class space    used 9160K, capacity 10964K, committed 10968K, reserved 1048576K
}
Event: 918.818 GC heap before
{Heap before GC invocations=26 (full 4):
 PSYoungGen      total 86016K, used 85827K [0x00000000f5580000, 0x00000000fca80000, 0x0000000100000000)
  eden space 76800K, 100% used [0x00000000f5580000,0x00000000fa080000,0x00000000fa080000)
  from space 9216K, 97% used [0x00000000fa280000,0x00000000fab50ed0,0x00000000fab80000)
  to   space 21504K, 0% used [0x00000000fb580000,0x00000000fb580000,0x00000000fca80000)
 ParOldGen       total 100352K, used 44085K [0x00000000e0000000, 0x00000000e6200000, 0x00000000f5580000)
  object space 100352K, 43% used [0x00000000e0000000,0x00000000e2b0d538,0x00000000e6200000)
 Metaspace       used 76216K, capacity 81892K, committed 82136K, reserved 1120256K
  class space    used 9176K, capacity 10968K, committed 10968K, reserved 1048576K
Event: 918.824 GC heap after
Heap after GC invocations=26 (full 4):
 PSYoungGen      total 92160K, used 8275K [0x00000000f5580000, 0x00000000fc680000, 0x0000000100000000)
  eden space 74752K, 0% used [0x00000000f5580000,0x00000000f5580000,0x00000000f9e80000)
  from space 17408K, 47% used [0x00000000fb580000,0x00000000fbd94ec0,0x00000000fc680000)
  to   space 20480K, 0% used [0x00000000f9e80000,0x00000000f9e80000,0x00000000fb280000)
 ParOldGen       total 100352K, used 44093K [0x00000000e0000000, 0x00000000e6200000, 0x00000000f5580000)
  object space 100352K, 43% used [0x00000000e0000000,0x00000000e2b0f538,0x00000000e6200000)
 Metaspace       used 76216K, capacity 81892K, committed 82136K, reserved 1120256K
  class space    used 9176K, capacity 10968K, committed 10968K, reserved 1048576K
}
Event: 990.412 GC heap before
{Heap before GC invocations=27 (full 4):
 PSYoungGen      total 92160K, used 83027K [0x00000000f5580000, 0x00000000fc680000, 0x0000000100000000)
  eden space 74752K, 100% used [0x00000000f5580000,0x00000000f9e80000,0x00000000f9e80000)
  from space 17408K, 47% used [0x00000000fb580000,0x00000000fbd94ec0,0x00000000fc680000)
  to   space 20480K, 0% used [0x00000000f9e80000,0x00000000f9e80000,0x00000000fb280000)
 ParOldGen       total 100352K, used 44093K [0x00000000e0000000, 0x00000000e6200000, 0x00000000f5580000)
  object space 100352K, 43% used [0x00000000e0000000,0x00000000e2b0f538,0x00000000e6200000)
 Metaspace       used 76349K, capacity 82180K, committed 82520K, reserved 1120256K
  class space    used 9177K, capacity 11000K, committed 11096K, reserved 1048576K
Event: 990.416 GC heap after
Heap after GC invocations=27 (full 4):
 PSYoungGen      total 80896K, used 8022K [0x00000000f5580000, 0x00000000fc380000, 0x0000000100000000)
  eden space 72704K, 0% used [0x00000000f5580000,0x00000000f5580000,0x00000000f9c80000)
  from space 8192K, 97% used [0x00000000f9e80000,0x00000000fa655830,0x00000000fa680000)
  to   space 19968K, 0% used [0x00000000fb000000,0x00000000fb000000,0x00000000fc380000)
 ParOldGen       total 100352K, used 44101K [0x00000000e0000000, 0x00000000e6200000, 0x00000000f5580000)
  object space 100352K, 43% used [0x00000000e0000000,0x00000000e2b11538,0x00000000e6200000)
 Metaspace       used 76349K, capacity 82180K, committed 82520K, reserved 1120256K
  class space    used 9177K, capacity 11000K, committed 11096K, reserved 1048576K
}
Event: 1108.162 GC heap before
{Heap before GC invocations=28 (full 4):
 PSYoungGen      total 80896K, used 80726K [0x00000000f5580000, 0x00000000fc380000, 0x0000000100000000)
  eden space 72704K, 100% used [0x00000000f5580000,0x00000000f9c80000,0x00000000f9c80000)
  from space 8192K, 97% used [0x00000000f9e80000,0x00000000fa655830,0x00000000fa680000)
  to   space 19968K, 0% used [0x00000000fb000000,0x00000000fb000000,0x00000000fc380000)
 ParOldGen       total 100352K, used 44101K [0x00000000e0000000, 0x00000000e6200000, 0x00000000f5580000)
  object space 100352K, 43% used [0x00000000e0000000,0x00000000e2b11538,0x00000000e6200000)
 Metaspace       used 76413K, capacity 82184K, committed 82520K, reserved 1120256K
  class space    used 9177K, capacity 11000K, committed 11096K, reserved 1048576K
Event: 1108.168 GC heap after
Heap after GC invocations=28 (full 4):
 PSYoungGen      total 87552K, used 8127K [0x00000000f5580000, 0x00000000fc000000, 0x0000000100000000)
  eden space 71168K, 0% used [0x00000000f5580000,0x00000000f5580000,0x00000000f9b00000)
  from space 16384K, 49% used [0x00000000fb000000,0x00000000fb7eff08,0x00000000fc000000)
  to   space 18944K, 0% used [0x00000000f9b00000,0x00000000f9b00000,0x00000000fad80000)
 ParOldGen       total 100352K, used 44101K [0x00000000e0000000, 0x00000000e6200000, 0x00000000f5580000)
  object space 100352K, 43% used [0x00000000e0000000,0x00000000e2b11538,0x00000000e6200000)
 Metaspace       used 76413K, capacity 82184K, committed 82520K, reserved 1120256K
  class space    used 9177K, capacity 11000K, committed 11096K, reserved 1048576K
}

