# JRE version: Java(TM) SE Runtime Environment (8.0_25-b18) (build 1.8.0_25-b18)
# Java VM: Java HotSpot(TM) 64-Bit Server VM (25.25-b02 mixed mode windows-amd64 compressed oops)
Heap:
 PSYoungGen      total 88064K, used 55083K [0x00000000f5580000, 0x00000000fc400000, 0x0000000100000000)
  eden space 63488K, 69% used [0x00000000f5580000,0x00000000f80c5e08,0x00000000f9380000)
  from space 24576K, 43% used [0x00000000f9380000,0x00000000f9e04f08,0x00000000fab80000)
  to   space 23040K, 0% used [0x00000000fad80000,0x00000000fad80000,0x00000000fc400000)
 ParOldGen       total 105472K, used 44021K [0x00000000e0000000, 0x00000000e6700000, 0x00000000f5580000)
  object space 105472K, 41% used [0x00000000e0000000,0x00000000e2afd7f0,0x00000000e6700000)
 Metaspace       used 75032K, capacity 80758K, committed 80984K, reserved 1120256K
  class space    used 9246K, capacity 11061K, committed 11096K, reserved 1048576K
GC Heap History (10 events):
Event: 25.974 GC heap before
{Heap before GC invocations=15 (full 3):
 PSYoungGen      total 77824K, used 77817K [0x00000000f5580000, 0x00000000fc080000, 0x0000000100000000)
  eden space 58880K, 100% used [0x00000000f5580000,0x00000000f8f00000,0x00000000f8f00000)
  from space 18944K, 99% used [0x00000000f8f00000,0x00000000fa17e540,0x00000000fa180000)
  to   space 22016K, 0% used [0x00000000fab00000,0x00000000fab00000,0x00000000fc080000)
 ParOldGen       total 105472K, used 32331K [0x00000000e0000000, 0x00000000e6700000, 0x00000000f5580000)
  object space 105472K, 30% used [0x00000000e0000000,0x00000000e1f92e08,0x00000000e6700000)
 Metaspace       used 70050K, capacity 75678K, committed 75864K, reserved 1114112K
  class space    used 8771K, capacity 10480K, committed 10584K, reserved 1048576K
Event: 25.987 GC heap after
Heap after GC invocations=15 (full 3):
 PSYoungGen      total 86016K, used 16912K [0x00000000f5580000, 0x00000000fc100000, 0x0000000100000000)
  eden space 64000K, 0% used [0x00000000f5580000,0x00000000f5580000,0x00000000f9400000)
  from space 22016K, 76% used [0x00000000fab00000,0x00000000fbb840c0,0x00000000fc080000)
  to   space 23040K, 0% used [0x00000000f9400000,0x00000000f9400000,0x00000000faa80000)
 ParOldGen       total 105472K, used 32339K [0x00000000e0000000, 0x00000000e6700000, 0x00000000f5580000)
  object space 105472K, 30% used [0x00000000e0000000,0x00000000e1f94e08,0x00000000e6700000)
 Metaspace       used 70050K, capacity 75678K, committed 75864K, reserved 1114112K
  class space    used 8771K, capacity 10480K, committed 10584K, reserved 1048576K
}
Event: 77.402 GC heap before
{Heap before GC invocations=16 (full 3):
 PSYoungGen      total 86016K, used 75703K [0x00000000f5580000, 0x00000000fc100000, 0x0000000100000000)
  eden space 64000K, 91% used [0x00000000f5580000,0x00000000f8ee9da8,0x00000000f9400000)
  from space 22016K, 76% used [0x00000000fab00000,0x00000000fbb840c0,0x00000000fc080000)
  to   space 23040K, 0% used [0x00000000f9400000,0x00000000f9400000,0x00000000faa80000)
 ParOldGen       total 105472K, used 32339K [0x00000000e0000000, 0x00000000e6700000, 0x00000000f5580000)
  object space 105472K, 30% used [0x00000000e0000000,0x00000000e1f94e08,0x00000000e6700000)
 Metaspace       used 71795K, capacity 77312K, committed 77528K, reserved 1116160K
  class space    used 8943K, capacity 10686K, committed 10712K, reserved 1048576K
Event: 77.411 GC heap after
Heap after GC invocations=16 (full 3):
 PSYoungGen      total 87040K, used 17814K [0x00000000f5580000, 0x00000000fc300000, 0x0000000100000000)
  eden space 64000K, 0% used [0x00000000f5580000,0x00000000f5580000,0x00000000f9400000)
  from space 23040K, 77% used [0x00000000f9400000,0x00000000fa565870,0x00000000faa80000)
  to   space 24064K, 0% used [0x00000000fab80000,0x00000000fab80000,0x00000000fc300000)
 ParOldGen       total 105472K, used 32347K [0x00000000e0000000, 0x00000000e6700000, 0x00000000f5580000)
  object space 105472K, 30% used [0x00000000e0000000,0x00000000e1f96e08,0x00000000e6700000)
 Metaspace       used 71795K, capacity 77312K, committed 77528K, reserved 1116160K
  class space    used 8943K, capacity 10686K, committed 10712K, reserved 1048576K
}
Event: 77.411 GC heap before
{Heap before GC invocations=17 (full 4):
 PSYoungGen      total 87040K, used 17814K [0x00000000f5580000, 0x00000000fc300000, 0x0000000100000000)
  eden space 64000K, 0% used [0x00000000f5580000,0x00000000f5580000,0x00000000f9400000)
  from space 23040K, 77% used [0x00000000f9400000,0x00000000fa565870,0x00000000faa80000)
  to   space 24064K, 0% used [0x00000000fab80000,0x00000000fab80000,0x00000000fc300000)
 ParOldGen       total 105472K, used 32347K [0x00000000e0000000, 0x00000000e6700000, 0x00000000f5580000)
  object space 105472K, 30% used [0x00000000e0000000,0x00000000e1f96e08,0x00000000e6700000)
 Metaspace       used 71795K, capacity 77312K, committed 77528K, reserved 1116160K
  class space    used 8943K, capacity 10686K, committed 10712K, reserved 1048576K
Event: 77.646 GC heap after
Heap after GC invocations=17 (full 4):
 PSYoungGen      total 87040K, used 0K [0x00000000f5580000, 0x00000000fc300000, 0x0000000100000000)
  eden space 64000K, 0% used [0x00000000f5580000,0x00000000f5580000,0x00000000f9400000)
  from space 23040K, 0% used [0x00000000f9400000,0x00000000f9400000,0x00000000faa80000)
  to   space 24064K, 0% used [0x00000000fab80000,0x00000000fab80000,0x00000000fc300000)
 ParOldGen       total 105472K, used 44005K [0x00000000e0000000, 0x00000000e6700000, 0x00000000f5580000)
  object space 105472K, 41% used [0x00000000e0000000,0x00000000e2af97f0,0x00000000e6700000)
 Metaspace       used 71795K, capacity 77312K, committed 77528K, reserved 1116160K
  class space    used 8943K, capacity 10686K, committed 10712K, reserved 1048576K
}
Event: 130.328 GC heap before
{Heap before GC invocations=18 (full 4):
 PSYoungGen      total 87040K, used 63979K [0x00000000f5580000, 0x00000000fc300000, 0x0000000100000000)
  eden space 64000K, 99% used [0x00000000f5580000,0x00000000f93fac70,0x00000000f9400000)
  from space 23040K, 0% used [0x00000000f9400000,0x00000000f9400000,0x00000000faa80000)
  to   space 24064K, 0% used [0x00000000fab80000,0x00000000fab80000,0x00000000fc300000)
 ParOldGen       total 105472K, used 44005K [0x00000000e0000000, 0x00000000e6700000, 0x00000000f5580000)
  object space 105472K, 41% used [0x00000000e0000000,0x00000000e2af97f0,0x00000000e6700000)
 Metaspace       used 72526K, capacity 78296K, committed 78424K, reserved 1116160K
  class space    used 9005K, capacity 10800K, committed 10840K, reserved 1048576K
Event: 130.332 GC heap after
Heap after GC invocations=18 (full 4):
 PSYoungGen      total 87552K, used 4819K [0x00000000f5580000, 0x00000000fc880000, 0x0000000100000000)
  eden space 63488K, 0% used [0x00000000f5580000,0x00000000f5580000,0x00000000f9380000)
  from space 24064K, 20% used [0x00000000fab80000,0x00000000fb034d88,0x00000000fc300000)
  to   space 24576K, 0% used [0x00000000f9380000,0x00000000f9380000,0x00000000fab80000)
 ParOldGen       total 105472K, used 44013K [0x00000000e0000000, 0x00000000e6700000, 0x00000000f5580000)
  object space 105472K, 41% used [0x00000000e0000000,0x00000000e2afb7f0,0x00000000e6700000)
 Metaspace       used 72526K, capacity 78296K, committed 78424K, reserved 1116160K
  class space    used 9005K, capacity 10800K, committed 10840K, reserved 1048576K
}
Event: 145.737 GC heap before
{Heap before GC invocations=19 (full 4):
 PSYoungGen      total 87552K, used 68307K [0x00000000f5580000, 0x00000000fc880000, 0x0000000100000000)
  eden space 63488K, 100% used [0x00000000f5580000,0x00000000f9380000,0x00000000f9380000)
  from space 24064K, 20% used [0x00000000fab80000,0x00000000fb034d88,0x00000000fc300000)
  to   space 24576K, 0% used [0x00000000f9380000,0x00000000f9380000,0x00000000fab80000)
 ParOldGen       total 105472K, used 44013K [0x00000000e0000000, 0x00000000e6700000, 0x00000000f5580000)
  object space 105472K, 41% used [0x00000000e0000000,0x00000000e2afb7f0,0x00000000e6700000)
 Metaspace       used 73665K, capacity 79286K, committed 79576K, reserved 1118208K
  class space    used 9103K, capacity 10869K, committed 10968K, reserved 1048576K
Event: 145.742 GC heap after
Heap after GC invocations=19 (full 4):
 PSYoungGen      total 88064K, used 10771K [0x00000000f5580000, 0x00000000fc400000, 0x0000000100000000)
  eden space 63488K, 0% used [0x00000000f5580000,0x00000000f5580000,0x00000000f9380000)
  from space 24576K, 43% used [0x00000000f9380000,0x00000000f9e04f08,0x00000000fab80000)
  to   space 23040K, 0% used [0x00000000fad80000,0x00000000fad80000,0x00000000fc400000)
 ParOldGen       total 105472K, used 44021K [0x00000000e0000000, 0x00000000e6700000, 0x00000000f5580000)
  object space 105472K, 41% used [0x00000000e0000000,0x00000000e2afd7f0,0x00000000e6700000)
 Metaspace       used 73665K, capacity 79286K, committed 79576K, reserved 1118208K
  class space    used 9103K, capacity 10869K, committed 10968K, reserved 1048576K
}

