# JRE version: Java(TM) SE Runtime Environment (8.0_25-b18) (build 1.8.0_25-b18)
# Java VM: Java HotSpot(TM) 64-Bit Server VM (25.25-b02 mixed mode windows-amd64 compressed oops)
Heap:
 PSYoungGen      total 96256K, used 27481K [0x00000000f5580000, 0x00000000fe000000, 0x0000000100000000)
  eden space 95744K, 28% used [0x00000000f5580000,0x00000000f70566f8,0x00000000fb300000)
  from space 512K, 0% used [0x00000000fb300000,0x00000000fb300000,0x00000000fb380000)
  to   space 23040K, 0% used [0x00000000fc980000,0x00000000fc980000,0x00000000fe000000)
 ParOldGen       total 349696K, used 255564K [0x00000000e0000000, 0x00000000f5580000, 0x00000000f5580000)
  object space 349696K, 73% used [0x00000000e0000000,0x00000000ef993210,0x00000000f5580000)
 Metaspace       used 73269K, capacity 78480K, committed 78680K, reserved 1118208K
  class space    used 8985K, capacity 10719K, committed 10840K, reserved 1048576K
GC Heap History (10 events):
Event: 333.314 GC heap before
{Heap before GC invocations=38 (full 20):
 PSYoungGen      total 119808K, used 94208K [0x00000000f5580000, 0x00000000fe480000, 0x0000000100000000)
  eden space 94208K, 100% used [0x00000000f5580000,0x00000000fb180000,0x00000000fb180000)
  from space 25600K, 0% used [0x00000000fcb80000,0x00000000fcb80000,0x00000000fe480000)
  to   space 26112K, 0% used [0x00000000fb180000,0x00000000fb180000,0x00000000fcb00000)
 ParOldGen       total 349696K, used 252386K [0x00000000e0000000, 0x00000000f5580000, 0x00000000f5580000)
  object space 349696K, 72% used [0x00000000e0000000,0x00000000ef678ad0,0x00000000f5580000)
 Metaspace       used 71656K, capacity 77152K, committed 77400K, reserved 1116160K
  class space    used 8867K, capacity 10557K, committed 10584K, reserved 1048576K
Event: 333.319 GC heap after
Heap after GC invocations=38 (full 20):
 PSYoungGen      total 120320K, used 6046K [0x00000000f5580000, 0x00000000fe300000, 0x0000000100000000)
  eden space 94208K, 0% used [0x00000000f5580000,0x00000000f5580000,0x00000000fb180000)
  from space 26112K, 23% used [0x00000000fb180000,0x00000000fb767958,0x00000000fcb00000)
  to   space 24576K, 0% used [0x00000000fcb00000,0x00000000fcb00000,0x00000000fe300000)
 ParOldGen       total 349696K, used 252458K [0x00000000e0000000, 0x00000000f5580000, 0x00000000f5580000)
  object space 349696K, 72% used [0x00000000e0000000,0x00000000ef68aae0,0x00000000f5580000)
 Metaspace       used 71656K, capacity 77152K, committed 77400K, reserved 1116160K
  class space    used 8867K, capacity 10557K, committed 10584K, reserved 1048576K
}
Event: 362.201 GC heap before
{Heap before GC invocations=39 (full 20):
 PSYoungGen      total 120320K, used 80379K [0x00000000f5580000, 0x00000000fe300000, 0x0000000100000000)
  eden space 94208K, 78% used [0x00000000f5580000,0x00000000f9e173f8,0x00000000fb180000)
  from space 26112K, 23% used [0x00000000fb180000,0x00000000fb767958,0x00000000fcb00000)
  to   space 24576K, 0% used [0x00000000fcb00000,0x00000000fcb00000,0x00000000fe300000)
 ParOldGen       total 349696K, used 252458K [0x00000000e0000000, 0x00000000f5580000, 0x00000000f5580000)
  object space 349696K, 72% used [0x00000000e0000000,0x00000000ef68aae0,0x00000000f5580000)
 Metaspace       used 72198K, capacity 77600K, committed 77656K, reserved 1116160K
  class space    used 8868K, capacity 10557K, committed 10584K, reserved 1048576K
Event: 362.204 GC heap after
Heap after GC invocations=39 (full 20):
 PSYoungGen      total 118272K, used 4530K [0x00000000f5580000, 0x00000000fe100000, 0x0000000100000000)
  eden space 95744K, 0% used [0x00000000f5580000,0x00000000f5580000,0x00000000fb300000)
  from space 22528K, 20% used [0x00000000fcb00000,0x00000000fcf6cb80,0x00000000fe100000)
  to   space 23552K, 0% used [0x00000000fb300000,0x00000000fb300000,0x00000000fca00000)
 ParOldGen       total 349696K, used 252466K [0x00000000e0000000, 0x00000000f5580000, 0x00000000f5580000)
  object space 349696K, 72% used [0x00000000e0000000,0x00000000ef68cae0,0x00000000f5580000)
 Metaspace       used 72198K, capacity 77600K, committed 77656K, reserved 1116160K
  class space    used 8868K, capacity 10557K, committed 10584K, reserved 1048576K
}
Event: 362.205 GC heap before
{Heap before GC invocations=40 (full 21):
 PSYoungGen      total 118272K, used 4530K [0x00000000f5580000, 0x00000000fe100000, 0x0000000100000000)
  eden space 95744K, 0% used [0x00000000f5580000,0x00000000f5580000,0x00000000fb300000)
  from space 22528K, 20% used [0x00000000fcb00000,0x00000000fcf6cb80,0x00000000fe100000)
  to   space 23552K, 0% used [0x00000000fb300000,0x00000000fb300000,0x00000000fca00000)
 ParOldGen       total 349696K, used 252466K [0x00000000e0000000, 0x00000000f5580000, 0x00000000f5580000)
  object space 349696K, 72% used [0x00000000e0000000,0x00000000ef68cae0,0x00000000f5580000)
 Metaspace       used 72198K, capacity 77600K, committed 77656K, reserved 1116160K
  class space    used 8868K, capacity 10557K, committed 10584K, reserved 1048576K
Event: 362.437 GC heap after
Heap after GC invocations=40 (full 21):
 PSYoungGen      total 118272K, used 0K [0x00000000f5580000, 0x00000000fe100000, 0x0000000100000000)
  eden space 95744K, 0% used [0x00000000f5580000,0x00000000f5580000,0x00000000fb300000)
  from space 22528K, 0% used [0x00000000fcb00000,0x00000000fcb00000,0x00000000fe100000)
  to   space 23552K, 0% used [0x00000000fb300000,0x00000000fb300000,0x00000000fca00000)
 ParOldGen       total 349696K, used 255648K [0x00000000e0000000, 0x00000000f5580000, 0x00000000f5580000)
  object space 349696K, 73% used [0x00000000e0000000,0x00000000ef9a80a8,0x00000000f5580000)
 Metaspace       used 72198K, capacity 77600K, committed 77656K, reserved 1116160K
  class space    used 8868K, capacity 10557K, committed 10584K, reserved 1048576K
}
Event: 422.208 GC heap before
{Heap before GC invocations=41 (full 21):
 PSYoungGen      total 118272K, used 5522K [0x00000000f5580000, 0x00000000fe100000, 0x0000000100000000)
  eden space 95744K, 5% used [0x00000000f5580000,0x00000000f5ae4b68,0x00000000fb300000)
  from space 22528K, 0% used [0x00000000fcb00000,0x00000000fcb00000,0x00000000fe100000)
  to   space 23552K, 0% used [0x00000000fb300000,0x00000000fb300000,0x00000000fca00000)
 ParOldGen       total 349696K, used 255648K [0x00000000e0000000, 0x00000000f5580000, 0x00000000f5580000)
  object space 349696K, 73% used [0x00000000e0000000,0x00000000ef9a80a8,0x00000000f5580000)
 Metaspace       used 72226K, capacity 77600K, committed 77656K, reserved 1116160K
  class space    used 8869K, capacity 10557K, committed 10584K, reserved 1048576K
Event: 422.210 GC heap after
Heap after GC invocations=41 (full 21):
 PSYoungGen      total 96256K, used 160K [0x00000000f5580000, 0x00000000fe000000, 0x0000000100000000)
  eden space 95744K, 0% used [0x00000000f5580000,0x00000000f5580000,0x00000000fb300000)
  from space 512K, 31% used [0x00000000fb300000,0x00000000fb328000,0x00000000fb380000)
  to   space 23040K, 0% used [0x00000000fc980000,0x00000000fc980000,0x00000000fe000000)
 ParOldGen       total 349696K, used 255656K [0x00000000e0000000, 0x00000000f5580000, 0x00000000f5580000)
  object space 349696K, 73% used [0x00000000e0000000,0x00000000ef9aa0a8,0x00000000f5580000)
 Metaspace       used 72226K, capacity 77600K, committed 77656K, reserved 1116160K
  class space    used 8869K, capacity 10557K, committed 10584K, reserved 1048576K
}
Event: 422.210 GC heap before
{Heap before GC invocations=42 (full 22):
 PSYoungGen      total 96256K, used 160K [0x00000000f5580000, 0x00000000fe000000, 0x0000000100000000)
  eden space 95744K, 0% used [0x00000000f5580000,0x00000000f5580000,0x00000000fb300000)
  from space 512K, 31% used [0x00000000fb300000,0x00000000fb328000,0x00000000fb380000)
  to   space 23040K, 0% used [0x00000000fc980000,0x00000000fc980000,0x00000000fe000000)
 ParOldGen       total 349696K, used 255656K [0x00000000e0000000, 0x00000000f5580000, 0x00000000f5580000)
  object space 349696K, 73% used [0x00000000e0000000,0x00000000ef9aa0a8,0x00000000f5580000)
 Metaspace       used 72226K, capacity 77600K, committed 77656K, reserved 1116160K
  class space    used 8869K, capacity 10557K, committed 10584K, reserved 1048576K
Event: 422.399 GC heap after
Heap after GC invocations=42 (full 22):
 PSYoungGen      total 96256K, used 0K [0x00000000f5580000, 0x00000000fe000000, 0x0000000100000000)
  eden space 95744K, 0% used [0x00000000f5580000,0x00000000f5580000,0x00000000fb300000)
  from space 512K, 0% used [0x00000000fb300000,0x00000000fb300000,0x00000000fb380000)
  to   space 23040K, 0% used [0x00000000fc980000,0x00000000fc980000,0x00000000fe000000)
 ParOldGen       total 349696K, used 255564K [0x00000000e0000000, 0x00000000f5580000, 0x00000000f5580000)
  object space 349696K, 73% used [0x00000000e0000000,0x00000000ef993210,0x00000000f5580000)
 Metaspace       used 72226K, capacity 77600K, committed 77656K, reserved 1116160K
  class space    used 8869K, capacity 10557K, committed 10584K, reserved 1048576K
}

