# JRE version: Java(TM) SE Runtime Environment (8.0_25-b18) (build 1.8.0_25-b18)
# Java VM: Java HotSpot(TM) 64-Bit Server VM (25.25-b02 mixed mode windows-amd64 compressed oops)
Heap:
 PSYoungGen      total 121856K, used 116143K [0x00000000f5580000, 0x0000000100000000, 0x0000000100000000)
  eden space 121344K, 95% used [0x00000000f5580000,0x00000000fc6ebf98,0x00000000fcc00000)
  from space 512K, 0% used [0x00000000fcc00000,0x00000000fcc00000,0x00000000fcc80000)
  to   space 27136K, 0% used [0x00000000fe580000,0x00000000fe580000,0x0000000100000000)
 ParOldGen       total 349696K, used 343008K [0x00000000e0000000, 0x00000000f5580000, 0x00000000f5580000)
  object space 349696K, 98% used [0x00000000e0000000,0x00000000f4ef8330,0x00000000f5580000)
 Metaspace       used 72913K, capacity 78196K, committed 78424K, reserved 1116160K
  class space    used 9026K, capacity 10751K, committed 10840K, reserved 1048576K
GC Heap History (10 events):
Event: 67.744 GC heap before
{Heap before GC invocations=42 (full 15):
 PSYoungGen      total 121856K, used 98398K [0x00000000f5580000, 0x0000000100000000, 0x0000000100000000)
  eden space 121344K, 81% used [0x00000000f5580000,0x00000000fb5978d8,0x00000000fcc00000)
  from space 512K, 0% used [0x00000000fcc00000,0x00000000fcc00000,0x00000000fcc80000)
  to   space 27136K, 0% used [0x00000000fe580000,0x00000000fe5b0000,0x0000000100000000)
 ParOldGen       total 349696K, used 269952K [0x00000000e0000000, 0x00000000f5580000, 0x00000000f5580000)
  object space 349696K, 77% used [0x00000000e0000000,0x00000000f07a0018,0x00000000f5580000)
 Metaspace       used 68172K, capacity 73670K, committed 73816K, reserved 1112064K
  class space    used 8517K, capacity 10306K, committed 10328K, reserved 1048576K
Event: 68.037 GC heap after
Heap after GC invocations=42 (full 15):
 PSYoungGen      total 121856K, used 90056K [0x00000000f5580000, 0x0000000100000000, 0x0000000100000000)
  eden space 121344K, 74% used [0x00000000f5580000,0x00000000fad721d8,0x00000000fcc00000)
  from space 512K, 0% used [0x00000000fcc00000,0x00000000fcc00000,0x00000000fcc80000)
  to   space 27136K, 0% used [0x00000000fe580000,0x00000000fe580000,0x0000000100000000)
 ParOldGen       total 349696K, used 261243K [0x00000000e0000000, 0x00000000f5580000, 0x00000000f5580000)
  object space 349696K, 74% used [0x00000000e0000000,0x00000000eff1eda0,0x00000000f5580000)
 Metaspace       used 68172K, capacity 73670K, committed 73816K, reserved 1112064K
  class space    used 8517K, capacity 10306K, committed 10328K, reserved 1048576K
}
Event: 127.754 GC heap before
{Heap before GC invocations=43 (full 15):
 PSYoungGen      total 121856K, used 95415K [0x00000000f5580000, 0x0000000100000000, 0x0000000100000000)
  eden space 121344K, 78% used [0x00000000f5580000,0x00000000fb2ade18,0x00000000fcc00000)
  from space 512K, 0% used [0x00000000fcc00000,0x00000000fcc00000,0x00000000fcc80000)
  to   space 27136K, 0% used [0x00000000fe580000,0x00000000fe580000,0x0000000100000000)
 ParOldGen       total 349696K, used 261243K [0x00000000e0000000, 0x00000000f5580000, 0x00000000f5580000)
  object space 349696K, 74% used [0x00000000e0000000,0x00000000eff1eda0,0x00000000f5580000)
 Metaspace       used 68197K, capacity 73734K, committed 73816K, reserved 1112064K
  class space    used 8518K, capacity 10306K, committed 10328K, reserved 1048576K
Event: 127.760 GC heap after
Heap after GC invocations=43 (full 15):
 PSYoungGen      total 121856K, used 95415K [0x00000000f5580000, 0x0000000100000000, 0x0000000100000000)
  eden space 121344K, 78% used [0x00000000f5580000,0x00000000fb2ade18,0x00000000fcc00000)
  from space 512K, 0% used [0x00000000fcc00000,0x00000000fcc00000,0x00000000fcc80000)
  to   space 27136K, 0% used [0x00000000fe580000,0x00000000fe5b0000,0x0000000100000000)
 ParOldGen       total 349696K, used 261243K [0x00000000e0000000, 0x00000000f5580000, 0x00000000f5580000)
  object space 349696K, 74% used [0x00000000e0000000,0x00000000eff1eda0,0x00000000f5580000)
 Metaspace       used 68197K, capacity 73734K, committed 73816K, reserved 1112064K
  class space    used 8518K, capacity 10306K, committed 10328K, reserved 1048576K
}
Event: 127.760 GC heap before
{Heap before GC invocations=44 (full 16):
 PSYoungGen      total 121856K, used 95415K [0x00000000f5580000, 0x0000000100000000, 0x0000000100000000)
  eden space 121344K, 78% used [0x00000000f5580000,0x00000000fb2ade18,0x00000000fcc00000)
  from space 512K, 0% used [0x00000000fcc00000,0x00000000fcc00000,0x00000000fcc80000)
  to   space 27136K, 0% used [0x00000000fe580000,0x00000000fe5b0000,0x0000000100000000)
 ParOldGen       total 349696K, used 261243K [0x00000000e0000000, 0x00000000f5580000, 0x00000000f5580000)
  object space 349696K, 74% used [0x00000000e0000000,0x00000000eff1eda0,0x00000000f5580000)
 Metaspace       used 68197K, capacity 73734K, committed 73816K, reserved 1112064K
  class space    used 8518K, capacity 10306K, committed 10328K, reserved 1048576K
Event: 127.944 GC heap after
Heap after GC invocations=44 (full 16):
 PSYoungGen      total 121856K, used 90083K [0x00000000f5580000, 0x0000000100000000, 0x0000000100000000)
  eden space 121344K, 74% used [0x00000000f5580000,0x00000000fad78f98,0x00000000fcc00000)
  from space 512K, 0% used [0x00000000fcc00000,0x00000000fcc00000,0x00000000fcc80000)
  to   space 27136K, 0% used [0x00000000fe580000,0x00000000fe580000,0x0000000100000000)
 ParOldGen       total 349696K, used 261236K [0x00000000e0000000, 0x00000000f5580000, 0x00000000f5580000)
  object space 349696K, 74% used [0x00000000e0000000,0x00000000eff1d258,0x00000000f5580000)
 Metaspace       used 68197K, capacity 73734K, committed 73816K, reserved 1112064K
  class space    used 8518K, capacity 10306K, committed 10328K, reserved 1048576K
}
Event: 187.766 GC heap before
{Heap before GC invocations=45 (full 16):
 PSYoungGen      total 121856K, used 93929K [0x00000000f5580000, 0x0000000100000000, 0x0000000100000000)
  eden space 121344K, 77% used [0x00000000f5580000,0x00000000fb13a750,0x00000000fcc00000)
  from space 512K, 0% used [0x00000000fcc00000,0x00000000fcc00000,0x00000000fcc80000)
  to   space 27136K, 0% used [0x00000000fe580000,0x00000000fe580000,0x0000000100000000)
 ParOldGen       total 349696K, used 261236K [0x00000000e0000000, 0x00000000f5580000, 0x00000000f5580000)
  object space 349696K, 74% used [0x00000000e0000000,0x00000000eff1d258,0x00000000f5580000)
 Metaspace       used 68215K, capacity 73734K, committed 73816K, reserved 1112064K
  class space    used 8518K, capacity 10306K, committed 10328K, reserved 1048576K
Event: 187.773 GC heap after
Heap after GC invocations=45 (full 16):
 PSYoungGen      total 121856K, used 93929K [0x00000000f5580000, 0x0000000100000000, 0x0000000100000000)
  eden space 121344K, 77% used [0x00000000f5580000,0x00000000fb13a750,0x00000000fcc00000)
  from space 512K, 0% used [0x00000000fcc00000,0x00000000fcc00000,0x00000000fcc80000)
  to   space 27136K, 0% used [0x00000000fe580000,0x00000000fe5b8000,0x0000000100000000)
 ParOldGen       total 349696K, used 261244K [0x00000000e0000000, 0x00000000f5580000, 0x00000000f5580000)
  object space 349696K, 74% used [0x00000000e0000000,0x00000000eff1f258,0x00000000f5580000)
 Metaspace       used 68215K, capacity 73734K, committed 73816K, reserved 1112064K
  class space    used 8518K, capacity 10306K, committed 10328K, reserved 1048576K
}
Event: 187.773 GC heap before
{Heap before GC invocations=46 (full 17):
 PSYoungGen      total 121856K, used 93929K [0x00000000f5580000, 0x0000000100000000, 0x0000000100000000)
  eden space 121344K, 77% used [0x00000000f5580000,0x00000000fb13a750,0x00000000fcc00000)
  from space 512K, 0% used [0x00000000fcc00000,0x00000000fcc00000,0x00000000fcc80000)
  to   space 27136K, 0% used [0x00000000fe580000,0x00000000fe5b8000,0x0000000100000000)
 ParOldGen       total 349696K, used 261244K [0x00000000e0000000, 0x00000000f5580000, 0x00000000f5580000)
  object space 349696K, 74% used [0x00000000e0000000,0x00000000eff1f258,0x00000000f5580000)
 Metaspace       used 68215K, capacity 73734K, committed 73816K, reserved 1112064K
  class space    used 8518K, capacity 10306K, committed 10328K, reserved 1048576K
Event: 187.963 GC heap after
Heap after GC invocations=46 (full 17):
 PSYoungGen      total 121856K, used 0K [0x00000000f5580000, 0x0000000100000000, 0x0000000100000000)
  eden space 121344K, 0% used [0x00000000f5580000,0x00000000f5580000,0x00000000fcc00000)
  from space 512K, 0% used [0x00000000fcc00000,0x00000000fcc00000,0x00000000fcc80000)
  to   space 27136K, 0% used [0x00000000fe580000,0x00000000fe580000,0x0000000100000000)
 ParOldGen       total 349696K, used 343008K [0x00000000e0000000, 0x00000000f5580000, 0x00000000f5580000)
  object space 349696K, 98% used [0x00000000e0000000,0x00000000f4ef8330,0x00000000f5580000)
 Metaspace       used 68175K, capacity 73668K, committed 73816K, reserved 1112064K
  class space    used 8512K, capacity 10295K, committed 10328K, reserved 1048576K
}

