# JRE version: Java(TM) SE Runtime Environment (8.0_25-b18) (build 1.8.0_25-b18)
# Java VM: Java HotSpot(TM) 64-Bit Server VM (25.25-b02 mixed mode windows-amd64 compressed oops)
Heap:
 PSYoungGen      total 91648K, used 90450K [0x00000000f5580000, 0x00000000fc280000, 0x0000000100000000)
  eden space 91136K, 99% used [0x00000000f5580000,0x00000000fadd4a58,0x00000000fae80000)
  from space 512K, 0% used [0x00000000fae80000,0x00000000fae80000,0x00000000faf00000)
  to   space 10240K, 0% used [0x00000000fb880000,0x00000000fb880000,0x00000000fc280000)
 ParOldGen       total 112128K, used 35215K [0x00000000e0000000, 0x00000000e6d80000, 0x00000000f5580000)
  object space 112128K, 31% used [0x00000000e0000000,0x00000000e2263c58,0x00000000e6d80000)
 Metaspace       used 75953K, capacity 81486K, committed 81752K, reserved 1120256K
  class space    used 9239K, capacity 10969K, committed 11096K, reserved 1048576K
GC Heap History (10 events):
Event: 1410.000 GC heap before
{Heap before GC invocations=59 (full 26):
 PSYoungGen      total 91648K, used 160K [0x00000000f5580000, 0x00000000fc580000, 0x0000000100000000)
  eden space 91136K, 0% used [0x00000000f5580000,0x00000000f5580000,0x00000000fae80000)
  from space 512K, 31% used [0x00000000fae80000,0x00000000faea8000,0x00000000faf00000)
  to   space 11776K, 0% used [0x00000000fba00000,0x00000000fba00000,0x00000000fc580000)
 ParOldGen       total 112128K, used 35093K [0x00000000e0000000, 0x00000000e6d80000, 0x00000000f5580000)
  object space 112128K, 31% used [0x00000000e0000000,0x00000000e2245438,0x00000000e6d80000)
 Metaspace       used 74867K, capacity 80322K, committed 80600K, reserved 1118208K
  class space    used 9166K, capacity 10839K, committed 10968K, reserved 1048576K
Event: 1410.095 GC heap after
Heap after GC invocations=59 (full 26):
 PSYoungGen      total 91648K, used 0K [0x00000000f5580000, 0x00000000fc580000, 0x0000000100000000)
  eden space 91136K, 0% used [0x00000000f5580000,0x00000000f5580000,0x00000000fae80000)
  from space 512K, 0% used [0x00000000fae80000,0x00000000fae80000,0x00000000faf00000)
  to   space 11776K, 0% used [0x00000000fba00000,0x00000000fba00000,0x00000000fc580000)
 ParOldGen       total 112128K, used 35093K [0x00000000e0000000, 0x00000000e6d80000, 0x00000000f5580000)
  object space 112128K, 31% used [0x00000000e0000000,0x00000000e22454e0,0x00000000e6d80000)
 Metaspace       used 74867K, capacity 80322K, committed 80600K, reserved 1118208K
  class space    used 9166K, capacity 10839K, committed 10968K, reserved 1048576K
}
Event: 1470.015 GC heap before
{Heap before GC invocations=60 (full 26):
 PSYoungGen      total 91648K, used 3223K [0x00000000f5580000, 0x00000000fc580000, 0x0000000100000000)
  eden space 91136K, 3% used [0x00000000f5580000,0x00000000f58a5c90,0x00000000fae80000)
  from space 512K, 0% used [0x00000000fae80000,0x00000000fae80000,0x00000000faf00000)
  to   space 11776K, 0% used [0x00000000fba00000,0x00000000fba00000,0x00000000fc580000)
 ParOldGen       total 112128K, used 35093K [0x00000000e0000000, 0x00000000e6d80000, 0x00000000f5580000)
  object space 112128K, 31% used [0x00000000e0000000,0x00000000e22454e0,0x00000000e6d80000)
 Metaspace       used 74867K, capacity 80322K, committed 80600K, reserved 1118208K
  class space    used 9166K, capacity 10839K, committed 10968K, reserved 1048576K
Event: 1470.017 GC heap after
Heap after GC invocations=60 (full 26):
 PSYoungGen      total 100864K, used 160K [0x00000000f5580000, 0x00000000fc380000, 0x0000000100000000)
  eden space 91136K, 0% used [0x00000000f5580000,0x00000000f5580000,0x00000000fae80000)
  from space 9728K, 1% used [0x00000000fba00000,0x00000000fba28000,0x00000000fc380000)
  to   space 10752K, 0% used [0x00000000fae80000,0x00000000fae80000,0x00000000fb900000)
 ParOldGen       total 112128K, used 35093K [0x00000000e0000000, 0x00000000e6d80000, 0x00000000f5580000)
  object space 112128K, 31% used [0x00000000e0000000,0x00000000e22454e0,0x00000000e6d80000)
 Metaspace       used 74867K, capacity 80322K, committed 80600K, reserved 1118208K
  class space    used 9166K, capacity 10839K, committed 10968K, reserved 1048576K
}
Event: 1470.017 GC heap before
{Heap before GC invocations=61 (full 27):
 PSYoungGen      total 100864K, used 160K [0x00000000f5580000, 0x00000000fc380000, 0x0000000100000000)
  eden space 91136K, 0% used [0x00000000f5580000,0x00000000f5580000,0x00000000fae80000)
  from space 9728K, 1% used [0x00000000fba00000,0x00000000fba28000,0x00000000fc380000)
  to   space 10752K, 0% used [0x00000000fae80000,0x00000000fae80000,0x00000000fb900000)
 ParOldGen       total 112128K, used 35093K [0x00000000e0000000, 0x00000000e6d80000, 0x00000000f5580000)
  object space 112128K, 31% used [0x00000000e0000000,0x00000000e22454e0,0x00000000e6d80000)
 Metaspace       used 74867K, capacity 80322K, committed 80600K, reserved 1118208K
  class space    used 9166K, capacity 10839K, committed 10968K, reserved 1048576K
Event: 1470.105 GC heap after
Heap after GC invocations=61 (full 27):
 PSYoungGen      total 100864K, used 0K [0x00000000f5580000, 0x00000000fc380000, 0x0000000100000000)
  eden space 91136K, 0% used [0x00000000f5580000,0x00000000f5580000,0x00000000fae80000)
  from space 9728K, 0% used [0x00000000fba00000,0x00000000fba00000,0x00000000fc380000)
  to   space 10752K, 0% used [0x00000000fae80000,0x00000000fae80000,0x00000000fb900000)
 ParOldGen       total 112128K, used 35093K [0x00000000e0000000, 0x00000000e6d80000, 0x00000000f5580000)
  object space 112128K, 31% used [0x00000000e0000000,0x00000000e22454e0,0x00000000e6d80000)
 Metaspace       used 74867K, capacity 80322K, committed 80600K, reserved 1118208K
  class space    used 9166K, capacity 10839K, committed 10968K, reserved 1048576K
}
Event: 1530.022 GC heap before
{Heap before GC invocations=62 (full 27):
 PSYoungGen      total 100864K, used 6872K [0x00000000f5580000, 0x00000000fc380000, 0x0000000100000000)
  eden space 91136K, 7% used [0x00000000f5580000,0x00000000f5c363d0,0x00000000fae80000)
  from space 9728K, 0% used [0x00000000fba00000,0x00000000fba00000,0x00000000fc380000)
  to   space 10752K, 0% used [0x00000000fae80000,0x00000000fae80000,0x00000000fb900000)
 ParOldGen       total 112128K, used 35093K [0x00000000e0000000, 0x00000000e6d80000, 0x00000000f5580000)
  object space 112128K, 31% used [0x00000000e0000000,0x00000000e22454e0,0x00000000e6d80000)
 Metaspace       used 74900K, capacity 80322K, committed 80600K, reserved 1118208K
  class space    used 9166K, capacity 10839K, committed 10968K, reserved 1048576K
Event: 1530.025 GC heap after
Heap after GC invocations=62 (full 27):
 PSYoungGen      total 91648K, used 448K [0x00000000f5580000, 0x00000000fc280000, 0x0000000100000000)
  eden space 91136K, 0% used [0x00000000f5580000,0x00000000f5580000,0x00000000fae80000)
  from space 512K, 87% used [0x00000000fae80000,0x00000000faef0000,0x00000000faf00000)
  to   space 10240K, 0% used [0x00000000fb880000,0x00000000fb880000,0x00000000fc280000)
 ParOldGen       total 112128K, used 35093K [0x00000000e0000000, 0x00000000e6d80000, 0x00000000f5580000)
  object space 112128K, 31% used [0x00000000e0000000,0x00000000e22454e0,0x00000000e6d80000)
 Metaspace       used 74900K, capacity 80322K, committed 80600K, reserved 1118208K
  class space    used 9166K, capacity 10839K, committed 10968K, reserved 1048576K
}
Event: 1530.025 GC heap before
{Heap before GC invocations=63 (full 28):
 PSYoungGen      total 91648K, used 448K [0x00000000f5580000, 0x00000000fc280000, 0x0000000100000000)
  eden space 91136K, 0% used [0x00000000f5580000,0x00000000f5580000,0x00000000fae80000)
  from space 512K, 87% used [0x00000000fae80000,0x00000000faef0000,0x00000000faf00000)
  to   space 10240K, 0% used [0x00000000fb880000,0x00000000fb880000,0x00000000fc280000)
 ParOldGen       total 112128K, used 35093K [0x00000000e0000000, 0x00000000e6d80000, 0x00000000f5580000)
  object space 112128K, 31% used [0x00000000e0000000,0x00000000e22454e0,0x00000000e6d80000)
 Metaspace       used 74900K, capacity 80322K, committed 80600K, reserved 1118208K
  class space    used 9166K, capacity 10839K, committed 10968K, reserved 1048576K
Event: 1530.116 GC heap after
Heap after GC invocations=63 (full 28):
 PSYoungGen      total 91648K, used 0K [0x00000000f5580000, 0x00000000fc280000, 0x0000000100000000)
  eden space 91136K, 0% used [0x00000000f5580000,0x00000000f5580000,0x00000000fae80000)
  from space 512K, 0% used [0x00000000fae80000,0x00000000fae80000,0x00000000faf00000)
  to   space 10240K, 0% used [0x00000000fb880000,0x00000000fb880000,0x00000000fc280000)
 ParOldGen       total 112128K, used 35215K [0x00000000e0000000, 0x00000000e6d80000, 0x00000000f5580000)
  object space 112128K, 31% used [0x00000000e0000000,0x00000000e2263c58,0x00000000e6d80000)
 Metaspace       used 74900K, capacity 80322K, committed 80600K, reserved 1118208K
  class space    used 9166K, capacity 10839K, committed 10968K, reserved 1048576K
}

