# JRE version: Java(TM) SE Runtime Environment (8.0_25-b18) (build 1.8.0_25-b18)
# Java VM: Java HotSpot(TM) 64-Bit Server VM (25.25-b02 mixed mode windows-amd64 compressed oops)
Heap:
 PSYoungGen      total 102400K, used 22619K [0x00000000f5580000, 0x00000000fd280000, 0x0000000100000000)
  eden space 76800K, 29% used [0x00000000f5580000,0x00000000f6b96c40,0x00000000fa080000)
  from space 25600K, 0% used [0x00000000fb980000,0x00000000fb980000,0x00000000fd280000)
  to   space 25600K, 0% used [0x00000000fa080000,0x00000000fa080000,0x00000000fb980000)
 ParOldGen       total 108544K, used 44707K [0x00000000e0000000, 0x00000000e6a00000, 0x00000000f5580000)
  object space 108544K, 41% used [0x00000000e0000000,0x00000000e2ba8ec0,0x00000000e6a00000)
 Metaspace       used 74464K, capacity 80274K, committed 80472K, reserved 1118208K
  class space    used 9202K, capacity 11071K, committed 11096K, reserved 1048576K
GC Heap History (10 events):
Event: 65.198 GC heap before
{Heap before GC invocations=17 (full 4):
 PSYoungGen      total 95232K, used 18057K [0x00000000f5580000, 0x00000000fcb80000, 0x0000000100000000)
  eden space 71680K, 0% used [0x00000000f5580000,0x00000000f5580000,0x00000000f9b80000)
  from space 23552K, 76% used [0x00000000f9b80000,0x00000000fad225f0,0x00000000fb280000)
  to   space 24576K, 0% used [0x00000000fb380000,0x00000000fb380000,0x00000000fcb80000)
 ParOldGen       total 108544K, used 33799K [0x00000000e0000000, 0x00000000e6a00000, 0x00000000f5580000)
  object space 108544K, 31% used [0x00000000e0000000,0x00000000e2101da8,0x00000000e6a00000)
 Metaspace       used 70924K, capacity 76448K, committed 76760K, reserved 1116160K
  class space    used 8892K, capacity 10654K, committed 10712K, reserved 1048576K
Event: 65.430 GC heap after
Heap after GC invocations=17 (full 4):
 PSYoungGen      total 95232K, used 0K [0x00000000f5580000, 0x00000000fcb80000, 0x0000000100000000)
  eden space 71680K, 0% used [0x00000000f5580000,0x00000000f5580000,0x00000000f9b80000)
  from space 23552K, 0% used [0x00000000f9b80000,0x00000000f9b80000,0x00000000fb280000)
  to   space 24576K, 0% used [0x00000000fb380000,0x00000000fb380000,0x00000000fcb80000)
 ParOldGen       total 108544K, used 44439K [0x00000000e0000000, 0x00000000e6a00000, 0x00000000f5580000)
  object space 108544K, 40% used [0x00000000e0000000,0x00000000e2b65ff0,0x00000000e6a00000)
 Metaspace       used 70924K, capacity 76448K, committed 76760K, reserved 1116160K
  class space    used 8892K, capacity 10654K, committed 10712K, reserved 1048576K
}
Event: 115.462 GC heap before
{Heap before GC invocations=18 (full 4):
 PSYoungGen      total 95232K, used 71680K [0x00000000f5580000, 0x00000000fcb80000, 0x0000000100000000)
  eden space 71680K, 100% used [0x00000000f5580000,0x00000000f9b80000,0x00000000f9b80000)
  from space 23552K, 0% used [0x00000000f9b80000,0x00000000f9b80000,0x00000000fb280000)
  to   space 24576K, 0% used [0x00000000fb380000,0x00000000fb380000,0x00000000fcb80000)
 ParOldGen       total 108544K, used 44439K [0x00000000e0000000, 0x00000000e6a00000, 0x00000000f5580000)
  object space 108544K, 40% used [0x00000000e0000000,0x00000000e2b65ff0,0x00000000e6a00000)
 Metaspace       used 72190K, capacity 77760K, committed 77912K, reserved 1116160K
  class space    used 9013K, capacity 10768K, committed 10840K, reserved 1048576K
Event: 115.467 GC heap after
Heap after GC invocations=18 (full 4):
 PSYoungGen      total 95744K, used 1589K [0x00000000f5580000, 0x00000000fd380000, 0x0000000100000000)
  eden space 71168K, 0% used [0x00000000f5580000,0x00000000f5580000,0x00000000f9b00000)
  from space 24576K, 6% used [0x00000000fb380000,0x00000000fb50d468,0x00000000fcb80000)
  to   space 25088K, 0% used [0x00000000f9b00000,0x00000000f9b00000,0x00000000fb380000)
 ParOldGen       total 108544K, used 44447K [0x00000000e0000000, 0x00000000e6a00000, 0x00000000f5580000)
  object space 108544K, 40% used [0x00000000e0000000,0x00000000e2b67ff0,0x00000000e6a00000)
 Metaspace       used 72190K, capacity 77760K, committed 77912K, reserved 1116160K
  class space    used 9013K, capacity 10768K, committed 10840K, reserved 1048576K
}
Event: 121.517 GC heap before
{Heap before GC invocations=19 (full 4):
 PSYoungGen      total 95744K, used 72757K [0x00000000f5580000, 0x00000000fd380000, 0x0000000100000000)
  eden space 71168K, 100% used [0x00000000f5580000,0x00000000f9b00000,0x00000000f9b00000)
  from space 24576K, 6% used [0x00000000fb380000,0x00000000fb50d468,0x00000000fcb80000)
  to   space 25088K, 0% used [0x00000000f9b00000,0x00000000f9b00000,0x00000000fb380000)
 ParOldGen       total 108544K, used 44447K [0x00000000e0000000, 0x00000000e6a00000, 0x00000000f5580000)
  object space 108544K, 40% used [0x00000000e0000000,0x00000000e2b67ff0,0x00000000e6a00000)
 Metaspace       used 73011K, capacity 78748K, committed 79064K, reserved 1118208K
  class space    used 9065K, capacity 10844K, committed 10968K, reserved 1048576K
Event: 121.521 GC heap after
Heap after GC invocations=19 (full 4):
 PSYoungGen      total 96256K, used 1549K [0x00000000f5580000, 0x00000000fd280000, 0x0000000100000000)
  eden space 71168K, 0% used [0x00000000f5580000,0x00000000f5580000,0x00000000f9b00000)
  from space 25088K, 6% used [0x00000000f9b00000,0x00000000f9c83440,0x00000000fb380000)
  to   space 25600K, 0% used [0x00000000fb980000,0x00000000fb980000,0x00000000fd280000)
 ParOldGen       total 108544K, used 44447K [0x00000000e0000000, 0x00000000e6a00000, 0x00000000f5580000)
  object space 108544K, 40% used [0x00000000e0000000,0x00000000e2b67ff0,0x00000000e6a00000)
 Metaspace       used 73011K, capacity 78748K, committed 79064K, reserved 1118208K
  class space    used 9065K, capacity 10844K, committed 10968K, reserved 1048576K
}
Event: 129.715 GC heap before
{Heap before GC invocations=20 (full 4):
 PSYoungGen      total 96256K, used 18347K [0x00000000f5580000, 0x00000000fd280000, 0x0000000100000000)
  eden space 71168K, 23% used [0x00000000f5580000,0x00000000f65e7a88,0x00000000f9b00000)
  from space 25088K, 6% used [0x00000000f9b00000,0x00000000f9c83440,0x00000000fb380000)
  to   space 25600K, 0% used [0x00000000fb980000,0x00000000fb980000,0x00000000fd280000)
 ParOldGen       total 108544K, used 44447K [0x00000000e0000000, 0x00000000e6a00000, 0x00000000f5580000)
  object space 108544K, 40% used [0x00000000e0000000,0x00000000e2b67ff0,0x00000000e6a00000)
 Metaspace       used 73238K, capacity 78944K, committed 79320K, reserved 1118208K
  class space    used 9072K, capacity 10844K, committed 10968K, reserved 1048576K
Event: 129.717 GC heap after
Heap after GC invocations=20 (full 4):
 PSYoungGen      total 102400K, used 2103K [0x00000000f5580000, 0x00000000fd280000, 0x0000000100000000)
  eden space 76800K, 0% used [0x00000000f5580000,0x00000000f5580000,0x00000000fa080000)
  from space 25600K, 8% used [0x00000000fb980000,0x00000000fbb8dd90,0x00000000fd280000)
  to   space 25600K, 0% used [0x00000000fa080000,0x00000000fa080000,0x00000000fb980000)
 ParOldGen       total 108544K, used 44455K [0x00000000e0000000, 0x00000000e6a00000, 0x00000000f5580000)
  object space 108544K, 40% used [0x00000000e0000000,0x00000000e2b69ff0,0x00000000e6a00000)
 Metaspace       used 73238K, capacity 78944K, committed 79320K, reserved 1118208K
  class space    used 9072K, capacity 10844K, committed 10968K, reserved 1048576K
}
Event: 129.717 GC heap before
{Heap before GC invocations=21 (full 5):
 PSYoungGen      total 102400K, used 2103K [0x00000000f5580000, 0x00000000fd280000, 0x0000000100000000)
  eden space 76800K, 0% used [0x00000000f5580000,0x00000000f5580000,0x00000000fa080000)
  from space 25600K, 8% used [0x00000000fb980000,0x00000000fbb8dd90,0x00000000fd280000)
  to   space 25600K, 0% used [0x00000000fa080000,0x00000000fa080000,0x00000000fb980000)
 ParOldGen       total 108544K, used 44455K [0x00000000e0000000, 0x00000000e6a00000, 0x00000000f5580000)
  object space 108544K, 40% used [0x00000000e0000000,0x00000000e2b69ff0,0x00000000e6a00000)
 Metaspace       used 73238K, capacity 78944K, committed 79320K, reserved 1118208K
  class space    used 9072K, capacity 10844K, committed 10968K, reserved 1048576K
Event: 129.963 GC heap after
Heap after GC invocations=21 (full 5):
 PSYoungGen      total 102400K, used 0K [0x00000000f5580000, 0x00000000fd280000, 0x0000000100000000)
  eden space 76800K, 0% used [0x00000000f5580000,0x00000000f5580000,0x00000000fa080000)
  from space 25600K, 0% used [0x00000000fb980000,0x00000000fb980000,0x00000000fd280000)
  to   space 25600K, 0% used [0x00000000fa080000,0x00000000fa080000,0x00000000fb980000)
 ParOldGen       total 108544K, used 44707K [0x00000000e0000000, 0x00000000e6a00000, 0x00000000f5580000)
  object space 108544K, 41% used [0x00000000e0000000,0x00000000e2ba8ec0,0x00000000e6a00000)
 Metaspace       used 73238K, capacity 78944K, committed 79320K, reserved 1118208K
  class space    used 9072K, capacity 10844K, committed 10968K, reserved 1048576K
}

