# JRE version: Java(TM) SE Runtime Environment (8.0_25-b18) (build 1.8.0_25-b18)
# Java VM: Java HotSpot(TM) 64-Bit Server VM (25.25-b02 mixed mode windows-amd64 compressed oops)
Heap:
 PSYoungGen      total 59392K, used 22734K [0x00000000f5580000, 0x00000000f9f00000, 0x0000000100000000)
  eden space 43520K, 52% used [0x00000000f5580000,0x00000000f6bb3bd0,0x00000000f8000000)
  from space 15872K, 0% used [0x00000000f8000000,0x00000000f8000000,0x00000000f8f80000)
  to   space 15872K, 0% used [0x00000000f8f80000,0x00000000f8f80000,0x00000000f9f00000)
 ParOldGen       total 107008K, used 33097K [0x00000000e0000000, 0x00000000e6880000, 0x00000000f5580000)
  object space 107008K, 30% used [0x00000000e0000000,0x00000000e2052630,0x00000000e6880000)
 Metaspace       used 61548K, capacity 66358K, committed 66600K, reserved 1105920K
  class space    used 7602K, capacity 9186K, committed 9256K, reserved 1048576K
GC Heap History (10 events):
Event: 40.041 GC heap before
{Heap before GC invocations=17 (full 3):
 PSYoungGen      total 50176K, used 35328K [0x00000000f5580000, 0x00000000f9c80000, 0x0000000100000000)
  eden space 35328K, 100% used [0x00000000f5580000,0x00000000f7800000,0x00000000f7800000)
  from space 14848K, 0% used [0x00000000f7800000,0x00000000f7800000,0x00000000f8680000)
  to   space 16384K, 0% used [0x00000000f8c80000,0x00000000f8c80000,0x00000000f9c80000)
 ParOldGen       total 107008K, used 30818K [0x00000000e0000000, 0x00000000e6880000, 0x00000000f5580000)
  object space 107008K, 28% used [0x00000000e0000000,0x00000000e1e18860,0x00000000e6880000)
 Metaspace       used 57113K, capacity 61942K, committed 62120K, reserved 1103872K
  class space    used 7095K, capacity 8594K, committed 8616K, reserved 1048576K
Event: 40.045 GC heap after
Heap after GC invocations=17 (full 3):
 PSYoungGen      total 56320K, used 3969K [0x00000000f5580000, 0x00000000f9d00000, 0x0000000100000000)
  eden space 39936K, 0% used [0x00000000f5580000,0x00000000f5580000,0x00000000f7c80000)
  from space 16384K, 24% used [0x00000000f8c80000,0x00000000f90605b0,0x00000000f9c80000)
  to   space 16384K, 0% used [0x00000000f7c80000,0x00000000f7c80000,0x00000000f8c80000)
 ParOldGen       total 107008K, used 30826K [0x00000000e0000000, 0x00000000e6880000, 0x00000000f5580000)
  object space 107008K, 28% used [0x00000000e0000000,0x00000000e1e1a860,0x00000000e6880000)
 Metaspace       used 57113K, capacity 61942K, committed 62120K, reserved 1103872K
  class space    used 7095K, capacity 8594K, committed 8616K, reserved 1048576K
}
Event: 59.898 GC heap before
{Heap before GC invocations=18 (full 3):
 PSYoungGen      total 56320K, used 43905K [0x00000000f5580000, 0x00000000f9d00000, 0x0000000100000000)
  eden space 39936K, 100% used [0x00000000f5580000,0x00000000f7c80000,0x00000000f7c80000)
  from space 16384K, 24% used [0x00000000f8c80000,0x00000000f90605b0,0x00000000f9c80000)
  to   space 16384K, 0% used [0x00000000f7c80000,0x00000000f7c80000,0x00000000f8c80000)
 ParOldGen       total 107008K, used 30826K [0x00000000e0000000, 0x00000000e6880000, 0x00000000f5580000)
  object space 107008K, 28% used [0x00000000e0000000,0x00000000e1e1a860,0x00000000e6880000)
 Metaspace       used 58626K, capacity 63352K, committed 63528K, reserved 1103872K
  class space    used 7247K, capacity 8724K, committed 8744K, reserved 1048576K
Event: 59.902 GC heap after
Heap after GC invocations=18 (full 3):
 PSYoungGen      total 56320K, used 6282K [0x00000000f5580000, 0x00000000fa000000, 0x0000000100000000)
  eden space 39936K, 0% used [0x00000000f5580000,0x00000000f5580000,0x00000000f7c80000)
  from space 16384K, 38% used [0x00000000f7c80000,0x00000000f82a2b48,0x00000000f8c80000)
  to   space 15872K, 0% used [0x00000000f9080000,0x00000000f9080000,0x00000000fa000000)
 ParOldGen       total 107008K, used 30834K [0x00000000e0000000, 0x00000000e6880000, 0x00000000f5580000)
  object space 107008K, 28% used [0x00000000e0000000,0x00000000e1e1c860,0x00000000e6880000)
 Metaspace       used 58626K, capacity 63352K, committed 63528K, reserved 1103872K
  class space    used 7247K, capacity 8724K, committed 8744K, reserved 1048576K
}
Event: 87.352 GC heap before
{Heap before GC invocations=19 (full 3):
 PSYoungGen      total 56320K, used 46218K [0x00000000f5580000, 0x00000000fa000000, 0x0000000100000000)
  eden space 39936K, 100% used [0x00000000f5580000,0x00000000f7c80000,0x00000000f7c80000)
  from space 16384K, 38% used [0x00000000f7c80000,0x00000000f82a2b48,0x00000000f8c80000)
  to   space 15872K, 0% used [0x00000000f9080000,0x00000000f9080000,0x00000000fa000000)
 ParOldGen       total 107008K, used 30834K [0x00000000e0000000, 0x00000000e6880000, 0x00000000f5580000)
  object space 107008K, 28% used [0x00000000e0000000,0x00000000e1e1c860,0x00000000e6880000)
 Metaspace       used 59774K, capacity 64558K, committed 64680K, reserved 1105920K
  class space    used 7444K, capacity 9018K, committed 9128K, reserved 1048576K
Event: 87.355 GC heap after
Heap after GC invocations=19 (full 3):
 PSYoungGen      total 58368K, used 3926K [0x00000000f5580000, 0x00000000f9f00000, 0x0000000100000000)
  eden space 43520K, 0% used [0x00000000f5580000,0x00000000f5580000,0x00000000f8000000)
  from space 14848K, 26% used [0x00000000f9080000,0x00000000f94558e8,0x00000000f9f00000)
  to   space 15872K, 0% used [0x00000000f8000000,0x00000000f8000000,0x00000000f8f80000)
 ParOldGen       total 107008K, used 30842K [0x00000000e0000000, 0x00000000e6880000, 0x00000000f5580000)
  object space 107008K, 28% used [0x00000000e0000000,0x00000000e1e1e860,0x00000000e6880000)
 Metaspace       used 59774K, capacity 64558K, committed 64680K, reserved 1105920K
  class space    used 7444K, capacity 9018K, committed 9128K, reserved 1048576K
}
Event: 111.298 GC heap before
{Heap before GC invocations=20 (full 3):
 PSYoungGen      total 58368K, used 40326K [0x00000000f5580000, 0x00000000f9f00000, 0x0000000100000000)
  eden space 43520K, 83% used [0x00000000f5580000,0x00000000f790c1c0,0x00000000f8000000)
  from space 14848K, 26% used [0x00000000f9080000,0x00000000f94558e8,0x00000000f9f00000)
  to   space 15872K, 0% used [0x00000000f8000000,0x00000000f8000000,0x00000000f8f80000)
 ParOldGen       total 107008K, used 30842K [0x00000000e0000000, 0x00000000e6880000, 0x00000000f5580000)
  object space 107008K, 28% used [0x00000000e0000000,0x00000000e1e1e860,0x00000000e6880000)
 Metaspace       used 60633K, capacity 65588K, committed 65704K, reserved 1105920K
  class space    used 7510K, capacity 9056K, committed 9128K, reserved 1048576K
Event: 111.303 GC heap after
Heap after GC invocations=20 (full 3):
 PSYoungGen      total 59392K, used 4480K [0x00000000f5580000, 0x00000000f9f00000, 0x0000000100000000)
  eden space 43520K, 0% used [0x00000000f5580000,0x00000000f5580000,0x00000000f8000000)
  from space 15872K, 28% used [0x00000000f8000000,0x00000000f8460010,0x00000000f8f80000)
  to   space 15872K, 0% used [0x00000000f8f80000,0x00000000f8f80000,0x00000000f9f00000)
 ParOldGen       total 107008K, used 30850K [0x00000000e0000000, 0x00000000e6880000, 0x00000000f5580000)
  object space 107008K, 28% used [0x00000000e0000000,0x00000000e1e20860,0x00000000e6880000)
 Metaspace       used 60633K, capacity 65588K, committed 65704K, reserved 1105920K
  class space    used 7510K, capacity 9056K, committed 9128K, reserved 1048576K
}
Event: 111.303 GC heap before
{Heap before GC invocations=21 (full 4):
 PSYoungGen      total 59392K, used 4480K [0x00000000f5580000, 0x00000000f9f00000, 0x0000000100000000)
  eden space 43520K, 0% used [0x00000000f5580000,0x00000000f5580000,0x00000000f8000000)
  from space 15872K, 28% used [0x00000000f8000000,0x00000000f8460010,0x00000000f8f80000)
  to   space 15872K, 0% used [0x00000000f8f80000,0x00000000f8f80000,0x00000000f9f00000)
 ParOldGen       total 107008K, used 30850K [0x00000000e0000000, 0x00000000e6880000, 0x00000000f5580000)
  object space 107008K, 28% used [0x00000000e0000000,0x00000000e1e20860,0x00000000e6880000)
 Metaspace       used 60633K, capacity 65588K, committed 65704K, reserved 1105920K
  class space    used 7510K, capacity 9056K, committed 9128K, reserved 1048576K
Event: 111.521 GC heap after
Heap after GC invocations=21 (full 4):
 PSYoungGen      total 59392K, used 0K [0x00000000f5580000, 0x00000000f9f00000, 0x0000000100000000)
  eden space 43520K, 0% used [0x00000000f5580000,0x00000000f5580000,0x00000000f8000000)
  from space 15872K, 0% used [0x00000000f8000000,0x00000000f8000000,0x00000000f8f80000)
  to   space 15872K, 0% used [0x00000000f8f80000,0x00000000f8f80000,0x00000000f9f00000)
 ParOldGen       total 107008K, used 33097K [0x00000000e0000000, 0x00000000e6880000, 0x00000000f5580000)
  object space 107008K, 30% used [0x00000000e0000000,0x00000000e2052630,0x00000000e6880000)
 Metaspace       used 60633K, capacity 65588K, committed 65704K, reserved 1105920K
  class space    used 7510K, capacity 9056K, committed 9128K, reserved 1048576K
}

