# JRE version: Java(TM) SE Runtime Environment (8.0_25-b18) (build 1.8.0_25-b18)
# Java VM: Java HotSpot(TM) 64-Bit Server VM (25.25-b02 mixed mode windows-amd64 compressed oops)
Heap:
 PSYoungGen      total 151040K, used 66452K [0x00000000f5580000, 0x00000000ffa80000, 0x0000000100000000)
  eden space 134144K, 49% used [0x00000000f5580000,0x00000000f9665020,0x00000000fd880000)
  from space 16896K, 0% used [0x00000000fea00000,0x00000000fea00000,0x00000000ffa80000)
  to   space 17408K, 0% used [0x00000000fd880000,0x00000000fd880000,0x00000000fe980000)
 ParOldGen       total 349696K, used 255068K [0x00000000e0000000, 0x00000000f5580000, 0x00000000f5580000)
  object space 349696K, 72% used [0x00000000e0000000,0x00000000ef917088,0x00000000f5580000)
 Metaspace       used 74144K, capacity 79482K, committed 79704K, reserved 1118208K
  class space    used 9038K, capacity 10752K, committed 10840K, reserved 1048576K
GC Heap History (10 events):
Event: 842.244 GC heap before
{Heap before GC invocations=69 (full 27):
 PSYoungGen      total 121344K, used 3744K [0x00000000f5580000, 0x00000000ff080000, 0x0000000100000000)
  eden space 120832K, 3% used [0x00000000f5580000,0x00000000f5928290,0x00000000fcb80000)
  from space 512K, 0% used [0x00000000fcb80000,0x00000000fcb80000,0x00000000fcc00000)
  to   space 18944K, 0% used [0x00000000fde00000,0x00000000fde00000,0x00000000ff080000)
 ParOldGen       total 349696K, used 251754K [0x00000000e0000000, 0x00000000f5580000, 0x00000000f5580000)
  object space 349696K, 71% used [0x00000000e0000000,0x00000000ef5da920,0x00000000f5580000)
 Metaspace       used 68752K, capacity 74202K, committed 74456K, reserved 1114112K
  class space    used 8550K, capacity 10326K, committed 10456K, reserved 1048576K
Event: 842.246 GC heap after
Heap after GC invocations=69 (full 27):
 PSYoungGen      total 137728K, used 128K [0x00000000f5580000, 0x00000000fee80000, 0x0000000100000000)
  eden space 120832K, 0% used [0x00000000f5580000,0x00000000f5580000,0x00000000fcb80000)
  from space 16896K, 0% used [0x00000000fde00000,0x00000000fde20000,0x00000000fee80000)
  to   space 17920K, 0% used [0x00000000fcb80000,0x00000000fcb80000,0x00000000fdd00000)
 ParOldGen       total 349696K, used 251754K [0x00000000e0000000, 0x00000000f5580000, 0x00000000f5580000)
  object space 349696K, 71% used [0x00000000e0000000,0x00000000ef5da920,0x00000000f5580000)
 Metaspace       used 68752K, capacity 74202K, committed 74456K, reserved 1114112K
  class space    used 8550K, capacity 10326K, committed 10456K, reserved 1048576K
}
Event: 842.246 GC heap before
{Heap before GC invocations=70 (full 28):
 PSYoungGen      total 137728K, used 128K [0x00000000f5580000, 0x00000000fee80000, 0x0000000100000000)
  eden space 120832K, 0% used [0x00000000f5580000,0x00000000f5580000,0x00000000fcb80000)
  from space 16896K, 0% used [0x00000000fde00000,0x00000000fde20000,0x00000000fee80000)
  to   space 17920K, 0% used [0x00000000fcb80000,0x00000000fcb80000,0x00000000fdd00000)
 ParOldGen       total 349696K, used 251754K [0x00000000e0000000, 0x00000000f5580000, 0x00000000f5580000)
  object space 349696K, 71% used [0x00000000e0000000,0x00000000ef5da920,0x00000000f5580000)
 Metaspace       used 68752K, capacity 74202K, committed 74456K, reserved 1114112K
  class space    used 8550K, capacity 10326K, committed 10456K, reserved 1048576K
Event: 842.325 GC heap after
Heap after GC invocations=70 (full 28):
 PSYoungGen      total 137728K, used 0K [0x00000000f5580000, 0x00000000fee80000, 0x0000000100000000)
  eden space 120832K, 0% used [0x00000000f5580000,0x00000000f5580000,0x00000000fcb80000)
  from space 16896K, 0% used [0x00000000fde00000,0x00000000fde00000,0x00000000fee80000)
  to   space 17920K, 0% used [0x00000000fcb80000,0x00000000fcb80000,0x00000000fdd00000)
 ParOldGen       total 349696K, used 251749K [0x00000000e0000000, 0x00000000f5580000, 0x00000000f5580000)
  object space 349696K, 71% used [0x00000000e0000000,0x00000000ef5d94c8,0x00000000f5580000)
 Metaspace       used 68752K, capacity 74202K, committed 74456K, reserved 1114112K
  class space    used 8550K, capacity 10326K, committed 10456K, reserved 1048576K
}
Event: 901.859 GC heap before
{Heap before GC invocations=71 (full 28):
 PSYoungGen      total 137728K, used 120832K [0x00000000f5580000, 0x00000000fee80000, 0x0000000100000000)
  eden space 120832K, 100% used [0x00000000f5580000,0x00000000fcb80000,0x00000000fcb80000)
  from space 16896K, 0% used [0x00000000fde00000,0x00000000fde00000,0x00000000fee80000)
  to   space 17920K, 0% used [0x00000000fcb80000,0x00000000fcb80000,0x00000000fdd00000)
 ParOldGen       total 349696K, used 251749K [0x00000000e0000000, 0x00000000f5580000, 0x00000000f5580000)
  object space 349696K, 71% used [0x00000000e0000000,0x00000000ef5d94c8,0x00000000f5580000)
 Metaspace       used 72251K, capacity 77856K, committed 77912K, reserved 1116160K
  class space    used 8904K, capacity 10557K, committed 10584K, reserved 1048576K
Event: 901.865 GC heap after
Heap after GC invocations=71 (full 28):
 PSYoungGen      total 138752K, used 7435K [0x00000000f5580000, 0x00000000ffb80000, 0x0000000100000000)
  eden space 120832K, 0% used [0x00000000f5580000,0x00000000f5580000,0x00000000fcb80000)
  from space 17920K, 41% used [0x00000000fcb80000,0x00000000fd2c2c38,0x00000000fdd00000)
  to   space 17920K, 0% used [0x00000000fea00000,0x00000000fea00000,0x00000000ffb80000)
 ParOldGen       total 349696K, used 251757K [0x00000000e0000000, 0x00000000f5580000, 0x00000000f5580000)
  object space 349696K, 71% used [0x00000000e0000000,0x00000000ef5db4c8,0x00000000f5580000)
 Metaspace       used 72251K, capacity 77856K, committed 77912K, reserved 1116160K
  class space    used 8904K, capacity 10557K, committed 10584K, reserved 1048576K
}
Event: 920.087 GC heap before
{Heap before GC invocations=72 (full 28):
 PSYoungGen      total 138752K, used 98371K [0x00000000f5580000, 0x00000000ffb80000, 0x0000000100000000)
  eden space 120832K, 75% used [0x00000000f5580000,0x00000000fae4e0c0,0x00000000fcb80000)
  from space 17920K, 41% used [0x00000000fcb80000,0x00000000fd2c2c38,0x00000000fdd00000)
  to   space 17920K, 0% used [0x00000000fea00000,0x00000000fea00000,0x00000000ffb80000)
 ParOldGen       total 349696K, used 251757K [0x00000000e0000000, 0x00000000f5580000, 0x00000000f5580000)
  object space 349696K, 71% used [0x00000000e0000000,0x00000000ef5db4c8,0x00000000f5580000)
 Metaspace       used 72931K, capacity 78314K, committed 78424K, reserved 1118208K
  class space    used 8921K, capacity 10558K, committed 10584K, reserved 1048576K
Event: 920.091 GC heap after
Heap after GC invocations=72 (full 28):
 PSYoungGen      total 151040K, used 4868K [0x00000000f5580000, 0x00000000ffa80000, 0x0000000100000000)
  eden space 134144K, 0% used [0x00000000f5580000,0x00000000f5580000,0x00000000fd880000)
  from space 16896K, 28% used [0x00000000fea00000,0x00000000feec13c8,0x00000000ffa80000)
  to   space 17408K, 0% used [0x00000000fd880000,0x00000000fd880000,0x00000000fe980000)
 ParOldGen       total 349696K, used 251765K [0x00000000e0000000, 0x00000000f5580000, 0x00000000f5580000)
  object space 349696K, 71% used [0x00000000e0000000,0x00000000ef5dd4c8,0x00000000f5580000)
 Metaspace       used 72931K, capacity 78314K, committed 78424K, reserved 1118208K
  class space    used 8921K, capacity 10558K, committed 10584K, reserved 1048576K
}
Event: 920.091 GC heap before
{Heap before GC invocations=73 (full 29):
 PSYoungGen      total 151040K, used 4868K [0x00000000f5580000, 0x00000000ffa80000, 0x0000000100000000)
  eden space 134144K, 0% used [0x00000000f5580000,0x00000000f5580000,0x00000000fd880000)
  from space 16896K, 28% used [0x00000000fea00000,0x00000000feec13c8,0x00000000ffa80000)
  to   space 17408K, 0% used [0x00000000fd880000,0x00000000fd880000,0x00000000fe980000)
 ParOldGen       total 349696K, used 251765K [0x00000000e0000000, 0x00000000f5580000, 0x00000000f5580000)
  object space 349696K, 71% used [0x00000000e0000000,0x00000000ef5dd4c8,0x00000000f5580000)
 Metaspace       used 72931K, capacity 78314K, committed 78424K, reserved 1118208K
  class space    used 8921K, capacity 10558K, committed 10584K, reserved 1048576K
Event: 920.325 GC heap after
Heap after GC invocations=73 (full 29):
 PSYoungGen      total 151040K, used 0K [0x00000000f5580000, 0x00000000ffa80000, 0x0000000100000000)
  eden space 134144K, 0% used [0x00000000f5580000,0x00000000f5580000,0x00000000fd880000)
  from space 16896K, 0% used [0x00000000fea00000,0x00000000fea00000,0x00000000ffa80000)
  to   space 17408K, 0% used [0x00000000fd880000,0x00000000fd880000,0x00000000fe980000)
 ParOldGen       total 349696K, used 255068K [0x00000000e0000000, 0x00000000f5580000, 0x00000000f5580000)
  object space 349696K, 72% used [0x00000000e0000000,0x00000000ef917088,0x00000000f5580000)
 Metaspace       used 72931K, capacity 78314K, committed 78424K, reserved 1118208K
  class space    used 8921K, capacity 10558K, committed 10584K, reserved 1048576K
}

