# JRE version: Java(TM) SE Runtime Environment (8.0_25-b18) (build 1.8.0_25-b18)
# Java VM: Java HotSpot(TM) 64-Bit Server VM (25.25-b02 mixed mode windows-amd64 compressed oops)
Heap:
 PSYoungGen      total 137216K, used 51163K [0x00000000f5580000, 0x00000000ff180000, 0x0000000100000000)
  eden space 116736K, 43% used [0x00000000f5580000,0x00000000f8776c18,0x00000000fc780000)
  from space 20480K, 0% used [0x00000000fdd80000,0x00000000fdd80000,0x00000000ff180000)
  to   space 21504K, 0% used [0x00000000fc780000,0x00000000fc780000,0x00000000fdc80000)
 ParOldGen       total 349696K, used 332718K [0x00000000e0000000, 0x00000000f5580000, 0x00000000f5580000)
  object space 349696K, 95% used [0x00000000e0000000,0x00000000f44eb810,0x00000000f5580000)
 Metaspace       used 84951K, capacity 90526K, committed 90752K, reserved 1128448K
  class space    used 10113K, capacity 11876K, committed 11904K, reserved 1048576K
GC Heap History (10 events):
Event: 789.074 GC heap before
{Heap before GC invocations=127 (full 54):
 PSYoungGen      total 116736K, used 65648K [0x00000000f5580000, 0x00000000ff380000, 0x0000000100000000)
  eden space 116224K, 56% used [0x00000000f5580000,0x00000000f959c250,0x00000000fc700000)
  from space 512K, 0% used [0x00000000fc700000,0x00000000fc700000,0x00000000fc780000)
  to   space 22528K, 0% used [0x00000000fdd80000,0x00000000fdd80000,0x00000000ff380000)
 ParOldGen       total 349696K, used 332718K [0x00000000e0000000, 0x00000000f5580000, 0x00000000f5580000)
  object space 349696K, 95% used [0x00000000e0000000,0x00000000f44eb810,0x00000000f5580000)
 Metaspace       used 84225K, capacity 89902K, committed 90240K, reserved 1128448K
  class space    used 10039K, capacity 11778K, committed 11904K, reserved 1048576K
Event: 789.186 GC heap after
Heap after GC invocations=127 (full 54):
 PSYoungGen      total 116736K, used 0K [0x00000000f5580000, 0x00000000ff380000, 0x0000000100000000)
  eden space 116224K, 0% used [0x00000000f5580000,0x00000000f5580000,0x00000000fc700000)
  from space 512K, 0% used [0x00000000fc700000,0x00000000fc700000,0x00000000fc780000)
  to   space 22528K, 0% used [0x00000000fdd80000,0x00000000fdd80000,0x00000000ff380000)
 ParOldGen       total 349696K, used 299950K [0x00000000e0000000, 0x00000000f5580000, 0x00000000f5580000)
  object space 349696K, 85% used [0x00000000e0000000,0x00000000f24ebb40,0x00000000f5580000)
 Metaspace       used 84225K, capacity 89902K, committed 90240K, reserved 1128448K
  class space    used 10039K, capacity 11778K, committed 11904K, reserved 1048576K
}
Event: 789.209 GC heap before
{Heap before GC invocations=128 (full 54):
 PSYoungGen      total 116736K, used 65536K [0x00000000f5580000, 0x00000000ff380000, 0x0000000100000000)
  eden space 116224K, 56% used [0x00000000f5580000,0x00000000f9580010,0x00000000fc700000)
  from space 512K, 0% used [0x00000000fc700000,0x00000000fc700000,0x00000000fc780000)
  to   space 22528K, 0% used [0x00000000fdd80000,0x00000000fdd80000,0x00000000ff380000)
 ParOldGen       total 349696K, used 299950K [0x00000000e0000000, 0x00000000f5580000, 0x00000000f5580000)
  object space 349696K, 85% used [0x00000000e0000000,0x00000000f24ebb40,0x00000000f5580000)
 Metaspace       used 84225K, capacity 89902K, committed 90240K, reserved 1128448K
  class space    used 10039K, capacity 11778K, committed 11904K, reserved 1048576K
Event: 789.211 GC heap after
Heap after GC invocations=128 (full 54):
 PSYoungGen      total 116736K, used 65536K [0x00000000f5580000, 0x00000000ff380000, 0x0000000100000000)
  eden space 116224K, 56% used [0x00000000f5580000,0x00000000f9580010,0x00000000fc700000)
  from space 512K, 0% used [0x00000000fc700000,0x00000000fc700000,0x00000000fc780000)
  to   space 22528K, 0% used [0x00000000fdd80000,0x00000000fdd80000,0x00000000ff380000)
 ParOldGen       total 349696K, used 299950K [0x00000000e0000000, 0x00000000f5580000, 0x00000000f5580000)
  object space 349696K, 85% used [0x00000000e0000000,0x00000000f24ebb40,0x00000000f5580000)
 Metaspace       used 84225K, capacity 89902K, committed 90240K, reserved 1128448K
  class space    used 10039K, capacity 11778K, committed 11904K, reserved 1048576K
}
Event: 789.211 GC heap before
{Heap before GC invocations=129 (full 55):
 PSYoungGen      total 116736K, used 65536K [0x00000000f5580000, 0x00000000ff380000, 0x0000000100000000)
  eden space 116224K, 56% used [0x00000000f5580000,0x00000000f9580010,0x00000000fc700000)
  from space 512K, 0% used [0x00000000fc700000,0x00000000fc700000,0x00000000fc780000)
  to   space 22528K, 0% used [0x00000000fdd80000,0x00000000fdd80000,0x00000000ff380000)
 ParOldGen       total 349696K, used 299950K [0x00000000e0000000, 0x00000000f5580000, 0x00000000f5580000)
  object space 349696K, 85% used [0x00000000e0000000,0x00000000f24ebb40,0x00000000f5580000)
 Metaspace       used 84225K, capacity 89902K, committed 90240K, reserved 1128448K
  class space    used 10039K, capacity 11778K, committed 11904K, reserved 1048576K
Event: 789.327 GC heap after
Heap after GC invocations=129 (full 55):
 PSYoungGen      total 116736K, used 0K [0x00000000f5580000, 0x00000000ff380000, 0x0000000100000000)
  eden space 116224K, 0% used [0x00000000f5580000,0x00000000f5580000,0x00000000fc700000)
  from space 512K, 0% used [0x00000000fc700000,0x00000000fc700000,0x00000000fc780000)
  to   space 22528K, 0% used [0x00000000fdd80000,0x00000000fdd80000,0x00000000ff380000)
 ParOldGen       total 349696K, used 332718K [0x00000000e0000000, 0x00000000f5580000, 0x00000000f5580000)
  object space 349696K, 95% used [0x00000000e0000000,0x00000000f44eba68,0x00000000f5580000)
 Metaspace       used 84225K, capacity 89902K, committed 90240K, reserved 1128448K
  class space    used 10039K, capacity 11778K, committed 11904K, reserved 1048576K
}
Event: 789.327 GC heap before
{Heap before GC invocations=130 (full 55):
 PSYoungGen      total 116736K, used 0K [0x00000000f5580000, 0x00000000ff380000, 0x0000000100000000)
  eden space 116224K, 0% used [0x00000000f5580000,0x00000000f5580000,0x00000000fc700000)
  from space 512K, 0% used [0x00000000fc700000,0x00000000fc700000,0x00000000fc780000)
  to   space 22528K, 0% used [0x00000000fdd80000,0x00000000fdd80000,0x00000000ff380000)
 ParOldGen       total 349696K, used 332718K [0x00000000e0000000, 0x00000000f5580000, 0x00000000f5580000)
  object space 349696K, 95% used [0x00000000e0000000,0x00000000f44eba68,0x00000000f5580000)
 Metaspace       used 84225K, capacity 89902K, committed 90240K, reserved 1128448K
  class space    used 10039K, capacity 11778K, committed 11904K, reserved 1048576K
Event: 789.329 GC heap after
Heap after GC invocations=130 (full 55):
 PSYoungGen      total 137216K, used 0K [0x00000000f5580000, 0x00000000ff180000, 0x0000000100000000)
  eden space 116736K, 0% used [0x00000000f5580000,0x00000000f5580000,0x00000000fc780000)
  from space 20480K, 0% used [0x00000000fdd80000,0x00000000fdd80000,0x00000000ff180000)
  to   space 21504K, 0% used [0x00000000fc780000,0x00000000fc780000,0x00000000fdc80000)
 ParOldGen       total 349696K, used 332718K [0x00000000e0000000, 0x00000000f5580000, 0x00000000f5580000)
  object space 349696K, 95% used [0x00000000e0000000,0x00000000f44eba68,0x00000000f5580000)
 Metaspace       used 84225K, capacity 89902K, committed 90240K, reserved 1128448K
  class space    used 10039K, capacity 11778K, committed 11904K, reserved 1048576K
}
Event: 789.329 GC heap before
{Heap before GC invocations=131 (full 56):
 PSYoungGen      total 137216K, used 0K [0x00000000f5580000, 0x00000000ff180000, 0x0000000100000000)
  eden space 116736K, 0% used [0x00000000f5580000,0x00000000f5580000,0x00000000fc780000)
  from space 20480K, 0% used [0x00000000fdd80000,0x00000000fdd80000,0x00000000ff180000)
  to   space 21504K, 0% used [0x00000000fc780000,0x00000000fc780000,0x00000000fdc80000)
 ParOldGen       total 349696K, used 332718K [0x00000000e0000000, 0x00000000f5580000, 0x00000000f5580000)
  object space 349696K, 95% used [0x00000000e0000000,0x00000000f44eba68,0x00000000f5580000)
 Metaspace       used 84225K, capacity 89902K, committed 90240K, reserved 1128448K
  class space    used 10039K, capacity 11778K, committed 11904K, reserved 1048576K
Event: 789.443 GC heap after
Heap after GC invocations=131 (full 56):
 PSYoungGen      total 137216K, used 0K [0x00000000f5580000, 0x00000000ff180000, 0x0000000100000000)
  eden space 116736K, 0% used [0x00000000f5580000,0x00000000f5580000,0x00000000fc780000)
  from space 20480K, 0% used [0x00000000fdd80000,0x00000000fdd80000,0x00000000ff180000)
  to   space 21504K, 0% used [0x00000000fc780000,0x00000000fc780000,0x00000000fdc80000)
 ParOldGen       total 349696K, used 332718K [0x00000000e0000000, 0x00000000f5580000, 0x00000000f5580000)
  object space 349696K, 95% used [0x00000000e0000000,0x00000000f44eb810,0x00000000f5580000)
 Metaspace       used 84225K, capacity 89902K, committed 90240K, reserved 1128448K
  class space    used 10039K, capacity 11778K, committed 11904K, reserved 1048576K
}

