# JRE version: Java(TM) SE Runtime Environment (8.0_25-b18) (build 1.8.0_25-b18)
# Java VM: Java HotSpot(TM) 64-Bit Server VM (25.25-b02 mixed mode windows-amd64 compressed oops)
Heap:
 PSYoungGen      total 120320K, used 89311K [0x00000000f5580000, 0x00000000fe380000, 0x0000000100000000)
  eden space 96256K, 92% used [0x00000000f5580000,0x00000000facb7c68,0x00000000fb380000)
  from space 24064K, 0% used [0x00000000fcc00000,0x00000000fcc00000,0x00000000fe380000)
  to   space 24576K, 0% used [0x00000000fb380000,0x00000000fb380000,0x00000000fcb80000)
 ParOldGen       total 349696K, used 256016K [0x00000000e0000000, 0x00000000f5580000, 0x00000000f5580000)
  object space 349696K, 73% used [0x00000000e0000000,0x00000000efa04018,0x00000000f5580000)
 Metaspace       used 73639K, capacity 78758K, committed 78936K, reserved 1118208K
  class space    used 9009K, capacity 10722K, committed 10840K, reserved 1048576K
GC Heap History (10 events):
Event: 263.331 GC heap before
{Heap before GC invocations=60 (full 31):
 PSYoungGen      total 115712K, used 5440K [0x00000000f5580000, 0x00000000fe380000, 0x0000000100000000)
  eden space 91136K, 5% used [0x00000000f5580000,0x00000000f5ad0338,0x00000000fae80000)
  from space 24576K, 0% used [0x00000000fae80000,0x00000000fae80000,0x00000000fc680000)
  to   space 25600K, 0% used [0x00000000fca80000,0x00000000fca80000,0x00000000fe380000)
 ParOldGen       total 349696K, used 342495K [0x00000000e0000000, 0x00000000f5580000, 0x00000000f5580000)
  object space 349696K, 97% used [0x00000000e0000000,0x00000000f4e77d38,0x00000000f5580000)
 Metaspace       used 68278K, capacity 73664K, committed 73816K, reserved 1112064K
  class space    used 8511K, capacity 10295K, committed 10328K, reserved 1048576K
Event: 263.334 GC heap after
Heap after GC invocations=60 (full 31):
 PSYoungGen      total 119296K, used 224K [0x00000000f5580000, 0x00000000fe480000, 0x0000000100000000)
  eden space 93696K, 0% used [0x00000000f5580000,0x00000000f5580000,0x00000000fb100000)
  from space 25600K, 0% used [0x00000000fca80000,0x00000000fcab8000,0x00000000fe380000)
  to   space 26112K, 0% used [0x00000000fb100000,0x00000000fb100000,0x00000000fca80000)
 ParOldGen       total 349696K, used 342503K [0x00000000e0000000, 0x00000000f5580000, 0x00000000f5580000)
  object space 349696K, 97% used [0x00000000e0000000,0x00000000f4e79d38,0x00000000f5580000)
 Metaspace       used 68278K, capacity 73664K, committed 73816K, reserved 1112064K
  class space    used 8511K, capacity 10295K, committed 10328K, reserved 1048576K
}
Event: 263.334 GC heap before
{Heap before GC invocations=61 (full 32):
 PSYoungGen      total 119296K, used 224K [0x00000000f5580000, 0x00000000fe480000, 0x0000000100000000)
  eden space 93696K, 0% used [0x00000000f5580000,0x00000000f5580000,0x00000000fb100000)
  from space 25600K, 0% used [0x00000000fca80000,0x00000000fcab8000,0x00000000fe380000)
  to   space 26112K, 0% used [0x00000000fb100000,0x00000000fb100000,0x00000000fca80000)
 ParOldGen       total 349696K, used 342503K [0x00000000e0000000, 0x00000000f5580000, 0x00000000f5580000)
  object space 349696K, 97% used [0x00000000e0000000,0x00000000f4e79d38,0x00000000f5580000)
 Metaspace       used 68278K, capacity 73664K, committed 73816K, reserved 1112064K
  class space    used 8511K, capacity 10295K, committed 10328K, reserved 1048576K
Event: 263.491 GC heap after
Heap after GC invocations=61 (full 32):
 PSYoungGen      total 119296K, used 0K [0x00000000f5580000, 0x00000000fe480000, 0x0000000100000000)
  eden space 93696K, 0% used [0x00000000f5580000,0x00000000f5580000,0x00000000fb100000)
  from space 25600K, 0% used [0x00000000fca80000,0x00000000fca80000,0x00000000fe380000)
  to   space 26112K, 0% used [0x00000000fb100000,0x00000000fb100000,0x00000000fca80000)
 ParOldGen       total 349696K, used 252513K [0x00000000e0000000, 0x00000000f5580000, 0x00000000f5580000)
  object space 349696K, 72% used [0x00000000e0000000,0x00000000ef698618,0x00000000f5580000)
 Metaspace       used 68278K, capacity 73664K, committed 73816K, reserved 1112064K
  class space    used 8511K, capacity 10295K, committed 10328K, reserved 1048576K
}
Event: 287.845 GC heap before
{Heap before GC invocations=62 (full 32):
 PSYoungGen      total 119296K, used 93696K [0x00000000f5580000, 0x00000000fe480000, 0x0000000100000000)
  eden space 93696K, 100% used [0x00000000f5580000,0x00000000fb100000,0x00000000fb100000)
  from space 25600K, 0% used [0x00000000fca80000,0x00000000fca80000,0x00000000fe380000)
  to   space 26112K, 0% used [0x00000000fb100000,0x00000000fb100000,0x00000000fca80000)
 ParOldGen       total 349696K, used 252513K [0x00000000e0000000, 0x00000000f5580000, 0x00000000f5580000)
  object space 349696K, 72% used [0x00000000e0000000,0x00000000ef698618,0x00000000f5580000)
 Metaspace       used 71539K, capacity 77056K, committed 77144K, reserved 1116160K
  class space    used 8850K, capacity 10525K, committed 10584K, reserved 1048576K
Event: 287.851 GC heap after
Heap after GC invocations=62 (full 32):
 PSYoungGen      total 119808K, used 7484K [0x00000000f5580000, 0x00000000fe480000, 0x0000000100000000)
  eden space 93696K, 0% used [0x00000000f5580000,0x00000000f5580000,0x00000000fb100000)
  from space 26112K, 28% used [0x00000000fb100000,0x00000000fb84f2b8,0x00000000fca80000)
  to   space 25088K, 0% used [0x00000000fcc00000,0x00000000fcc00000,0x00000000fe480000)
 ParOldGen       total 349696K, used 252521K [0x00000000e0000000, 0x00000000f5580000, 0x00000000f5580000)
  object space 349696K, 72% used [0x00000000e0000000,0x00000000ef69a618,0x00000000f5580000)
 Metaspace       used 71539K, capacity 77056K, committed 77144K, reserved 1116160K
  class space    used 8850K, capacity 10525K, committed 10584K, reserved 1048576K
}
Event: 323.334 GC heap before
{Heap before GC invocations=63 (full 32):
 PSYoungGen      total 119808K, used 36917K [0x00000000f5580000, 0x00000000fe480000, 0x0000000100000000)
  eden space 93696K, 31% used [0x00000000f5580000,0x00000000f723e4b0,0x00000000fb100000)
  from space 26112K, 28% used [0x00000000fb100000,0x00000000fb84f2b8,0x00000000fca80000)
  to   space 25088K, 0% used [0x00000000fcc00000,0x00000000fcc00000,0x00000000fe480000)
 ParOldGen       total 349696K, used 252521K [0x00000000e0000000, 0x00000000f5580000, 0x00000000f5580000)
  object space 349696K, 72% used [0x00000000e0000000,0x00000000ef69a618,0x00000000f5580000)
 Metaspace       used 72087K, capacity 77472K, committed 77656K, reserved 1116160K
  class space    used 8885K, capacity 10557K, committed 10584K, reserved 1048576K
Event: 323.338 GC heap after
Heap after GC invocations=63 (full 32):
 PSYoungGen      total 120320K, used 4890K [0x00000000f5580000, 0x00000000fe380000, 0x0000000100000000)
  eden space 96256K, 0% used [0x00000000f5580000,0x00000000f5580000,0x00000000fb380000)
  from space 24064K, 20% used [0x00000000fcc00000,0x00000000fd0c6a60,0x00000000fe380000)
  to   space 24576K, 0% used [0x00000000fb380000,0x00000000fb380000,0x00000000fcb80000)
 ParOldGen       total 349696K, used 252529K [0x00000000e0000000, 0x00000000f5580000, 0x00000000f5580000)
  object space 349696K, 72% used [0x00000000e0000000,0x00000000ef69c618,0x00000000f5580000)
 Metaspace       used 72087K, capacity 77472K, committed 77656K, reserved 1116160K
  class space    used 8885K, capacity 10557K, committed 10584K, reserved 1048576K
}
Event: 323.338 GC heap before
{Heap before GC invocations=64 (full 33):
 PSYoungGen      total 120320K, used 4890K [0x00000000f5580000, 0x00000000fe380000, 0x0000000100000000)
  eden space 96256K, 0% used [0x00000000f5580000,0x00000000f5580000,0x00000000fb380000)
  from space 24064K, 20% used [0x00000000fcc00000,0x00000000fd0c6a60,0x00000000fe380000)
  to   space 24576K, 0% used [0x00000000fb380000,0x00000000fb380000,0x00000000fcb80000)
 ParOldGen       total 349696K, used 252529K [0x00000000e0000000, 0x00000000f5580000, 0x00000000f5580000)
  object space 349696K, 72% used [0x00000000e0000000,0x00000000ef69c618,0x00000000f5580000)
 Metaspace       used 72087K, capacity 77472K, committed 77656K, reserved 1116160K
  class space    used 8885K, capacity 10557K, committed 10584K, reserved 1048576K
Event: 323.583 GC heap after
Heap after GC invocations=64 (full 33):
 PSYoungGen      total 120320K, used 0K [0x00000000f5580000, 0x00000000fe380000, 0x0000000100000000)
  eden space 96256K, 0% used [0x00000000f5580000,0x00000000f5580000,0x00000000fb380000)
  from space 24064K, 0% used [0x00000000fcc00000,0x00000000fcc00000,0x00000000fe380000)
  to   space 24576K, 0% used [0x00000000fb380000,0x00000000fb380000,0x00000000fcb80000)
 ParOldGen       total 349696K, used 256016K [0x00000000e0000000, 0x00000000f5580000, 0x00000000f5580000)
  object space 349696K, 73% used [0x00000000e0000000,0x00000000efa04018,0x00000000f5580000)
 Metaspace       used 72087K, capacity 77472K, committed 77656K, reserved 1116160K
  class space    used 8885K, capacity 10557K, committed 10584K, reserved 1048576K
}

