# JRE version: Java(TM) SE Runtime Environment (8.0_25-b18) (build 1.8.0_25-b18)
# Java VM: Java HotSpot(TM) 64-Bit Server VM (25.25-b02 mixed mode windows-amd64 compressed oops)
Heap:
 PSYoungGen      total 86016K, used 26788K [0x00000000f5580000, 0x00000000fd800000, 0x0000000100000000)
  eden space 83456K, 32% used [0x00000000f5580000,0x00000000f6fa92f8,0x00000000fa700000)
  from space 2560K, 0% used [0x00000000fa700000,0x00000000fa700000,0x00000000fa980000)
  to   space 25088K, 0% used [0x00000000fbf80000,0x00000000fbf80000,0x00000000fd800000)
 ParOldGen       total 94720K, used 38946K [0x00000000e0000000, 0x00000000e5c80000, 0x00000000f5580000)
  object space 94720K, 41% used [0x00000000e0000000,0x00000000e2608920,0x00000000e5c80000)
 Metaspace       used 74090K, capacity 79712K, committed 80088K, reserved 1118208K
  class space    used 9113K, capacity 10847K, committed 10968K, reserved 1048576K
GC Heap History (10 events):
Event: 363.456 GC heap before
{Heap before GC invocations=25 (full 8):
 PSYoungGen      total 110080K, used 224K [0x00000000f5580000, 0x00000000fdb00000, 0x0000000100000000)
  eden space 83456K, 0% used [0x00000000f5580000,0x00000000f5580000,0x00000000fa700000)
  from space 26624K, 0% used [0x00000000fa700000,0x00000000fa738000,0x00000000fc100000)
  to   space 26624K, 0% used [0x00000000fc100000,0x00000000fc100000,0x00000000fdb00000)
 ParOldGen       total 94720K, used 45917K [0x00000000e0000000, 0x00000000e5c80000, 0x00000000f5580000)
  object space 94720K, 48% used [0x00000000e0000000,0x00000000e2cd7508,0x00000000e5c80000)
 Metaspace       used 73030K, capacity 78860K, committed 79192K, reserved 1118208K
  class space    used 9006K, capacity 10753K, committed 10840K, reserved 1048576K
Event: 363.644 GC heap after
Heap after GC invocations=25 (full 8):
 PSYoungGen      total 110080K, used 0K [0x00000000f5580000, 0x00000000fdb00000, 0x0000000100000000)
  eden space 83456K, 0% used [0x00000000f5580000,0x00000000f5580000,0x00000000fa700000)
  from space 26624K, 0% used [0x00000000fa700000,0x00000000fa700000,0x00000000fc100000)
  to   space 26624K, 0% used [0x00000000fc100000,0x00000000fc100000,0x00000000fdb00000)
 ParOldGen       total 94720K, used 45606K [0x00000000e0000000, 0x00000000e5c80000, 0x00000000f5580000)
  object space 94720K, 48% used [0x00000000e0000000,0x00000000e2c89810,0x00000000e5c80000)
 Metaspace       used 73030K, capacity 78860K, committed 79192K, reserved 1118208K
  class space    used 9006K, capacity 10753K, committed 10840K, reserved 1048576K
}
Event: 423.467 GC heap before
{Heap before GC invocations=26 (full 8):
 PSYoungGen      total 110080K, used 35987K [0x00000000f5580000, 0x00000000fdb00000, 0x0000000100000000)
  eden space 83456K, 43% used [0x00000000f5580000,0x00000000f78a4d58,0x00000000fa700000)
  from space 26624K, 0% used [0x00000000fa700000,0x00000000fa700000,0x00000000fc100000)
  to   space 26624K, 0% used [0x00000000fc100000,0x00000000fc100000,0x00000000fdb00000)
 ParOldGen       total 94720K, used 45606K [0x00000000e0000000, 0x00000000e5c80000, 0x00000000f5580000)
  object space 94720K, 48% used [0x00000000e0000000,0x00000000e2c89810,0x00000000e5c80000)
 Metaspace       used 73079K, capacity 78860K, committed 79192K, reserved 1118208K
  class space    used 9006K, capacity 10753K, committed 10840K, reserved 1048576K
Event: 423.469 GC heap after
Heap after GC invocations=26 (full 8):
 PSYoungGen      total 109056K, used 1092K [0x00000000f5580000, 0x00000000fda00000, 0x0000000100000000)
  eden space 83456K, 0% used [0x00000000f5580000,0x00000000f5580000,0x00000000fa700000)
  from space 25600K, 4% used [0x00000000fc100000,0x00000000fc211010,0x00000000fda00000)
  to   space 26112K, 0% used [0x00000000fa700000,0x00000000fa700000,0x00000000fc080000)
 ParOldGen       total 94720K, used 45614K [0x00000000e0000000, 0x00000000e5c80000, 0x00000000f5580000)
  object space 94720K, 48% used [0x00000000e0000000,0x00000000e2c8b810,0x00000000e5c80000)
 Metaspace       used 73079K, capacity 78860K, committed 79192K, reserved 1118208K
  class space    used 9006K, capacity 10753K, committed 10840K, reserved 1048576K
}
Event: 423.469 GC heap before
{Heap before GC invocations=27 (full 9):
 PSYoungGen      total 109056K, used 1092K [0x00000000f5580000, 0x00000000fda00000, 0x0000000100000000)
  eden space 83456K, 0% used [0x00000000f5580000,0x00000000f5580000,0x00000000fa700000)
  from space 25600K, 4% used [0x00000000fc100000,0x00000000fc211010,0x00000000fda00000)
  to   space 26112K, 0% used [0x00000000fa700000,0x00000000fa700000,0x00000000fc080000)
 ParOldGen       total 94720K, used 45614K [0x00000000e0000000, 0x00000000e5c80000, 0x00000000f5580000)
  object space 94720K, 48% used [0x00000000e0000000,0x00000000e2c8b810,0x00000000e5c80000)
 Metaspace       used 73079K, capacity 78860K, committed 79192K, reserved 1118208K
  class space    used 9006K, capacity 10753K, committed 10840K, reserved 1048576K
Event: 423.579 GC heap after
Heap after GC invocations=27 (full 9):
 PSYoungGen      total 109056K, used 0K [0x00000000f5580000, 0x00000000fda00000, 0x0000000100000000)
  eden space 83456K, 0% used [0x00000000f5580000,0x00000000f5580000,0x00000000fa700000)
  from space 25600K, 0% used [0x00000000fc100000,0x00000000fc100000,0x00000000fda00000)
  to   space 26112K, 0% used [0x00000000fa700000,0x00000000fa700000,0x00000000fc080000)
 ParOldGen       total 94720K, used 45560K [0x00000000e0000000, 0x00000000e5c80000, 0x00000000f5580000)
  object space 94720K, 48% used [0x00000000e0000000,0x00000000e2c7e008,0x00000000e5c80000)
 Metaspace       used 73079K, capacity 78860K, committed 79192K, reserved 1118208K
  class space    used 9006K, capacity 10753K, committed 10840K, reserved 1048576K
}
Event: 493.615 GC heap before
{Heap before GC invocations=28 (full 9):
 PSYoungGen      total 109056K, used 17568K [0x00000000f5580000, 0x00000000fda00000, 0x0000000100000000)
  eden space 83456K, 21% used [0x00000000f5580000,0x00000000f66a8158,0x00000000fa700000)
  from space 25600K, 0% used [0x00000000fc100000,0x00000000fc100000,0x00000000fda00000)
  to   space 26112K, 0% used [0x00000000fa700000,0x00000000fa700000,0x00000000fc080000)
 ParOldGen       total 94720K, used 45560K [0x00000000e0000000, 0x00000000e5c80000, 0x00000000f5580000)
  object space 94720K, 48% used [0x00000000e0000000,0x00000000e2c7e008,0x00000000e5c80000)
 Metaspace       used 73149K, capacity 78924K, committed 79192K, reserved 1118208K
  class space    used 9007K, capacity 10753K, committed 10840K, reserved 1048576K
Event: 493.617 GC heap after
Heap after GC invocations=28 (full 9):
 PSYoungGen      total 86016K, used 2148K [0x00000000f5580000, 0x00000000fd800000, 0x0000000100000000)
  eden space 83456K, 0% used [0x00000000f5580000,0x00000000f5580000,0x00000000fa700000)
  from space 2560K, 83% used [0x00000000fa700000,0x00000000fa919030,0x00000000fa980000)
  to   space 25088K, 0% used [0x00000000fbf80000,0x00000000fbf80000,0x00000000fd800000)
 ParOldGen       total 94720K, used 45568K [0x00000000e0000000, 0x00000000e5c80000, 0x00000000f5580000)
  object space 94720K, 48% used [0x00000000e0000000,0x00000000e2c80008,0x00000000e5c80000)
 Metaspace       used 73149K, capacity 78924K, committed 79192K, reserved 1118208K
  class space    used 9007K, capacity 10753K, committed 10840K, reserved 1048576K
}
Event: 493.617 GC heap before
{Heap before GC invocations=29 (full 10):
 PSYoungGen      total 86016K, used 2148K [0x00000000f5580000, 0x00000000fd800000, 0x0000000100000000)
  eden space 83456K, 0% used [0x00000000f5580000,0x00000000f5580000,0x00000000fa700000)
  from space 2560K, 83% used [0x00000000fa700000,0x00000000fa919030,0x00000000fa980000)
  to   space 25088K, 0% used [0x00000000fbf80000,0x00000000fbf80000,0x00000000fd800000)
 ParOldGen       total 94720K, used 45568K [0x00000000e0000000, 0x00000000e5c80000, 0x00000000f5580000)
  object space 94720K, 48% used [0x00000000e0000000,0x00000000e2c80008,0x00000000e5c80000)
 Metaspace       used 73149K, capacity 78924K, committed 79192K, reserved 1118208K
  class space    used 9007K, capacity 10753K, committed 10840K, reserved 1048576K
Event: 493.790 GC heap after
Heap after GC invocations=29 (full 10):
 PSYoungGen      total 86016K, used 0K [0x00000000f5580000, 0x00000000fd800000, 0x0000000100000000)
  eden space 83456K, 0% used [0x00000000f5580000,0x00000000f5580000,0x00000000fa700000)
  from space 2560K, 0% used [0x00000000fa700000,0x00000000fa700000,0x00000000fa980000)
  to   space 25088K, 0% used [0x00000000fbf80000,0x00000000fbf80000,0x00000000fd800000)
 ParOldGen       total 94720K, used 38946K [0x00000000e0000000, 0x00000000e5c80000, 0x00000000f5580000)
  object space 94720K, 41% used [0x00000000e0000000,0x00000000e2608920,0x00000000e5c80000)
 Metaspace       used 73125K, capacity 78888K, committed 79192K, reserved 1118208K
  class space    used 9003K, capacity 10747K, committed 10840K, reserved 1048576K
}

