# JRE version: Java(TM) SE Runtime Environment (8.0_25-b18) (build 1.8.0_25-b18)
# Java VM: Java HotSpot(TM) 64-Bit Server VM (25.25-b02 mixed mode windows-amd64 compressed oops)
Heap:
 PSYoungGen      total 134144K, used 25015K [0x00000000f5580000, 0x00000000fef00000, 0x0000000100000000)
  eden space 111104K, 22% used [0x00000000f5580000,0x00000000f6dedd38,0x00000000fc200000)
  from space 23040K, 0% used [0x00000000fd880000,0x00000000fd880000,0x00000000fef00000)
  to   space 23040K, 0% used [0x00000000fc200000,0x00000000fc200000,0x00000000fd880000)
 ParOldGen       total 81920K, used 45551K [0x00000000e0000000, 0x00000000e5000000, 0x00000000f5580000)
  object space 81920K, 55% used [0x00000000e0000000,0x00000000e2c7be20,0x00000000e5000000)
 Metaspace       used 73442K, capacity 78658K, committed 78808K, reserved 1118208K
  class space    used 9032K, capacity 10678K, committed 10712K, reserved 1048576K
GC Heap History (10 events):
Event: 64.149 GC heap before
{Heap before GC invocations=16 (full 4):
 PSYoungGen      total 134144K, used 13965K [0x00000000f5580000, 0x00000000fef00000, 0x0000000100000000)
  eden space 111104K, 0% used [0x00000000f5580000,0x00000000f5580000,0x00000000fc200000)
  from space 23040K, 60% used [0x00000000fd880000,0x00000000fe623730,0x00000000fef00000)
  to   space 23040K, 0% used [0x00000000fc200000,0x00000000fc200000,0x00000000fd880000)
 ParOldGen       total 81920K, used 27948K [0x00000000e0000000, 0x00000000e5000000, 0x00000000f5580000)
  object space 81920K, 34% used [0x00000000e0000000,0x00000000e1b4b310,0x00000000e5000000)
 Metaspace       used 68768K, capacity 74132K, committed 74328K, reserved 1114112K
  class space    used 8557K, capacity 10220K, committed 10328K, reserved 1048576K
Event: 64.382 GC heap after
Heap after GC invocations=16 (full 4):
 PSYoungGen      total 134144K, used 0K [0x00000000f5580000, 0x00000000fef00000, 0x0000000100000000)
  eden space 111104K, 0% used [0x00000000f5580000,0x00000000f5580000,0x00000000fc200000)
  from space 23040K, 0% used [0x00000000fd880000,0x00000000fd880000,0x00000000fef00000)
  to   space 23040K, 0% used [0x00000000fc200000,0x00000000fc200000,0x00000000fd880000)
 ParOldGen       total 81920K, used 41332K [0x00000000e0000000, 0x00000000e5000000, 0x00000000f5580000)
  object space 81920K, 50% used [0x00000000e0000000,0x00000000e285d250,0x00000000e5000000)
 Metaspace       used 68768K, capacity 74132K, committed 74328K, reserved 1114112K
  class space    used 8557K, capacity 10220K, committed 10328K, reserved 1048576K
}
Event: 124.151 GC heap before
{Heap before GC invocations=17 (full 4):
 PSYoungGen      total 134144K, used 74526K [0x00000000f5580000, 0x00000000fef00000, 0x0000000100000000)
  eden space 111104K, 67% used [0x00000000f5580000,0x00000000f9e47a50,0x00000000fc200000)
  from space 23040K, 0% used [0x00000000fd880000,0x00000000fd880000,0x00000000fef00000)
  to   space 23040K, 0% used [0x00000000fc200000,0x00000000fc200000,0x00000000fd880000)
 ParOldGen       total 81920K, used 41332K [0x00000000e0000000, 0x00000000e5000000, 0x00000000f5580000)
  object space 81920K, 50% used [0x00000000e0000000,0x00000000e285d250,0x00000000e5000000)
 Metaspace       used 69541K, capacity 74970K, committed 75096K, reserved 1114112K
  class space    used 8601K, capacity 10285K, committed 10328K, reserved 1048576K
Event: 124.154 GC heap after
Heap after GC invocations=17 (full 4):
 PSYoungGen      total 134144K, used 2816K [0x00000000f5580000, 0x00000000fef00000, 0x0000000100000000)
  eden space 111104K, 0% used [0x00000000f5580000,0x00000000f5580000,0x00000000fc200000)
  from space 23040K, 12% used [0x00000000fc200000,0x00000000fc4c0010,0x00000000fd880000)
  to   space 23040K, 0% used [0x00000000fd880000,0x00000000fd880000,0x00000000fef00000)
 ParOldGen       total 81920K, used 41340K [0x00000000e0000000, 0x00000000e5000000, 0x00000000f5580000)
  object space 81920K, 50% used [0x00000000e0000000,0x00000000e285f250,0x00000000e5000000)
 Metaspace       used 69541K, capacity 74970K, committed 75096K, reserved 1114112K
  class space    used 8601K, capacity 10285K, committed 10328K, reserved 1048576K
}
Event: 124.154 GC heap before
{Heap before GC invocations=18 (full 5):
 PSYoungGen      total 134144K, used 2816K [0x00000000f5580000, 0x00000000fef00000, 0x0000000100000000)
  eden space 111104K, 0% used [0x00000000f5580000,0x00000000f5580000,0x00000000fc200000)
  from space 23040K, 12% used [0x00000000fc200000,0x00000000fc4c0010,0x00000000fd880000)
  to   space 23040K, 0% used [0x00000000fd880000,0x00000000fd880000,0x00000000fef00000)
 ParOldGen       total 81920K, used 41340K [0x00000000e0000000, 0x00000000e5000000, 0x00000000f5580000)
  object space 81920K, 50% used [0x00000000e0000000,0x00000000e285f250,0x00000000e5000000)
 Metaspace       used 69541K, capacity 74970K, committed 75096K, reserved 1114112K
  class space    used 8601K, capacity 10285K, committed 10328K, reserved 1048576K
Event: 124.377 GC heap after
Heap after GC invocations=18 (full 5):
 PSYoungGen      total 134144K, used 0K [0x00000000f5580000, 0x00000000fef00000, 0x0000000100000000)
  eden space 111104K, 0% used [0x00000000f5580000,0x00000000f5580000,0x00000000fc200000)
  from space 23040K, 0% used [0x00000000fc200000,0x00000000fc200000,0x00000000fd880000)
  to   space 23040K, 0% used [0x00000000fd880000,0x00000000fd880000,0x00000000fef00000)
 ParOldGen       total 81920K, used 42261K [0x00000000e0000000, 0x00000000e5000000, 0x00000000f5580000)
  object space 81920K, 51% used [0x00000000e0000000,0x00000000e2945788,0x00000000e5000000)
 Metaspace       used 69541K, capacity 74970K, committed 75096K, reserved 1114112K
  class space    used 8601K, capacity 10285K, committed 10328K, reserved 1048576K
}
Event: 184.163 GC heap before
{Heap before GC invocations=19 (full 5):
 PSYoungGen      total 134144K, used 92316K [0x00000000f5580000, 0x00000000fef00000, 0x0000000100000000)
  eden space 111104K, 83% used [0x00000000f5580000,0x00000000fafa7078,0x00000000fc200000)
  from space 23040K, 0% used [0x00000000fc200000,0x00000000fc200000,0x00000000fd880000)
  to   space 23040K, 0% used [0x00000000fd880000,0x00000000fd880000,0x00000000fef00000)
 ParOldGen       total 81920K, used 42261K [0x00000000e0000000, 0x00000000e5000000, 0x00000000f5580000)
  object space 81920K, 51% used [0x00000000e0000000,0x00000000e2945788,0x00000000e5000000)
 Metaspace       used 72238K, capacity 77600K, committed 77912K, reserved 1116160K
  class space    used 8898K, capacity 10516K, committed 10584K, reserved 1048576K
Event: 184.168 GC heap after
Heap after GC invocations=19 (full 5):
 PSYoungGen      total 134144K, used 5149K [0x00000000f5580000, 0x00000000fef00000, 0x0000000100000000)
  eden space 111104K, 0% used [0x00000000f5580000,0x00000000f5580000,0x00000000fc200000)
  from space 23040K, 22% used [0x00000000fd880000,0x00000000fdd87678,0x00000000fef00000)
  to   space 23040K, 0% used [0x00000000fc200000,0x00000000fc200000,0x00000000fd880000)
 ParOldGen       total 81920K, used 42269K [0x00000000e0000000, 0x00000000e5000000, 0x00000000f5580000)
  object space 81920K, 51% used [0x00000000e0000000,0x00000000e2947788,0x00000000e5000000)
 Metaspace       used 72238K, capacity 77600K, committed 77912K, reserved 1116160K
  class space    used 8898K, capacity 10516K, committed 10584K, reserved 1048576K
}
Event: 184.168 GC heap before
{Heap before GC invocations=20 (full 6):
 PSYoungGen      total 134144K, used 5149K [0x00000000f5580000, 0x00000000fef00000, 0x0000000100000000)
  eden space 111104K, 0% used [0x00000000f5580000,0x00000000f5580000,0x00000000fc200000)
  from space 23040K, 22% used [0x00000000fd880000,0x00000000fdd87678,0x00000000fef00000)
  to   space 23040K, 0% used [0x00000000fc200000,0x00000000fc200000,0x00000000fd880000)
 ParOldGen       total 81920K, used 42269K [0x00000000e0000000, 0x00000000e5000000, 0x00000000f5580000)
  object space 81920K, 51% used [0x00000000e0000000,0x00000000e2947788,0x00000000e5000000)
 Metaspace       used 72238K, capacity 77600K, committed 77912K, reserved 1116160K
  class space    used 8898K, capacity 10516K, committed 10584K, reserved 1048576K
Event: 184.394 GC heap after
Heap after GC invocations=20 (full 6):
 PSYoungGen      total 134144K, used 0K [0x00000000f5580000, 0x00000000fef00000, 0x0000000100000000)
  eden space 111104K, 0% used [0x00000000f5580000,0x00000000f5580000,0x00000000fc200000)
  from space 23040K, 0% used [0x00000000fd880000,0x00000000fd880000,0x00000000fef00000)
  to   space 23040K, 0% used [0x00000000fc200000,0x00000000fc200000,0x00000000fd880000)
 ParOldGen       total 81920K, used 45551K [0x00000000e0000000, 0x00000000e5000000, 0x00000000f5580000)
  object space 81920K, 55% used [0x00000000e0000000,0x00000000e2c7be20,0x00000000e5000000)
 Metaspace       used 72238K, capacity 77600K, committed 77912K, reserved 1116160K
  class space    used 8898K, capacity 10516K, committed 10584K, reserved 1048576K
}

