# JRE version: Java(TM) SE Runtime Environment (8.0_25-b18) (build 1.8.0_25-b18)
# Java VM: Java HotSpot(TM) 64-Bit Server VM (25.25-b02 mixed mode windows-amd64 compressed oops)
Heap:
 PSYoungGen      total 140288K, used 32637K [0x00000000f5580000, 0x00000000ff500000, 0x0000000100000000)
  eden space 116224K, 28% used [0x00000000f5580000,0x00000000f755f590,0x00000000fc700000)
  from space 24064K, 0% used [0x00000000fc700000,0x00000000fc700000,0x00000000fde80000)
  to   space 23040K, 0% used [0x00000000fde80000,0x00000000fde80000,0x00000000ff500000)
 ParOldGen       total 349696K, used 319442K [0x00000000e0000000, 0x00000000f5580000, 0x00000000f5580000)
  object space 349696K, 91% used [0x00000000e0000000,0x00000000f37f4958,0x00000000f5580000)
 Metaspace       used 72523K, capacity 78090K, committed 78424K, reserved 1116160K
  class space    used 8987K, capacity 10718K, committed 10840K, reserved 1048576K
GC Heap History (10 events):
Event: 365.913 GC heap before
{Heap before GC invocations=88 (full 40):
 PSYoungGen      total 139264K, used 65625K [0x00000000f5580000, 0x00000000ff600000, 0x0000000100000000)
  eden space 116224K, 56% used [0x00000000f5580000,0x00000000f9596660,0x00000000fc700000)
  from space 23040K, 0% used [0x00000000fdf80000,0x00000000fdf80000,0x00000000ff600000)
  to   space 24064K, 0% used [0x00000000fc700000,0x00000000fc700000,0x00000000fde80000)
 ParOldGen       total 349696K, used 319442K [0x00000000e0000000, 0x00000000f5580000, 0x00000000f5580000)
  object space 349696K, 91% used [0x00000000e0000000,0x00000000f37f4958,0x00000000f5580000)
 Metaspace       used 71515K, capacity 77178K, committed 77400K, reserved 1116160K
  class space    used 8870K, capacity 10524K, committed 10584K, reserved 1048576K
Event: 365.988 GC heap after
Heap after GC invocations=88 (full 40):
 PSYoungGen      total 139264K, used 0K [0x00000000f5580000, 0x00000000ff600000, 0x0000000100000000)
  eden space 116224K, 0% used [0x00000000f5580000,0x00000000f5580000,0x00000000fc700000)
  from space 23040K, 0% used [0x00000000fdf80000,0x00000000fdf80000,0x00000000ff600000)
  to   space 24064K, 0% used [0x00000000fc700000,0x00000000fc700000,0x00000000fde80000)
 ParOldGen       total 349696K, used 286675K [0x00000000e0000000, 0x00000000f5580000, 0x00000000f5580000)
  object space 349696K, 81% used [0x00000000e0000000,0x00000000f17f4c88,0x00000000f5580000)
 Metaspace       used 71515K, capacity 77178K, committed 77400K, reserved 1116160K
  class space    used 8870K, capacity 10524K, committed 10584K, reserved 1048576K
}
Event: 366.010 GC heap before
{Heap before GC invocations=89 (full 40):
 PSYoungGen      total 139264K, used 65536K [0x00000000f5580000, 0x00000000ff600000, 0x0000000100000000)
  eden space 116224K, 56% used [0x00000000f5580000,0x00000000f9580010,0x00000000fc700000)
  from space 23040K, 0% used [0x00000000fdf80000,0x00000000fdf80000,0x00000000ff600000)
  to   space 24064K, 0% used [0x00000000fc700000,0x00000000fc700000,0x00000000fde80000)
 ParOldGen       total 349696K, used 286675K [0x00000000e0000000, 0x00000000f5580000, 0x00000000f5580000)
  object space 349696K, 81% used [0x00000000e0000000,0x00000000f17f4c88,0x00000000f5580000)
 Metaspace       used 71515K, capacity 77178K, committed 77400K, reserved 1116160K
  class space    used 8870K, capacity 10524K, committed 10584K, reserved 1048576K
Event: 366.012 GC heap after
Heap after GC invocations=89 (full 40):
 PSYoungGen      total 139264K, used 65536K [0x00000000f5580000, 0x00000000ff600000, 0x0000000100000000)
  eden space 116224K, 56% used [0x00000000f5580000,0x00000000f9580010,0x00000000fc700000)
  from space 23040K, 0% used [0x00000000fdf80000,0x00000000fdf80000,0x00000000ff600000)
  to   space 24064K, 0% used [0x00000000fc700000,0x00000000fc700000,0x00000000fde80000)
 ParOldGen       total 349696K, used 286675K [0x00000000e0000000, 0x00000000f5580000, 0x00000000f5580000)
  object space 349696K, 81% used [0x00000000e0000000,0x00000000f17f4c88,0x00000000f5580000)
 Metaspace       used 71515K, capacity 77178K, committed 77400K, reserved 1116160K
  class space    used 8870K, capacity 10524K, committed 10584K, reserved 1048576K
}
Event: 366.012 GC heap before
{Heap before GC invocations=90 (full 41):
 PSYoungGen      total 139264K, used 65536K [0x00000000f5580000, 0x00000000ff600000, 0x0000000100000000)
  eden space 116224K, 56% used [0x00000000f5580000,0x00000000f9580010,0x00000000fc700000)
  from space 23040K, 0% used [0x00000000fdf80000,0x00000000fdf80000,0x00000000ff600000)
  to   space 24064K, 0% used [0x00000000fc700000,0x00000000fc700000,0x00000000fde80000)
 ParOldGen       total 349696K, used 286675K [0x00000000e0000000, 0x00000000f5580000, 0x00000000f5580000)
  object space 349696K, 81% used [0x00000000e0000000,0x00000000f17f4c88,0x00000000f5580000)
 Metaspace       used 71515K, capacity 77178K, committed 77400K, reserved 1116160K
  class space    used 8870K, capacity 10524K, committed 10584K, reserved 1048576K
Event: 366.097 GC heap after
Heap after GC invocations=90 (full 41):
 PSYoungGen      total 139264K, used 0K [0x00000000f5580000, 0x00000000ff600000, 0x0000000100000000)
  eden space 116224K, 0% used [0x00000000f5580000,0x00000000f5580000,0x00000000fc700000)
  from space 23040K, 0% used [0x00000000fdf80000,0x00000000fdf80000,0x00000000ff600000)
  to   space 24064K, 0% used [0x00000000fc700000,0x00000000fc700000,0x00000000fde80000)
 ParOldGen       total 349696K, used 319442K [0x00000000e0000000, 0x00000000f5580000, 0x00000000f5580000)
  object space 349696K, 91% used [0x00000000e0000000,0x00000000f37f4bb0,0x00000000f5580000)
 Metaspace       used 71515K, capacity 77178K, committed 77400K, reserved 1116160K
  class space    used 8870K, capacity 10524K, committed 10584K, reserved 1048576K
}
Event: 366.097 GC heap before
{Heap before GC invocations=91 (full 41):
 PSYoungGen      total 139264K, used 0K [0x00000000f5580000, 0x00000000ff600000, 0x0000000100000000)
  eden space 116224K, 0% used [0x00000000f5580000,0x00000000f5580000,0x00000000fc700000)
  from space 23040K, 0% used [0x00000000fdf80000,0x00000000fdf80000,0x00000000ff600000)
  to   space 24064K, 0% used [0x00000000fc700000,0x00000000fc700000,0x00000000fde80000)
 ParOldGen       total 349696K, used 319442K [0x00000000e0000000, 0x00000000f5580000, 0x00000000f5580000)
  object space 349696K, 91% used [0x00000000e0000000,0x00000000f37f4bb0,0x00000000f5580000)
 Metaspace       used 71515K, capacity 77178K, committed 77400K, reserved 1116160K
  class space    used 8870K, capacity 10524K, committed 10584K, reserved 1048576K
Event: 366.099 GC heap after
Heap after GC invocations=91 (full 41):
 PSYoungGen      total 140288K, used 0K [0x00000000f5580000, 0x00000000ff500000, 0x0000000100000000)
  eden space 116224K, 0% used [0x00000000f5580000,0x00000000f5580000,0x00000000fc700000)
  from space 24064K, 0% used [0x00000000fc700000,0x00000000fc700000,0x00000000fde80000)
  to   space 23040K, 0% used [0x00000000fde80000,0x00000000fde80000,0x00000000ff500000)
 ParOldGen       total 349696K, used 319442K [0x00000000e0000000, 0x00000000f5580000, 0x00000000f5580000)
  object space 349696K, 91% used [0x00000000e0000000,0x00000000f37f4bb0,0x00000000f5580000)
 Metaspace       used 71515K, capacity 77178K, committed 77400K, reserved 1116160K
  class space    used 8870K, capacity 10524K, committed 10584K, reserved 1048576K
}
Event: 366.099 GC heap before
{Heap before GC invocations=92 (full 42):
 PSYoungGen      total 140288K, used 0K [0x00000000f5580000, 0x00000000ff500000, 0x0000000100000000)
  eden space 116224K, 0% used [0x00000000f5580000,0x00000000f5580000,0x00000000fc700000)
  from space 24064K, 0% used [0x00000000fc700000,0x00000000fc700000,0x00000000fde80000)
  to   space 23040K, 0% used [0x00000000fde80000,0x00000000fde80000,0x00000000ff500000)
 ParOldGen       total 349696K, used 319442K [0x00000000e0000000, 0x00000000f5580000, 0x00000000f5580000)
  object space 349696K, 91% used [0x00000000e0000000,0x00000000f37f4bb0,0x00000000f5580000)
 Metaspace       used 71515K, capacity 77178K, committed 77400K, reserved 1116160K
  class space    used 8870K, capacity 10524K, committed 10584K, reserved 1048576K
Event: 366.174 GC heap after
Heap after GC invocations=92 (full 42):
 PSYoungGen      total 140288K, used 0K [0x00000000f5580000, 0x00000000ff500000, 0x0000000100000000)
  eden space 116224K, 0% used [0x00000000f5580000,0x00000000f5580000,0x00000000fc700000)
  from space 24064K, 0% used [0x00000000fc700000,0x00000000fc700000,0x00000000fde80000)
  to   space 23040K, 0% used [0x00000000fde80000,0x00000000fde80000,0x00000000ff500000)
 ParOldGen       total 349696K, used 319442K [0x00000000e0000000, 0x00000000f5580000, 0x00000000f5580000)
  object space 349696K, 91% used [0x00000000e0000000,0x00000000f37f4958,0x00000000f5580000)
 Metaspace       used 71515K, capacity 77178K, committed 77400K, reserved 1116160K
  class space    used 8870K, capacity 10524K, committed 10584K, reserved 1048576K
}

