# JRE version: Java(TM) SE Runtime Environment (8.0_25-b18) (build 1.8.0_25-b18)
# Java VM: Java HotSpot(TM) 64-Bit Server VM (25.25-b02 mixed mode windows-amd64 compressed oops)
Heap:
 PSYoungGen      total 104960K, used 28647K [0x00000000f5580000, 0x00000000fd880000, 0x0000000100000000)
  eden space 78848K, 12% used [0x00000000f5580000,0x00000000f5f730b0,0x00000000fa280000)
  from space 26112K, 70% used [0x00000000fbf00000,0x00000000fd106e78,0x00000000fd880000)
  to   space 27648K, 0% used [0x00000000fa280000,0x00000000fa280000,0x00000000fbd80000)
 ParOldGen       total 101376K, used 29758K [0x00000000e0000000, 0x00000000e6300000, 0x00000000f5580000)
  object space 101376K, 29% used [0x00000000e0000000,0x00000000e1d0fa50,0x00000000e6300000)
 Metaspace       used 74898K, capacity 80568K, committed 80728K, reserved 1118208K
  class space    used 9195K, capacity 11060K, committed 11096K, reserved 1048576K
GC Heap History (10 events):
Event: 22.205 GC heap before
{Heap before GC invocations=15 (full 3):
 PSYoungGen      total 87040K, used 86145K [0x00000000f5580000, 0x00000000fcb80000, 0x0000000100000000)
  eden space 68096K, 100% used [0x00000000f5580000,0x00000000f9800000,0x00000000f9800000)
  from space 18944K, 95% used [0x00000000f9800000,0x00000000fa9a04c0,0x00000000faa80000)
  to   space 20992K, 0% used [0x00000000fb700000,0x00000000fb700000,0x00000000fcb80000)
 ParOldGen       total 101376K, used 29718K [0x00000000e0000000, 0x00000000e6300000, 0x00000000f5580000)
  object space 101376K, 29% used [0x00000000e0000000,0x00000000e1d05a50,0x00000000e6300000)
 Metaspace       used 69879K, capacity 75260K, committed 75480K, reserved 1114112K
  class space    used 8755K, capacity 10385K, committed 10456K, reserved 1048576K
Event: 22.215 GC heap after
Heap after GC invocations=15 (full 3):
 PSYoungGen      total 97792K, used 16782K [0x00000000f5580000, 0x00000000fcc80000, 0x0000000100000000)
  eden space 76800K, 0% used [0x00000000f5580000,0x00000000f5580000,0x00000000fa080000)
  from space 20992K, 79% used [0x00000000fb700000,0x00000000fc7639a0,0x00000000fcb80000)
  to   space 22528K, 0% used [0x00000000fa080000,0x00000000fa080000,0x00000000fb680000)
 ParOldGen       total 101376K, used 29726K [0x00000000e0000000, 0x00000000e6300000, 0x00000000f5580000)
  object space 101376K, 29% used [0x00000000e0000000,0x00000000e1d07a50,0x00000000e6300000)
 Metaspace       used 69879K, capacity 75260K, committed 75480K, reserved 1114112K
  class space    used 8755K, capacity 10385K, committed 10456K, reserved 1048576K
}
Event: 113.689 GC heap before
{Heap before GC invocations=16 (full 3):
 PSYoungGen      total 97792K, used 93582K [0x00000000f5580000, 0x00000000fcc80000, 0x0000000100000000)
  eden space 76800K, 100% used [0x00000000f5580000,0x00000000fa080000,0x00000000fa080000)
  from space 20992K, 79% used [0x00000000fb700000,0x00000000fc7639a0,0x00000000fcb80000)
  to   space 22528K, 0% used [0x00000000fa080000,0x00000000fa080000,0x00000000fb680000)
 ParOldGen       total 101376K, used 29726K [0x00000000e0000000, 0x00000000e6300000, 0x00000000f5580000)
  object space 101376K, 29% used [0x00000000e0000000,0x00000000e1d07a50,0x00000000e6300000)
 Metaspace       used 71844K, capacity 77446K, committed 77656K, reserved 1116160K
  class space    used 8964K, capacity 10771K, committed 10840K, reserved 1048576K
Event: 113.700 GC heap after
Heap after GC invocations=16 (full 3):
 PSYoungGen      total 99328K, used 18467K [0x00000000f5580000, 0x00000000fd700000, 0x0000000100000000)
  eden space 76800K, 0% used [0x00000000f5580000,0x00000000f5580000,0x00000000fa080000)
  from space 22528K, 81% used [0x00000000fa080000,0x00000000fb288c18,0x00000000fb680000)
  to   space 24064K, 0% used [0x00000000fbf80000,0x00000000fbf80000,0x00000000fd700000)
 ParOldGen       total 101376K, used 29734K [0x00000000e0000000, 0x00000000e6300000, 0x00000000f5580000)
  object space 101376K, 29% used [0x00000000e0000000,0x00000000e1d09a50,0x00000000e6300000)
 Metaspace       used 71844K, capacity 77446K, committed 77656K, reserved 1116160K
  class space    used 8964K, capacity 10771K, committed 10840K, reserved 1048576K
}
Event: 170.661 GC heap before
{Heap before GC invocations=17 (full 3):
 PSYoungGen      total 99328K, used 95267K [0x00000000f5580000, 0x00000000fd700000, 0x0000000100000000)
  eden space 76800K, 100% used [0x00000000f5580000,0x00000000fa080000,0x00000000fa080000)
  from space 22528K, 81% used [0x00000000fa080000,0x00000000fb288c18,0x00000000fb680000)
  to   space 24064K, 0% used [0x00000000fbf80000,0x00000000fbf80000,0x00000000fd700000)
 ParOldGen       total 101376K, used 29734K [0x00000000e0000000, 0x00000000e6300000, 0x00000000f5580000)
  object space 101376K, 29% used [0x00000000e0000000,0x00000000e1d09a50,0x00000000e6300000)
 Metaspace       used 72025K, capacity 77574K, committed 77656K, reserved 1116160K
  class space    used 8964K, capacity 10771K, committed 10840K, reserved 1048576K
Event: 170.671 GC heap after
Heap after GC invocations=17 (full 3):
 PSYoungGen      total 107008K, used 19284K [0x00000000f5580000, 0x00000000fd880000, 0x0000000100000000)
  eden space 82944K, 0% used [0x00000000f5580000,0x00000000f5580000,0x00000000fa680000)
  from space 24064K, 80% used [0x00000000fbf80000,0x00000000fd255048,0x00000000fd700000)
  to   space 25600K, 0% used [0x00000000fa680000,0x00000000fa680000,0x00000000fbf80000)
 ParOldGen       total 101376K, used 29742K [0x00000000e0000000, 0x00000000e6300000, 0x00000000f5580000)
  object space 101376K, 29% used [0x00000000e0000000,0x00000000e1d0ba50,0x00000000e6300000)
 Metaspace       used 72025K, capacity 77574K, committed 77656K, reserved 1116160K
  class space    used 8964K, capacity 10771K, committed 10840K, reserved 1048576K
}
Event: 344.441 GC heap before
{Heap before GC invocations=18 (full 3):
 PSYoungGen      total 107008K, used 102228K [0x00000000f5580000, 0x00000000fd880000, 0x0000000100000000)
  eden space 82944K, 100% used [0x00000000f5580000,0x00000000fa680000,0x00000000fa680000)
  from space 24064K, 80% used [0x00000000fbf80000,0x00000000fd255048,0x00000000fd700000)
  to   space 25600K, 0% used [0x00000000fa680000,0x00000000fa680000,0x00000000fbf80000)
 ParOldGen       total 101376K, used 29742K [0x00000000e0000000, 0x00000000e6300000, 0x00000000f5580000)
  object space 101376K, 29% used [0x00000000e0000000,0x00000000e1d0ba50,0x00000000e6300000)
 Metaspace       used 73502K, capacity 79282K, committed 79576K, reserved 1118208K
  class space    used 9085K, capacity 10867K, committed 10968K, reserved 1048576K
Event: 344.452 GC heap after
Heap after GC invocations=18 (full 3):
 PSYoungGen      total 101888K, used 20501K [0x00000000f5580000, 0x00000000fd980000, 0x0000000100000000)
  eden space 80896K, 0% used [0x00000000f5580000,0x00000000f5580000,0x00000000fa480000)
  from space 20992K, 97% used [0x00000000fa680000,0x00000000fba85608,0x00000000fbb00000)
  to   space 27136K, 0% used [0x00000000fbf00000,0x00000000fbf00000,0x00000000fd980000)
 ParOldGen       total 101376K, used 29750K [0x00000000e0000000, 0x00000000e6300000, 0x00000000f5580000)
  object space 101376K, 29% used [0x00000000e0000000,0x00000000e1d0da50,0x00000000e6300000)
 Metaspace       used 73502K, capacity 79282K, committed 79576K, reserved 1118208K
  class space    used 9085K, capacity 10867K, committed 10968K, reserved 1048576K
}
Event: 587.922 GC heap before
{Heap before GC invocations=19 (full 3):
 PSYoungGen      total 101888K, used 101397K [0x00000000f5580000, 0x00000000fd980000, 0x0000000100000000)
  eden space 80896K, 100% used [0x00000000f5580000,0x00000000fa480000,0x00000000fa480000)
  from space 20992K, 97% used [0x00000000fa680000,0x00000000fba85608,0x00000000fbb00000)
  to   space 27136K, 0% used [0x00000000fbf00000,0x00000000fbf00000,0x00000000fd980000)
 ParOldGen       total 101376K, used 29750K [0x00000000e0000000, 0x00000000e6300000, 0x00000000f5580000)
  object space 101376K, 29% used [0x00000000e0000000,0x00000000e1d0da50,0x00000000e6300000)
 Metaspace       used 74346K, capacity 80056K, committed 80216K, reserved 1118208K
  class space    used 9141K, capacity 10996K, committed 11096K, reserved 1048576K
Event: 587.935 GC heap after
Heap after GC invocations=19 (full 3):
 PSYoungGen      total 104960K, used 18459K [0x00000000f5580000, 0x00000000fd880000, 0x0000000100000000)
  eden space 78848K, 0% used [0x00000000f5580000,0x00000000f5580000,0x00000000fa280000)
  from space 26112K, 70% used [0x00000000fbf00000,0x00000000fd106e78,0x00000000fd880000)
  to   space 27648K, 0% used [0x00000000fa280000,0x00000000fa280000,0x00000000fbd80000)
 ParOldGen       total 101376K, used 29758K [0x00000000e0000000, 0x00000000e6300000, 0x00000000f5580000)
  object space 101376K, 29% used [0x00000000e0000000,0x00000000e1d0fa50,0x00000000e6300000)
 Metaspace       used 74346K, capacity 80056K, committed 80216K, reserved 1118208K
  class space    used 9141K, capacity 10996K, committed 11096K, reserved 1048576K
}

